######################
### Initial Values ###
######################
 
Initial temp = 10.0
Initial RMSE =      0.8725748
 
Lets see how it goes!
 
--------------------------------------------------------------------------------------------------------------
     RMSE         delRMSE        BestRMSE     MP_Exponent    MP_Value   MCSA_Temp   decision  
--------------------------------------------------------------------------------------------------------------
  2.8760700      2.0034952      0.8725748      -0.2003495   8.1844e-01  10.00000      AM     
  1.6724435      -1.2036265     0.8725748      -0.2003495   8.1844e-01  10.00000      AF     
  1.9318842      0.2594407      0.8725748      -0.0262126   9.7413e-01  9.89757       AM     
  1.4186811      -0.5132031     0.8725748      -0.0262126   9.7413e-01  9.79619       AF     
  2.1625057      0.7438246      0.8725748      -0.0767158   9.2615e-01  9.69584       AM     
  0.8456866      -1.3168191     0.8456866      -0.0767158   9.2615e-01  9.59652       AF     
  0.6304567      -0.2152299     0.6304567      -0.0767158   9.2615e-01  9.49823       AF     
  0.6304567      0.8480717      0.6304567      -0.0902114   9.1374e-01  9.40093       RM     
  1.0583622      0.4279055      0.6304567      -0.0459884   9.5505e-01  9.30464       AM     
  1.6674543      0.6090921      0.6304567      -0.0661386   9.3600e-01  9.20933       AM     
  3.2033455      1.5358912      0.6304567      -0.1685016   8.4493e-01  9.11500       AM     
  2.8711210      -0.3322245     0.6304567      -0.1685016   8.4493e-01  9.02163       AF     
  1.1132292      -1.7578919     0.6304567      -0.1685016   8.4493e-01  8.92922       AF     
  0.6641166      -0.4491125     0.6304567      -0.1685016   8.4493e-01  8.83776       AF     
  1.5876880      0.9235714      0.6304567      -0.1055845   8.9980e-01  8.74723       AM     
  0.9837588      -0.6039292     0.6304567      -0.1055845   8.9980e-01  8.65763       AF     
  1.0941569      0.1103981      0.6304567      -0.0128835   9.8720e-01  8.56895       AM     
  1.0267826      -0.0673743     0.6304567      -0.0128835   9.8720e-01  8.48117       AF     
  3.0320574      2.0052748      0.6304567      -0.2388853   7.8751e-01  8.39430       AM     
  1.3136876      -1.7183698     0.6304567      -0.2388853   7.8751e-01  8.30832       AF     
  1.3136876      0.8503730      0.6304567      -0.1034113   9.0176e-01  8.22321       RM     
  2.6252555      1.3115679      0.6304567      -0.1611465   8.5117e-01  8.13898       AM     
  1.1318289      -1.4934266     0.6304567      -0.1611465   8.5117e-01  8.05561       AF     
  2.0857785      0.9539496      0.6304567      -0.1196461   8.8723e-01  7.97310       AM     
  1.8300675      -0.2557110     0.6304567      -0.1196461   8.8723e-01  7.89143       AF     
  2.1569700      0.3269025      0.6304567      -0.0418537   9.5901e-01  7.81059       AM     
  1.1234241      -1.0335459     0.6304567      -0.0418537   9.5901e-01  7.73059       AF     
  1.0514835      -0.0719406     0.6304567      -0.0418537   9.5901e-01  7.65140       AF     
  1.2664596      0.2149761      0.6304567      -0.0283871   9.7201e-01  7.57303       AM     
  1.1840922      -0.0823674     0.6304567      -0.0283871   9.7201e-01  7.49545       AF     
  1.3642230      0.1801308      0.6304567      -0.0242807   9.7601e-01  7.41868       AM     
  1.3642230      1.0591513      0.6304567      -0.1442458   8.6567e-01  7.34269       RM     
  2.4517911      1.0875681      0.6304567      -0.1496487   8.6101e-01  7.26747       AM     
  0.8755172      -1.5762739     0.6304567      -0.1496487   8.6101e-01  7.19303       AF     
  0.8265989      -0.0489183     0.6304567      -0.1496487   8.6101e-01  7.11935       AF     
  2.1744246      1.3478258      0.6304567      -0.1912779   8.2590e-01  7.04643       AM     
  1.4250128      -0.7494119     0.6304567      -0.1912779   8.2590e-01  6.97425       AF     
  0.6985764      -0.7264364     0.6304567      -0.1912779   8.2590e-01  6.90281       AF     
  0.6985764      0.7382103      0.6304567      -0.1080502   8.9758e-01  6.83210       RM     
  1.8331276      1.1345513      0.6304567      -0.1677804   8.4554e-01  6.76212       AM     
  1.5448201      -0.2883075     0.6304567      -0.1677804   8.4554e-01  6.69286       AF     
  2.1320936      0.5872734      0.6304567      -0.0886544   9.1516e-01  6.62430       AM     
  3.1288946      0.9968010      0.6304567      -0.1520337   8.5896e-01  6.55645       AM     
  1.3693219      -1.7595727     0.6304567      -0.1520337   8.5896e-01  6.48929       AF     
  2.0356596      0.6663377      0.6304567      -0.1037454   9.0145e-01  6.42282       AM     
  3.7986958      1.7630362      0.6304567      -0.2773366   7.5780e-01  6.35703       AM     
  0.9804477      -2.8182481     0.6304567      -0.2773366   7.5780e-01  6.29191       AF     
  1.7415283      0.7610806      0.6304567      -0.1222136   8.8496e-01  6.22746       AM     
  1.3984371      -0.3430912     0.6304567      -0.1222136   8.8496e-01  6.16367       AF     
  1.5934007      0.1949636      0.6304567      -0.0319584   9.6855e-01  6.10054       AM     
  0.9976677      -0.5957330     0.6304567      -0.0319584   9.6855e-01  6.03805       AF     
  2.2060938      1.2084261      0.6304567      -0.2022065   8.1693e-01  5.97620       AM     
  1.3150447      -0.8910491     0.6304567      -0.2022065   8.1693e-01  5.91498       AF     
  1.8759210      0.5608763      0.6304567      -0.0958043   9.0864e-01  5.85439       AM     
  2.6556229      0.7797018      0.6304567      -0.1345607   8.7410e-01  5.79443       AM     
  0.9250613      -1.7305616     0.6304567      -0.1345607   8.7410e-01  5.73507       AF     
  2.0319550      1.1068937      0.6304567      -0.1950017   8.2283e-01  5.67633       AM     
  0.9581039      -1.0738511     0.6304567      -0.1950017   8.2283e-01  5.61818       AF     
  1.4167713      0.4586674      0.6304567      -0.0824847   9.2083e-01  5.56064       AM     
  1.7116343      0.2948630      0.6304567      -0.0535756   9.4783e-01  5.50368       AM     
  0.6467689      -1.0648654     0.6304567      -0.0535756   9.4783e-01  5.44730       AF     
  0.7489710      0.1022021      0.6304567      -0.0189561   9.8122e-01  5.39150       AM     
  2.3055956      1.5566245      0.6304567      -0.2917060   7.4699e-01  5.33628       AM     
  2.9314868      0.6258912      0.6304567      -0.1185037   8.8825e-01  5.28162       AM     
  2.4902898      -0.4411969     0.6304567      -0.1185037   8.8825e-01  5.22752       AF     
  1.2295254      -1.2607644     0.6304567      -0.1185037   8.8825e-01  5.17397       AF     
  2.6897552      1.4602298      0.6304567      -0.2851470   7.5190e-01  5.12097       AM     
  2.6176178      -0.0721373     0.6304567      -0.2851470   7.5190e-01  5.06852       AF     
  1.1766572      -1.4409606     0.6304567      -0.2851470   7.5190e-01  5.01660       AF     
  1.5571158      0.3804586      0.6304567      -0.0766248   9.2624e-01  4.96521       AM     
  1.5571158      0.3280483      0.6304567      -0.0667531   9.3543e-01  4.91435       RM     
  0.8007302      -0.7563856     0.6304567      -0.0667531   9.3543e-01  4.86402       AF     
  1.4651701      0.6644399      0.6304567      -0.1380169   8.7108e-01  4.81419       AM     
  0.8254780      -0.6396921     0.6304567      -0.1380169   8.7108e-01  4.76488       AF     
  1.0681899      0.2427119      0.6304567      -0.0514648   9.4984e-01  4.71607       AM     
  1.7153777      0.6471878      0.6304567      -0.1386505   8.7053e-01  4.66776       AM     
  2.2459307      0.5305530      0.6304567      -0.1148395   8.9151e-01  4.61995       AM     
  1.6937392      -0.5521914     0.6304567      -0.1148395   8.9151e-01  4.57263       AF     
  1.0427259      -0.6510133     0.6304567      -0.1148395   8.9151e-01  4.52579       AF     
  0.8257461      -0.2169798     0.6304567      -0.1148395   8.9151e-01  4.47943       AF     
  2.0689517      1.2432055      0.6304567      -0.2804087   7.5547e-01  4.43355       AM     
  2.2626221      0.1936704      0.6304567      -0.0441350   9.5682e-01  4.38813       AM     
  0.9386458      -1.3239763     0.6304567      -0.0441350   9.5682e-01  4.34319       AF     
  1.2603815      0.3217357      0.6304567      -0.0748449   9.2789e-01  4.29870       AM     
  3.1308917      1.8705102      0.6304567      -0.4396374   6.4427e-01  4.25467       AM     
  3.7052813      0.5743897      0.6304567      -0.1363995   8.7249e-01  4.21108       AM     
  1.3940370      -2.3112443     0.6304567      -0.1363995   8.7249e-01  4.16795       AF     
  1.8087087      0.4146716      0.6304567      -0.1005202   9.0437e-01  4.12526       AM     
  0.9845720      -0.8241366     0.6304567      -0.1005202   9.0437e-01  4.08300       AF     
  0.8422912      -0.1422809     0.6304567      -0.1005202   9.0437e-01  4.04118       AF     
  0.8159534      -0.0263378     0.6304567      -0.1005202   9.0437e-01  3.99978       AF     
  2.0984924      1.2825391      0.6304567      -0.3239706   7.2327e-01  3.95881       AM     
  1.0236331      -1.0748593     0.6304567      -0.3239706   7.2327e-01  3.91826       AF     
  2.5265901      1.5029569      0.6304567      -0.3875472   6.7872e-01  3.87813       AM     
  0.6521413      -1.8744488     0.6304567      -0.3875472   6.7872e-01  3.83840       AF     
  2.1419253      1.4897840      0.6304567      -0.3921429   6.7561e-01  3.79908       AM     
  1.9363168      -0.2056085     0.6304567      -0.3921429   6.7561e-01  3.76017       AF     
  1.8463853      -0.0899314     0.6304567      -0.3921429   6.7561e-01  3.72165       AF     
  0.9122536      -0.9341317     0.6304567      -0.3921429   6.7561e-01  3.68353       AF     
  1.6862430      0.7739894      0.6304567      -0.2122961   8.0873e-01  3.64580       AM     
  0.9999186      -0.6863244     0.6304567      -0.2122961   8.0873e-01  3.60846       AF     
  1.6354982      0.6355796      0.6304567      -0.1779590   8.3698e-01  3.57149       AM     
  1.7154121      0.0799139      0.6304567      -0.0226071   9.7765e-01  3.53491       AM     
  3.2333670      1.5179549      0.6304567      -0.4338623   6.4800e-01  3.49870       AM     
  0.8794191      -2.3539479     0.6304567      -0.4338623   6.4800e-01  3.46286       AF     
  0.9015632      0.0221441      0.6304567      -0.0064609   9.9356e-01  3.42739       AM     
  0.9166890      0.0151258      0.6304567      -0.0044589   9.9555e-01  3.39229       AM     
  1.9140345      0.9973455      0.6304567      -0.2970467   7.4301e-01  3.35754       AM     
  1.6711844      -0.2428501     0.6304567      -0.2970467   7.4301e-01  3.32315       AF     
  1.6711844      0.6354811      0.6304567      -0.1932078   8.2431e-01  3.28911       RM     
  0.9503650      -0.7208193     0.6304567      -0.1932078   8.2431e-01  3.25542       AF     
  1.4313403      0.4809753      0.6304567      -0.1492752   8.6133e-01  3.22207       AM     
  2.5886938      1.1573534      0.6304567      -0.3629130   6.9565e-01  3.18907       AM     
  2.1476911      -0.4410027     0.6304567      -0.3629130   6.9565e-01  3.15640       AF     
  1.5039343      -0.6437567     0.6304567      -0.3629130   6.9565e-01  3.12407       AF     
  0.9721592      -0.5317752     0.6304567      -0.3629130   6.9565e-01  3.09207       AF     
  2.2150571      1.2428980      0.6304567      -0.4061234   6.6623e-01  3.06039       AM     
  1.4551265      -0.7599307     0.6304567      -0.4061234   6.6623e-01  3.02905       AF     
  0.9873556      -0.4677709     0.6304567      -0.4061234   6.6623e-01  2.99802       AF     
  1.0549970      0.0676414      0.6304567      -0.0227955   9.7746e-01  2.96731       AM     
  1.0549970      0.8310915      0.6304567      -0.2829811   7.5353e-01  2.93692       RM     
  0.9635371      -0.0914599     0.6304567      -0.2829811   7.5353e-01  2.90683       AF     
  0.9635371      2.1551832      0.6304567      -0.7490930   4.7280e-01  2.87706       RM     
  1.3742593      0.4107222      0.6304567      -0.1442352   8.6568e-01  2.84759       AM     
  2.2298698      0.8556105      0.6304567      -0.3035783   7.3817e-01  2.81842       AM     
  0.7914136      -1.4384562     0.6304567      -0.3035783   7.3817e-01  2.78955       AF     
  1.6519287      0.8605151      0.6304567      -0.3116708   7.3222e-01  2.76097       AM     
  1.6519287      1.8215119      0.6304567      -0.6665628   5.1347e-01  2.73269       RM     
  1.2929065      -0.3590222     0.6304567      -0.6665628   5.1347e-01  2.70470       AF     
  2.8907195      1.5978130      0.6304567      -0.5968676   5.5053e-01  2.67700       AM     
  0.9887483      -1.9019713     0.6304567      -0.5968676   5.5053e-01  2.64958       AF     
  1.9141811      0.9254328      0.6304567      -0.3528905   7.0265e-01  2.62244       AM     
  1.4156576      -0.4985235     0.6304567      -0.3528905   7.0265e-01  2.59557       AF     
  1.5554376      0.1397800      0.6304567      -0.0544106   9.4704e-01  2.56899       AM     
  1.1602614      -0.3951762     0.6304567      -0.0544106   9.4704e-01  2.54267       AF     
  2.1731563      1.0128949      0.6304567      -0.4024811   6.6866e-01  2.51663       AM     
  1.7308226      -0.4423337     0.6304567      -0.4024811   6.6866e-01  2.49085       AF     
  0.8050099      -0.9258127     0.6304567      -0.4024811   6.6866e-01  2.46533       AF     
  0.8050099      1.0774648      0.6304567      -0.4415691   6.4303e-01  2.44008       RM     
  0.6588794      -0.1461305     0.6304567      -0.4415691   6.4303e-01  2.41509       AF     
  2.0291135      1.3702341      0.6304567      -0.5732358   5.6370e-01  2.39035       AM     
  2.0291135      1.4950859      0.6304567      -0.6319405   5.3156e-01  2.36586       RM     
  1.1580653      -0.8710482     0.6304567      -0.6319405   5.3156e-01  2.34163       AF     
  1.2210366      0.0629713      0.6304567      -0.0271704   9.7320e-01  2.31765       AM     
  1.2210366      1.9944872      0.6304567      -0.8694724   4.1917e-01  2.29391       RM     
  1.2751841      0.0541475      0.6304567      -0.0238492   9.7643e-01  2.27041       AM     
  0.8731833      -0.4020007     0.6304567      -0.0238492   9.7643e-01  2.24715       AF     
  1.1174028      0.2442195      0.6304567      -0.1098043   8.9601e-01  2.22413       AM     
  1.4154319      0.2980291      0.6304567      -0.1353846   8.7338e-01  2.20135       AM     
  1.2713155      -0.1441164     0.6304567      -0.1353846   8.7338e-01  2.17880       AF     
  1.5766913      0.3053758      0.6304567      -0.1416081   8.6796e-01  2.15648       AM     
  2.3980397      0.8213484      0.6304567      -0.3848154   6.8058e-01  2.13440       AM     
  0.7062298      -1.6918099     0.6304567      -0.3848154   6.8058e-01  2.11253       AF     
  1.3853350      0.6791052      0.6304567      -0.3247919   7.2268e-01  2.09089       AM     
  1.6869009      0.3015659      0.6304567      -0.1457209   8.6440e-01  2.06948       AM     
  0.8740101      -0.8128908     0.6304567      -0.1457209   8.6440e-01  2.04828       AF     
  1.0401683      0.1661582      0.6304567      -0.0819605   9.2131e-01  2.02730       AM     
  1.0546850      0.0145167      0.6304567      -0.0072347   9.9279e-01  2.00653       AM     
  1.0546850      2.0706991      0.6304567      -1.0426596   3.5252e-01  1.98598       RM     
  1.0546850      2.0798044      0.6304567      -1.0580826   3.4712e-01  1.96564       RM     
  1.0546850      1.0599441      0.6304567      -0.5448181   5.7995e-01  1.94550       RM     
  1.0546850      1.2478064      0.6304567      -0.6480183   5.2308e-01  1.92557       RM     
  1.3565245      0.3018396      0.6304567      -0.1583754   8.5353e-01  1.90585       AM     
  1.3565245      0.2014628      0.6304567      -0.1068016   8.9870e-01  1.88633       RM     
  1.0602245      -0.2963000     0.6304567      -0.1068016   8.9870e-01  1.86700       AF     
  1.1830718      0.1228473      0.6304567      -0.0664801   9.3568e-01  1.84788       AM     
  0.7105913      -0.4724805     0.6304567      -0.0664801   9.3568e-01  1.82895       AF     
  0.7105913      0.2697977      0.6304567      -0.1490416   8.6153e-01  1.81022       RM     
  1.8486556      1.1380643      0.6304567      -0.6351954   5.2983e-01  1.79168       AM     
  1.7565708      -0.0920848     0.6304567      -0.6351954   5.2983e-01  1.77332       AF     
  1.3640831      -0.3924877     0.6304567      -0.6351954   5.2983e-01  1.75516       AF     
  0.8604688      -0.5036143     0.6304567      -0.6351954   5.2983e-01  1.73718       AF     
  0.8604688      0.3670521      0.6304567      -0.2134786   8.0777e-01  1.71939       RM     
  0.9834028      0.1229340      0.6304567      -0.0722388   9.3031e-01  1.70177       AM     
  0.9834028      0.6188994      0.6304567      -0.3674427   6.9250e-01  1.68434       RM     
  1.5647247      0.5813219      0.6304567      -0.3487047   7.0560e-01  1.66709       AM     
  1.5647247      1.7665106      0.6304567      -1.0706039   3.4280e-01  1.65001       RM     
  0.9633550      -0.6013698     0.6304567      -1.0706039   3.4280e-01  1.63311       AF     
  0.9633550      1.4496239      0.6304567      -0.8968316   4.0786e-01  1.61638       RM     
  1.4287513      0.4653963      0.6304567      -0.2909042   7.4759e-01  1.59983       AM     
  1.4287513      1.2256078      0.6304567      -0.7740163   4.6116e-01  1.58344       RM     
  1.3419292      -0.0868221     0.6304567      -0.7740163   4.6116e-01  1.56722       AF     
  1.1849215      -0.1570076     0.6304567      -0.7740163   4.6116e-01  1.55117       AF     
  1.1849215      1.1917795      0.6304567      -0.7762632   4.6012e-01  1.53528       RM     
  1.1849215      1.4530068      0.6304567      -0.9562077   3.8435e-01  1.51955       RM     
  0.9157582      -0.2691633     0.6304567      -0.9562077   3.8435e-01  1.50399       AF     
  0.9157582      2.4853878      0.6304567      -1.6696358   1.8832e-01  1.48858       RM     
  0.9157582      0.1744242      0.6304567      -0.1183875   8.8835e-01  1.47333       RM     
  0.9157582      2.2118014      0.6304567      -1.5167595   2.1942e-01  1.45824       RM     
  1.1640985      0.2483403      0.6304567      -0.1720637   8.4193e-01  1.44330       AM     
  0.6373065      -0.5267921     0.6304567      -0.1720637   8.4193e-01  1.42852       AF     
  1.3375732      0.7002668      0.6304567      -0.4952775   6.0940e-01  1.41389       AM     
  1.0732977      -0.2642756     0.6304567      -0.4952775   6.0940e-01  1.39940       AF     
  0.5502586      -0.5230391     0.5502586      -0.4952775   6.0940e-01  1.38507       AF     
  0.8602598      0.3100012      0.5502586      -0.2261325   7.9761e-01  1.37088       AM     
  0.8602598      1.0663825      0.5502586      -0.7859304   4.5570e-01  1.35684       RM     
  1.6259181      0.7656582      0.5502586      -0.5701348   5.6545e-01  1.34294       AM     
  1.6259181      1.4638837      0.5502586      -1.1013381   3.3243e-01  1.32919       RM     
  1.2511818      -0.3747363     0.5502586      -1.1013381   3.3243e-01  1.31557       AF     
  1.2511818      1.5794557      0.5502586      -1.2130105   2.9730e-01  1.30210       RM     
  1.1344291      -0.1167527     0.5502586      -1.2130105   2.9730e-01  1.28876       AF     
  1.1344291      0.7739895      0.5502586      -0.6067855   5.4510e-01  1.27556       RM     
  0.8977851      -0.2366441     0.5502586      -0.6067855   5.4510e-01  1.26249       AF     
  0.8977851      1.4430240      0.5502586      -1.1548262   3.1511e-01  1.24956       RM     
  1.0506058      0.1528207      0.5502586      -0.1235654   8.8376e-01  1.23676       AM     
  1.3314102      0.2808045      0.5502586      -0.2293983   7.9501e-01  1.22409       AM     
  1.2665368      -0.0648735     0.5502586      -0.2293983   7.9501e-01  1.21155       AF     
  1.1263260      -0.1402107     0.5502586      -0.2293983   7.9501e-01  1.19914       AF     
  1.8225831      0.6962571      0.5502586      -0.5866381   5.5619e-01  1.18686       AM     
  0.7466106      -1.0759726     0.5502586      -0.5866381   5.5619e-01  1.17470       AF     
  0.7466106      1.8977410      0.5502586      -1.6322269   1.9549e-01  1.16267       RM     
  2.3953728      1.6487622      0.5502586      -1.4327589   2.3865e-01  1.15076       AM     
  1.7221031      -0.6732697     0.5502586      -1.4327589   2.3865e-01  1.13897       AF     
  2.5951522      0.8730491      0.5502586      -0.7744560   4.6095e-01  1.12731       AM     
  1.0544416      -1.5407106     0.5502586      -0.7744560   4.6095e-01  1.11576       AF     
  1.0544416      0.5068221      0.5502586      -0.4589407   6.3195e-01  1.10433       RM     
  1.6735362      0.6190946      0.5502586      -0.5664083   5.6756e-01  1.09302       AM     
  1.5991655      -0.0743707     0.5502586      -0.5664083   5.6756e-01  1.08182       AF     
  1.1978405      -0.4013250     0.5502586      -0.5664083   5.6756e-01  1.07074       AF     
  1.1978405      0.9216906      0.5502586      -0.8697056   4.1907e-01  1.05977       RM     
  1.9358998      0.7380593      0.5502586      -0.7036389   4.9478e-01  1.04892       AM     
  2.4270746      0.4911748      0.5502586      -0.4731144   6.2306e-01  1.03817       AM     
  2.5083791      0.0813045      0.5502586      -0.0791254   9.2392e-01  1.02754       AM     
  3.0468587      0.5384796      0.5502586      -0.5294712   5.8892e-01  1.01701       AM     
  1.4251676      -1.6216911     0.5502586      -0.5294712   5.8892e-01  1.00660       AF     
  1.4251676      1.9354435      0.5502586      -1.9426591   1.4332e-01  0.99629       RM     
  1.4251676      0.1030654      0.5502586      -0.1045203   9.0076e-01  0.98608       RM     
  1.4251676      0.2025319      0.5502586      -0.2075164   8.1260e-01  0.97598       RM     
  1.2098338      -0.2153338     0.5502586      -0.2075164   8.1260e-01  0.96598       AF     
  1.2098338      0.8101366      0.5502586      -0.8473452   4.2855e-01  0.95609       RM     
  0.8244111      -0.3854226     0.5502586      -0.8473452   4.2855e-01  0.94629       AF     
  0.8768579      0.0524468      0.5502586      -0.0559969   9.4554e-01  0.93660       AM     
  0.8768579      2.0789457      0.5502586      -2.2426410   1.0618e-01  0.92701       RM     
  2.0277500      1.1508921      0.5502586      -1.2543614   2.8526e-01  0.91751       AM     
  0.9138558      -1.1138941     0.5502586      -1.2543614   2.8526e-01  0.90811       AF     
  1.1737346      0.2598788      0.5502586      -0.2891359   7.4891e-01  0.89881       AM     
  1.1737346      0.8910933      0.5502586      -1.0016726   3.6726e-01  0.88961       RM     
  1.0421815      -0.1315532     0.5502586      -1.0016726   3.6726e-01  0.88049       AF     
  2.0708482      1.0286667      0.5502586      -1.1803758   3.0716e-01  0.87147       AM     
  1.0773992      -0.9934490     0.5502586      -1.1803758   3.0716e-01  0.86255       AF     
  0.9405351      -0.1368641     0.5502586      -1.1803758   3.0716e-01  0.85371       AF     
  1.3452995      0.4047644      0.5502586      -0.4790296   6.1938e-01  0.84497       AM     
  1.1528552      -0.1924443     0.5502586      -0.4790296   6.1938e-01  0.83631       AF     
  1.1528552      0.5625535      0.5502586      -0.6796212   5.0681e-01  0.82775       RM     
  1.0942910      -0.0585642     0.5502586      -0.6796212   5.0681e-01  0.81927       AF     
  1.0081174      -0.0861736     0.5502586      -0.6796212   5.0681e-01  0.81087       AF     
  1.0081174      2.6937869      0.5502586      -3.3564552   3.4859e-02  0.80257       RM     
  1.0081174      1.2324303      0.5502586      -1.5514990   2.1193e-01  0.79435       RM     
  0.6238901      -0.3842273     0.5502586      -1.5514990   2.1193e-01  0.78621       AF     
  0.6311850      0.0072948      0.5502586      -0.0093745   9.9067e-01  0.77816       AM     
  0.6311850      0.6913069      0.5502586      -0.8975828   4.0755e-01  0.77019       RM     
  1.4756645      0.8444795      0.5502586      -1.1078073   3.3028e-01  0.76230       AM     
  1.3204703      -0.1551942     0.5502586      -1.1078073   3.3028e-01  0.75449       AF     
  1.3204703      0.5266685      0.5502586      -0.7052701   4.9398e-01  0.74676       RM     
  1.6576321      0.3371618      0.5502586      -0.4561714   6.3371e-01  0.73911       AM     
  1.6576321      1.3056550      0.5502586      -1.7848000   1.6783e-01  0.73154       RM     
  1.6576321      1.6583587      0.5502586      -2.2903987   1.0123e-01  0.72405       RM     
  1.6576321      0.0810554      0.5502586      -0.1131061   8.9306e-01  0.71663       RM     
  1.1749451      -0.4826870     0.5502586      -0.1131061   8.9306e-01  0.70929       AF     
  1.2651984      0.0902532      0.5502586      -0.1285612   8.7936e-01  0.70203       AM     
  1.3559549      0.0907565      0.5502586      -0.1306160   8.7755e-01  0.69483       AM     
  0.8183676      -0.5375873     0.5502586      -0.1306160   8.7755e-01  0.68772       AF     
  0.7758649      -0.0425027     0.5502586      -0.1306160   8.7755e-01  0.68067       AF     
  0.6244839      -0.1513810     0.5502586      -0.1306160   8.7755e-01  0.67370       AF     
  1.0471860      0.4227021      0.5502586      -0.6339266   5.3050e-01  0.66680       AM     
  1.0471860      0.7817289      0.5502586      -1.1844924   3.0590e-01  0.65997       RM     
  1.0471860      1.3481172      0.5502586      -2.0638364   1.2697e-01  0.65321       RM     
  1.0471860      1.8187474      0.5502586      -2.8131410   6.0016e-02  0.64652       RM     
  1.0471860      0.7224118      0.5502586      -1.1289520   3.2337e-01  0.63990       RM     
  1.0293224      -0.0178636     0.5502586      -1.1289520   3.2337e-01  0.63334       AF     
  1.0293224      2.8803538      0.5502586      -4.5949360   1.0103e-02  0.62685       RM     
  0.9986819      -0.0306405     0.5502586      -4.5949360   1.0103e-02  0.62043       AF     
  0.8720773      -0.1266046     0.5502586      -4.5949360   1.0103e-02  0.61408       AF     
  0.8720773      1.1314653      0.5502586      -1.8616128   1.5542e-01  0.60779       RM     
  0.8720773      1.4715083      0.5502586      -2.4461459   8.6627e-02  0.60156       RM     
  0.8720773      1.2969141      0.5502586      -2.1782230   1.1324e-01  0.59540       RM     
  0.8720773      0.5590869      0.5502586      -0.9487285   3.8723e-01  0.58930       RM     
  0.7713626      -0.1007147     0.5502586      -0.9487285   3.8723e-01  0.58326       AF     
  0.7713626      0.4690623      0.5502586      -0.8125239   4.4374e-01  0.57729       RM     
  1.2617917      0.4904291      0.5502586      -0.8583281   4.2387e-01  0.57138       AM     
  1.2617917      0.8926591      0.5502586      -1.5784626   2.0629e-01  0.56552       RM     
  1.3960706      0.1342789      0.5502586      -0.2398987   7.8671e-01  0.55973       AM     
  0.6175727      -0.7784978     0.5502586      -0.2398987   7.8671e-01  0.55400       AF     
  0.6175727      1.5450774      0.5502586      -2.8178208   5.9736e-02  0.54832       RM     
  0.6284893      0.0109166      0.5502586      -0.0201151   9.8009e-01  0.54271       AM     
  1.7973845      1.1688952      0.5502586      -2.1761144   1.1348e-01  0.53715       AM     
  1.7973845      0.7168876      0.5502586      -1.3484308   2.5965e-01  0.53165       RM     
  1.7973845      1.2699474      0.5502586      -2.4134309   8.9508e-02  0.52620       RM     
  1.5425036      -0.2548809     0.5502586      -2.4134309   8.9508e-02  0.52081       AF     
  0.9708390      -0.5716646     0.5502586      -2.4134309   8.9508e-02  0.51548       AF     
  0.7008922      -0.2699468     0.5502586      -2.4134309   8.9508e-02  0.51020       AF     
  0.7008922      0.4878705      0.5502586      -0.9661392   3.8055e-01  0.50497       RM     
  0.7008922      1.8928510      0.5502586      -3.7872420   2.2658e-02  0.49980       RM     
  1.2274119      0.5265197      0.5502586      -1.0643704   3.4494e-01  0.49468       AM     
  1.6402576      0.4128457      0.5502586      -0.8432131   4.3033e-01  0.48961       AM     
  1.6402576      1.0869524      0.5502586      -2.2430124   1.0614e-01  0.48459       RM     
  1.6402576      1.4022361      0.5502586      -2.9235719   5.3741e-02  0.47963       RM     
  1.1811780      -0.4590796     0.5502586      -2.9235719   5.3741e-02  0.47472       AF     
  0.8293582      -0.3518197     0.5502586      -2.9235719   5.3741e-02  0.46986       AF     
  0.8293582      0.1874180      0.5502586      -0.4030124   6.6830e-01  0.46504       RM     
  0.8293582      1.1514113      0.5502586      -2.5015496   8.1958e-02  0.46028       RM     
  0.8293582      0.2963238      0.5502586      -0.6504542   5.2181e-01  0.45556       RM     
  0.8293582      1.0599794      0.5502586      -2.3508182   9.5291e-02  0.45090       RM     
  0.8293582      1.4693104      0.5502586      -3.2923552   3.7166e-02  0.44628       RM     
  0.8293582      1.4421557      0.5502586      -3.2649519   3.8199e-02  0.44171       RM     
  0.8293582      0.5794157      0.5502586      -1.3253371   2.6571e-01  0.43718       RM     
  0.5616585      -0.2676998     0.5502586      -1.3253371   2.6571e-01  0.43271       AF     
  1.1068294      0.5451710      0.5502586      -1.2729515   2.8000e-01  0.42827       AM     
  1.1068294      0.7891689      0.5502586      -1.8617467   1.5540e-01  0.42389       RM     
  0.8604034      -0.2464261     0.5502586      -1.8617467   1.5540e-01  0.41954       AF     
  0.8604034      1.8838653      0.5502586      -4.5367357   1.0708e-02  0.41525       RM     
  0.7717799      -0.0886234     0.5502586      -4.5367357   1.0708e-02  0.41099       AF     
  0.7717799      0.8620481      0.5502586      -2.1191814   1.2013e-01  0.40678       RM     
  0.7717799      1.6977412      0.5502586      -4.2167672   1.4746e-02  0.40262       RM     
  1.0751055      0.3033255      0.5502586      -0.7611822   4.6711e-01  0.39849       AM     
  1.0751055      0.6573290      0.5502586      -1.6666099   1.8889e-01  0.39441       RM     
  1.6032233      0.5281179      0.5502586      -1.3528620   2.5850e-01  0.39037       AM     
  1.9147466      0.3115233      0.5502586      -0.8062778   4.4652e-01  0.38637       AM     
  1.1238058      -0.7909408     0.5502586      -0.8062778   4.4652e-01  0.38241       AF     
  1.1238058      1.6115175      0.5502586      -4.2576717   1.4155e-02  0.37850       RM     
  1.2437212      0.1199154      0.5502586      -0.3200985   7.2608e-01  0.37462       AM     
  1.2437212      0.3808249      0.5502586      -1.0270827   3.5805e-01  0.37078       RM     
  1.0430423      -0.2006789     0.5502586      -1.0270827   3.5805e-01  0.36699       AF     
  1.0430423      1.1722187      0.5502586      -3.2272440   3.9667e-02  0.36323       RM     
  1.0430423      0.7446095      0.5502586      -2.0712056   1.2603e-01  0.35951       RM     
  0.9016523      -0.1413900     0.5502586      -2.0712056   1.2603e-01  0.35582       AF     
  0.9016523      1.0027576      0.5502586      -2.8473025   5.8001e-02  0.35218       RM     
  0.9016523      0.6718499      0.5502586      -1.9274423   1.4552e-01  0.34857       RM     
  1.0762262      0.1745739      0.5502586      -0.5060110   6.0290e-01  0.34500       AM     
  1.2773139      0.2010877      0.5502586      -0.5888948   5.5494e-01  0.34147       AM     
  0.5553793      -0.7219347     0.5502586      -0.5888948   5.5494e-01  0.33797       AF     
  0.5553793      1.0176997      0.5502586      -3.0423895   4.7721e-02  0.33451       RM     
  0.5553793      0.1598141      0.5502586      -0.4827051   6.1711e-01  0.33108       RM     
  0.5553793      2.1616850      0.5502586      -6.5967582   1.3648e-03  0.32769       RM     
  0.5553793      1.1474933      0.5502586      -3.5380162   2.9071e-02  0.32433       RM     
  0.5553793      1.7694042      0.5502586      -5.5119872   4.0381e-03  0.32101       RM     
  0.5553793      0.4813223      0.5502586      -1.5149164   2.1983e-01  0.31772       RM     
  0.5553793      1.8949223      0.5502586      -6.0258116   2.4156e-03  0.31447       RM     
  0.5553793      1.8977205      0.5502586      -6.0971643   2.2492e-03  0.31125       RM     
  0.5553793      1.8434202      0.5502586      -5.9839989   2.5187e-03  0.30806       RM     
  0.5553793      1.8225807      0.5502586      -5.9775803   2.5350e-03  0.30490       RM     
  0.7230513      0.1676721      0.5502586      -0.5556111   5.7372e-01  0.30178       AM     
  0.7230513      2.3929577      0.5502586      -8.0115524   3.3161e-04  0.29869       RM     
  0.7230513      1.4013233      0.5502586      -4.7401437   8.7374e-03  0.29563       RM     
  0.7230513      1.2450669      0.5502586      -4.2551742   1.4191e-02  0.29260       RM     
  0.7230513      0.8377093      0.5502586      -2.8926073   5.5431e-02  0.28960       RM     
  0.7230513      1.5757384      0.5502586      -5.4973295   4.0977e-03  0.28664       RM     
  0.7492058      0.0261544      0.5502586      -0.0921901   9.1193e-01  0.28370       AM     
  0.7492058      0.2704887      0.5502586      -0.9632961   3.8163e-01  0.28079       RM     
  0.7492058      0.6606201      0.5502586      -2.3770261   9.2826e-02  0.27792       RM     
  0.7951332      0.0459275      0.5502586      -0.1669653   8.4623e-01  0.27507       AM     
  0.6374276      -0.1577057     0.5502586      -0.1669653   8.4623e-01  0.27225       AF     
  0.6374276      0.3973701      0.5502586      -1.4746598   2.2886e-01  0.26947       RM     
  0.6374276      2.0215840      0.5502586      -7.5798386   5.1064e-04  0.26671       RM     
  0.9493597      0.3119321      0.5502586      -1.1816796   3.0676e-01  0.26397       AM     
  0.9493597      0.4471292      0.5502586      -1.7113710   1.8062e-01  0.26127       RM     
  0.9493597      1.1095038      0.5502586      -4.2905349   1.3698e-02  0.25859       RM     
  0.9493597      0.8450792      0.5502586      -3.3018060   3.6817e-02  0.25594       RM     
  0.9493597      0.7471844      0.5502586      -2.9495342   5.2364e-02  0.25332       RM     
  0.9493597      1.2403430      0.5502586      -4.9469665   7.1049e-03  0.25073       RM     
  0.9493597      0.7418024      0.5502586      -2.9892132   5.0327e-02  0.24816       RM     
  0.9493597      2.1695544      0.5502586      -8.8330503   1.4583e-04  0.24562       RM     
  0.8081950      -0.1411647     0.5502586      -8.8330503   1.4583e-04  0.24310       AF     
  0.8081950      0.8334771      0.5502586      -3.4639917   3.1305e-02  0.24061       RM     
  0.8081950      0.0932832      0.5502586      -0.3917042   6.7590e-01  0.23815       RM     
  0.8081950      2.0619444      0.5502586      -8.7478862   1.5880e-04  0.23571       RM     
  0.8081950      3.1045888      0.5502586     -13.3076618   1.6617e-06  0.23329       RM     
  0.8081950      1.2647606      0.5502586      -5.4774382   4.1800e-03  0.23090       RM     
  0.6116764      -0.1965186     0.5502586      -5.4774382   4.1800e-03  0.22854       AF     
  0.6116764      1.3456166      0.5502586      -5.9488568   2.6088e-03  0.22620       RM     
  0.6116764      0.8781735      0.5502586      -3.9225095   1.9791e-02  0.22388       RM     
  0.6116764      1.9520889      0.5502586      -8.8095710   1.4930e-04  0.22159       RM     
  0.6116764      1.2376853      0.5502586      -5.6433489   3.5410e-03  0.21932       RM     
  1.1437223      0.5320459      0.5502586      -2.4510224   8.6205e-02  0.21707       AM     
  1.4485152      0.3047929      0.5502586      -1.4186476   2.4204e-01  0.21485       AM     
  1.4485152      1.5340080      0.5502586      -7.2138783   7.3630e-04  0.21265       RM     
  1.3814067      -0.0671086     0.5502586      -7.2138783   7.3630e-04  0.21047       AF     
  1.3814067      0.3302310      0.5502586      -1.5852656   2.0489e-01  0.20831       RM     
  1.3814067      0.0405582      0.5502586      -0.1967134   8.2143e-01  0.20618       RM     
  1.3814067      0.6451742      0.5502586      -3.1615798   4.2359e-02  0.20407       RM     
  0.9994639      -0.3819428     0.5502586      -3.1615798   4.2359e-02  0.20198       AF     
  0.9994639      0.2527446      0.5502586      -1.2643056   2.8244e-01  0.19991       RM     
  0.9994639      1.1520442      0.5502586      -5.8225177   2.9601e-03  0.19786       RM     
  0.9994639      1.4901516      0.5502586      -7.6092810   4.9583e-04  0.19583       RM     
  0.9994639      1.3706691      0.5502586      -7.0715935   8.4888e-04  0.19383       RM     
  0.7717937      -0.2276702     0.5502586      -7.0715935   8.4888e-04  0.19184       AF     
  0.7717937      2.1611956      0.5502586     -11.3820828   1.1398e-05  0.18988       RM     
  0.7717937      0.3600565      0.5502586      -1.9158869   1.4721e-01  0.18793       RM     
  0.7717937      1.2544591      0.5502586      -6.7441496   1.1777e-03  0.18601       RM     
  0.7888868      0.0170931      0.5502586      -0.0928460   9.1133e-01  0.18410       AM     
  0.7888868      1.2036364      0.5502586      -6.6055504   1.3528e-03  0.18222       RM     
  0.7888868      0.7596812      0.5502586      -4.2122733   1.4813e-02  0.18035       RM     
  0.9846030      0.1957162      0.5502586      -1.0964365   3.3406e-01  0.17850       AM     
  1.6160885      0.6314855      0.5502586      -3.5743044   2.8035e-02  0.17667       AM     
  1.6160885      0.7683286      0.5502586      -4.3938647   1.2353e-02  0.17486       RM     
  1.6428025      0.0267140      0.5502586      -0.1543513   8.5697e-01  0.17307       AM     
  1.5365438      -0.1062587     0.5502586      -0.1543513   8.5697e-01  0.17130       AF     
  1.5365438      0.0079301      0.5502586      -0.0467725   9.5430e-01  0.16955       RM     
  1.3805898      -0.1559539     0.5502586      -0.0467725   9.5430e-01  0.16781       AF     
  1.3805898      0.7800841      0.5502586      -4.6967628   9.1248e-03  0.16609       RM     
  1.3805898      0.3737671      0.5502586      -2.2736821   1.0293e-01  0.16439       RM     
  1.3805898      0.1277304      0.5502586      -0.7850445   4.5610e-01  0.16270       RM     
  1.3805898      1.0806924      0.5502586      -6.7107920   1.2177e-03  0.16104       RM     
  1.3805898      1.1496336      0.5502586      -7.2127794   7.3711e-04  0.15939       RM     
  1.3805898      1.2076853      0.5502586      -7.6554100   4.7348e-04  0.15776       RM     
  0.9708954      -0.4096944     0.5502586      -7.6554100   4.7348e-04  0.15614       AF     
  1.4946463      0.5237509      0.5502586      -3.3890850   3.3740e-02  0.15454       AM     
  1.4946463      0.9049499      0.5502586      -5.9163482   2.6950e-03  0.15296       RM     
  1.0843506      -0.4102958     0.5502586      -5.9163482   2.6950e-03  0.15139       AF     
  0.7556721      -0.3286784     0.5502586      -5.9163482   2.6950e-03  0.14984       AF     
  0.7556721      0.2534715      0.5502586      -1.7091211   1.8102e-01  0.14831       RM     
  0.7556721      0.4567345      0.5502586      -3.1115657   4.4531e-02  0.14679       RM     
  0.7556721      0.2726914      0.5502586      -1.8769733   1.5305e-01  0.14528       RM     
  0.7556721      0.3096594      0.5502586      -2.1534880   1.1608e-01  0.14379       RM     
  0.6340806      -0.1215916     0.5502586      -2.1534880   1.1608e-01  0.14232       AF     
  0.6340806      0.7593032      0.5502586      -5.3903429   4.5604e-03  0.14086       RM     
  0.6340806      0.2038864      0.5502586      -1.4623824   2.3168e-01  0.13942       RM     
  0.6340806      1.6650427      0.5502586     -12.0661738   5.7508e-06  0.13799       RM     
  0.6340806      1.3683537      0.5502586     -10.0187620   4.4556e-05  0.13658       RM     
  0.6340806      0.7269349      0.5502586      -5.3775281   4.6192e-03  0.13518       RM     
  0.5019473      -0.1321333     0.5019473      -5.3775281   4.6192e-03  0.13380       AF     
  0.5019473      0.8455368      0.5019473      -6.3850266   1.6866e-03  0.13242       RM     
  0.5019473      1.2436093      0.5019473      -9.4882399   7.5737e-05  0.13107       RM     
  0.5019473      1.3562504      0.5019473     -10.4547362   2.8811e-05  0.12973       RM     
  0.5019473      0.5872175      0.5019473      -4.5734473   1.0322e-02  0.12840       RM     
  0.5019473      1.2815683      0.5019473     -10.0845834   4.1718e-05  0.12708       RM     
  0.5019473      1.3509713      0.5019473     -10.7407301   2.1645e-05  0.12578       RM     
  0.5019473      1.1466398      0.5019473      -9.2105636   9.9978e-05  0.12449       RM     
  0.5019473      2.0778665      0.5019473     -16.8635238   4.7453e-08  0.12322       RM     
  0.5019473      1.1799916      0.5019473      -9.6756714   6.2793e-05  0.12195       RM     
  0.5019473      0.2464965      0.5019473      -2.0421354   1.2975e-01  0.12071       RM     
  0.5019473      1.0060488      0.5019473      -8.4210108   2.2019e-04  0.11947       RM     
  0.5019473      2.2013984      0.5019473     -18.6172424   8.2155e-09  0.11825       RM     
  0.5019473      1.3662509      0.5019473     -11.6739723   8.5125e-06  0.11703       RM     
  0.5019473      0.9310258      0.5019473      -8.0375076   3.2311e-04  0.11584       RM     
  0.5019473      1.6082008      0.5019473     -14.0272152   8.0920e-07  0.11465       RM     
  0.5019473      0.9886073      0.5019473      -8.7121730   1.6457e-04  0.11347       RM     
  0.5019473      2.8841877      0.5019473     -25.6801599   7.0347e-12  0.11231       RM     
  0.5019473      1.8193072      0.5019473     -16.3663461   7.8016e-08  0.11116       RM     
  0.5019473      0.3011924      0.5019473      -2.7375450   6.4729e-02  0.11002       RM     
  0.5019473      0.6770674      0.5019473      -6.2175688   1.9941e-03  0.10890       RM     
  0.5019473      0.6654693      0.5019473      -6.1743075   2.0822e-03  0.10778       RM     
  0.5019473      0.6588870      0.5019473      -6.1765026   2.0777e-03  0.10668       RM     
  0.5019473      1.6980432      0.5019473     -16.0824401   1.0363e-07  0.10558       RM     
  0.5019473      1.0603631      0.5019473     -10.1468052   3.9201e-05  0.10450       RM     
  0.5019473      0.8217881      0.5019473      -7.9452220   3.5435e-04  0.10343       RM     
  0.5019473      0.7838476      0.5019473      -7.6568357   4.7280e-04  0.10237       RM     
  0.5019473      3.3239620      0.5019473     -32.8053941   5.6598e-15  0.10132       RM     
  0.5019473      1.1225310      0.5019473     -11.1933235   1.3766e-05  0.10029       RM     
  0.5019473      0.8430417      0.5019473      -8.4933937   2.0482e-04  0.09926       RM     
  0.5019473      0.6481352      0.5019473      -6.5973465   1.3640e-03  0.09824       RM     
  0.5019473      1.3965736      0.5019473     -14.3627974   5.7852e-07  0.09724       RM     
  0.5669405      0.0649933      0.5019473      -0.6753286   5.0899e-01  0.09624       AM     
  0.5669405      0.4513987      0.5019473      -4.7389110   8.7482e-03  0.09525       RM     
  0.5669405      0.0866863      0.5019473      -0.9194752   3.9873e-01  0.09428       RM     
  0.5669405      0.2595476      0.5019473      -2.7814949   6.1946e-02  0.09331       RM     
  0.5669405      0.9030846      0.5019473      -9.7782499   5.6671e-05  0.09236       RM     
  0.5669405      0.8741960      0.5019473      -9.5634159   7.0252e-05  0.09141       RM     
  0.5669405      2.7163466      0.5019473     -30.0234708   9.1405e-14  0.09047       RM     
  0.5669405      1.2211193      0.5019473     -13.6365753   1.1959e-06  0.08955       RM     
  0.5669405      0.8796367      0.5019473      -9.9248071   4.8945e-05  0.08863       RM     
  0.5669405      0.6894724      0.5019473      -7.8597203   3.8598e-04  0.08772       RM     
  0.5669405      0.6704426      0.5019473      -7.7218844   4.4302e-04  0.08682       RM     
  0.5669405      1.7643648      0.5019473     -20.5315439   1.2113e-09  0.08593       RM     
  0.5669405      0.4101920      0.5019473      -4.8227178   8.0449e-03  0.08505       RM     
  0.5669405      0.6714464      0.5019473      -7.9760449   3.4360e-04  0.08418       RM     
  0.5669405      1.7806065      0.5019473     -21.3705485   5.2347e-10  0.08332       RM     
  0.5669405      0.8442840      0.5019473     -10.2378263   3.5791e-05  0.08247       RM     
  0.5669405      1.3782991      0.5019473     -16.8862877   4.6385e-08  0.08162       RM     
  0.5669405      0.6036879      0.5019473      -7.4726508   5.6842e-04  0.08079       RM     
  0.5669405      0.9370824      0.5019473     -11.7195654   8.1331e-06  0.07996       RM     
  0.5669405      1.0895342      0.5019473     -13.7672143   1.0495e-06  0.07914       RM     
  0.5669405      1.1978069      0.5019473     -15.2919733   2.2844e-07  0.07833       RM     
  0.5669405      0.2536481      0.5019473      -3.2717475   3.7940e-02  0.07753       RM     
  0.5669405      2.9229121      0.5019473     -38.0921492   2.8628e-17  0.07673       RM     
  0.5669405      0.6431888      0.5019473      -8.4689522   2.0988e-04  0.07595       RM     
  0.5669405      1.2604556      0.5019473     -16.7683481   5.2191e-08  0.07517       RM     
  0.5669405      0.8161676      0.5019473     -10.9701751   1.7207e-05  0.07440       RM     
  0.5669405      0.8731893      0.5019473     -11.8580736   7.0812e-06  0.07364       RM     
  0.5669405      0.4808698      0.5019473      -6.5978843   1.3632e-03  0.07288       RM     
  0.5435986      -0.0233419     0.5019473      -6.5978843   1.3632e-03  0.07214       AF     
  0.5435986      0.3370721      0.5019473      -4.7210988   8.9054e-03  0.07140       RM     
  0.5435986      2.2359515      0.5019473     -31.6412837   1.8129e-14  0.07067       RM     
  0.5435986      0.4996786      0.5019473      -7.1442057   7.8942e-04  0.06994       RM     
  0.5435986      2.3688694      0.5019473     -34.2196721   1.3759e-15  0.06923       RM     
  0.5435986      0.4568217      0.5019473      -6.6673450   1.2718e-03  0.06852       RM     
  0.5435986      1.1727815      0.5019473     -17.2939746   3.0855e-08  0.06781       RM     
  0.5435986      2.0006263      0.5019473     -29.8067887   1.1352e-13  0.06712       RM     
  0.5435986      0.3582138      0.5019473      -5.3921625   4.5521e-03  0.06643       RM     
  0.5435986      0.7248951      0.5019473     -11.0247150   1.6294e-05  0.06575       RM     
  0.5435986      1.2042146      0.5019473     -18.5040843   9.1998e-09  0.06508       RM     
  0.5435986      1.5890546      0.5019473     -24.6702775   1.9312e-11  0.06441       RM     
  0.5435986      0.7622037      0.5019473     -11.9557757   6.4220e-06  0.06375       RM     
  0.5435986      1.6240724      0.5019473     -25.7385221   6.6359e-12  0.06310       RM     
  0.5435986      1.2761495      0.5019473     -20.4339004   1.3356e-09  0.06245       RM     
  0.5435986      3.1726170      0.5019473     -51.3261723   5.1207e-23  0.06181       RM     
  0.5435986      1.2760766      0.5019473     -20.8578463   8.7408e-10  0.06118       RM     
  0.5435986      1.7772243      0.5019473     -29.3498900   1.7927e-13  0.06055       RM     
  0.5435986      0.8882628      0.5019473     -14.8209904   3.6587e-07  0.05993       RM     
  0.5435986      0.4833004      0.5019473      -8.1475003   2.8946e-04  0.05932       RM     
  0.5435986      0.4375919      0.5019473      -7.4532901   5.7953e-04  0.05871       RM     
  0.5435986      2.5048076      0.5019473     -43.1046981   1.9049e-19  0.05811       RM     
  0.5435986      1.4681215      0.5019473     -25.5260574   8.2068e-12  0.05751       RM     
  0.5435986      1.1540431      0.5019473     -20.2728708   1.5689e-09  0.05693       RM     
  0.5435986      1.0776755      0.5019473     -19.1272594   4.9333e-09  0.05634       RM     
  0.5435986      0.0204578      0.5019473      -0.3668552   6.9291e-01  0.05577       RM     
  0.5435986      2.0056318      0.5019473     -36.3378251   1.6546e-16  0.05519       RM     
  0.5435986      1.7376009      0.5019473     -31.8074807   1.5353e-14  0.05463       RM     
  0.5435986      1.0462022      0.5019473     -19.3493490   3.9508e-09  0.05407       RM     
  0.5435986      0.5050669      0.5019473      -9.4378071   7.9655e-05  0.05352       RM     
  0.5435986      2.7541730      0.5019473     -51.9977971   2.6160e-23  0.05297       RM     
  0.5435986      0.0980086      0.5019473      -1.8695165   1.5420e-01  0.05242       RM     
  0.5435986      0.3427253      0.5019473      -6.6051526   1.3534e-03  0.05189       RM     
  0.5435986      2.7869204      0.5019473     -54.2666238   2.7059e-24  0.05136       RM     
  0.5435986      1.3854460      0.5019473     -27.2564534   1.4544e-12  0.05083       RM     
  0.5435986      1.9971141      0.5019473     -39.6966740   5.7538e-18  0.05031       RM     
  0.5435986      1.5407492      0.5019473     -30.9424485   3.6464e-14  0.04979       RM     
  0.5435986      1.5733456      0.5019473     -31.9240781   1.3663e-14  0.04928       RM     
  0.5435986      0.2874584      0.5019473      -5.8930586   2.7585e-03  0.04878       RM     
  0.5435986      2.4405232      0.5019473     -50.5498860   1.1129e-22  0.04828       RM     
  0.5435986      1.1301828      0.5019473     -23.6514306   5.3495e-11  0.04778       RM     
  0.5435986      1.0995259      0.5019473     -23.2480054   8.0079e-11  0.04730       RM     
  0.5435986      1.4862844      0.5019473     -31.7507250   1.6249e-14  0.04681       RM     
  0.5435986      0.8883043      0.5019473     -19.1727755   4.7138e-09  0.04633       RM     
  0.5435986      1.0353633      0.5019473     -22.5781065   1.5648e-10  0.04586       RM     
  0.5435986      0.2267673      0.5019473      -4.9962780   6.7631e-03  0.04539       RM     
  0.5435986      1.2340578      0.5019473     -27.4709215   1.1736e-12  0.04492       RM     
  0.5435986      2.4519785      0.5019473     -55.1475083   1.1214e-24  0.04446       RM     
  0.5435986      1.2885484      0.5019473     -29.2807010   1.9211e-13  0.04401       RM     
  0.5435986      0.0322095      0.5019473      -0.7394968   4.7735e-01  0.04356       RM     
  0.5435986      2.0665471      0.5019473     -47.9368002   1.5181e-21  0.04311       RM     
  0.5435986      0.4242380      0.5019473      -9.9427114   4.8077e-05  0.04267       RM     
  0.5435986      0.4759313      0.5019473     -11.2696642   1.2754e-05  0.04223       RM     
  0.5435986      2.2133322      0.5019473     -52.9523025   1.0072e-23  0.04180       RM     
  0.5435986      0.3735167      0.5019473      -9.0285873   1.1993e-04  0.04137       RM     
  0.5435986      1.8115603      0.5019473     -44.2419268   6.1091e-20  0.04095       RM     
  0.5435986      2.4768886      0.5019473     -61.1166058   2.8668e-27  0.04053       RM     
  0.5435986      0.1200618      0.5019473      -2.9931533   5.0129e-02  0.04011       RM     
  0.5435986      0.8312704      0.5019473     -20.9381383   8.0664e-10  0.03970       RM     
  0.5435986      1.3982167      0.5019473     -35.5829311   3.5199e-16  0.03929       RM     
  0.5435986      0.5219531      0.5019473     -13.4205464   1.4843e-06  0.03889       RM     
  0.5435986      0.9400176      0.5019473     -24.4200335   2.4804e-11  0.03849       RM     
  0.5435986      0.2692846      0.5019473      -7.0679458   8.5198e-04  0.03810       RM     
  0.5435986      0.3696280      0.5019473      -9.8020783   5.5336e-05  0.03771       RM     
  0.5435986      0.7739907      0.5019473     -20.7376963   9.8567e-10  0.03732       RM     
  0.5435986      0.4424664      0.5019473     -11.9777857   6.2822e-06  0.03694       RM     
  0.5435986      0.9510018      0.5019473     -26.0105240   5.0556e-12  0.03656       RM     
  0.5435986      1.4852602      0.5019473     -41.0432551   1.4967e-18  0.03619       RM     
  0.5435986      0.0990494      0.5019473      -2.7654295   6.2949e-02  0.03582       RM     
  0.5435986      2.0317510      0.5019473     -57.3129465   1.2862e-25  0.03545       RM     
  0.5435986      2.7463889      0.5019473     -78.2736858   1.0143e-34  0.03509       RM     
  0.5435986      0.3270049      0.5019473      -9.4162844   8.1388e-05  0.03473       RM     
  0.5435986      2.2791138      0.5019473     -66.3075155   1.5959e-29  0.03437       RM     
  0.5435986      1.6440345      0.5019473     -48.3258155   1.0289e-21  0.03402       RM     
  0.5435986      0.7156383      0.5019473     -21.2536418   5.8838e-10  0.03367       RM     
  0.5435986      0.4329717      0.5019473     -12.9918426   2.2788e-06  0.03333       RM     
  0.5435986      0.7856736      0.5019473     -23.8190761   4.5238e-11  0.03299       RM     
  0.5435986      0.3198087      0.5019473      -9.7959029   5.5679e-05  0.03265       RM     
  0.5435986      0.1675241      0.5019473      -5.1844550   5.6030e-03  0.03231       RM     
  0.5435986      0.2497951      0.5019473      -7.8105421   4.0544e-04  0.03198       RM     
  0.5435986      0.4124638      0.5019473     -13.0303059   2.1929e-06  0.03165       RM     
  0.5435986      0.6321793      0.5019473     -20.1781106   1.7249e-09  0.03133       RM     
  0.5435986      0.3813568      0.5019473     -12.2982471   4.5597e-06  0.03101       RM     
  0.5435986      0.7838132      0.5019473     -25.5385270   8.1051e-12  0.03069       RM     
  0.5435986      0.4210202      0.5019473     -13.8598222   9.5666e-07  0.03038       RM     
  0.5435986      2.3183150      0.5019473     -77.1078690   3.2545e-34  0.03007       RM     
  0.5435986      0.3867160      0.5019473     -12.9954083   2.2707e-06  0.02976       RM     
  0.5435986      1.4594021      0.5019473     -49.5500635   3.0247e-22  0.02945       RM     
  0.5435986      1.2891380      0.5019473     -44.2221825   6.2309e-20  0.02915       RM     
  0.5435986      0.4832906      0.5019473     -16.7502222   5.3146e-08  0.02885       RM     
  0.5435986      1.1155331      0.5019473     -39.0630570   1.0843e-17  0.02856       RM     
  0.5435986      1.6315744      0.5019473     -57.7247618   8.5203e-26  0.02826       RM     
  0.5878281      0.0442295      0.5019473      -1.5810252   2.0576e-01  0.02798       AM     
  0.5878281      1.3081201      0.5019473     -47.2439141   3.0355e-21  0.02769       RM     
  0.5878281      0.7233626      0.5019473     -26.3952526   3.4410e-12  0.02741       RM     
  0.5878281      0.0181989      0.5019473      -0.6709435   5.1123e-01  0.02712       RM     
  0.5878281      1.0066236      0.5019473     -37.4955638   5.1986e-17  0.02685       RM     
  0.5878281      0.0698253      0.5019473      -2.6278276   7.2235e-02  0.02657       RM     
  0.5878281      1.8308988      0.5019473     -69.6177676   5.8262e-31  0.02630       RM     
  0.5878281      3.0857841      0.5019473     -118.5476082  3.2766e-52  0.02603       RM     
  0.5878281      2.2693949      0.5019473     -88.0863958   5.5535e-39  0.02576       RM     
  0.5878281      0.1819891      0.5019473      -7.1370006   7.9513e-04  0.02550       RM     
  0.5878281      1.2407671      0.5019473     -49.1622832   4.4575e-22  0.02524       RM     
  0.5878281      1.3395160      0.5019473     -53.6242431   5.1438e-24  0.02498       RM     
  0.5878281      0.4952380      0.5019473     -20.0308211   1.9986e-09  0.02472       RM     
  0.5878281      2.1846674      0.5019473     -89.2774117   1.6878e-39  0.02447       RM     
  0.5878281      2.5888753      0.5019473     -106.8904471  3.7850e-47  0.02422       RM     
  0.5878281      0.4621700      0.5019473     -19.2797321   4.2356e-09  0.02397       RM     
  0.5878281      0.5126853      0.5019473     -21.6083534   4.1268e-10  0.02373       RM     
  0.5878281      0.8103989      0.5019473     -34.5096955   1.0295e-15  0.02348       RM     
  0.5878281      1.3968769      0.5019473     -60.0996456   7.9260e-27  0.02324       RM     
  0.5878281      1.4692757      0.5019473     -63.8687715   1.8287e-28  0.02300       RM     
  0.5878281      0.9323709      0.5019473     -40.9492037   1.6443e-18  0.02277       RM     
  0.5878281      1.8714314      0.5019473     -83.0428371   8.6090e-37  0.02254       RM     
  0.5878281      0.8960067      0.5019473     -40.1708503   3.5811e-18  0.02230       RM     
  0.5878281      0.9557073      0.5019473     -43.2908560   1.5813e-19  0.02208       RM     
  0.5878281      2.1578866      0.5019473     -98.7577980   1.2883e-43  0.02185       RM     
  0.5878281      0.1031765      0.5019473      -4.7708418   8.4732e-03  0.02163       RM     
  0.5878281      2.0399157      0.5019473     -95.3011186   4.0855e-42  0.02140       RM     
  0.5878281      0.0568738      0.5019473      -2.6845379   6.8253e-02  0.02119       RM     
  0.5878281      0.2850376      0.5019473     -13.5934885   1.2486e-06  0.02097       RM     
  0.5878281      0.5991548      0.5019473     -28.8695044   2.8982e-13  0.02075       RM     
  0.5878281      0.9235122      0.5019473     -44.9587690   2.9830e-20  0.02054       RM     
  0.5878281      2.6831841      0.5019473     -131.9756313  4.8274e-58  0.02033       RM     
  0.5878281      0.2960395      0.5019473     -14.7117526   4.0810e-07  0.02012       RM     
  0.5878281      0.0659769      0.5019473      -3.3126676   3.6419e-02  0.01992       RM     
  0.5878281      0.4004517      0.5019473     -20.3145813   1.5048e-09  0.01971       RM     
  0.5878281      0.1224072      0.5019473      -6.2738803   1.8849e-03  0.01951       RM     
  0.5878281      1.9656827      0.5019473     -101.7921303  6.1978e-45  0.01931       RM     
  0.5878281      0.6738863      0.5019473     -35.2581005   4.8708e-16  0.01911       RM     
  0.5878281      1.1493629      0.5019473     -60.7576481   4.1048e-27  0.01892       RM     
  0.5878281      0.7224523      0.5019473     -38.5855306   1.7479e-17  0.01872       RM     
  0.5878281      0.4081354      0.5019473     -22.0237400   2.7240e-10  0.01853       RM     
  0.5878281      0.5778479      0.5019473     -31.5044432   2.0787e-14  0.01834       RM     
  0.5878281      0.9250344      0.5019473     -50.9550993   7.4213e-23  0.01815       RM     
  0.5878281      0.4446099      0.5019473     -24.7445979   1.7929e-11  0.01797       RM     
  0.5878281      0.2060945      0.5019473     -11.5888191   9.2691e-06  0.01778       RM     
  0.5878281      1.4161728      0.5019473     -80.4563856   1.1435e-35  0.01760       RM     
  0.5878281      0.6952923      0.5019473     -39.9101336   4.6478e-18  0.01742       RM     
  0.5878281      1.3326428      0.5019473     -77.2860392   2.7233e-34  0.01724       RM     
  0.5878281      1.6581665      0.5019473     -97.1598662   6.3680e-43  0.01707       RM     
  0.5878281      0.2396718      0.5019473     -14.1888505   6.8843e-07  0.01689       RM     
  0.5878281      0.1608970      0.5019473      -9.6238715   6.6131e-05  0.01672       RM     
  0.5878281      0.6846023      0.5019473     -41.3724855   1.0769e-18  0.01655       RM     
  0.5878281      2.0506110      0.5019473     -125.2068415  4.2011e-55  0.01638       RM     
  0.5878281      2.2380567      0.5019473     -138.0662023  1.0930e-60  0.01621       RM     
  0.5878281      2.4893614      0.5019473     -155.1585613  4.1257e-68  0.01604       RM     
  0.5878281      0.2532366      0.5019473     -15.9472492   1.1863e-07  0.01588       RM     
  0.5878281      1.1259485      0.5019473     -71.6389666   7.7196e-32  0.01572       RM     
  0.5878281      0.9967774      0.5019473     -64.0767490   1.4853e-28  0.01556       RM     
  0.5878281      0.9512218      0.5019473     -61.7810926   1.4751e-27  0.01540       RM     
  0.5878281      0.6508469      0.5019473     -42.7094669   2.8282e-19  0.01524       RM     
  0.5878281      1.6552203      0.5019473     -109.7419288  2.1862e-48  0.01508       RM     
  0.5878281      0.8296473      0.5019473     -55.5752998   7.3106e-25  0.01493       RM     
  0.5878281      0.6855710      0.5019473     -46.3993821   7.0632e-21  0.01478       RM     
  0.5878281      1.0332101      0.5019473     -70.6512662   2.0727e-31  0.01462       RM     
  0.5878281      1.9421362      0.5019473     -134.1783593  5.3343e-59  0.01447       RM     
  0.5878281      0.8476863      0.5019473     -59.1710744   2.0060e-26  0.01433       RM     
  0.5878281      0.7932575      0.5019473     -55.9448331   5.0521e-25  0.01418       RM     
  0.5878281      0.0655820      0.5019473      -4.6730668   9.3436e-03  0.01403       RM     
  0.5878281      0.2352338      0.5019473     -16.9351274   4.4174e-08  0.01389       RM     
  0.5878281      2.8203957      0.5019473     -205.1494400  8.0303e-90  0.01375       RM     
  0.5878281      2.1727270      0.5019473     -159.6750137  4.5084e-70  0.01361       RM     
  0.5878281      0.6004481      0.5019473     -44.5839702   4.3394e-20  0.01347       RM     
  0.5878281      0.7370951      0.5019473     -55.2965881   9.6604e-25  0.01333       RM     
  0.5878281      1.1972619      0.5019473     -90.7476659   3.8796e-40  0.01319       RM     
  0.5878281      0.6050835      0.5019473     -46.3375524   7.5137e-21  0.01306       RM     
  0.5878281      0.4292384      0.5019473     -33.2114516   3.7709e-15  0.01292       RM     
  0.5878281      0.7518885      0.5019473     -58.7779237   2.9722e-26  0.01279       RM     
  0.5878281      0.1177175      0.5019473      -9.2976531   9.1639e-05  0.01266       RM     
  0.5878281      0.2363714      0.5019473     -18.8624810   6.4288e-09  0.01253       RM     
  0.5878281      2.4974458      0.5019473     -201.3591529  3.5549e-88  0.01240       RM     
  0.5878281      1.2274679      0.5019473     -99.9900854   3.7571e-44  0.01228       RM     
  0.5878281      0.8425842      0.5019473     -69.3476280   7.6332e-31  0.01215       RM     
  0.5878281      2.0939557      0.5019473     -174.1234597  2.3941e-76  0.01203       RM     
  0.5878281      0.1569419      0.5019473     -13.1856056   1.8774e-06  0.01190       RM     
  0.5878281      2.2240622      0.5019473     -188.7903206  1.0219e-82  0.01178       RM     
  0.5878281      0.5055244      0.5019473     -43.3557196   1.4820e-19  0.01166       RM     
  0.5878281      1.0212337      0.5019473     -88.4913759   3.7041e-39  0.01154       RM     
  0.5878281      0.2597516      0.5019473     -22.7407920   1.3298e-10  0.01142       RM     
  0.5878281      1.0446769      0.5019473     -92.4061349   7.3880e-41  0.01131       RM     
  0.5878281      1.6907062      0.5019473     -151.0979078  2.3934e-66  0.01119       RM     
  0.5878281      0.7927053      0.5019473     -71.5770084   8.2130e-32  0.01107       RM     
  0.5878281      2.7135427      0.5019473     -247.5540073  3.0808e-108  0.01096       RM     
  0.5878281      0.4088990      0.5019473     -37.6895398   4.2819e-17  0.01085       RM     
  0.5878281      0.3032832      0.5019473     -28.2438988   5.4179e-13  0.01074       RM     
  0.5878281      1.9916998      0.5019473     -187.4009049  4.1004e-82  0.01063       RM     
  0.5878281      0.1875241      0.5019473     -17.8269247   1.8108e-08  0.01052       RM     
  0.5878281      0.6876940      0.5019473     -66.0520122   2.0605e-29  0.01041       RM     
  0.5878281      1.0578609      0.5019473     -102.6575398  2.6085e-45  0.01030       RM     
  0.5878281      1.0464876      0.5019473     -102.6048525  2.7497e-45  0.01020       RM     
  0.5878281      0.1302916      0.5019473     -12.9068937   2.4809e-06  0.01009       RM     
  0.5878281      2.8810405      0.5019473     -288.3541224  5.8803e-126  0.00999       RM     
 
######################
#### Final Result ####
######################
 
No of accepted moves without Metropolis = 139
No of accepted moves with Metropolis = 133
No of rejected moves with Metropolis = 401
Final temp =    0.00989
Optimized RMSE =      0.5019473
Optimized RMSE obtained at temperature =    0.13380
 
Buy developer a Cafe Mocha!
