running minimization:
/cm/shared/apps/amber20/bin/pmemd.cuda -O -i step4.0_minimization.mdin -c ocoh_box.rst7
-p ocoh_box.parm7 -r step4.0_minimization.rst7 -ref ocoh_box.rst7 
-o step4.0_minimization.out -x step4.0_minimization.nc
running thermalequilibration:
/cm/shared/apps/amber20/bin/pmemd.cuda -O -i step4.1_equilibration.mdin -c step4.0_minimization.rst7
-p ocoh_box.parm7 -r step4.1_equilibration.rst7 -ref step4.0_minimization.rst7 
-o step4.1_equilibration.out -x step4.1_equilibration.nc
running thermalequilibration:
/cm/shared/apps/amber20/bin/pmemd.cuda -O -i step4.2_equilibration.mdin -c step4.1_equilibration.rst7
-p ocoh_box.parm7 -r step4.2_equilibration.rst7 -ref step4.1_equilibration.rst7 
-o step4.2_equilibration.out -x step4.2_equilibration.nc
running thermalequilibration:
/cm/shared/apps/amber20/bin/pmemd.cuda -O -i step4.3_equilibration.mdin -c step4.2_equilibration.rst7
-p ocoh_box.parm7 -r step4.3_equilibration.rst7 -ref step4.2_equilibration.rst7 
-o step4.3_equilibration.out -x step4.3_equilibration.nc
running thermalequilibration:
/cm/shared/apps/amber20/bin/pmemd.cuda -O -i step4.4_equilibration.mdin -c step4.3_equilibration.rst7
-p ocoh_box.parm7 -r step4.4_equilibration.rst7 -ref step4.3_equilibration.rst7 
-o step4.4_equilibration.out -x step4.4_equilibration.nc
running pressure equilibration:
/cm/shared/apps/amber20/bin/pmemd.cuda -O -i step4.5_equilibration.mdin -c step4.4_equilibration.rst7
-p ocoh_box.parm7 -r step4.5_equilibration.rst7 -ref step4.4_equilibration.rst7 
-o step4.5_equilibration.out -x step4.5_equilibration.nc
ERROR: Calculation halted.  Periodic box dimensions have changed too much from their initial values.
  Your system density has likely changed by a large amount, probably from
  starting the simulation from a structure a long way from equilibrium.

  [Although this error can also occur if the simulation has blown up for some reason]

  The GPU code does not automatically reorganize grid cells and thus you
  will need to restart the calculation from the previous restart file.
  This will generate new grid cells and allow the calculation to continue.
  It may be necessary to repeat this restarting multiple times if your system
  is a long way from an equilibrated density.

  Alternatively you can run with the CPU code until the density has converged
  and then switch back to the GPU code.

srun: error: node001: task 0: Exited with exit code 255
