
          -------------------------------------------------------
          Amber 20 PMEMD                              2020
          -------------------------------------------------------

| PMEMD implementation of SANDER, Release 18

|  Compiled date/time: Mon Apr 27 18:19:54 2020
| Run on 12/11/2020 at 14:32:06

|   Executable path: /cm/shared/apps/amber20/bin/pmemd.cuda
| Working directory: /data/wesley/ETDM_Parameterization/octanol_ligand/octonol_box
|          Hostname: node001

  [-O]verwriting output

File Assignments:
|   MDIN: step4.0_minimization.mdin                                             
|  MDOUT: step4.0_minimization.out                                              
| INPCRD: ocoh_box.rst7                                                         
|   PARM: ocoh_box.parm7                                                        
| RESTRT: step4.0_minimization.rst7                                             
|   REFC: ocoh_box.rst7                                                         
|  MDVEL: mdvel                                                                 
|   MDEN: mden                                                                  
|  MDCRD: step4.0_minimization.nc                                               
| MDINFO: mdinfo                                                                
|  MDFRC: mdfrc                                                                 


 Here is the input file:

Minimization input file in explicit solvent                                    
 &cntrl                                                                        
    ! Minimization options                                                     
    imin=1,        ! Turn on minimization                                      
    maxcyc=5000,   ! Maximum number of minimization cycles                     
    ncyc=2500,     ! 100 steepest-descent steps, better for strained systems   
                                                                               
    ! Potential energy function options                                        
    cut=12.0,      ! nonbonded cutoff, in Angstroms                            
    fswitch=10.0,  ! Force-based switching                                     
                                                                               
    ! Control how often information is printed to the output file              
    ntpr=100,      ! Print energies every 100 steps                            
    ntxo=2,        ! Write NetCDF format                                       
                                                                               
    ! Restraint options                                                        
    ntr=1,         ! Positional restraints for proteins, sugars, and ligands   
                                                                               
    ! Set water atom/residue names for SETTLE recognition                      
    watnam='WAT',  ! Water residues are named WAT                              
    owtnm='O',     ! Water oxygens are named O                                 
 /                                                                             
                                                                               
 &ewald                                                                        
    vdwmeth = 0,                                                               
 /                                                                             
Protein posres                                                                 
1.0                                                                            
RES 1 6757                                                                     
END                                                                            
END                                                                            
                                                                               


Note: ig = -1. Setting random seed to   831415 based on wallclock time in 
      microseconds.
| irandom = 1, using AMBER's internal random number generator (default).
 
|--------------------- INFORMATION ----------------------
| GPU (CUDA) Version of PMEMD in use: NVIDIA GPU IN USE.
|                    Version 18.0.0
| 
|                      03/25/2018
| 
| Implementation by:
|                    Ross C. Walker     (SDSC)
|                    Scott Le Grand     (nVIDIA)
| 
| Version 18 performance extensions by:
|                    David Cerutti     (Rutgers)
| 
| Precision model in use:
|      [SPFP] - Single Precision Forces, 64-bit Fixed Point
|               Accumulation. (Default)
| 
|--------------------------------------------------------
 
|----------------- CITATION INFORMATION -----------------
|
|    When publishing work that utilized the CUDA version
|    of AMBER, please cite the following in addition to
|    the regular AMBER citations:
|
|  - Romelia Salomon-Ferrer; Andreas W. Goetz; Duncan
|    Poole; Scott Le Grand; Ross C. Walker "Routine
|    microsecond molecular dynamics simulations with
|    AMBER - Part II: Particle Mesh Ewald", J. Chem.
|    Theory Comput., 2013, 9 (9), pp3878-3888,
|    DOI: 10.1021/ct400314y.
|
|  - Andreas W. Goetz; Mark J. Williamson; Dong Xu;
|    Duncan Poole; Scott Le Grand; Ross C. Walker
|    "Routine microsecond molecular dynamics simulations
|    with AMBER - Part I: Generalized Born", J. Chem.
|    Theory Comput., 2012, 8 (5), pp1542-1555.
|
|  - Scott Le Grand; Andreas W. Goetz; Ross C. Walker
|    "SPFP: Speed without compromise - a mixed precision
|    model for GPU accelerated molecular dynamics
|    simulations.", Comp. Phys. Comm., 2013, 184
|    pp374-380, DOI: 10.1016/j.cpc.2012.09.022
|
|--------------------------------------------------------
 
|------------------- GPU DEVICE INFO --------------------
|
|            CUDA_VISIBLE_DEVICES: 1
|   CUDA Capable Devices Detected:      1
|           CUDA Device ID in use:      0
|                CUDA Device Name: GeForce RTX 2080 Ti
|     CUDA Device Global Mem Size:  11019 MB
| CUDA Device Num Multiprocessors:     68
|           CUDA Device Core Freq:   1.54 GHz
|
|--------------------------------------------------------
 
 
| Conditional Compilation Defines Used:
| PUBFFT
| BINTRAJ
| CUDA
| EMIL

| Largest sphere to fit in unit cell has radius =    45.000

| New format PARM file being parsed.
| Version =    1.000 Date = 12/11/20 Time = 13:12:51
| Force field information read from topology file: 
|                                CHARMM force field: No FF information parsed...  
|
|CHARMM: CHARMM force field in use. 

| Note: 1-4 EEL scale factors are being read from the topology file.

| Note: 1-4 VDW scale factors are being read from the topology file.
| Duplicated    0 dihedrals

| Duplicated    0 dihedrals

--------------------------------------------------------------------------------
   1.  RESOURCE   USE: 
--------------------------------------------------------------------------------

 getting new box info from bottom of inpcrd
 NATOM  =   22410 NTYPES =       6 NBONH =   14940 MBONA  =    6640
 NTHETH =   34860 MTHETA =    5810 NPHIH =   51460 MPHIA  =   17430
 NHPARM =       0 NPARM  =       0 NNB   =  117860 NRES   =     830
 NBONA  =    6640 NTHETA =    5810 NPHIA =   17430 NUMBND =       6
 NUMANG =      10 NPTRA  =      19 NATYP =       1 NPHB   =       0
 IFBOX  =       1 NMXRS  =      27 IFCAP =       0 NEXTRA =       0
 NCOPY  =       0

| Coordinate Index Table dimensions:    13   13   13
| Direct force subcell size =     6.9231    6.9231    6.9231

     BOX TYPE: RECTILINEAR

--------------------------------------------------------------------------------
   2.  CONTROL  DATA  FOR  THE  RUN
--------------------------------------------------------------------------------

                                                                                

General flags:
     imin    =       1, nmropt  =       0

Nature and format of input:
     ntx     =       1, irest   =       0, ntrx    =       1

Nature and format of output:
     ntxo    =       2, ntpr    =     100, ntrx    =       1, ntwr    =       1
     iwrap   =       0, ntwx    =       0, ntwv    =       0, ntwe    =       0
     ioutfm  =       1, ntwprt  =       0, idecomp =       0, rbornstat=      0

Potential function:
     ntf     =       1, ntb     =       1, igb     =       0, nsnb    =      25
     ipol    =       0, gbsa    =       0, iesp    =       0
     dielc   =   1.00000, cut     =  12.00000, intdiel =   1.00000

Frozen or restrained atoms:
     ibelly  =       0, ntr     =       1
     restraint_wt =   0.00000

Energy minimization:
     maxcyc  =    5000, ncyc    =    2500, ntmin   =       1
     dx0     =   0.01000, drms    =   0.00010

| Intermolecular bonds treatment:
|     no_intermolecular_bonds =       1

| Energy averages sample interval:
|     ene_avg_sampling =       1

Ewald parameters:
     verbose =       0, ew_type =       0, nbflag  =       1, use_pme =       1
     vdwmeth =       0, eedmeth =       1, netfrc  =       0
     Box X =   90.000   Box Y =   90.000   Box Z =   90.000
     Alpha =   90.000   Beta  =   90.000   Gamma =   90.000
     NFFT1 =   96       NFFT2 =   96       NFFT3 =   96
     Cutoff=   12.000   Tol   =0.100E-04
     Ewald Coefficient =  0.22664
     Interpolation order =    4

    LOADING THE CONSTRAINED ATOMS AS GROUPS


   5.  REFERENCE ATOM COORDINATES

                                                                                  
    ----- READING GROUP     1; TITLE:
 Protein posres                                                              

     GROUP    1 HAS HARMONIC CONSTRAINTS     1.00000
 GRP    1 RES    1 TO   830
      Number of atoms in this group  = 22410
    ----- END OF GROUP READ -----

--------------------------------------------------------------------------------
   3.  ATOMIC COORDINATES AND VELOCITIES
--------------------------------------------------------------------------------

                                                                                
 begin time read from input coords =     0.000 ps

 
 Number of triangulated 3-point waters found:        0

     Sum of charges from parm topology file =  -0.00000000
     Forcing neutrality...

| Dynamic Memory, Types Used:
| Reals              751959
| Integers          2610412

| Nonbonded Pairs Initial Allocation:    11145053

| GPU memory information (estimate):
| KB of GPU memory in use:    332170
| KB of CPU memory in use:    105370

--------------------------------------------------------------------------------
   4.  RESULTS
--------------------------------------------------------------------------------



   NSTEP       ENERGY          RMS            GMAX         NAME    NUMBER
      1       7.0067E+04     2.1494E+02     1.0426E+04     H51     10519

 BOND    =      332.1432  ANGLE   =      615.1174  DIHED      =     2880.9162
 UB      =      114.3327  IMP     =        0.0000  CMAP       =        0.0000
 VDWAALS =    62120.9311  EEL     =     8497.0839  HBOND      =        0.0000
 1-4 VDW =       -7.1161  1-4 EEL =    -4486.0800  RESTRAINT  =        0.0000


   NSTEP       ENERGY          RMS            GMAX         NAME    NUMBER
    100       4.8619E+03     1.0507E+00     3.1385E+01     C1       5455

 BOND    =       65.9019  ANGLE   =      604.5928  DIHED      =     2982.7780
 UB      =       89.3326  IMP     =        0.0000  CMAP       =        0.0000
 VDWAALS =    -2956.4950  EEL     =     8320.0677  HBOND      =        0.0000
 1-4 VDW =      -39.4076  1-4 EEL =    -4390.7572  RESTRAINT  =      185.9215
 EAMBER  =     4676.0131


   NSTEP       ENERGY          RMS            GMAX         NAME    NUMBER
    200       4.6417E+03     3.7963E-01     1.1040E+01     C1       2782

 BOND    =       54.0722  ANGLE   =      537.3820  DIHED      =     2992.6419
 UB      =       64.2111  IMP     =        0.0000  CMAP       =        0.0000
 VDWAALS =    -3142.2027  EEL     =     8269.7918  HBOND      =        0.0000
 1-4 VDW =      -65.0016  1-4 EEL =    -4370.9105  RESTRAINT  =      301.6707
 EAMBER  =     4339.9843


   NSTEP       ENERGY          RMS            GMAX         NAME    NUMBER
    300       4.5959E+03     8.1367E-02     3.4040E+00     HO1      2786

 BOND    =       51.6677  ANGLE   =      524.1355  DIHED      =     2991.1442
 UB      =       58.9935  IMP     =        0.0000  CMAP       =        0.0000
 VDWAALS =    -3194.0803  EEL     =     8248.5454  HBOND      =        0.0000
 1-4 VDW =      -70.9205  1-4 EEL =    -4369.6533  RESTRAINT  =      356.1087
 EAMBER  =     4239.8322


   NSTEP       ENERGY          RMS            GMAX         NAME    NUMBER
    400       4.5746E+03     7.0162E-02     5.0407E+00     HO1      5648

 BOND    =       51.4530  ANGLE   =      519.0568  DIHED      =     2989.8351
 UB      =       57.0307  IMP     =        0.0000  CMAP       =        0.0000
 VDWAALS =    -3216.5749  EEL     =     8231.5360  HBOND      =        0.0000
 1-4 VDW =      -73.5058  1-4 EEL =    -4372.4064  RESTRAINT  =      388.1647
 EAMBER  =     4186.4246


   NSTEP       ENERGY          RMS            GMAX         NAME    NUMBER
    500       4.5614E+03     5.8115E-02     3.4316E+00     C1       6157

 BOND    =       51.9278  ANGLE   =      516.1490  DIHED      =     2988.7069
 UB      =       56.0207  IMP     =        0.0000  CMAP       =        0.0000
 VDWAALS =    -3228.0297  EEL     =     8218.5553  HBOND      =        0.0000
 1-4 VDW =      -74.7809  1-4 EEL =    -4376.3922  RESTRAINT  =      409.2189
 EAMBER  =     4152.1569


   NSTEP       ENERGY          RMS            GMAX         NAME    NUMBER
    600       4.5531E+03     9.1293E-02     6.2804E+00     C1       6157

 BOND    =       51.9428  ANGLE   =      514.6578  DIHED      =     2987.7048
 UB      =       55.5217  IMP     =        0.0000  CMAP       =        0.0000
 VDWAALS =    -3234.2712  EEL     =     8208.8804  HBOND      =        0.0000
 1-4 VDW =      -75.6408  1-4 EEL =    -4379.4972  RESTRAINT  =      423.8046
 EAMBER  =     4129.2982


   NSTEP       ENERGY          RMS            GMAX         NAME    NUMBER
    700       4.5484E+03     6.7586E-02     5.1952E+00     C1       6157

 BOND    =       52.2852  ANGLE   =      513.6069  DIHED      =     2987.2155
 UB      =       55.1753  IMP     =        0.0000  CMAP       =        0.0000
 VDWAALS =    -3237.8512  EEL     =     8201.4333  HBOND      =        0.0000
 1-4 VDW =      -76.0365  1-4 EEL =    -4381.4789  RESTRAINT  =      434.0736
 EAMBER  =     4114.3496


   NSTEP       ENERGY          RMS            GMAX         NAME    NUMBER
    800       4.5456E+03     6.1146E-02     4.1399E+00     C1       6157

 BOND    =       52.1756  ANGLE   =      512.9612  DIHED      =     2987.0863
 UB      =       54.9882  IMP     =        0.0000  CMAP       =        0.0000
 VDWAALS =    -3240.3409  EEL     =     8196.0107  HBOND      =        0.0000
 1-4 VDW =      -76.3491  1-4 EEL =    -4382.6412  RESTRAINT  =      441.6911
 EAMBER  =     4103.8907


   NSTEP       ENERGY          RMS            GMAX         NAME    NUMBER
    900       4.5437E+03     6.0268E-02     6.4879E+00     O1       2785

 BOND    =       52.3299  ANGLE   =      512.3987  DIHED      =     2987.0186
 UB      =       54.8398  IMP     =        0.0000  CMAP       =        0.0000
 VDWAALS =    -3242.1284  EEL     =     8191.9045  HBOND      =        0.0000
 1-4 VDW =      -76.5752  1-4 EEL =    -4383.4603  RESTRAINT  =      447.4158
 EAMBER  =     4096.3276


   NSTEP       ENERGY          RMS            GMAX         NAME    NUMBER
   1000       4.5426E+03     1.3368E-02     6.3773E-01     O1      14044

 BOND    =       52.3579  ANGLE   =      512.0454  DIHED      =     2987.1336
 UB      =       54.7472  IMP     =        0.0000  CMAP       =        0.0000
 VDWAALS =    -3243.5005  EEL     =     8188.8520  HBOND      =        0.0000
 1-4 VDW =      -76.7033  1-4 EEL =    -4384.0015  RESTRAINT  =      451.6731
 EAMBER  =     4090.9307


   NSTEP       ENERGY          RMS            GMAX         NAME    NUMBER
   1100       4.5419E+03     9.5163E-03     3.8583E-01     O1      14044

 BOND    =       52.3786  ANGLE   =      511.7817  DIHED      =     2987.3935
 UB      =       54.6802  IMP     =        0.0000  CMAP       =        0.0000
 VDWAALS =    -3244.5044  EEL     =     8186.4939  HBOND      =        0.0000
 1-4 VDW =      -76.7991  1-4 EEL =    -4384.3209  RESTRAINT  =      454.8288
 EAMBER  =     4087.1035


   NSTEP       ENERGY          RMS            GMAX         NAME    NUMBER
   1200       4.5414E+03     8.3918E-03     4.6904E-01     HO1     21254

 BOND    =       52.4247  ANGLE   =      511.5774  DIHED      =     2987.7384
 UB      =       54.6277  IMP     =        0.0000  CMAP       =        0.0000
 VDWAALS =    -3245.3192  EEL     =     8184.4643  HBOND      =        0.0000
 1-4 VDW =      -76.8760  1-4 EEL =    -4384.5703  RESTRAINT  =      457.3685
 EAMBER  =     4084.0669


   NSTEP       ENERGY          RMS            GMAX         NAME    NUMBER
   1300       4.5410E+03     2.6770E-02     2.3691E+00     O1      14044

 BOND    =       52.5001  ANGLE   =      511.4266  DIHED      =     2988.1091
 UB      =       54.5861  IMP     =        0.0000  CMAP       =        0.0000
 VDWAALS =    -3245.9977  EEL     =     8182.6605  HBOND      =        0.0000
 1-4 VDW =      -76.9440  1-4 EEL =    -4384.8642  RESTRAINT  =      459.4857
 EAMBER  =     4081.4765


   NSTEP       ENERGY          RMS            GMAX         NAME    NUMBER
   1400       4.5403E+03     1.8267E-02     1.3501E+00     O1      14044

 BOND    =       52.4429  ANGLE   =      511.3252  DIHED      =     2988.3722
 UB      =       54.5597  IMP     =        0.0000  CMAP       =        0.0000
 VDWAALS =    -3246.5415  EEL     =     8181.2099  HBOND      =        0.0000
 1-4 VDW =      -77.0123  1-4 EEL =    -4385.3180  RESTRAINT  =      461.2720
 EAMBER  =     4079.0382


   NSTEP       ENERGY          RMS            GMAX         NAME    NUMBER
   1500       4.5396E+03     1.6390E-02     1.3010E+00     O1      14044

 BOND    =       52.5142  ANGLE   =      511.2380  DIHED      =     2988.5551
 UB      =       54.5357  IMP     =        0.0000  CMAP       =        0.0000
 VDWAALS =    -3247.0093  EEL     =     8179.9006  HBOND      =        0.0000
 1-4 VDW =      -77.0557  1-4 EEL =    -4385.8742  RESTRAINT  =      462.8202
 EAMBER  =     4076.8044


   NSTEP       ENERGY          RMS            GMAX         NAME    NUMBER
   1600       4.5392E+03     1.9066E-02     1.5776E+00     O1      14044

 BOND    =       52.4838  ANGLE   =      511.1672  DIHED      =     2988.8575
 UB      =       54.5177  IMP     =        0.0000  CMAP       =        0.0000
 VDWAALS =    -3247.3503  EEL     =     8178.7304  HBOND      =        0.0000
 1-4 VDW =      -77.0841  1-4 EEL =    -4386.2820  RESTRAINT  =      464.1125
 EAMBER  =     4075.0404


   NSTEP       ENERGY          RMS            GMAX         NAME    NUMBER
   1700       4.5388E+03     1.6257E-02     1.3707E+00     O1       2785

 BOND    =       52.5518  ANGLE   =      511.0990  DIHED      =     2989.1771
 UB      =       54.4970  IMP     =        0.0000  CMAP       =        0.0000
 VDWAALS =    -3247.6280  EEL     =     8177.6184  HBOND      =        0.0000
 1-4 VDW =      -77.1071  1-4 EEL =    -4386.5103  RESTRAINT  =      465.1464
 EAMBER  =     4073.6978


   NSTEP       ENERGY          RMS            GMAX         NAME    NUMBER
   1800       4.5386E+03     1.4151E-02     1.1036E+00     O1      14044

 BOND    =       52.5635  ANGLE   =      511.0410  DIHED      =     2989.4772
 UB      =       54.4804  IMP     =        0.0000  CMAP       =        0.0000
 VDWAALS =    -3247.8640  EEL     =     8176.7325  HBOND      =        0.0000
 1-4 VDW =      -77.1270  1-4 EEL =    -4386.6552  RESTRAINT  =      465.9661
 EAMBER  =     4072.6485


   NSTEP       ENERGY          RMS            GMAX         NAME    NUMBER
   1900       4.5384E+03     1.1476E-02     9.7378E-01     O1      14044

 BOND    =       52.5975  ANGLE   =      510.9628  DIHED      =     2989.7533
 UB      =       54.4588  IMP     =        0.0000  CMAP       =        0.0000
 VDWAALS =    -3248.0790  EEL     =     8175.9922  HBOND      =        0.0000
 1-4 VDW =      -77.1560  1-4 EEL =    -4386.7594  RESTRAINT  =      466.6509
 EAMBER  =     4071.7702


   NSTEP       ENERGY          RMS            GMAX         NAME    NUMBER
   2000       4.5382E+03     5.3899E-03     3.7424E-01     H71     14548

 BOND    =       52.6004  ANGLE   =      510.8883  DIHED      =     2990.0246
 UB      =       54.4382  IMP     =        0.0000  CMAP       =        0.0000
 VDWAALS =    -3248.2953  EEL     =     8175.4158  HBOND      =        0.0000
 1-4 VDW =      -77.1805  1-4 EEL =    -4386.8496  RESTRAINT  =      467.1988
 EAMBER  =     4071.0419


   NSTEP       ENERGY          RMS            GMAX         NAME    NUMBER
   2100       4.5381E+03     2.0313E-02     1.8633E+00     O1      14044

 BOND    =       52.6068  ANGLE   =      510.8099  DIHED      =     2990.3125
 UB      =       54.4153  IMP     =        0.0000  CMAP       =        0.0000
 VDWAALS =    -3248.5239  EEL     =     8174.9191  HBOND      =        0.0000
 1-4 VDW =      -77.2050  1-4 EEL =    -4386.9392  RESTRAINT  =      467.6603
 EAMBER  =     4070.3956


   NSTEP       ENERGY          RMS            GMAX         NAME    NUMBER
   2200       4.5378E+03     1.7302E-02     1.7074E+00     C1      14041

 BOND    =       52.6490  ANGLE   =      510.7174  DIHED      =     2990.6246
 UB      =       54.3871  IMP     =        0.0000  CMAP       =        0.0000
 VDWAALS =    -3248.7570  EEL     =     8174.4328  HBOND      =        0.0000
 1-4 VDW =      -77.2344  1-4 EEL =    -4387.0339  RESTRAINT  =      468.0595
 EAMBER  =     4069.7856


   NSTEP       ENERGY          RMS            GMAX         NAME    NUMBER
   2300       4.5376E+03     1.4865E-02     1.4542E+00     O1       5647

 BOND    =       52.6123  ANGLE   =      510.6304  DIHED      =     2991.0006
 UB      =       54.3619  IMP     =        0.0000  CMAP       =        0.0000
 VDWAALS =    -3248.9938  EEL     =     8174.0085  HBOND      =        0.0000
 1-4 VDW =      -77.2643  1-4 EEL =    -4387.1488  RESTRAINT  =      468.3951
 EAMBER  =     4069.2069


   NSTEP       ENERGY          RMS            GMAX         NAME    NUMBER
   2400       4.5373E+03     7.1829E-03     7.3073E-01     HO1       842

 BOND    =       52.6531  ANGLE   =      510.5375  DIHED      =     2991.4602
 UB      =       54.3354  IMP     =        0.0000  CMAP       =        0.0000
 VDWAALS =    -3249.2432  EEL     =     8173.4539  HBOND      =        0.0000
 1-4 VDW =      -77.3036  1-4 EEL =    -4387.2952  RESTRAINT  =      468.7163
 EAMBER  =     4068.5981


   NSTEP       ENERGY          RMS            GMAX         NAME    NUMBER
   2500       4.5368E+03     1.7044E-02     2.0372E+00     HO1       842

 BOND    =       52.6997  ANGLE   =      510.4188  DIHED      =     2992.1033
 UB      =       54.3077  IMP     =        0.0000  CMAP       =        0.0000
 VDWAALS =    -3249.5017  EEL     =     8172.5697  HBOND      =        0.0000
 1-4 VDW =      -77.3888  1-4 EEL =    -4387.5715  RESTRAINT  =      469.1430
 EAMBER  =     4067.6372


   NSTEP       ENERGY          RMS            GMAX         NAME    NUMBER
   2600       4.5338E+03     7.4913E-03     4.8553E-01     HO1       842

 BOND    =       52.7697  ANGLE   =      510.2224  DIHED      =     2992.6102
 UB      =       54.2360  IMP     =        0.0000  CMAP       =        0.0000
 VDWAALS =    -3250.5231  EEL     =     8170.6817  HBOND      =        0.0000
 1-4 VDW =      -77.6901  1-4 EEL =    -4389.5582  RESTRAINT  =      471.0224
 EAMBER  =     4062.7487


   NSTEP       ENERGY          RMS            GMAX         NAME    NUMBER
   2700       4.5335E+03     4.7919E-03     2.6513E-01     C1        838

 BOND    =       52.7922  ANGLE   =      510.2993  DIHED      =     2992.7891
 UB      =       54.2225  IMP     =        0.0000  CMAP       =        0.0000
 VDWAALS =    -3250.8899  EEL     =     8170.3450  HBOND      =        0.0000
 1-4 VDW =      -77.7346  1-4 EEL =    -4389.7941  RESTRAINT  =      471.5026
 EAMBER  =     4062.0296

     .... RESTARTED DUE TO LINMIN FAILURE ...

     .... RESTARTED DUE TO LINMIN FAILURE ...

     .... RESTARTED DUE TO LINMIN FAILURE ...


   NSTEP       ENERGY          RMS            GMAX         NAME    NUMBER
   2800       4.5335E+03     8.3213E-03     8.0439E-01     O1       2785

 BOND    =       52.7856  ANGLE   =      510.2994  DIHED      =     2992.9222
 UB      =       54.2209  IMP     =        0.0000  CMAP       =        0.0000
 VDWAALS =    -3251.1628  EEL     =     8170.1812  HBOND      =        0.0000
 1-4 VDW =      -77.7786  1-4 EEL =    -4389.9126  RESTRAINT  =      471.9315
 EAMBER  =     4061.5552

     .... RESTARTED DUE TO LINMIN FAILURE ...

     .... RESTARTED DUE TO LINMIN FAILURE ...


                    FINAL RESULTS



   NSTEP       ENERGY          RMS            GMAX         NAME    NUMBER
   2885       4.5335E+03     5.9379E-04     3.8843E-02     HO1     12884

 BOND    =       52.7968  ANGLE   =      510.3069  DIHED      =     2992.9216
 UB      =       54.2188  IMP     =        0.0000  CMAP       =        0.0000
 VDWAALS =    -3251.1599  EEL     =     8170.1649  HBOND      =        0.0000
 1-4 VDW =      -77.7636  1-4 EEL =    -4389.9260  RESTRAINT  =      471.9208
 EAMBER  =     4061.5596

     ***** REPEATED LINMIN FAILURE *****
--------------------------------------------------------------------------------
   5.  TIMINGS
--------------------------------------------------------------------------------

|  NonSetup CPU Time in Major Routines:
|
|     Routine           Sec        %
|     ------------------------------
|     Nonbond           1.50   26.71
|     Bond              0.00    0.00
|     Angle             0.00    0.00
|     Dihedral          0.00    0.00
|     Shake             0.00    0.00
|     Other             4.13   73.29
|     ------------------------------
|     Total             5.63

|  PME Nonbond Pairlist CPU Time:
|
|     Routine              Sec        %
|     ---------------------------------
|     Set Up Cit           0.00    0.00
|     Build List           0.00    0.00
|     ---------------------------------
|     Total                0.00    0.00

|  PME Direct Force CPU Time:
|
|     Routine              Sec        %
|     ---------------------------------
|     NonBonded Calc       0.00    0.00
|     Exclude Masked       0.00    0.00
|     Other                0.01    0.12
|     ---------------------------------
|     Total                0.01    0.12

|  PME Reciprocal Force CPU Time:
|
|     Routine              Sec        %
|     ---------------------------------
|     1D bspline           0.00    0.00
|     Grid Charges         0.00    0.00
|     Scalar Sum           0.00    0.00
|     Gradient Sum         0.00    0.00
|     FFT                  0.00    0.00
|     ---------------------------------
|     Total                0.00    0.00

|  Setup CPU time:            1.18 seconds
|  NonSetup CPU time:         5.63 seconds
|  Total CPU time:            6.81 seconds     0.00 hours

|  Setup wall time:           1    seconds
|  NonSetup wall time:        6    seconds
|  Total wall time:           7    seconds     0.00 hours
