
          -------------------------------------------------------
          Amber 20 PMEMD                              2020
          -------------------------------------------------------

| PMEMD implementation of SANDER, Release 18

|  Compiled date/time: Mon Apr 27 18:19:54 2020
| Run on 12/11/2020 at 14:27:56

|   Executable path: /cm/shared/apps/amber20/bin/pmemd.cuda
| Working directory: /data/wesley/ETDM_Parameterization/octanol_ligand/octonol_box
|          Hostname: node001

  [-O]verwriting output

File Assignments:
|   MDIN: step4.5_equilibration.mdin                                            
|  MDOUT: step4.5_equilibration.out                                             
| INPCRD: step4.4_equilibration.rst7                                            
|   PARM: ocoh_box.parm7                                                        
| RESTRT: step4.5_equilibration.rst7                                            
|   REFC: step4.4_equilibration.rst7                                            
|  MDVEL: mdvel                                                                 
|   MDEN: mden                                                                  
|  MDCRD: step4.5_equilibration.nc                                              
| MDINFO: mdinfo                                                                
|  MDFRC: mdfrc                                                                 


 Here is the input file:

A NVT simulation for common production-level simulations                       
 &cntrl                                                                        
    imin=0,        ! No minimization                                           
    irest=1,       ! This IS a restart of an old MD simulation                 
    ntx=5,         ! So our inpcrd file has velocities                         
                                                                               
    ! Temperature control                                                      
    ntt=3,         ! Langevin dynamics                                         
    gamma_ln=1.0,  ! Friction coefficient (ps^-1)                              
    temp0=303.15,   ! Target temperature                                       
                                                                               
    ! Potential energy control                                                 
    cut=12.0,      ! nonbonded cutoff, in Angstroms                            
    fswitch=10.0,  ! Force-based switching                                     
                                                                               
    ! MD settings                                                              
    nstlim=1250000, ! 1250K steps, 1.25 ns total                               
    dt=0.001,      ! time step (ps)                                            
                                                                               
    ! SHAKE                                                                    
    ntc=2,         ! Constrain bonds containing hydrogen                       
    ntf=2,         ! Do not calculate forces of bonds containing hydrogen      
                                                                               
    ! Control how often information is printed                                 
    ntpr=1000,     ! Print energies every 1000 steps                           
    ntwx=10000,    ! Print coordinates every 10000 steps to the trajectory     
    ntwr=10000,    ! Print a restart file every 10K steps (can be less frequent
!   ntwv=-1,       ! Uncomment to also print velocities to trajectory          
!   ntwf=-1,       ! Uncomment to also print forces to trajectory              
    ntxo=2,        ! Write NetCDF format                                       
    ioutfm=1,      ! Write NetCDF format (always do this!)                     
                                                                               
    ! Wrap coordinates when printing them to the same unit cell                
    iwrap=1,                                                                   
                                                                               
    ! Restraint options                                                        
    !nmropt=1,      ! Dihedral restraints for sugars and lipids                
    !csurften=3,                                                               
    !gamma_ten=0.0,                                                            
    !ninterface=2,                                                             
                                                                               
    !ntr=1,                                                                    
    ! Constant pressure control                                                
    barostat=2,  !MC barostat                                                  
    ntp=1,       !1=isotropic; 2=anisotropic, 3=semi-isotropic w/ surften      
    pres0=1.0,   ! Target external pressure = 1.0 bar                          
                                                                               
    ! Set water atom/residue names for SETTLE recognition                      
    watnam='TIP3',  ! Water residues are named WAT                             
    owtnm='OH2',     ! Water oxygens are named O                               
 /                                                                             
                                                                               
 &ewald                                                                        
    vdwmeth = 0,                                                               
 /                                                                             


Note: ig = -1. Setting random seed to   757057 based on wallclock time in 
      microseconds.
| irandom = 1, using AMBER's internal random number generator (default).
 
|--------------------- INFORMATION ----------------------
| GPU (CUDA) Version of PMEMD in use: NVIDIA GPU IN USE.
|                    Version 18.0.0
| 
|                      03/25/2018
| 
| Implementation by:
|                    Ross C. Walker     (SDSC)
|                    Scott Le Grand     (nVIDIA)
| 
| Version 18 performance extensions by:
|                    David Cerutti     (Rutgers)
| 
| Precision model in use:
|      [SPFP] - Single Precision Forces, 64-bit Fixed Point
|               Accumulation. (Default)
| 
|--------------------------------------------------------
 
|----------------- CITATION INFORMATION -----------------
|
|    When publishing work that utilized the CUDA version
|    of AMBER, please cite the following in addition to
|    the regular AMBER citations:
|
|  - Romelia Salomon-Ferrer; Andreas W. Goetz; Duncan
|    Poole; Scott Le Grand; Ross C. Walker "Routine
|    microsecond molecular dynamics simulations with
|    AMBER - Part II: Particle Mesh Ewald", J. Chem.
|    Theory Comput., 2013, 9 (9), pp3878-3888,
|    DOI: 10.1021/ct400314y.
|
|  - Andreas W. Goetz; Mark J. Williamson; Dong Xu;
|    Duncan Poole; Scott Le Grand; Ross C. Walker
|    "Routine microsecond molecular dynamics simulations
|    with AMBER - Part I: Generalized Born", J. Chem.
|    Theory Comput., 2012, 8 (5), pp1542-1555.
|
|  - Scott Le Grand; Andreas W. Goetz; Ross C. Walker
|    "SPFP: Speed without compromise - a mixed precision
|    model for GPU accelerated molecular dynamics
|    simulations.", Comp. Phys. Comm., 2013, 184
|    pp374-380, DOI: 10.1016/j.cpc.2012.09.022
|
|--------------------------------------------------------
 
|------------------- GPU DEVICE INFO --------------------
|
|            CUDA_VISIBLE_DEVICES: 1
|   CUDA Capable Devices Detected:      1
|           CUDA Device ID in use:      0
|                CUDA Device Name: GeForce RTX 2080 Ti
|     CUDA Device Global Mem Size:  11019 MB
| CUDA Device Num Multiprocessors:     68
|           CUDA Device Core Freq:   1.54 GHz
|
|--------------------------------------------------------
 
 
| Conditional Compilation Defines Used:
| PUBFFT
| BINTRAJ
| CUDA
| EMIL

| Largest sphere to fit in unit cell has radius =    45.000

| New format PARM file being parsed.
| Version =    1.000 Date = 12/11/20 Time = 13:12:51
| Force field information read from topology file: 
|                                CHARMM force field: No FF information parsed...  
|
|CHARMM: CHARMM force field in use. 

| Note: 1-4 EEL scale factors are being read from the topology file.

| Note: 1-4 VDW scale factors are being read from the topology file.
| Duplicated    0 dihedrals

| Duplicated    0 dihedrals

--------------------------------------------------------------------------------
   1.  RESOURCE   USE: 
--------------------------------------------------------------------------------

 getting box info from netcdf restart file
 NATOM  =   22410 NTYPES =       6 NBONH =   14940 MBONA  =    6640
 NTHETH =   34860 MTHETA =    5810 NPHIH =   51460 MPHIA  =   17430
 NHPARM =       0 NPARM  =       0 NNB   =  117860 NRES   =     830
 NBONA  =    6640 NTHETA =    5810 NPHIA =   17430 NUMBND =       6
 NUMANG =      10 NPTRA  =      19 NATYP =       1 NPHB   =       0
 IFBOX  =       1 NMXRS  =      27 IFCAP =       0 NEXTRA =       0
 NCOPY  =       0

| Coordinate Index Table dimensions:    13   13   13
| Direct force subcell size =     6.9231    6.9231    6.9231

     BOX TYPE: RECTILINEAR

--------------------------------------------------------------------------------
   2.  CONTROL  DATA  FOR  THE  RUN
--------------------------------------------------------------------------------

                                                                                

General flags:
     imin    =       0, nmropt  =       0

Nature and format of input:
     ntx     =       5, irest   =       1, ntrx    =       1

Nature and format of output:
     ntxo    =       2, ntpr    =    1000, ntrx    =       1, ntwr    =   10000
     iwrap   =       1, ntwx    =   10000, ntwv    =       0, ntwe    =       0
     ioutfm  =       1, ntwprt  =       0, idecomp =       0, rbornstat=      0

Potential function:
     ntf     =       2, ntb     =       2, igb     =       0, nsnb    =      25
     ipol    =       0, gbsa    =       0, iesp    =       0
     dielc   =   1.00000, cut     =  12.00000, intdiel =   1.00000

Frozen or restrained atoms:
     ibelly  =       0, ntr     =       0

Molecular dynamics:
     nstlim  =   1250000, nscm    =      1000, nrespa  =         1
     t       =   0.00000, dt      =   0.00100, vlimit  =  -1.00000

Langevin dynamics temperature regulation:
     ig      =  757057
     temp0   = 303.15000, tempi   =   0.00000, gamma_ln=   1.00000

Pressure regulation:
     ntp     =       1
     pres0   =   1.00000, comp    =  44.60000, taup    =   1.00000
     Monte-Carlo Barostat:
     mcbarint  =     100

SHAKE:
     ntc     =       2, jfastw  =       0
     tol     =   0.00001

| Intermolecular bonds treatment:
|     no_intermolecular_bonds =       1

| Energy averages sample interval:
|     ene_avg_sampling =    1000

Ewald parameters:
     verbose =       0, ew_type =       0, nbflag  =       1, use_pme =       1
     vdwmeth =       0, eedmeth =       1, netfrc  =       1
     Box X =   90.000   Box Y =   90.000   Box Z =   90.000
     Alpha =   90.000   Beta  =   90.000   Gamma =   90.000
     NFFT1 =   96       NFFT2 =   96       NFFT3 =   96
     Cutoff=   12.000   Tol   =0.100E-04
     Ewald Coefficient =  0.22664
     Interpolation order =    4
| MONTE CARLO BAROSTAT IMPORTANT NOTE:
|   The Monte-Carlo barostat does not require the virial to adjust the system volume.
|   Since it is an expensive calculation, it is skipped for efficiency. A side-effect
|   is that the reported pressure is always 0 because it is not calculated.

--------------------------------------------------------------------------------
   3.  ATOMIC COORDINATES AND VELOCITIES
--------------------------------------------------------------------------------

                                                                                
 begin time read from input coords =   500.000 ps

 
 Number of triangulated 3-point waters found:        0

     Sum of charges from parm topology file =  -0.00000000
     Forcing neutrality...

| Dynamic Memory, Types Used:
| Reals              958629
| Integers          2644442

| Nonbonded Pairs Initial Allocation:    11145053

| GPU memory information (estimate):
| KB of GPU memory in use:    397920
| KB of CPU memory in use:    103824

--------------------------------------------------------------------------------
   4.  RESULTS
--------------------------------------------------------------------------------


 NSTEP =     1000   TIME(PS) =     501.000  TEMP(K) =   306.67  PRESS =     0.0
 Etot   =     33348.1775  EKtot   =     15933.2100  EPtot      =     17414.9676
 BOND   =      1641.0298  ANGLE   =      8043.8511  DIHED      =      5751.7412
 UB     =      2343.3356  IMP     =         0.0000  CMAP       =         0.0000
 1-4 NB =       444.1473  1-4 EEL =     -4986.2902  VDWAALS    =     -3602.9237
 EELEC  =      7780.0765  EHBOND  =         0.0000  RESTRAINT  =         0.0000
 EKCMT  =         0.0000  VIRIAL  =         0.0000  VOLUME     =    702859.7380
                                                    Density    =         0.2554
 ------------------------------------------------------------------------------


 NSTEP =     2000   TIME(PS) =     502.000  TEMP(K) =   303.46  PRESS =     0.0
 Etot   =     32845.7486  EKtot   =     15766.3955  EPtot      =     17079.3531
 BOND   =      1627.6508  ANGLE   =      8213.7651  DIHED      =      5764.7193
 UB     =      2406.5674  IMP     =         0.0000  CMAP       =         0.0000
 1-4 NB =       439.6212  1-4 EEL =     -4894.3177  VDWAALS    =     -3986.3884
 EELEC  =      7507.7353  EHBOND  =         0.0000  RESTRAINT  =         0.0000
 EKCMT  =         0.0000  VIRIAL  =         0.0000  VOLUME     =    693490.3222
                                                    Density    =         0.2588
 ------------------------------------------------------------------------------


 NSTEP =     3000   TIME(PS) =     503.000  TEMP(K) =   307.07  PRESS =     0.0
 Etot   =     32273.3468  EKtot   =     15953.6465  EPtot      =     16319.7003
 BOND   =      1643.9558  ANGLE   =      8084.5807  DIHED      =      5767.4183
 UB     =      2364.9552  IMP     =         0.0000  CMAP       =         0.0000
 1-4 NB =       406.3297  1-4 EEL =     -4786.4365  VDWAALS    =     -4260.9851
 EELEC  =      7099.8823  EHBOND  =         0.0000  RESTRAINT  =         0.0000
 EKCMT  =         0.0000  VIRIAL  =         0.0000  VOLUME     =    687533.9982
                                                    Density    =         0.2611
 ------------------------------------------------------------------------------


 NSTEP =     4000   TIME(PS) =     504.000  TEMP(K) =   307.59  PRESS =     0.0
 Etot   =     31835.5259  EKtot   =     15980.8740  EPtot      =     15854.6519
 BOND   =      1666.4162  ANGLE   =      8141.9712  DIHED      =      5735.7772
 UB     =      2372.7653  IMP     =         0.0000  CMAP       =         0.0000
 1-4 NB =       422.4326  1-4 EEL =     -4684.9597  VDWAALS    =     -4513.4136
 EELEC  =      6713.6627  EHBOND  =         0.0000  RESTRAINT  =         0.0000
 EKCMT  =         0.0000  VIRIAL  =         0.0000  VOLUME     =    672255.4911
                                                    Density    =         0.2670
 ------------------------------------------------------------------------------


 NSTEP =     5000   TIME(PS) =     505.000  TEMP(K) =   304.41  PRESS =     0.0
 Etot   =     31441.7465  EKtot   =     15815.5146  EPtot      =     15626.2318
 BOND   =      1631.1251  ANGLE   =      8165.8137  DIHED      =      5792.6767
 UB     =      2377.4875  IMP     =         0.0000  CMAP       =         0.0000
 1-4 NB =       439.4863  1-4 EEL =     -4442.7386  VDWAALS    =     -4734.2289
 EELEC  =      6396.6101  EHBOND  =         0.0000  RESTRAINT  =         0.0000
 EKCMT  =         0.0000  VIRIAL  =         0.0000  VOLUME     =    649041.5640
                                                    Density    =         0.2766
 ------------------------------------------------------------------------------


 NSTEP =     6000   TIME(PS) =     506.000  TEMP(K) =   309.72  PRESS =     0.0
 Etot   =     31046.0751  EKtot   =     16091.4287  EPtot      =     14954.6464
 BOND   =      1639.0222  ANGLE   =      8122.2397  DIHED      =      5661.7528
 UB     =      2374.9119  IMP     =         0.0000  CMAP       =         0.0000
 1-4 NB =       405.5962  1-4 EEL =     -4276.3675  VDWAALS    =     -4914.2080
 EELEC  =      5941.6991  EHBOND  =         0.0000  RESTRAINT  =         0.0000
 EKCMT  =         0.0000  VIRIAL  =         0.0000  VOLUME     =    608786.3361
                                                    Density    =         0.2948
 ------------------------------------------------------------------------------


 NSTEP =     7000   TIME(PS) =     507.000  TEMP(K) =   305.24  PRESS =     0.0
 Etot   =     30763.4747  EKtot   =     15858.8760  EPtot      =     14904.5987
 BOND   =      1682.8513  ANGLE   =      8270.7281  DIHED      =      5732.4058
 UB     =      2421.7484  IMP     =         0.0000  CMAP       =         0.0000
 1-4 NB =       388.7373  1-4 EEL =     -4160.8710  VDWAALS    =     -5267.7563
 EELEC  =      5836.7552  EHBOND  =         0.0000  RESTRAINT  =         0.0000
 EKCMT  =         0.0000  VIRIAL  =         0.0000  VOLUME     =    594880.8592
                                                    Density    =         0.3017
 ------------------------------------------------------------------------------


 NSTEP =     8000   TIME(PS) =     508.000  TEMP(K) =   308.39  PRESS =     0.0
 Etot   =     30493.8708  EKtot   =     16022.5723  EPtot      =     14471.2985
 BOND   =      1682.9972  ANGLE   =      8283.9973  DIHED      =      5729.0310
 UB     =      2403.8525  IMP     =         0.0000  CMAP       =         0.0000
 1-4 NB =       431.5283  1-4 EEL =     -4158.7521  VDWAALS    =     -5432.1086
 EELEC  =      5530.7529  EHBOND  =         0.0000  RESTRAINT  =         0.0000
 EKCMT  =         0.0000  VIRIAL  =         0.0000  VOLUME     =    576276.1830
                                                    Density    =         0.3115
 ------------------------------------------------------------------------------


 NSTEP =     9000   TIME(PS) =     509.000  TEMP(K) =   306.90  PRESS =     0.0
 Etot   =     29895.5315  EKtot   =     15944.7969  EPtot      =     13950.7347
 BOND   =      1648.8951  ANGLE   =      8107.9869  DIHED      =      5719.6865
 UB     =      2385.4705  IMP     =         0.0000  CMAP       =         0.0000
 1-4 NB =       403.7616  1-4 EEL =     -3993.7616  VDWAALS    =     -5628.3750
 EELEC  =      5307.0707  EHBOND  =         0.0000  RESTRAINT  =         0.0000
 EKCMT  =         0.0000  VIRIAL  =         0.0000  VOLUME     =    552717.0769
                                                    Density    =         0.3247
 ------------------------------------------------------------------------------


 NSTEP =    10000   TIME(PS) =     510.000  TEMP(K) =   306.71  PRESS =     0.0
 Etot   =     29798.0585  EKtot   =     15934.9551  EPtot      =     13863.1034
 BOND   =      1686.9553  ANGLE   =      8129.1584  DIHED      =      5760.4455
 UB     =      2397.8364  IMP     =         0.0000  CMAP       =         0.0000
 1-4 NB =       425.9386  1-4 EEL =     -3932.2562  VDWAALS    =     -5798.0016
 EELEC  =      5193.0270  EHBOND  =         0.0000  RESTRAINT  =         0.0000
 EKCMT  =         0.0000  VIRIAL  =         0.0000  VOLUME     =    538408.4177
                                                    Density    =         0.3334
 ------------------------------------------------------------------------------


 NSTEP =    11000   TIME(PS) =     511.000  TEMP(K) =   303.78  PRESS =     0.0
 Etot   =     29418.5066  EKtot   =     15782.7490  EPtot      =     13635.7576
 BOND   =      1704.0452  ANGLE   =      8141.2494  DIHED      =      5677.7878
 UB     =      2378.0872  IMP     =         0.0000  CMAP       =         0.0000
 1-4 NB =       393.5322  1-4 EEL =     -3914.9742  VDWAALS    =     -5837.3826
 EELEC  =      5093.4128  EHBOND  =         0.0000  RESTRAINT  =         0.0000
 EKCMT  =         0.0000  VIRIAL  =         0.0000  VOLUME     =    531449.3735
                                                    Density    =         0.3377
 ------------------------------------------------------------------------------


 NSTEP =    12000   TIME(PS) =     512.000  TEMP(K) =   304.21  PRESS =     0.0
 Etot   =     29205.6218  EKtot   =     15805.0479  EPtot      =     13400.5739
 BOND   =      1674.0096  ANGLE   =      8183.2407  DIHED      =      5710.4016
 UB     =      2379.9597  IMP     =         0.0000  CMAP       =         0.0000
 1-4 NB =       408.2176  1-4 EEL =     -3906.3590  VDWAALS    =     -5975.4441
 EELEC  =      4926.5478  EHBOND  =         0.0000  RESTRAINT  =         0.0000
 EKCMT  =         0.0000  VIRIAL  =         0.0000  VOLUME     =    525013.5986
                                                    Density    =         0.3419
 ------------------------------------------------------------------------------


 NSTEP =    13000   TIME(PS) =     513.000  TEMP(K) =   304.58  PRESS =     0.0
 Etot   =     29114.1497  EKtot   =     15824.2783  EPtot      =     13289.8714
 BOND   =      1688.7871  ANGLE   =      8167.0834  DIHED      =      5773.6819
 UB     =      2370.3213  IMP     =         0.0000  CMAP       =         0.0000
 1-4 NB =       425.3442  1-4 EEL =     -3850.1940  VDWAALS    =     -6035.7642
 EELEC  =      4750.6117  EHBOND  =         0.0000  RESTRAINT  =         0.0000
 EKCMT  =         0.0000  VIRIAL  =         0.0000  VOLUME     =    509745.4557
                                                    Density    =         0.3521
 ------------------------------------------------------------------------------


 NSTEP =    14000   TIME(PS) =     514.000  TEMP(K) =   306.40  PRESS =     0.0
 Etot   =     28844.5904  EKtot   =     15919.0000  EPtot      =     12925.5904
 BOND   =      1581.1284  ANGLE   =      8090.9917  DIHED      =      5797.9913
 UB     =      2353.1822  IMP     =         0.0000  CMAP       =         0.0000
 1-4 NB =       420.4316  1-4 EEL =     -3726.9507  VDWAALS    =     -6180.1040
 EELEC  =      4588.9201  EHBOND  =         0.0000  RESTRAINT  =         0.0000
 EKCMT  =         0.0000  VIRIAL  =         0.0000  VOLUME     =    500545.3463
                                                    Density    =         0.3586
 ------------------------------------------------------------------------------


 NSTEP =    15000   TIME(PS) =     515.000  TEMP(K) =   301.73  PRESS =     0.0
 Etot   =     28655.2394  EKtot   =     15676.5703  EPtot      =     12978.6691
 BOND   =      1684.1315  ANGLE   =      8185.0474  DIHED      =      5754.9527
 UB     =      2365.0394  IMP     =         0.0000  CMAP       =         0.0000
 1-4 NB =       401.4122  1-4 EEL =     -3731.3874  VDWAALS    =     -6206.4760
 EELEC  =      4525.9492  EHBOND  =         0.0000  RESTRAINT  =         0.0000
 EKCMT  =         0.0000  VIRIAL  =         0.0000  VOLUME     =    490905.1643
                                                    Density    =         0.3656
 ------------------------------------------------------------------------------


 NSTEP =    16000   TIME(PS) =     516.000  TEMP(K) =   303.07  PRESS =     0.0
 Etot   =     28519.1307  EKtot   =     15746.2744  EPtot      =     12772.8562
 BOND   =      1647.5948  ANGLE   =      8191.0239  DIHED      =      5713.4363
 UB     =      2399.1963  IMP     =         0.0000  CMAP       =         0.0000
 1-4 NB =       386.8629  1-4 EEL =     -3548.7030  VDWAALS    =     -6406.9711
 EELEC  =      4390.4161  EHBOND  =         0.0000  RESTRAINT  =         0.0000
 EKCMT  =         0.0000  VIRIAL  =         0.0000  VOLUME     =    480094.4294
                                                    Density    =         0.3739
 ------------------------------------------------------------------------------


 NSTEP =    17000   TIME(PS) =     517.000  TEMP(K) =   306.00  PRESS =     0.0
 Etot   =     28464.6554  EKtot   =     15898.4697  EPtot      =     12566.1856
 BOND   =      1709.5645  ANGLE   =      8145.2201  DIHED      =      5671.6651
 UB     =      2397.9449  IMP     =         0.0000  CMAP       =         0.0000
 1-4 NB =       404.0690  1-4 EEL =     -3517.8323  VDWAALS    =     -6543.7078
 EELEC  =      4299.2621  EHBOND  =         0.0000  RESTRAINT  =         0.0000
 EKCMT  =         0.0000  VIRIAL  =         0.0000  VOLUME     =    470007.8821
                                                    Density    =         0.3819
 ------------------------------------------------------------------------------


 NSTEP =    18000   TIME(PS) =     518.000  TEMP(K) =   307.56  PRESS =     0.0
 Etot   =     28335.3168  EKtot   =     15979.3506  EPtot      =     12355.9662
 BOND   =      1638.6538  ANGLE   =      8095.0497  DIHED      =      5680.5174
 UB     =      2369.2618  IMP     =         0.0000  CMAP       =         0.0000
 1-4 NB =       390.4661  1-4 EEL =     -3492.8175  VDWAALS    =     -6560.1710
 EELEC  =      4235.0059  EHBOND  =         0.0000  RESTRAINT  =         0.0000
 EKCMT  =         0.0000  VIRIAL  =         0.0000  VOLUME     =    464816.8737
                                                    Density    =         0.3862
 ------------------------------------------------------------------------------


 NSTEP =    19000   TIME(PS) =     519.000  TEMP(K) =   302.01  PRESS =     0.0
 Etot   =     27989.6394  EKtot   =     15691.0342  EPtot      =     12298.6052
 BOND   =      1654.9236  ANGLE   =      8135.8078  DIHED      =      5701.7832
 UB     =      2390.2496  IMP     =         0.0000  CMAP       =         0.0000
 1-4 NB =       387.2842  1-4 EEL =     -3369.1609  VDWAALS    =     -6598.3392
 EELEC  =      3996.0569  EHBOND  =         0.0000  RESTRAINT  =         0.0000
 EKCMT  =         0.0000  VIRIAL  =         0.0000  VOLUME     =    462672.3747
                                                    Density    =         0.3880
 ------------------------------------------------------------------------------


 NSTEP =    20000   TIME(PS) =     520.000  TEMP(K) =   306.80  PRESS =     0.0
 Etot   =     28018.7888  EKtot   =     15939.8809  EPtot      =     12078.9079
 BOND   =      1630.3310  ANGLE   =      8124.9760  DIHED      =      5657.8822
 UB     =      2367.0471  IMP     =         0.0000  CMAP       =         0.0000
 1-4 NB =       381.9452  1-4 EEL =     -3353.6370  VDWAALS    =     -6750.7946
 EELEC  =      4021.1581  EHBOND  =         0.0000  RESTRAINT  =         0.0000
 EKCMT  =         0.0000  VIRIAL  =         0.0000  VOLUME     =    454211.0164
                                                    Density    =         0.3952
 ------------------------------------------------------------------------------


 NSTEP =    21000   TIME(PS) =     521.000  TEMP(K) =   302.86  PRESS =     0.0
 Etot   =     27891.9073  EKtot   =     15734.9443  EPtot      =     12156.9629
 BOND   =      1689.7426  ANGLE   =      8184.0923  DIHED      =      5663.0663
 UB     =      2411.8425  IMP     =         0.0000  CMAP       =         0.0000
 1-4 NB =       360.5544  1-4 EEL =     -3259.3019  VDWAALS    =     -6794.2289
 EELEC  =      3901.1957  EHBOND  =         0.0000  RESTRAINT  =         0.0000
 EKCMT  =         0.0000  VIRIAL  =         0.0000  VOLUME     =    446925.1803
                                                    Density    =         0.4016
 ------------------------------------------------------------------------------


 NSTEP =    22000   TIME(PS) =     522.000  TEMP(K) =   306.65  PRESS =     0.0
 Etot   =     27909.3841  EKtot   =     15931.9131  EPtot      =     11977.4710
 BOND   =      1667.6107  ANGLE   =      8059.9587  DIHED      =      5697.3359
 UB     =      2370.5683  IMP     =         0.0000  CMAP       =         0.0000
 1-4 NB =       397.6760  1-4 EEL =     -3258.9855  VDWAALS    =     -6739.5859
 EELEC  =      3782.8929  EHBOND  =         0.0000  RESTRAINT  =         0.0000
 EKCMT  =         0.0000  VIRIAL  =         0.0000  VOLUME     =    440290.5459
                                                    Density    =         0.4077
 ------------------------------------------------------------------------------


 NSTEP =    23000   TIME(PS) =     523.000  TEMP(K) =   303.40  PRESS =     0.0
 Etot   =     27745.6165  EKtot   =     15763.2393  EPtot      =     11982.3772
 BOND   =      1655.2553  ANGLE   =      8160.2853  DIHED      =      5661.8693
 UB     =      2389.8080  IMP     =         0.0000  CMAP       =         0.0000
 1-4 NB =       392.7950  1-4 EEL =     -3174.3239  VDWAALS    =     -6845.4826
 EELEC  =      3742.1709  EHBOND  =         0.0000  RESTRAINT  =         0.0000
 EKCMT  =         0.0000  VIRIAL  =         0.0000  VOLUME     =    434296.5512
                                                    Density    =         0.4133
 ------------------------------------------------------------------------------


 NSTEP =    24000   TIME(PS) =     524.000  TEMP(K) =   301.40  PRESS =     0.0
 Etot   =     27525.4121  EKtot   =     15659.2559  EPtot      =     11866.1563
 BOND   =      1666.8268  ANGLE   =      8206.3869  DIHED      =      5701.3745
 UB     =      2417.4918  IMP     =         0.0000  CMAP       =         0.0000
 1-4 NB =       384.9600  1-4 EEL =     -3257.6480  VDWAALS    =     -7036.8780
 EELEC  =      3783.6424  EHBOND  =         0.0000  RESTRAINT  =         0.0000
 EKCMT  =         0.0000  VIRIAL  =         0.0000  VOLUME     =    428611.5190
                                                    Density    =         0.4188
 ------------------------------------------------------------------------------

