
          -------------------------------------------------------
          Amber 20 PMEMD                              2020
          -------------------------------------------------------

| PMEMD implementation of SANDER, Release 18

|  Compiled date/time: Mon Apr 27 18:19:54 2020
| Run on 12/09/2020 at 10:43:57

|   Executable path: /cm/shared/apps/amber20/bin/pmemd.cuda
| Working directory: /data/wesley/ETDM_Parameterization/etdm_water_simulation/amber
|          Hostname: node001

  [-O]verwriting output

File Assignments:
|   MDIN: step4.0_minimization.mdin                                             
|  MDOUT: step4.0_minimization.out                                              
| INPCRD: step3_input.rst7                                                      
|   PARM: step3_input.parm7                                                     
| RESTRT: step4.0_minimization.rst7                                             
|   REFC: step3_input.rst7                                                      
|  MDVEL: mdvel                                                                 
|   MDEN: mden                                                                  
|  MDCRD: step4.0_minimization.nc                                               
| MDINFO: mdinfo                                                                
|  MDFRC: mdfrc                                                                 


 Here is the input file:

Minimization input file in explicit solvent                                    
 &cntrl                                                                        
    ! Minimization options                                                     
    imin=1,        ! Turn on minimization                                      
    maxcyc=5000,   ! Maximum number of minimization cycles                     
    ncyc=2500,     ! 100 steepest-descent steps, better for strained systems   
                                                                               
    ! Potential energy function options                                        
    cut=12.0,      ! nonbonded cutoff, in Angstroms                            
    fswitch=10.0,  ! Force-based switching                                     
                                                                               
    ! Control how often information is printed to the output file              
    ntpr=100,      ! Print energies every 100 steps                            
    ntxo=2,        ! Write NetCDF format                                       
                                                                               
    ! Restraint options                                                        
    ntr=1,         ! Positional restraints for proteins, sugars, and ligands   
                                                                               
    ! Set water atom/residue names for SETTLE recognition                      
    watnam='WAT',  ! Water residues are named WAT                              
    owtnm='O',     ! Water oxygens are named O                                 
 /                                                                             
                                                                               
 &ewald                                                                        
    vdwmeth = 0,                                                               
 /                                                                             
Protein posres                                                                 
1.0                                                                            
RES 1 1                                                                        
END                                                                            
END                                                                            
                                                                               


Note: ig = -1. Setting random seed to   981262 based on wallclock time in 
      microseconds.
| irandom = 1, using AMBER's internal random number generator (default).
 
|--------------------- INFORMATION ----------------------
| GPU (CUDA) Version of PMEMD in use: NVIDIA GPU IN USE.
|                    Version 18.0.0
| 
|                      03/25/2018
| 
| Implementation by:
|                    Ross C. Walker     (SDSC)
|                    Scott Le Grand     (nVIDIA)
| 
| Version 18 performance extensions by:
|                    David Cerutti     (Rutgers)
| 
| Precision model in use:
|      [SPFP] - Single Precision Forces, 64-bit Fixed Point
|               Accumulation. (Default)
| 
|--------------------------------------------------------
 
|----------------- CITATION INFORMATION -----------------
|
|    When publishing work that utilized the CUDA version
|    of AMBER, please cite the following in addition to
|    the regular AMBER citations:
|
|  - Romelia Salomon-Ferrer; Andreas W. Goetz; Duncan
|    Poole; Scott Le Grand; Ross C. Walker "Routine
|    microsecond molecular dynamics simulations with
|    AMBER - Part II: Particle Mesh Ewald", J. Chem.
|    Theory Comput., 2013, 9 (9), pp3878-3888,
|    DOI: 10.1021/ct400314y.
|
|  - Andreas W. Goetz; Mark J. Williamson; Dong Xu;
|    Duncan Poole; Scott Le Grand; Ross C. Walker
|    "Routine microsecond molecular dynamics simulations
|    with AMBER - Part I: Generalized Born", J. Chem.
|    Theory Comput., 2012, 8 (5), pp1542-1555.
|
|  - Scott Le Grand; Andreas W. Goetz; Ross C. Walker
|    "SPFP: Speed without compromise - a mixed precision
|    model for GPU accelerated molecular dynamics
|    simulations.", Comp. Phys. Comm., 2013, 184
|    pp374-380, DOI: 10.1016/j.cpc.2012.09.022
|
|--------------------------------------------------------
 
|------------------- GPU DEVICE INFO --------------------
|
|            CUDA_VISIBLE_DEVICES: 5
|   CUDA Capable Devices Detected:      1
|           CUDA Device ID in use:      0
|                CUDA Device Name: GeForce RTX 2080 Ti
|     CUDA Device Global Mem Size:  11019 MB
| CUDA Device Num Multiprocessors:     68
|           CUDA Device Core Freq:   1.54 GHz
|
|--------------------------------------------------------
 
 
| Conditional Compilation Defines Used:
| PUBFFT
| BINTRAJ
| CUDA
| EMIL

| Largest sphere to fit in unit cell has radius =    30.000

| New format PARM file being parsed.
| Version =    1.000 Date = 12/09/20 Time = 13:15:41
| Force field information read from topology file: 
|     CHARMM36 All-atom Force Field                                               
|
|CHARMM: CHARMM force field in use. 

| Note: 1-4 EEL scale factors are being read from the topology file.

| Note: 1-4 VDW scale factors are being read from the topology file.
| INFO: Off Diagonal (NBFIX) LJ terms found in prmtop file.
|       The prmtop file has been modified to support atom
|       type based pairwise Lennard-Jones terms.
| Duplicated    0 dihedrals

| Duplicated    0 dihedrals

--------------------------------------------------------------------------------
   1.  RESOURCE   USE: 
--------------------------------------------------------------------------------

 getting new box info from bottom of inpcrd
 NATOM  =   20234 NTYPES =      13 NBONH =   20171 MBONA  =      27
 NTHETH =    6756 MTHETA =      39 NPHIH =      59 MPHIA  =      64
 NHPARM =       0 NPARM  =       0 NNB   =   27143 NRES   =    6757
 NBONA  =      27 NTHETA =      39 NPHIA =      64 NUMBND =      17
 NUMANG =      30 NPTRA  =      52 NATYP =       0 NPHB   =       0
 IFBOX  =       1 NMXRS  =      44 IFCAP =       0 NEXTRA =       0
 NCOPY  =       0

| Coordinate Index Table dimensions:     9    9    9
| Direct force subcell size =     6.6667    6.6667    6.6667

     BOX TYPE: RECTILINEAR

--------------------------------------------------------------------------------
   2.  CONTROL  DATA  FOR  THE  RUN
--------------------------------------------------------------------------------

                                                                                

General flags:
     imin    =       1, nmropt  =       0

Nature and format of input:
     ntx     =       1, irest   =       0, ntrx    =       1

Nature and format of output:
     ntxo    =       2, ntpr    =     100, ntrx    =       1, ntwr    =       1
     iwrap   =       0, ntwx    =       0, ntwv    =       0, ntwe    =       0
     ioutfm  =       1, ntwprt  =       0, idecomp =       0, rbornstat=      0

Potential function:
     ntf     =       1, ntb     =       1, igb     =       0, nsnb    =      25
     ipol    =       0, gbsa    =       0, iesp    =       0
     dielc   =   1.00000, cut     =  12.00000, intdiel =   1.00000

Frozen or restrained atoms:
     ibelly  =       0, ntr     =       1
     restraint_wt =   0.00000

Energy minimization:
     maxcyc  =    5000, ncyc    =    2500, ntmin   =       1
     dx0     =   0.01000, drms    =   0.00010

| Intermolecular bonds treatment:
|     no_intermolecular_bonds =       1

| Energy averages sample interval:
|     ene_avg_sampling =       1

Ewald parameters:
     verbose =       0, ew_type =       0, nbflag  =       1, use_pme =       1
     vdwmeth =       0, eedmeth =       1, netfrc  =       0
     Box X =   60.000   Box Y =   60.000   Box Z =   60.000
     Alpha =   90.000   Beta  =   90.000   Gamma =   90.000
     NFFT1 =   64       NFFT2 =   64       NFFT3 =   64
     Cutoff=   12.000   Tol   =0.100E-04
     Ewald Coefficient =  0.22664
     Interpolation order =    4

    LOADING THE CONSTRAINED ATOMS AS GROUPS


   5.  REFERENCE ATOM COORDINATES

                                                                                  
    ----- READING GROUP     1; TITLE:
 Protein posres                                                              

     GROUP    1 HAS HARMONIC CONSTRAINTS     1.00000
 GRP    1 RES    1 TO     1
      Number of atoms in this group  =    44
    ----- END OF GROUP READ -----

--------------------------------------------------------------------------------
   3.  ATOMIC COORDINATES AND VELOCITIES
--------------------------------------------------------------------------------

                                                                                
 begin time read from input coords =     0.000 ps

 
 Number of triangulated 3-point waters found:     6717

     Sum of charges from parm topology file =  -0.00000000
     Forcing neutrality...

| Dynamic Memory, Types Used:
| Reals              695979
| Integers           556658

| Nonbonded Pairs Initial Allocation:    10062874

| GPU memory information (estimate):
| KB of GPU memory in use:    106675
| KB of CPU memory in use:     39475

--------------------------------------------------------------------------------
   4.  RESULTS
--------------------------------------------------------------------------------



   NSTEP       ENERGY          RMS            GMAX         NAME    NUMBER
      1      -8.2031E+04     1.8393E+00     1.5056E+02     O        5976

 BOND    =     2893.4327  ANGLE   =     1670.0257  DIHED      =       16.6852
 UB      =        0.6939  IMP     =       -1.8004  CMAP       =        0.0000
 VDWAALS =     8965.0846  EEL     =   -95559.7822  HBOND      =        0.0000
 1-4 VDW =       43.6451  1-4 EEL =      -59.1769  RESTRAINT  =        0.0000


   NSTEP       ENERGY          RMS            GMAX         NAME    NUMBER
    100      -8.3073E+04     1.4068E+00     2.2000E+02     N2          2

 BOND    =     2750.5821  ANGLE   =     1623.8480  DIHED      =       16.4358
 UB      =        0.8351  IMP     =       -1.9090  CMAP       =        0.0000
 VDWAALS =     8974.4530  EEL     =   -96422.4615  HBOND      =        0.0000
 1-4 VDW =       44.1004  1-4 EEL =      -59.0392  RESTRAINT  =        0.1162
 EAMBER  =   -83073.1554


   NSTEP       ENERGY          RMS            GMAX         NAME    NUMBER
    200      -8.3727E+04     3.6133E-01     1.9029E+01     C15        15

 BOND    =     2783.1238  ANGLE   =     1625.9352  DIHED      =       16.1511
 UB      =        0.6612  IMP     =       -1.7174  CMAP       =        0.0000
 VDWAALS =     9291.8406  EEL     =   -97428.1992  HBOND      =        0.0000
 1-4 VDW =       43.8779  1-4 EEL =      -59.0329  RESTRAINT  =        0.2506
 EAMBER  =   -83727.3598


   NSTEP       ENERGY          RMS            GMAX         NAME    NUMBER
    300      -8.4218E+04     3.0620E-01     1.1958E+01     C15        15

 BOND    =     2824.7897  ANGLE   =     1635.3681  DIHED      =       16.1673
 UB      =        0.7144  IMP     =       -1.5955  CMAP       =        0.0000
 VDWAALS =     9607.6100  EEL     =   -98286.0357  HBOND      =        0.0000
 1-4 VDW =       43.7213  1-4 EEL =      -59.0533  RESTRAINT  =        0.3971
 EAMBER  =   -84218.3137


   NSTEP       ENERGY          RMS            GMAX         NAME    NUMBER
    400      -8.4621E+04     2.7628E-01     1.0248E+01     C15        15

 BOND    =     2859.9819  ANGLE   =     1645.6319  DIHED      =       16.0706
 UB      =        0.6668  IMP     =       -1.6254  CMAP       =        0.0000
 VDWAALS =     9891.8733  EEL     =   -99018.6198  HBOND      =        0.0000
 1-4 VDW =       43.8237  1-4 EEL =      -58.9931  RESTRAINT  =        0.5319
 EAMBER  =   -84621.1901


   NSTEP       ENERGY          RMS            GMAX         NAME    NUMBER
    500      -8.4951E+04     7.1846E-01     6.2204E+01     C15        15

 BOND    =     2893.6251  ANGLE   =     1656.8278  DIHED      =       15.9137
 UB      =        0.7064  IMP     =       -1.7594  CMAP       =        0.0000
 VDWAALS =    10136.6862  EEL     =   -99638.9114  HBOND      =        0.0000
 1-4 VDW =       44.0394  1-4 EEL =      -58.8778  RESTRAINT  =        0.6556
 EAMBER  =   -84951.7501


   NSTEP       ENERGY          RMS            GMAX         NAME    NUMBER
    600      -8.5248E+04     6.3662E-01     5.7111E+01     C15        15

 BOND    =     2918.9408  ANGLE   =     1667.3064  DIHED      =       16.1290
 UB      =        0.8573  IMP     =       -1.3887  CMAP       =        0.0000
 VDWAALS =    10353.0361  EEL     =  -100188.2621  HBOND      =        0.0000
 1-4 VDW =       43.4720  1-4 EEL =      -59.0564  RESTRAINT  =        0.7628
 EAMBER  =   -85248.9657


   NSTEP       ENERGY          RMS            GMAX         NAME    NUMBER
    700      -8.5508E+04     5.3341E-01     4.5267E+01     C15        15

 BOND    =     2940.4773  ANGLE   =     1676.5035  DIHED      =       15.9446
 UB      =        0.6391  IMP     =       -1.6629  CMAP       =        0.0000
 VDWAALS =    10545.1854  EEL     =  -100671.5608  HBOND      =        0.0000
 1-4 VDW =       44.0572  1-4 EEL =      -58.8851  RESTRAINT  =        0.8584
 EAMBER  =   -85509.3017


   NSTEP       ENERGY          RMS            GMAX         NAME    NUMBER
    800      -8.5731E+04     4.6158E-01     3.7750E+01     C15        15

 BOND    =     2960.0753  ANGLE   =     1685.6942  DIHED      =       16.1225
 UB      =        0.8126  IMP     =       -1.4201  CMAP       =        0.0000
 VDWAALS =    10714.0918  EEL     =  -101091.7962  HBOND      =        0.0000
 1-4 VDW =       43.6106  1-4 EEL =      -59.0148  RESTRAINT  =        0.9420
 EAMBER  =   -85731.8241


   NSTEP       ENERGY          RMS            GMAX         NAME    NUMBER
    900      -8.5927E+04     2.3220E-01     1.3275E+01     C15        15

 BOND    =     2976.0748  ANGLE   =     1693.6387  DIHED      =       16.0322
 UB      =        0.6648  IMP     =       -1.5657  CMAP       =        0.0000
 VDWAALS =    10867.4821  EEL     =  -101464.9688  HBOND      =        0.0000
 1-4 VDW =       43.7947  1-4 EEL =      -58.9307  RESTRAINT  =        1.0152
 EAMBER  =   -85927.7778


   NSTEP       ENERGY          RMS            GMAX         NAME    NUMBER
   1000      -8.6099E+04     3.0628E-01     2.4147E+01     C15        15

 BOND    =     2992.7345  ANGLE   =     1701.2686  DIHED      =       16.1308
 UB      =        0.7498  IMP     =       -1.4615  CMAP       =        0.0000
 VDWAALS =    11010.0490  EEL     =  -101804.4201  HBOND      =        0.0000
 1-4 VDW =       43.6332  1-4 EEL =      -58.9917  RESTRAINT  =        1.0832
 EAMBER  =   -86100.3075


   NSTEP       ENERGY          RMS            GMAX         NAME    NUMBER
   1100      -8.6249E+04     2.4040E-01     1.5880E+01     C15        15

 BOND    =     3005.9304  ANGLE   =     1707.4676  DIHED      =       16.0702
 UB      =        0.6634  IMP     =       -1.5807  CMAP       =        0.0000
 VDWAALS =    11131.3761  EEL     =  -102094.5739  HBOND      =        0.0000
 1-4 VDW =       43.8020  1-4 EEL =      -58.9312  RESTRAINT  =        1.1399
 EAMBER  =   -86249.7760


   NSTEP       ENERGY          RMS            GMAX         NAME    NUMBER
   1200      -8.6378E+04     6.8260E-01     6.6511E+01     C8          8

 BOND    =     3021.1156  ANGLE   =     1713.8521  DIHED      =       16.0327
 UB      =        0.7275  IMP     =       -1.6424  CMAP       =        0.0000
 VDWAALS =    11235.2283  EEL     =  -102349.2755  HBOND      =        0.0000
 1-4 VDW =       43.7665  1-4 EEL =      -58.9062  RESTRAINT  =        1.1905
 EAMBER  =   -86379.1014


   NSTEP       ENERGY          RMS            GMAX         NAME    NUMBER
   1300      -8.6503E+04     1.6361E-01     7.3137E+00     C15        15

 BOND    =     3028.2027  ANGLE   =     1717.5327  DIHED      =       16.1300
 UB      =        0.6746  IMP     =       -1.5645  CMAP       =        0.0000
 VDWAALS =    11325.0211  EEL     =  -102574.9449  HBOND      =        0.0000
 1-4 VDW =       43.7625  1-4 EEL =      -58.9500  RESTRAINT  =        1.2260
 EAMBER  =   -86504.1357


   NSTEP       ENERGY          RMS            GMAX         NAME    NUMBER
   1400      -8.6614E+04     4.2640E-01     3.8556E+01     C15        15

 BOND    =     3039.4130  ANGLE   =     1722.0022  DIHED      =       16.0953
 UB      =        0.6490  IMP     =       -1.6624  CMAP       =        0.0000
 VDWAALS =    11407.7264  EEL     =  -102784.3887  HBOND      =        0.0000
 1-4 VDW =       43.9757  1-4 EEL =      -58.9046  RESTRAINT  =        1.2589
 EAMBER  =   -86615.0940


   NSTEP       ENERGY          RMS            GMAX         NAME    NUMBER
   1500      -8.6716E+04     4.0198E-01     3.4613E+01     C15        15

 BOND    =     3048.4403  ANGLE   =     1725.8400  DIHED      =       16.2577
 UB      =        0.7964  IMP     =       -1.4545  CMAP       =        0.0000
 VDWAALS =    11482.9285  EEL     =  -102974.8404  HBOND      =        0.0000
 1-4 VDW =       43.5837  1-4 EEL =      -59.0258  RESTRAINT  =        1.2829
 EAMBER  =   -86717.4741


   NSTEP       ENERGY          RMS            GMAX         NAME    NUMBER
   1600      -8.6811E+04     3.2344E-01     2.7749E+01     C15        15

 BOND    =     3055.6195  ANGLE   =     1728.8133  DIHED      =       16.1509
 UB      =        0.6520  IMP     =       -1.6401  CMAP       =        0.0000
 VDWAALS =    11550.6655  EEL     =  -103147.6290  HBOND      =        0.0000
 1-4 VDW =       43.8848  1-4 EEL =      -58.9308  RESTRAINT  =        1.3000
 EAMBER  =   -86812.4137


   NSTEP       ENERGY          RMS            GMAX         NAME    NUMBER
   1700      -8.6901E+04     2.7637E-01     2.3476E+01     C15        15

 BOND    =     3063.1129  ANGLE   =     1731.8718  DIHED      =       16.2705
 UB      =        0.7408  IMP     =       -1.4962  CMAP       =        0.0000
 VDWAALS =    11614.6193  EEL     =  -103312.1297  HBOND      =        0.0000
 1-4 VDW =       43.6329  1-4 EEL =      -59.0164  RESTRAINT  =        1.3120
 EAMBER  =   -86902.3943


   NSTEP       ENERGY          RMS            GMAX         NAME    NUMBER
   1800      -8.6985E+04     2.0848E-01     1.6527E+01     C15        15

 BOND    =     3069.8052  ANGLE   =     1734.5000  DIHED      =       16.2154
 UB      =        0.6643  IMP     =       -1.6146  CMAP       =        0.0000
 VDWAALS =    11676.4521  EEL     =  -103467.4129  HBOND      =        0.0000
 1-4 VDW =       43.8205  1-4 EEL =      -58.9549  RESTRAINT  =        1.3195
 EAMBER  =   -86986.5250


   NSTEP       ENERGY          RMS            GMAX         NAME    NUMBER
   1900      -8.7062E+04     4.9939E-01     4.6520E+01     C15        15

 BOND    =     3078.4328  ANGLE   =     1737.5240  DIHED      =       16.1918
 UB      =        0.6494  IMP     =       -1.7131  CMAP       =        0.0000
 VDWAALS =    11736.6620  EEL     =  -103615.9979  HBOND      =        0.0000
 1-4 VDW =       44.0370  1-4 EEL =      -58.9109  RESTRAINT  =        1.3255
 EAMBER  =   -87063.1250


   NSTEP       ENERGY          RMS            GMAX         NAME    NUMBER
   2000      -8.7136E+04     4.4327E-01     3.6952E+01     C8          8

 BOND    =     3084.5668  ANGLE   =     1740.3063  DIHED      =       16.3607
 UB      =        0.7962  IMP     =       -1.4904  CMAP       =        0.0000
 VDWAALS =    11794.3775  EEL     =  -103756.7551  HBOND      =        0.0000
 1-4 VDW =       43.7283  1-4 EEL =      -59.0451  RESTRAINT  =        1.3259
 EAMBER  =   -87137.1548


   NSTEP       ENERGY          RMS            GMAX         NAME    NUMBER
   2100      -8.7205E+04     3.4393E-01     2.9934E+01     C15        15

 BOND    =     3089.6140  ANGLE   =     1742.9091  DIHED      =       16.2362
 UB      =        0.6639  IMP     =       -1.6762  CMAP       =        0.0000
 VDWAALS =    11850.4281  EEL     =  -103889.7637  HBOND      =        0.0000
 1-4 VDW =       43.8521  1-4 EEL =      -58.9468  RESTRAINT  =        1.3232
 EAMBER  =   -87206.6834


   NSTEP       ENERGY          RMS            GMAX         NAME    NUMBER
   2200      -8.7270E+04     3.0699E-01     2.7659E+01     C15        15

 BOND    =     3095.3549  ANGLE   =     1745.3392  DIHED      =       16.3573
 UB      =        0.7510  IMP     =       -1.5114  CMAP       =        0.0000
 VDWAALS =    11905.4657  EEL     =  -104017.3203  HBOND      =        0.0000
 1-4 VDW =       43.6227  1-4 EEL =      -59.0497  RESTRAINT  =        1.3174
 EAMBER  =   -87270.9905


   NSTEP       ENERGY          RMS            GMAX         NAME    NUMBER
   2300      -8.7330E+04     2.6725E-01     2.0176E+01     C15        15

 BOND    =     3100.2683  ANGLE   =     1747.4184  DIHED      =       16.2734
 UB      =        0.6642  IMP     =       -1.6573  CMAP       =        0.0000
 VDWAALS =    11956.8121  EEL     =  -104136.0880  HBOND      =        0.0000
 1-4 VDW =       43.8079  1-4 EEL =      -58.9762  RESTRAINT  =        1.3087
 EAMBER  =   -87331.4773


   NSTEP       ENERGY          RMS            GMAX         NAME    NUMBER
   2400      -8.7388E+04     1.6018E-01     1.1870E+01     C15        15

 BOND    =     3104.9640  ANGLE   =     1749.4634  DIHED      =       16.3516
 UB      =        0.7085  IMP     =       -1.5659  CMAP       =        0.0000
 VDWAALS =    12005.0418  EEL     =  -104248.9309  HBOND      =        0.0000
 1-4 VDW =       43.6755  1-4 EEL =      -59.0351  RESTRAINT  =        1.2969
 EAMBER  =   -87389.3269


   NSTEP       ENERGY          RMS            GMAX         NAME    NUMBER
   2500      -8.7444E+04     1.0332E-01     2.8427E+00     C15        15

 BOND    =     3109.4946  ANGLE   =     1751.4317  DIHED      =       16.3430
 UB      =        0.6818  IMP     =       -1.6151  CMAP       =        0.0000
 VDWAALS =    12050.3384  EEL     =  -104356.2069  HBOND      =        0.0000
 1-4 VDW =       43.7449  1-4 EEL =      -59.0148  RESTRAINT  =        1.2830
 EAMBER  =   -87444.8023


   NSTEP       ENERGY          RMS            GMAX         NAME    NUMBER
   2600      -8.7813E+04     2.6477E-01     1.4479E+01     N2          2

 BOND    =     3133.7598  ANGLE   =     1765.5084  DIHED      =       16.3857
 UB      =        0.7281  IMP     =       -1.5528  CMAP       =        0.0000
 VDWAALS =    12366.3737  EEL     =  -105080.0331  HBOND      =        0.0000
 1-4 VDW =       43.7805  1-4 EEL =      -59.0762  RESTRAINT  =        1.1339
 EAMBER  =   -87814.1260


   NSTEP       ENERGY          RMS            GMAX         NAME    NUMBER
   2700      -8.7940E+04     2.9375E-01     2.7504E+01     N2          2

 BOND    =     3137.0012  ANGLE   =     1769.4157  DIHED      =       16.2877
 UB      =        0.7405  IMP     =       -1.5326  CMAP       =        0.0000
 VDWAALS =    12427.3997  EEL     =  -105274.5031  HBOND      =        0.0000
 1-4 VDW =       43.4238  1-4 EEL =      -59.0622  RESTRAINT  =        1.0922
 EAMBER  =   -87940.8293


   NSTEP       ENERGY          RMS            GMAX         NAME    NUMBER
   2800      -8.8042E+04     2.3231E-01     1.7700E+01     N2          2

 BOND    =     3167.3921  ANGLE   =     1779.2038  DIHED      =       16.2653
 UB      =        0.7333  IMP     =       -1.5694  CMAP       =        0.0000
 VDWAALS =    12482.4795  EEL     =  -105471.7948  HBOND      =        0.0000
 1-4 VDW =       43.6947  1-4 EEL =      -59.1038  RESTRAINT  =        1.0803
 EAMBER  =   -88042.6993


   NSTEP       ENERGY          RMS            GMAX         NAME    NUMBER
   2900      -8.8172E+04     2.6565E-01     2.0705E+01     C8          8

 BOND    =     3166.3893  ANGLE   =     1788.6301  DIHED      =       16.0215
 UB      =        0.8410  IMP     =       -1.2286  CMAP       =        0.0000
 VDWAALS =    12563.1484  EEL     =  -105691.7453  HBOND      =        0.0000
 1-4 VDW =       43.9223  1-4 EEL =      -59.1934  RESTRAINT  =        1.0563
 EAMBER  =   -88173.2145


   NSTEP       ENERGY          RMS            GMAX         NAME    NUMBER
   3000      -8.8315E+04     1.7994E-01     1.3002E+01     C5          5

 BOND    =     3181.6154  ANGLE   =     1792.1175  DIHED      =       16.2286
 UB      =        0.7292  IMP     =       -1.5293  CMAP       =        0.0000
 VDWAALS =    12667.8709  EEL     =  -105957.2072  HBOND      =        0.0000
 1-4 VDW =       43.4344  1-4 EEL =      -59.0411  RESTRAINT  =        1.0206
 EAMBER  =   -88315.7816


   NSTEP       ENERGY          RMS            GMAX         NAME    NUMBER
   3100      -8.8386E+04     1.6102E-01     9.1439E+00     C5          5

 BOND    =     3185.5408  ANGLE   =     1796.0211  DIHED      =       16.1428
 UB      =        0.7237  IMP     =       -1.4300  CMAP       =        0.0000
 VDWAALS =    12694.5240  EEL     =  -106063.3533  HBOND      =        0.0000
 1-4 VDW =       43.7187  1-4 EEL =      -59.0951  RESTRAINT  =        1.0048
 EAMBER  =   -88387.2073


   NSTEP       ENERGY          RMS            GMAX         NAME    NUMBER
   3200      -8.8454E+04     1.3962E-01     1.0031E+01     C7          7

 BOND    =     3188.6783  ANGLE   =     1798.6808  DIHED      =       16.1440
 UB      =        0.7327  IMP     =       -1.4609  CMAP       =        0.0000
 VDWAALS =    12717.9571  EEL     =  -106160.4758  HBOND      =        0.0000
 1-4 VDW =       43.7035  1-4 EEL =      -59.0696  RESTRAINT  =        0.9895
 EAMBER  =   -88455.1100


   NSTEP       ENERGY          RMS            GMAX         NAME    NUMBER
   3300      -8.8540E+04     1.7501E-01     7.9222E+00     C16        16

 BOND    =     3189.2163  ANGLE   =     1801.7933  DIHED      =       16.2020
 UB      =        0.7147  IMP     =       -1.5136  CMAP       =        0.0000
 VDWAALS =    12736.1288  EEL     =  -106268.2332  HBOND      =        0.0000
 1-4 VDW =       43.8387  1-4 EEL =      -59.0556  RESTRAINT  =        0.9712
 EAMBER  =   -88540.9085


   NSTEP       ENERGY          RMS            GMAX         NAME    NUMBER
   3400      -8.8598E+04     1.4678E-01     6.7239E+00     N1          1

 BOND    =     3195.4935  ANGLE   =     1806.1645  DIHED      =       16.3118
 UB      =        0.7886  IMP     =       -1.5591  CMAP       =        0.0000
 VDWAALS =    12751.1465  EEL     =  -106352.4257  HBOND      =        0.0000
 1-4 VDW =       43.9453  1-4 EEL =      -59.1620  RESTRAINT  =        0.9616
 EAMBER  =   -88599.2966


   NSTEP       ENERGY          RMS            GMAX         NAME    NUMBER
   3500      -8.8645E+04     1.4266E-01     6.5909E+00     C5          5

 BOND    =     3199.4116  ANGLE   =     1809.2344  DIHED      =       16.2481
 UB      =        0.7834  IMP     =       -1.5118  CMAP       =        0.0000
 VDWAALS =    12775.5696  EEL     =  -106430.5171  HBOND      =        0.0000
 1-4 VDW =       43.8472  1-4 EEL =      -59.1901  RESTRAINT  =        0.9576
 EAMBER  =   -88646.1247


   NSTEP       ENERGY          RMS            GMAX         NAME    NUMBER
   3600      -8.8693E+04     1.0321E-01     5.8518E+00     N3          3

 BOND    =     3203.3703  ANGLE   =     1810.4865  DIHED      =       16.3234
 UB      =        0.7109  IMP     =       -1.5770  CMAP       =        0.0000
 VDWAALS =    12791.6837  EEL     =  -106500.0187  HBOND      =        0.0000
 1-4 VDW =       43.7164  1-4 EEL =      -59.1407  RESTRAINT  =        0.9551
 EAMBER  =   -88694.4451


   NSTEP       ENERGY          RMS            GMAX         NAME    NUMBER
   3700      -8.8740E+04     1.0205E-01     6.2746E+00     C5          5

 BOND    =     3206.1632  ANGLE   =     1815.4074  DIHED      =       16.3519
 UB      =        0.7117  IMP     =       -1.5635  CMAP       =        0.0000
 VDWAALS =    12803.4064  EEL     =  -106565.9844  HBOND      =        0.0000
 1-4 VDW =       43.7729  1-4 EEL =      -59.1494  RESTRAINT  =        0.9591
 EAMBER  =   -88740.8837


   NSTEP       ENERGY          RMS            GMAX         NAME    NUMBER
   3800      -8.8785E+04     8.5583E-02     5.3409E+00     C5          5

 BOND    =     3209.3555  ANGLE   =     1818.0257  DIHED      =       16.3539
 UB      =        0.7041  IMP     =       -1.5703  CMAP       =        0.0000
 VDWAALS =    12820.1580  EEL     =  -106633.2386  HBOND      =        0.0000
 1-4 VDW =       43.7340  1-4 EEL =      -59.1317  RESTRAINT  =        0.9667
 EAMBER  =   -88785.6094


   NSTEP       ENERGY          RMS            GMAX         NAME    NUMBER
   3900      -8.8833E+04     1.0495E-01     7.7526E+00     C17        17

 BOND    =     3214.8190  ANGLE   =     1821.4363  DIHED      =       16.3577
 UB      =        0.7169  IMP     =       -1.5908  CMAP       =        0.0000
 VDWAALS =    12840.2552  EEL     =  -106710.2947  HBOND      =        0.0000
 1-4 VDW =       43.7171  1-4 EEL =      -59.1000  RESTRAINT  =        0.9772
 EAMBER  =   -88833.6832


   NSTEP       ENERGY          RMS            GMAX         NAME    NUMBER
   4000      -8.8870E+04     1.2824E-01     1.2035E+01     N2          2

 BOND    =     3217.3761  ANGLE   =     1823.2940  DIHED      =       16.3731
 UB      =        0.7110  IMP     =       -1.5624  CMAP       =        0.0000
 VDWAALS =    12859.2686  EEL     =  -106771.3798  HBOND      =        0.0000
 1-4 VDW =       43.7960  1-4 EEL =      -59.1093  RESTRAINT  =        0.9874
 EAMBER  =   -88871.2328


   NSTEP       ENERGY          RMS            GMAX         NAME    NUMBER
   4100      -8.8895E+04     1.2105E-01     7.0509E+00     C5          5

 BOND    =     3212.4840  ANGLE   =     1822.5543  DIHED      =       16.4853
 UB      =        0.7258  IMP     =       -1.6568  CMAP       =        0.0000
 VDWAALS =    12877.6865  EEL     =  -106808.4060  HBOND      =        0.0000
 1-4 VDW =       43.6494  1-4 EEL =      -59.1016  RESTRAINT  =        0.9964
 EAMBER  =   -88895.5791


   NSTEP       ENERGY          RMS            GMAX         NAME    NUMBER
   4200      -8.8913E+04     8.9528E-02     5.7844E+00     C17        17

 BOND    =     3218.8012  ANGLE   =     1825.0038  DIHED      =       16.4400
 UB      =        0.7281  IMP     =       -1.7043  CMAP       =        0.0000
 VDWAALS =    12890.4737  EEL     =  -106848.3963  HBOND      =        0.0000
 1-4 VDW =       43.5793  1-4 EEL =      -59.0705  RESTRAINT  =        1.0054
 EAMBER  =   -88914.1450


   NSTEP       ENERGY          RMS            GMAX         NAME    NUMBER
   4300      -8.8937E+04     7.5579E-02     5.0322E+00     C8          8

 BOND    =     3219.1526  ANGLE   =     1826.1864  DIHED      =       16.4322
 UB      =        0.7285  IMP     =       -1.6779  CMAP       =        0.0000
 VDWAALS =    12909.2388  EEL     =  -106892.9628  HBOND      =        0.0000
 1-4 VDW =       43.5433  1-4 EEL =      -59.0709  RESTRAINT  =        1.0165
 EAMBER  =   -88938.4297


   NSTEP       ENERGY          RMS            GMAX         NAME    NUMBER
   4400      -8.8958E+04     1.8417E-01     1.6972E+01     C8          8

 BOND    =     3221.8839  ANGLE   =     1828.2004  DIHED      =       16.3476
 UB      =        0.7295  IMP     =       -1.4684  CMAP       =        0.0000
 VDWAALS =    12929.0497  EEL     =  -106937.8581  HBOND      =        0.0000
 1-4 VDW =       43.5988  1-4 EEL =      -59.1531  RESTRAINT  =        1.0339
 EAMBER  =   -88958.6697


   NSTEP       ENERGY          RMS            GMAX         NAME    NUMBER
   4500      -8.8982E+04     7.6505E-02     4.4820E+00     N2          2

 BOND    =     3221.4162  ANGLE   =     1828.3907  DIHED      =       16.4434
 UB      =        0.6854  IMP     =       -1.6285  CMAP       =        0.0000
 VDWAALS =    12944.4175  EEL     =  -106976.7913  HBOND      =        0.0000
 1-4 VDW =       43.4939  1-4 EEL =      -59.1000  RESTRAINT  =        1.0588
 EAMBER  =   -88982.6727


   NSTEP       ENERGY          RMS            GMAX         NAME    NUMBER
   4600      -8.8995E+04     8.9238E-02     4.5905E+00     C5          5

 BOND    =     3223.2521  ANGLE   =     1830.8688  DIHED      =       16.4686
 UB      =        0.7083  IMP     =       -1.6107  CMAP       =        0.0000
 VDWAALS =    12953.2204  EEL     =  -107004.0498  HBOND      =        0.0000
 1-4 VDW =       43.7620  1-4 EEL =      -59.1402  RESTRAINT  =        1.0794
 EAMBER  =   -88996.5205


   NSTEP       ENERGY          RMS            GMAX         NAME    NUMBER
   4700      -8.9017E+04     1.2679E-01     8.9808E+00     C7          7

 BOND    =     3224.1079  ANGLE   =     1832.1112  DIHED      =       16.4619
 UB      =        0.7222  IMP     =       -1.6209  CMAP       =        0.0000
 VDWAALS =    12964.9266  EEL     =  -107039.6333  HBOND      =        0.0000
 1-4 VDW =       43.6762  1-4 EEL =      -59.1464  RESTRAINT  =        1.0973
 EAMBER  =   -89018.3947


   NSTEP       ENERGY          RMS            GMAX         NAME    NUMBER
   4800      -8.9047E+04     2.1445E-01     1.3379E+01     C24        24

 BOND    =     3234.0276  ANGLE   =     1836.9972  DIHED      =       16.4920
 UB      =        0.7550  IMP     =       -1.6509  CMAP       =        0.0000
 VDWAALS =    12980.6790  EEL     =  -107100.0847  HBOND      =        0.0000
 1-4 VDW =       43.7187  1-4 EEL =      -59.1011  RESTRAINT  =        1.1118
 EAMBER  =   -89048.1673


   NSTEP       ENERGY          RMS            GMAX         NAME    NUMBER
   4900      -8.9070E+04     1.5101E-01     9.4554E+00     C7          7

 BOND    =     3224.4843  ANGLE   =     1835.8441  DIHED      =       16.5557
 UB      =        0.7410  IMP     =       -1.6466  CMAP       =        0.0000
 VDWAALS =    12994.5706  EEL     =  -107126.6652  HBOND      =        0.0000
 1-4 VDW =       43.5828  1-4 EEL =      -59.0810  RESTRAINT  =        1.1200
 EAMBER  =   -89071.6143


   NSTEP       ENERGY          RMS            GMAX         NAME    NUMBER
   5000      -8.9087E+04     7.4299E-02     3.7663E+00     C8          8

 BOND    =     3233.4102  ANGLE   =     1839.4026  DIHED      =       16.4635
 UB      =        0.7033  IMP     =       -1.6563  CMAP       =        0.0000
 VDWAALS =    12999.1177  EEL     =  -107160.2427  HBOND      =        0.0000
 1-4 VDW =       43.5636  1-4 EEL =      -59.0815  RESTRAINT  =        1.1246
 EAMBER  =   -89088.3197


  Maximum number of minimization cycles reached.


                    FINAL RESULTS



   NSTEP       ENERGY          RMS            GMAX         NAME    NUMBER
   5000      -8.9087E+04     7.4299E-02     3.7663E+00     C8          8

 BOND    =     3233.4102  ANGLE   =     1839.4026  DIHED      =       16.4635
 UB      =        0.7033  IMP     =       -1.6563  CMAP       =        0.0000
 VDWAALS =    12999.1177  EEL     =  -107160.2427  HBOND      =        0.0000
 1-4 VDW =       43.5636  1-4 EEL =      -59.0815  RESTRAINT  =        1.1246
 EAMBER  =   -89088.3197
--------------------------------------------------------------------------------
   5.  TIMINGS
--------------------------------------------------------------------------------

|  NonSetup CPU Time in Major Routines:
|
|     Routine           Sec        %
|     ------------------------------
|     Nonbond           2.46   28.20
|     Bond              0.00    0.00
|     Angle             0.00    0.00
|     Dihedral          0.00    0.00
|     Shake             0.00    0.00
|     Other             6.28   71.80
|     ------------------------------
|     Total             8.74

|  PME Nonbond Pairlist CPU Time:
|
|     Routine              Sec        %
|     ---------------------------------
|     Set Up Cit           0.00    0.00
|     Build List           0.00    0.00
|     ---------------------------------
|     Total                0.00    0.00

|  PME Direct Force CPU Time:
|
|     Routine              Sec        %
|     ---------------------------------
|     NonBonded Calc       0.00    0.00
|     Exclude Masked       0.00    0.00
|     Other                0.01    0.13
|     ---------------------------------
|     Total                0.01    0.13

|  PME Reciprocal Force CPU Time:
|
|     Routine              Sec        %
|     ---------------------------------
|     1D bspline           0.00    0.00
|     Grid Charges         0.00    0.00
|     Scalar Sum           0.00    0.00
|     Gradient Sum         0.00    0.00
|     FFT                  0.00    0.00
|     ---------------------------------
|     Total                0.00    0.00

|  Setup CPU time:            0.92 seconds
|  NonSetup CPU time:         8.74 seconds
|  Total CPU time:            9.66 seconds     0.00 hours

|  Setup wall time:           1    seconds
|  NonSetup wall time:        9    seconds
|  Total wall time:          10    seconds     0.00 hours
