
          -------------------------------------------------------
          Amber 20 PMEMD                              2020
          -------------------------------------------------------

| PMEMD implementation of SANDER, Release 18

|  Compiled date/time: Mon Apr 27 18:19:54 2020
| Run on 12/17/2020 at 15:26:04

|   Executable path: /cm/shared/apps/amber20/bin/pmemd.cuda
| Working directory: /data/wesley/ETDM_Parameterization/etdm_water_octonol/pmf_setup/setup
|          Hostname: node001

  [-O]verwriting output

File Assignments:
|   MDIN: step5.00.2_pmfSetup.mdin                                              
|  MDOUT: step5.00.2_pmfSetup.out                                               
| INPCRD: step5.00.1_pmfSetup.rst7                                              
|   PARM: etdm_water_ocoh.parm7                                                 
| RESTRT: step5.00.2_pmfSetup.rst7                                              
|   REFC: step5.00.1_pmfSetup.rst7                                              
|  MDVEL: mdvel                                                                 
|   MDEN: mden                                                                  
|  MDCRD: step5.00.2_pmfSetup.nc                                                
| MDINFO: mdinfo                                                                
|  MDFRC: mdfrc                                                                 


 Here is the input file:

A NPT simulation for common production-level simulations                       
 &cntrl                                                                        
    imin=0,        ! No minimization                                           
    irest=0,       ! This IS a restart of an old MD simulation                 
    ntx=1,         ! So our inpcrd file has NO velocities                      
    !infe=1 		! use nfe module                                                 
                                                                               
    ! Temperature control                                                      
    ntt=3,         ! Langevin dynamics                                         
    gamma_ln=1.0,  ! Friction coefficient (ps^-1)                              
    temp0=310.15,   ! Target temperature                                       
                                                                               
    ! Potential energy control                                                 
    cut=12.0,      ! Nonbonded cutoff, in Angstroms                            
    fswitch=10.0,  ! Force-based switching                                     
                                                                               
    ! MD settings                                                              
    nstlim=500000,  ! 500K steps, 1 ns total                                   
    dt=0.002,      ! time step (ps)                                            
                                                                               
    ! SHAKE                                                                    
    ntc=2,         ! Constrain bonds containing hydrogen                       
    ntf=2,         ! Do not calculate forces of bonds containing hydrogen      
                                                                               
    ! Control how often information is printed                                 
    ntpr=5000,     ! Print energies every 5000 steps 10 ps                     
    ntwx=5000,     ! Print coordinates every 5000 steps to the trajectory      
    ntwr=50000,    ! Print a restart file every 50K steps (can be less frequent
!   ntwv=-1,       ! Uncomment to also print velocities to trajectory          
!   ntwf=-1,       ! Uncomment to also print forces to trajectory              
    ntxo=2,        ! Write NetCDF format                                       
    ioutfm=1,      ! Write NetCDF format (always do this!)                     
                                                                               
    ! Wrap coordinates when printing them to the same unit cell                
    iwrap=0,                                                                   
                                                                               
    ! Constant pressure control.                                               
    !barostat=2,    ! MC barostat... change to 1 for Berendsen                 
    !ntp=1,         ! 1=isotropic, 2=anisotropic, 3=semi-isotropic w/ surften  
    !pres0=1.0,     ! Target external pressure, in bar                         
                                                                               
    ! Constant surface tension (needed for semi-isotropic scaling). Uncomment  
    ! for this feature. csurften must be nonzero if ntp=3 above                
    !csurften=3,    ! Interfaces in 1=yz plane, 2=xz plane, 3=xy plane         
    !gamma_ten=0.0, ! Surface tension (dyne/cm). 0 gives pure semi-iso scaling 
    !ninterface=2,  ! Number of interfaces (2 for bilayer)                     
                                                                               
	! Restraint options                                                           
	! nmropt used to:                                                             
	! 1) restrain beams from deflecting too far from                              
	! 	 plug region                                                               
	! 2) pull / restrain 3 sets of 6 ligands each to stay within                  
	! 	 35 Å of the chimera binding pocket region of the nearest chain           
        ntr=1,	   ! Positional restraints                                      
        restraint_wt=100.00,                                                   
        restraintmask=':3749,7171'                                             
                                                                               
	! Restraint options                                                           
    	nmropt=1,      ! Dihedral restraints for sugars and lipids                
                                                                               
    ! Set water atom/residue names for SETTLE recognition                      
    watnam='TIP3',  ! Water residues are named WAT                             
    owtnm='OH2',     ! Water oxygens are named O                               
 /                                                                             
                                                                               
 &ewald                                                                        
    vdwmeth = 0,                                                               
 /                                                                             
                                                                               
&wt                                                                            
   type='DUMPFREQ',istep1=5000                                                 
 /                                                                             
                                                                               
&wt                                                                            
  type='END'                                                                   
 /                                                                             
                                                                               
DISANG=step5.00.2_pmfSetup.rest                                                
DUMPAVE=step5.00.2_pmfSetup.dat                                                
LISTIN=POUT                                                                    
LISTOUT=POUT                                                                   
/                                                                              


Note: ig = -1. Setting random seed to   534926 based on wallclock time in 
      microseconds.
| irandom = 1, using AMBER's internal random number generator (default).
 
|--------------------- INFORMATION ----------------------
| GPU (CUDA) Version of PMEMD in use: NVIDIA GPU IN USE.
|                    Version 18.0.0
| 
|                      03/25/2018
| 
| Implementation by:
|                    Ross C. Walker     (SDSC)
|                    Scott Le Grand     (nVIDIA)
| 
| Version 18 performance extensions by:
|                    David Cerutti     (Rutgers)
| 
| Precision model in use:
|      [SPFP] - Single Precision Forces, 64-bit Fixed Point
|               Accumulation. (Default)
| 
|--------------------------------------------------------
 
|----------------- CITATION INFORMATION -----------------
|
|    When publishing work that utilized the CUDA version
|    of AMBER, please cite the following in addition to
|    the regular AMBER citations:
|
|  - Romelia Salomon-Ferrer; Andreas W. Goetz; Duncan
|    Poole; Scott Le Grand; Ross C. Walker "Routine
|    microsecond molecular dynamics simulations with
|    AMBER - Part II: Particle Mesh Ewald", J. Chem.
|    Theory Comput., 2013, 9 (9), pp3878-3888,
|    DOI: 10.1021/ct400314y.
|
|  - Andreas W. Goetz; Mark J. Williamson; Dong Xu;
|    Duncan Poole; Scott Le Grand; Ross C. Walker
|    "Routine microsecond molecular dynamics simulations
|    with AMBER - Part I: Generalized Born", J. Chem.
|    Theory Comput., 2012, 8 (5), pp1542-1555.
|
|  - Scott Le Grand; Andreas W. Goetz; Ross C. Walker
|    "SPFP: Speed without compromise - a mixed precision
|    model for GPU accelerated molecular dynamics
|    simulations.", Comp. Phys. Comm., 2013, 184
|    pp374-380, DOI: 10.1016/j.cpc.2012.09.022
|
|--------------------------------------------------------
 
|------------------- GPU DEVICE INFO --------------------
|
|            CUDA_VISIBLE_DEVICES: 8
|   CUDA Capable Devices Detected:      1
|           CUDA Device ID in use:      0
|                CUDA Device Name: GeForce RTX 2080 Ti
|     CUDA Device Global Mem Size:  11019 MB
| CUDA Device Num Multiprocessors:     68
|           CUDA Device Core Freq:   1.54 GHz
|
|--------------------------------------------------------
 
 
| Conditional Compilation Defines Used:
| PUBFFT
| BINTRAJ
| CUDA
| EMIL

| Largest sphere to fit in unit cell has radius =    29.857

| New format PARM file being parsed.
| Version =    1.000 Date = 12/15/20 Time = 15:00:20
| Force field information read from topology file: 
|                                CHARMM force field: No FF information parsed...  
|
|CHARMM: CHARMM force field in use. 

| Note: 1-4 EEL scale factors are being read from the topology file.

| Note: 1-4 VDW scale factors are being read from the topology file.
| INFO: Off Diagonal (NBFIX) LJ terms found in prmtop file.
|       The prmtop file has been modified to support atom
|       type based pairwise Lennard-Jones terms.
| Duplicated    0 dihedrals

| Duplicated    0 dihedrals

--------------------------------------------------------------------------------
   1.  RESOURCE   USE: 
--------------------------------------------------------------------------------

 getting box info from netcdf restart file
 NATOM  =   42644 NTYPES =      18 NBONH =   35111 MBONA  =    6667
 NTHETH =   34899 MTHETA =    5849 NPHIH =   51519 MPHIA  =   17494
 NHPARM =       0 NPARM  =       0 NNB   =  145003 NRES   =    7587
 NBONA  =    6667 NTHETA =    5849 NPHIA =   17494 NUMBND =      22
 NUMANG =      38 NPTRA  =      71 NATYP =       1 NPHB   =       0
 IFBOX  =       1 NMXRS  =      44 IFCAP =       0 NEXTRA =       0
 NCOPY  =       0

| Coordinate Index Table dimensions:     9    9   18
| Direct force subcell size =     6.6348    6.6348    6.6074

     BOX TYPE: RECTILINEAR

--------------------------------------------------------------------------------
   2.  CONTROL  DATA  FOR  THE  RUN
--------------------------------------------------------------------------------

                                                                                

General flags:
     imin    =       0, nmropt  =       1

Nature and format of input:
     ntx     =       1, irest   =       0, ntrx    =       1

Nature and format of output:
     ntxo    =       2, ntpr    =    5000, ntrx    =       1, ntwr    =   50000
     iwrap   =       0, ntwx    =    5000, ntwv    =       0, ntwe    =       0
     ioutfm  =       1, ntwprt  =       0, idecomp =       0, rbornstat=      0

Potential function:
     ntf     =       2, ntb     =       1, igb     =       0, nsnb    =      25
     ipol    =       0, gbsa    =       0, iesp    =       0
     dielc   =   1.00000, cut     =  12.00000, intdiel =   1.00000

Frozen or restrained atoms:
     ibelly  =       0, ntr     =       1
     restraint_wt = 100.00000

Molecular dynamics:
     nstlim  =    500000, nscm    =         0, nrespa  =         1
     t       =   0.00000, dt      =   0.00200, vlimit  =  -1.00000

Langevin dynamics temperature regulation:
     ig      =  534926
     temp0   = 310.15000, tempi   =   0.00000, gamma_ln=   1.00000

SHAKE:
     ntc     =       2, jfastw  =       0
     tol     =   0.00001

NMR refinement options:
     iscale  =       0, noeskp  =       1, ipnlty  =       1, mxsub   =       1
     scalm   = 100.00000, pencut  =   0.10000, tausw   =   0.10000

| Intermolecular bonds treatment:
|     no_intermolecular_bonds =       1

| Energy averages sample interval:
|     ene_avg_sampling =    5000

Ewald parameters:
     verbose =       0, ew_type =       0, nbflag  =       1, use_pme =       1
     vdwmeth =       0, eedmeth =       1, netfrc  =       1
     Box X =   59.713   Box Y =   59.713   Box Z =  118.933
     Alpha =   90.000   Beta  =   90.000   Gamma =   90.000
     NFFT1 =   64       NFFT2 =   64       NFFT3 =  128
     Cutoff=   12.000   Tol   =0.100E-04
     Ewald Coefficient =  0.22664
     Interpolation order =    4

    LOADING THE CONSTRAINED ATOMS AS GROUPS


   5.  REFERENCE ATOM COORDINATES

                                                                                  
     Mask :3749,7171; matches    30 atoms

--------------------------------------------------------------------------------
   3.  ATOMIC COORDINATES AND VELOCITIES
--------------------------------------------------------------------------------

                                                                                
 begin time read from input coords =    25.000 ps



           Begin reading energy term weight changes/NMR restraints
 WEIGHT CHANGES:
 DUMPFREQ   5000      0    0.000000    0.000000      0      0
                         ** No weight changes given **

 RESTRAINTS:
 Requested file redirections:
  DISANG    = step5.00.2_pmfSetup.rest
  DUMPAVE   = step5.00.2_pmfSetup.dat
  LISTIN    = POUT
  LISTOUT   = POUT
 Restraints will be read from file: step5.00.2_pmfSetup.rest
Here are comments from the DISANG input file:

******
 COM (   -1)-COM (   -1)                            NSTEP1=     0 NSTEP2=     0
 Atom ranges defining Center of Mass Group in the first position: 
     1 ->    44/
 Atom ranges defining Center of Mass Group in the second position: 
 11208 -> 11210/
R1 =   5.000 R2 =  15.000 R3 =  15.000 R4 =  25.000 RK2 =   0.250 RK3 =    0.250
 Rcurr:   15.875  Rcurr-(R2+R3)/2:    0.875  MIN(Rcurr-R2,Rcurr-R3):    0.875
******
 COM (   -1)-COM (   -1)                            NSTEP1=     0 NSTEP2=     0
 Atom ranges defining Center of Mass Group in the first position: 
     1 ->    44/
 Atom ranges defining Center of Mass Group in the second position: 
 31386 -> 31412/
R1 =  34.250 R2 =  44.250 R3 =  44.250 R4 =  54.250 RK2 =   0.000 RK3 =    0.000
 Rcurr:  -72.450  Rcurr-(R2+R3)/2:  116.700  MIN(Rcurr-R2,Rcurr-R3):  116.700
                       Number of restraints read =     2

                  Done reading weight changes/NMR restraints


 
 Number of triangulated 3-point waters found:     6717

     Sum of charges from parm topology file =  -0.00000000
     Forcing neutrality...

| Dynamic Memory, Types Used:
| Reals             1422263
| Integers          3171331

| Nonbonded Pairs Initial Allocation:    21207927

| GPU memory information (estimate):
| KB of GPU memory in use:    372679
| KB of CPU memory in use:     93511

--------------------------------------------------------------------------------
   4.  RESULTS
--------------------------------------------------------------------------------


 NSTEP =        0   TIME(PS) =       0.000  TEMP(K) =     0.00  PRESS =     0.0
 Etot   =    -59143.0612  EKtot   =         0.0000  EPtot      =    -59143.0612
 BOND   =      1710.9837  ANGLE   =      8331.6858  DIHED      =      5701.7363
 UB     =      2454.8655  IMP     =        -2.2139  CMAP       =         0.0000
 1-4 NB =       432.6601  1-4 EEL =     -2573.2748  VDWAALS    =     -1764.8987
 EELEC  =    -73434.7964  EHBOND  =         0.0000  RESTRAINT  =         0.1912
 EAMBER (non-restraint)  =    -59143.2524
 ------------------------------------------------------------------------------

 NMR restraints: Bond =    0.191   Angle =     0.000   Torsion =     0.000
===============================================================================

 NSTEP =     5000   TIME(PS) =      10.000  TEMP(K) =   308.67  PRESS =     0.0
 Etot   =    -29785.1101  EKtot   =     28467.1328  EPtot      =    -58252.2429
 BOND   =      1756.2741  ANGLE   =      8713.8176  DIHED      =      5674.8852
 UB     =      2542.7910  IMP     =        -1.6441  CMAP       =         0.0000
 1-4 NB =       449.6449  1-4 EEL =     -2438.1018  VDWAALS    =     -1897.1370
 EELEC  =    -73071.6471  EHBOND  =         0.0000  RESTRAINT  =        18.8745
 EAMBER (non-restraint)  =    -58271.1173
 ------------------------------------------------------------------------------

 NMR restraints: Bond =    0.316   Angle =     0.000   Torsion =     0.000
===============================================================================

 NSTEP =    10000   TIME(PS) =      20.000  TEMP(K) =   308.38  PRESS =     0.0
 Etot   =    -30167.6376  EKtot   =     28441.2676  EPtot      =    -58608.9052
 BOND   =      1821.8449  ANGLE   =      8528.9186  DIHED      =      5727.3342
 UB     =      2525.9786  IMP     =        -2.0400  CMAP       =         0.0000
 1-4 NB =       420.3067  1-4 EEL =     -2468.1786  VDWAALS    =     -1668.6273
 EELEC  =    -73510.5718  EHBOND  =         0.0000  RESTRAINT  =        16.1294
 EAMBER (non-restraint)  =    -58625.0346
 ------------------------------------------------------------------------------

 NMR restraints: Bond =    0.006   Angle =     0.000   Torsion =     0.000
===============================================================================

 NSTEP =    15000   TIME(PS) =      30.000  TEMP(K) =   308.68  PRESS =     0.0
 Etot   =    -29724.4873  EKtot   =     28468.7148  EPtot      =    -58193.2021
 BOND   =      1781.7874  ANGLE   =      8652.3937  DIHED      =      5659.8303
 UB     =      2524.9182  IMP     =        -1.7074  CMAP       =         0.0000
 1-4 NB =       455.9213  1-4 EEL =     -2521.3523  VDWAALS    =     -1903.7730
 EELEC  =    -72857.2949  EHBOND  =         0.0000  RESTRAINT  =        16.0747
 EAMBER (non-restraint)  =    -58209.2768
 ------------------------------------------------------------------------------

 NMR restraints: Bond =    0.297   Angle =     0.000   Torsion =     0.000
===============================================================================

 NSTEP =    20000   TIME(PS) =      40.000  TEMP(K) =   309.43  PRESS =     0.0
 Etot   =    -29806.2348  EKtot   =     28537.4062  EPtot      =    -58343.6410
 BOND   =      1724.7128  ANGLE   =      8595.3306  DIHED      =      5699.2341
 UB     =      2552.3808  IMP     =        -2.5482  CMAP       =         0.0000
 1-4 NB =       449.6970  1-4 EEL =     -2434.3850  VDWAALS    =     -2078.4256
 EELEC  =    -72869.7970  EHBOND  =         0.0000  RESTRAINT  =        20.1595
 EAMBER (non-restraint)  =    -58363.8005
 ------------------------------------------------------------------------------

 NMR restraints: Bond =    0.021   Angle =     0.000   Torsion =     0.000
===============================================================================

 NSTEP =    25000   TIME(PS) =      50.000  TEMP(K) =   309.57  PRESS =     0.0
 Etot   =    -29496.6393  EKtot   =     28550.6855  EPtot      =    -58047.3248
 BOND   =      1771.6671  ANGLE   =      8689.6321  DIHED      =      5769.6969
 UB     =      2567.1552  IMP     =        -1.5714  CMAP       =         0.0000
 1-4 NB =       446.4301  1-4 EEL =     -2477.2199  VDWAALS    =     -2066.4943
 EELEC  =    -72765.3930  EHBOND  =         0.0000  RESTRAINT  =        18.7723
 EAMBER (non-restraint)  =    -58066.0971
 ------------------------------------------------------------------------------

 NMR restraints: Bond =    0.240   Angle =     0.000   Torsion =     0.000
===============================================================================

 NSTEP =    30000   TIME(PS) =      60.000  TEMP(K) =   309.08  PRESS =     0.0
 Etot   =    -29688.2242  EKtot   =     28505.1484  EPtot      =    -58193.3727
 BOND   =      1807.3133  ANGLE   =      8719.8695  DIHED      =      5665.9286
 UB     =      2524.8698  IMP     =        -1.0803  CMAP       =         0.0000
 1-4 NB =       439.8119  1-4 EEL =     -2467.2693  VDWAALS    =     -2102.5390
 EELEC  =    -72800.3307  EHBOND  =         0.0000  RESTRAINT  =        20.0535
 EAMBER (non-restraint)  =    -58213.4262
 ------------------------------------------------------------------------------

 NMR restraints: Bond =    0.167   Angle =     0.000   Torsion =     0.000
===============================================================================

 NSTEP =    35000   TIME(PS) =      70.000  TEMP(K) =   309.11  PRESS =     0.0
 Etot   =    -29777.9023  EKtot   =     28508.0547  EPtot      =    -58285.9570
 BOND   =      1785.4261  ANGLE   =      8647.6133  DIHED      =      5701.5051
 UB     =      2532.6964  IMP     =        -1.5414  CMAP       =         0.0000
 1-4 NB =       447.7906  1-4 EEL =     -2461.9493  VDWAALS    =     -1817.1780
 EELEC  =    -73141.6246  EHBOND  =         0.0000  RESTRAINT  =        21.3049
 EAMBER (non-restraint)  =    -58307.2618
 ------------------------------------------------------------------------------

 NMR restraints: Bond =    0.009   Angle =     0.000   Torsion =     0.000
===============================================================================

 NSTEP =    40000   TIME(PS) =      80.000  TEMP(K) =   310.69  PRESS =     0.0
 Etot   =    -29792.7249  EKtot   =     28653.7734  EPtot      =    -58446.4983
 BOND   =      1817.4037  ANGLE   =      8504.6171  DIHED      =      5687.2085
 UB     =      2496.8077  IMP     =        -1.4180  CMAP       =         0.0000
 1-4 NB =       436.6433  1-4 EEL =     -2410.1858  VDWAALS    =     -2057.8992
 EELEC  =    -72940.7752  EHBOND  =         0.0000  RESTRAINT  =        21.0997
 EAMBER (non-restraint)  =    -58467.5981
 ------------------------------------------------------------------------------

 NMR restraints: Bond =    0.155   Angle =     0.000   Torsion =     0.000
===============================================================================

 NSTEP =    45000   TIME(PS) =      90.000  TEMP(K) =   309.75  PRESS =     0.0
 Etot   =    -29835.4628  EKtot   =     28567.4590  EPtot      =    -58402.9218
 BOND   =      1763.2134  ANGLE   =      8599.6946  DIHED      =      5666.3029
 UB     =      2537.1440  IMP     =        -1.2661  CMAP       =         0.0000
 1-4 NB =       433.6315  1-4 EEL =     -2404.6265  VDWAALS    =     -1965.8832
 EELEC  =    -73045.9519  EHBOND  =         0.0000  RESTRAINT  =        14.8195
 EAMBER (non-restraint)  =    -58417.7413
 ------------------------------------------------------------------------------

 NMR restraints: Bond =    0.002   Angle =     0.000   Torsion =     0.000
===============================================================================

 NSTEP =    50000   TIME(PS) =     100.000  TEMP(K) =   309.21  PRESS =     0.0
 Etot   =    -30348.6887  EKtot   =     28517.0215  EPtot      =    -58865.7102
 BOND   =      1743.9041  ANGLE   =      8452.7166  DIHED      =      5668.4757
 UB     =      2482.4948  IMP     =        -0.9311  CMAP       =         0.0000
 1-4 NB =       449.3661  1-4 EEL =     -2479.5488  VDWAALS    =     -1717.8757
 EELEC  =    -73484.4569  EHBOND  =         0.0000  RESTRAINT  =        20.1450
 EAMBER (non-restraint)  =    -58885.8552
 ------------------------------------------------------------------------------

 NMR restraints: Bond =    0.149   Angle =     0.000   Torsion =     0.000
===============================================================================

 NSTEP =    55000   TIME(PS) =     110.000  TEMP(K) =   308.22  PRESS =     0.0
 Etot   =    -30022.1498  EKtot   =     28426.2598  EPtot      =    -58448.4096
 BOND   =      1728.4481  ANGLE   =      8573.9750  DIHED      =      5660.3741
 UB     =      2520.4535  IMP     =        -0.7697  CMAP       =         0.0000
 1-4 NB =       408.6658  1-4 EEL =     -2506.0493  VDWAALS    =     -1939.1657
 EELEC  =    -72914.0014  EHBOND  =         0.0000  RESTRAINT  =        19.6600
 EAMBER (non-restraint)  =    -58468.0696
 ------------------------------------------------------------------------------

 NMR restraints: Bond =    0.948   Angle =     0.000   Torsion =     0.000
===============================================================================

 NSTEP =    60000   TIME(PS) =     120.000  TEMP(K) =   311.80  PRESS =     0.0
 Etot   =    -29652.1627  EKtot   =     28756.5273  EPtot      =    -58408.6900
 BOND   =      1744.9568  ANGLE   =      8697.6467  DIHED      =      5682.5277
 UB     =      2541.3292  IMP     =        -1.2924  CMAP       =         0.0000
 1-4 NB =       459.9255  1-4 EEL =     -2515.8186  VDWAALS    =     -1790.2488
 EELEC  =    -73249.0547  EHBOND  =         0.0000  RESTRAINT  =        21.3387
 EAMBER (non-restraint)  =    -58430.0287
 ------------------------------------------------------------------------------

 NMR restraints: Bond =    1.311   Angle =     0.000   Torsion =     0.000
===============================================================================

 NSTEP =    65000   TIME(PS) =     130.000  TEMP(K) =   308.58  PRESS =     0.0
 Etot   =    -29749.0194  EKtot   =     28458.9922  EPtot      =    -58208.0116
 BOND   =      1763.8494  ANGLE   =      8645.4396  DIHED      =      5695.6430
 UB     =      2543.8435  IMP     =        -1.6655  CMAP       =         0.0000
 1-4 NB =       442.1061  1-4 EEL =     -2409.8212  VDWAALS    =     -2150.7301
 EELEC  =    -72754.1358  EHBOND  =         0.0000  RESTRAINT  =        17.4594
 EAMBER (non-restraint)  =    -58225.4710
 ------------------------------------------------------------------------------

 NMR restraints: Bond =    0.477   Angle =     0.000   Torsion =     0.000
===============================================================================

 NSTEP =    70000   TIME(PS) =     140.000  TEMP(K) =   311.59  PRESS =     0.0
 Etot   =    -29409.2499  EKtot   =     28737.2949  EPtot      =    -58146.5448
 BOND   =      1852.3264  ANGLE   =      8614.0063  DIHED      =      5735.8946
 UB     =      2532.7983  IMP     =        -1.1125  CMAP       =         0.0000
 1-4 NB =       434.8569  1-4 EEL =     -2542.3586  VDWAALS    =     -2007.1193
 EELEC  =    -72782.2647  EHBOND  =         0.0000  RESTRAINT  =        16.4276
 EAMBER (non-restraint)  =    -58162.9724
 ------------------------------------------------------------------------------

 NMR restraints: Bond =    0.012   Angle =     0.000   Torsion =     0.000
===============================================================================

 NSTEP =    75000   TIME(PS) =     150.000  TEMP(K) =   312.14  PRESS =     0.0
 Etot   =    -29720.7963  EKtot   =     28787.7500  EPtot      =    -58508.5463
 BOND   =      1778.6893  ANGLE   =      8535.4330  DIHED      =      5778.1332
 UB     =      2499.3050  IMP     =        -1.3737  CMAP       =         0.0000
 1-4 NB =       465.5823  1-4 EEL =     -2532.7485  VDWAALS    =     -1860.8031
 EELEC  =    -73190.2075  EHBOND  =         0.0000  RESTRAINT  =        19.4438
 EAMBER (non-restraint)  =    -58527.9901
 ------------------------------------------------------------------------------

 NMR restraints: Bond =    0.005   Angle =     0.000   Torsion =     0.000
===============================================================================

 NSTEP =    80000   TIME(PS) =     160.000  TEMP(K) =   310.95  PRESS =     0.0
 Etot   =    -29673.8565  EKtot   =     28677.4434  EPtot      =    -58351.2999
 BOND   =      1742.2800  ANGLE   =      8637.5350  DIHED      =      5689.7821
 UB     =      2537.6993  IMP     =        -1.4216  CMAP       =         0.0000
 1-4 NB =       465.3480  1-4 EEL =     -2571.2907  VDWAALS    =     -2243.9393
 EELEC  =    -72622.0516  EHBOND  =         0.0000  RESTRAINT  =        14.7588
 EAMBER (non-restraint)  =    -58366.0586
 ------------------------------------------------------------------------------

 NMR restraints: Bond =    0.010   Angle =     0.000   Torsion =     0.000
===============================================================================

 NSTEP =    85000   TIME(PS) =     170.000  TEMP(K) =   308.42  PRESS =     0.0
 Etot   =    -30009.6094  EKtot   =     28444.2461  EPtot      =    -58453.8555
 BOND   =      1751.3622  ANGLE   =      8542.2737  DIHED      =      5666.9684
 UB     =      2518.4549  IMP     =        -1.1846  CMAP       =         0.0000
 1-4 NB =       442.5851  1-4 EEL =     -2503.7218  VDWAALS    =     -1954.9482
 EELEC  =    -72933.7709  EHBOND  =         0.0000  RESTRAINT  =        18.1259
 EAMBER (non-restraint)  =    -58471.9813
 ------------------------------------------------------------------------------

 NMR restraints: Bond =    0.003   Angle =     0.000   Torsion =     0.000
===============================================================================

 NSTEP =    90000   TIME(PS) =     180.000  TEMP(K) =   309.95  PRESS =     0.0
 Etot   =    -29545.1259  EKtot   =     28585.5352  EPtot      =    -58130.6611
 BOND   =      1758.1630  ANGLE   =      8580.5056  DIHED      =      5750.8336
 UB     =      2510.1658  IMP     =        -2.1924  CMAP       =         0.0000
 1-4 NB =       440.6330  1-4 EEL =     -2455.3798  VDWAALS    =     -1994.3260
 EELEC  =    -72740.7176  EHBOND  =         0.0000  RESTRAINT  =        21.6537
 EAMBER (non-restraint)  =    -58152.3148
 ------------------------------------------------------------------------------

 NMR restraints: Bond =    0.034   Angle =     0.000   Torsion =     0.000
===============================================================================

 NSTEP =    95000   TIME(PS) =     190.000  TEMP(K) =   312.64  PRESS =     0.0
 Etot   =    -29306.9381  EKtot   =     28833.3965  EPtot      =    -58140.3346
 BOND   =      1765.0647  ANGLE   =      8707.4557  DIHED      =      5696.4021
 UB     =      2548.4016  IMP     =        -2.0524  CMAP       =         0.0000
 1-4 NB =       432.0316  1-4 EEL =     -2340.5756  VDWAALS    =     -1852.2954
 EELEC  =    -73107.9251  EHBOND  =         0.0000  RESTRAINT  =        13.1583
 EAMBER (non-restraint)  =    -58153.4929
 ------------------------------------------------------------------------------

 NMR restraints: Bond =    0.186   Angle =     0.000   Torsion =     0.000
===============================================================================

 NSTEP =   100000   TIME(PS) =     200.000  TEMP(K) =   309.89  PRESS =     0.0
 Etot   =    -29600.7036  EKtot   =     28579.7441  EPtot      =    -58180.4478
 BOND   =      1783.1347  ANGLE   =      8701.4053  DIHED      =      5678.8984
 UB     =      2541.6018  IMP     =        -1.3122  CMAP       =         0.0000
 1-4 NB =       431.6047  1-4 EEL =     -2371.2041  VDWAALS    =     -1847.3169
 EELEC  =    -73114.4759  EHBOND  =         0.0000  RESTRAINT  =        17.2164
 EAMBER (non-restraint)  =    -58197.6641
 ------------------------------------------------------------------------------

 NMR restraints: Bond =    1.031   Angle =     0.000   Torsion =     0.000
===============================================================================

 NSTEP =   105000   TIME(PS) =     210.000  TEMP(K) =   311.73  PRESS =     0.0
 Etot   =    -29534.9772  EKtot   =     28749.8711  EPtot      =    -58284.8483
 BOND   =      1769.7418  ANGLE   =      8679.3975  DIHED      =      5659.7250
 UB     =      2556.6866  IMP     =        -2.2977  CMAP       =         0.0000
 1-4 NB =       449.7750  1-4 EEL =     -2373.1269  VDWAALS    =     -1918.1328
 EELEC  =    -73122.3792  EHBOND  =         0.0000  RESTRAINT  =        15.7624
 EAMBER (non-restraint)  =    -58300.6107
 ------------------------------------------------------------------------------

 NMR restraints: Bond =    1.255   Angle =     0.000   Torsion =     0.000
===============================================================================

 NSTEP =   110000   TIME(PS) =     220.000  TEMP(K) =   308.47  PRESS =     0.0
 Etot   =    -29821.1429  EKtot   =     28449.2988  EPtot      =    -58270.4418
 BOND   =      1753.9572  ANGLE   =      8635.1013  DIHED      =      5774.9565
 UB     =      2510.5432  IMP     =        -0.1503  CMAP       =         0.0000
 1-4 NB =       446.2079  1-4 EEL =     -2479.0514  VDWAALS    =     -1993.7077
 EELEC  =    -72932.3698  EHBOND  =         0.0000  RESTRAINT  =        14.0712
 EAMBER (non-restraint)  =    -58284.5130
 ------------------------------------------------------------------------------

 NMR restraints: Bond =    0.327   Angle =     0.000   Torsion =     0.000
===============================================================================

 NSTEP =   115000   TIME(PS) =     230.000  TEMP(K) =   309.34  PRESS =     0.0
 Etot   =    -29955.4314  EKtot   =     28529.1777  EPtot      =    -58484.6091
 BOND   =      1773.5113  ANGLE   =      8628.0473  DIHED      =      5698.7513
 UB     =      2521.1989  IMP     =        -2.1392  CMAP       =         0.0000
 1-4 NB =       436.5072  1-4 EEL =     -2433.1713  VDWAALS    =     -1966.4371
 EELEC  =    -73156.5207  EHBOND  =         0.0000  RESTRAINT  =        15.6431
 EAMBER (non-restraint)  =    -58500.2523
 ------------------------------------------------------------------------------

 NMR restraints: Bond =    0.282   Angle =     0.000   Torsion =     0.000
===============================================================================

 NSTEP =   120000   TIME(PS) =     240.000  TEMP(K) =   310.93  PRESS =     0.0
 Etot   =    -29771.8862  EKtot   =     28675.8652  EPtot      =    -58447.7515
 BOND   =      1756.8712  ANGLE   =      8552.7426  DIHED      =      5693.2447
 UB     =      2505.3094  IMP     =        -1.7119  CMAP       =         0.0000
 1-4 NB =       453.2168  1-4 EEL =     -2453.5770  VDWAALS    =     -1970.9336
 EELEC  =    -72998.2134  EHBOND  =         0.0000  RESTRAINT  =        15.2997
 EAMBER (non-restraint)  =    -58463.0512
 ------------------------------------------------------------------------------

 NMR restraints: Bond =    0.420   Angle =     0.000   Torsion =     0.000
===============================================================================

 NSTEP =   125000   TIME(PS) =     250.000  TEMP(K) =   311.04  PRESS =     0.0
 Etot   =    -29799.1399  EKtot   =     28685.9434  EPtot      =    -58485.0833
 BOND   =      1780.1876  ANGLE   =      8500.8174  DIHED      =      5645.5038
 UB     =      2493.6672  IMP     =        -1.2382  CMAP       =         0.0000
 1-4 NB =       421.0361  1-4 EEL =     -2451.7366  VDWAALS    =     -2014.1608
 EELEC  =    -72878.3765  EHBOND  =         0.0000  RESTRAINT  =        19.2167
 EAMBER (non-restraint)  =    -58504.3000
 ------------------------------------------------------------------------------

 NMR restraints: Bond =    0.133   Angle =     0.000   Torsion =     0.000
===============================================================================

 NSTEP =   130000   TIME(PS) =     260.000  TEMP(K) =   310.08  PRESS =     0.0
 Etot   =    -29674.6933  EKtot   =     28597.6328  EPtot      =    -58272.3261
 BOND   =      1763.6490  ANGLE   =      8466.4391  DIHED      =      5682.1886
 UB     =      2509.1529  IMP     =        -1.3119  CMAP       =         0.0000
 1-4 NB =       437.2058  1-4 EEL =     -2478.0198  VDWAALS    =     -2036.1903
 EELEC  =    -72633.1149  EHBOND  =         0.0000  RESTRAINT  =        17.6754
 EAMBER (non-restraint)  =    -58290.0015
 ------------------------------------------------------------------------------

 NMR restraints: Bond =    0.121   Angle =     0.000   Torsion =     0.000
===============================================================================

 NSTEP =   135000   TIME(PS) =     270.000  TEMP(K) =   307.53  PRESS =     0.0
 Etot   =    -30349.9607  EKtot   =     28362.8633  EPtot      =    -58712.8240
 BOND   =      1792.1332  ANGLE   =      8581.9547  DIHED      =      5685.2683
 UB     =      2517.1725  IMP     =        -1.1450  CMAP       =         0.0000
 1-4 NB =       427.0483  1-4 EEL =     -2596.8646  VDWAALS    =     -1910.8838
 EELEC  =    -73225.3865  EHBOND  =         0.0000  RESTRAINT  =        17.8789
 EAMBER (non-restraint)  =    -58730.7029
 ------------------------------------------------------------------------------

 NMR restraints: Bond =    0.099   Angle =     0.000   Torsion =     0.000
===============================================================================

 NSTEP =   140000   TIME(PS) =     280.000  TEMP(K) =   309.42  PRESS =     0.0
 Etot   =    -29717.1471  EKtot   =     28536.5215  EPtot      =    -58253.6686
 BOND   =      1762.3492  ANGLE   =      8560.9535  DIHED      =      5668.0236
 UB     =      2501.4856  IMP     =        -1.4350  CMAP       =         0.0000
 1-4 NB =       447.1610  1-4 EEL =     -2506.5480  VDWAALS    =     -1931.5830
 EELEC  =    -72769.7695  EHBOND  =         0.0000  RESTRAINT  =        15.6939
 EAMBER (non-restraint)  =    -58269.3625
 ------------------------------------------------------------------------------

 NMR restraints: Bond =    0.019   Angle =     0.000   Torsion =     0.000
===============================================================================

 NSTEP =   145000   TIME(PS) =     290.000  TEMP(K) =   310.67  PRESS =     0.0
 Etot   =    -29610.7930  EKtot   =     28652.1738  EPtot      =    -58262.9669
 BOND   =      1763.7378  ANGLE   =      8589.9054  DIHED      =      5707.7869
 UB     =      2517.9139  IMP     =        -0.2073  CMAP       =         0.0000
 1-4 NB =       445.9624  1-4 EEL =     -2620.5107  VDWAALS    =     -1866.8015
 EELEC  =    -72818.3217  EHBOND  =         0.0000  RESTRAINT  =        17.5679
 EAMBER (non-restraint)  =    -58280.5347
 ------------------------------------------------------------------------------

 NMR restraints: Bond =    0.528   Angle =     0.000   Torsion =     0.000
===============================================================================

 NSTEP =   150000   TIME(PS) =     300.000  TEMP(K) =   310.35  PRESS =     0.0
 Etot   =    -29693.8705  EKtot   =     28622.1699  EPtot      =    -58316.0404
 BOND   =      1758.1152  ANGLE   =      8633.2521  DIHED      =      5680.8643
 UB     =      2526.3549  IMP     =        -1.6171  CMAP       =         0.0000
 1-4 NB =       451.8513  1-4 EEL =     -2526.7079  VDWAALS    =     -1962.2208
 EELEC  =    -72892.2857  EHBOND  =         0.0000  RESTRAINT  =        16.3533
 EAMBER (non-restraint)  =    -58332.3937
 ------------------------------------------------------------------------------

 NMR restraints: Bond =    0.029   Angle =     0.000   Torsion =     0.000
===============================================================================

 NSTEP =   155000   TIME(PS) =     310.000  TEMP(K) =   312.03  PRESS =     0.0
 Etot   =    -29816.7020  EKtot   =     28777.5742  EPtot      =    -58594.2763
 BOND   =      1753.8967  ANGLE   =      8552.3969  DIHED      =      5678.8007
 UB     =      2520.9822  IMP     =        -1.5817  CMAP       =         0.0000
 1-4 NB =       443.5769  1-4 EEL =     -2566.2182  VDWAALS    =     -1916.7651
 EELEC  =    -73073.3415  EHBOND  =         0.0000  RESTRAINT  =        13.9768
 EAMBER (non-restraint)  =    -58608.2530
 ------------------------------------------------------------------------------

 NMR restraints: Bond =    0.231   Angle =     0.000   Torsion =     0.000
===============================================================================

 NSTEP =   160000   TIME(PS) =     320.000  TEMP(K) =   310.63  PRESS =     0.0
 Etot   =    -29822.8583  EKtot   =     28647.9961  EPtot      =    -58470.8544
 BOND   =      1693.3264  ANGLE   =      8621.4997  DIHED      =      5657.4596
 UB     =      2502.5714  IMP     =        -2.0908  CMAP       =         0.0000
 1-4 NB =       440.9339  1-4 EEL =     -2566.0564  VDWAALS    =     -1742.9473
 EELEC  =    -73095.0405  EHBOND  =         0.0000  RESTRAINT  =        19.4896
 EAMBER (non-restraint)  =    -58490.3441
 ------------------------------------------------------------------------------

 NMR restraints: Bond =    0.604   Angle =     0.000   Torsion =     0.000
===============================================================================

 NSTEP =   165000   TIME(PS) =     330.000  TEMP(K) =   308.30  PRESS =     0.0
 Etot   =    -30216.3625  EKtot   =     28433.4082  EPtot      =    -58649.7707
 BOND   =      1763.9984  ANGLE   =      8557.7403  DIHED      =      5712.4294
 UB     =      2507.4430  IMP     =        -1.6108  CMAP       =         0.0000
 1-4 NB =       434.0329  1-4 EEL =     -2582.8696  VDWAALS    =     -2015.5734
 EELEC  =    -73042.0811  EHBOND  =         0.0000  RESTRAINT  =        16.7202
 EAMBER (non-restraint)  =    -58666.4909
 ------------------------------------------------------------------------------

 NMR restraints: Bond =    0.594   Angle =     0.000   Torsion =     0.000
===============================================================================

 NSTEP =   170000   TIME(PS) =     340.000  TEMP(K) =   309.39  PRESS =     0.0
 Etot   =    -29685.0542  EKtot   =     28534.0957  EPtot      =    -58219.1499
 BOND   =      1799.9546  ANGLE   =      8612.7262  DIHED      =      5682.0354
 UB     =      2530.8346  IMP     =        -1.4148  CMAP       =         0.0000
 1-4 NB =       395.2594  1-4 EEL =     -2485.6771  VDWAALS    =     -1890.5202
 EELEC  =    -72879.2283  EHBOND  =         0.0000  RESTRAINT  =        16.8802
 EAMBER (non-restraint)  =    -58236.0301
 ------------------------------------------------------------------------------

 NMR restraints: Bond =    0.195   Angle =     0.000   Torsion =     0.000
===============================================================================

 NSTEP =   175000   TIME(PS) =     350.000  TEMP(K) =   309.29  PRESS =     0.0
 Etot   =    -29973.6107  EKtot   =     28524.8789  EPtot      =    -58498.4896
 BOND   =      1725.3653  ANGLE   =      8537.7051  DIHED      =      5654.2339
 UB     =      2495.7499  IMP     =        -1.3807  CMAP       =         0.0000
 1-4 NB =       430.4905  1-4 EEL =     -2572.7287  VDWAALS    =     -1998.0856
 EELEC  =    -72786.3407  EHBOND  =         0.0000  RESTRAINT  =        16.5015
 EAMBER (non-restraint)  =    -58514.9911
 ------------------------------------------------------------------------------

 NMR restraints: Bond =    0.365   Angle =     0.000   Torsion =     0.000
===============================================================================

 NSTEP =   180000   TIME(PS) =     360.000  TEMP(K) =   311.98  PRESS =     0.0
 Etot   =    -29813.4245  EKtot   =     28772.7676  EPtot      =    -58586.1920
 BOND   =      1792.5853  ANGLE   =      8604.8915  DIHED      =      5649.5940
 UB     =      2535.9359  IMP     =        -1.7867  CMAP       =         0.0000
 1-4 NB =       418.3246  1-4 EEL =     -2471.6744  VDWAALS    =     -1886.7064
 EELEC  =    -73243.3573  EHBOND  =         0.0000  RESTRAINT  =        16.0014
 EAMBER (non-restraint)  =    -58602.1934
 ------------------------------------------------------------------------------

 NMR restraints: Bond =    0.000   Angle =     0.000   Torsion =     0.000
===============================================================================

 NSTEP =   185000   TIME(PS) =     370.000  TEMP(K) =   309.78  PRESS =     0.0
 Etot   =    -29823.3254  EKtot   =     28570.1426  EPtot      =    -58393.4680
 BOND   =      1799.1080  ANGLE   =      8524.2860  DIHED      =      5703.1452
 UB     =      2500.4773  IMP     =        -1.4987  CMAP       =         0.0000
 1-4 NB =       420.8087  1-4 EEL =     -2542.7771  VDWAALS    =     -2080.8529
 EELEC  =    -72731.0281  EHBOND  =         0.0000  RESTRAINT  =        14.8636
 EAMBER (non-restraint)  =    -58408.3316
 ------------------------------------------------------------------------------

 NMR restraints: Bond =    0.080   Angle =     0.000   Torsion =     0.000
===============================================================================

 NSTEP =   190000   TIME(PS) =     380.000  TEMP(K) =   311.88  PRESS =     0.0
 Etot   =    -29670.5381  EKtot   =     28763.6426  EPtot      =    -58434.1807
 BOND   =      1805.5790  ANGLE   =      8493.8429  DIHED      =      5695.5461
 UB     =      2521.1415  IMP     =        -0.9679  CMAP       =         0.0000
 1-4 NB =       418.8556  1-4 EEL =     -2514.3570  VDWAALS    =     -1984.3727
 EELEC  =    -72891.3901  EHBOND  =         0.0000  RESTRAINT  =        21.9420
 EAMBER (non-restraint)  =    -58456.1227
 ------------------------------------------------------------------------------

 NMR restraints: Bond =    0.494   Angle =     0.000   Torsion =     0.000
===============================================================================

 NSTEP =   195000   TIME(PS) =     390.000  TEMP(K) =   310.18  PRESS =     0.0
 Etot   =    -29858.4272  EKtot   =     28606.6406  EPtot      =    -58465.0678
 BOND   =      1742.4509  ANGLE   =      8577.4423  DIHED      =      5760.8138
 UB     =      2522.4814  IMP     =        -1.7415  CMAP       =         0.0000
 1-4 NB =       458.4284  1-4 EEL =     -2654.6065  VDWAALS    =     -1917.5145
 EELEC  =    -72970.7848  EHBOND  =         0.0000  RESTRAINT  =        17.9627
 EAMBER (non-restraint)  =    -58483.0306
 ------------------------------------------------------------------------------

 NMR restraints: Bond =    0.015   Angle =     0.000   Torsion =     0.000
===============================================================================

 NSTEP =   200000   TIME(PS) =     400.000  TEMP(K) =   310.40  PRESS =     0.0
 Etot   =    -29678.0685  EKtot   =     28626.8613  EPtot      =    -58304.9298
 BOND   =      1762.5829  ANGLE   =      8578.7284  DIHED      =      5735.2163
 UB     =      2509.2746  IMP     =        -1.7346  CMAP       =         0.0000
 1-4 NB =       427.4346  1-4 EEL =     -2528.4212  VDWAALS    =     -2035.3982
 EELEC  =    -72777.9432  EHBOND  =         0.0000  RESTRAINT  =        25.3305
 EAMBER (non-restraint)  =    -58330.2603
 ------------------------------------------------------------------------------

 NMR restraints: Bond =    0.104   Angle =     0.000   Torsion =     0.000
===============================================================================

 NSTEP =   205000   TIME(PS) =     410.000  TEMP(K) =   309.34  PRESS =     0.0
 Etot   =    -29903.0742  EKtot   =     28528.9277  EPtot      =    -58432.0019
 BOND   =      1753.9355  ANGLE   =      8539.1864  DIHED      =      5720.9424
 UB     =      2504.8682  IMP     =        -1.4513  CMAP       =         0.0000
 1-4 NB =       448.3990  1-4 EEL =     -2492.7576  VDWAALS    =     -1711.4918
 EELEC  =    -73214.4525  EHBOND  =         0.0000  RESTRAINT  =        20.8198
 EAMBER (non-restraint)  =    -58452.8217
 ------------------------------------------------------------------------------

 NMR restraints: Bond =    0.016   Angle =     0.000   Torsion =     0.000
===============================================================================

 NSTEP =   210000   TIME(PS) =     420.000  TEMP(K) =   307.65  PRESS =     0.0
 Etot   =    -30280.6526  EKtot   =     28373.9199  EPtot      =    -58654.5725
 BOND   =      1771.3988  ANGLE   =      8480.6573  DIHED      =      5730.8088
 UB     =      2481.7856  IMP     =        -2.0593  CMAP       =         0.0000
 1-4 NB =       442.7029  1-4 EEL =     -2622.3563  VDWAALS    =     -2056.4812
 EELEC  =    -72898.7917  EHBOND  =         0.0000  RESTRAINT  =        17.7626
 EAMBER (non-restraint)  =    -58672.3351
 ------------------------------------------------------------------------------

 NMR restraints: Bond =    0.556   Angle =     0.000   Torsion =     0.000
===============================================================================

 NSTEP =   215000   TIME(PS) =     430.000  TEMP(K) =   310.25  PRESS =     0.0
 Etot   =    -29958.1683  EKtot   =     28613.0586  EPtot      =    -58571.2269
 BOND   =      1766.3967  ANGLE   =      8535.9978  DIHED      =      5668.7944
 UB     =      2495.3378  IMP     =        -1.6573  CMAP       =         0.0000
 1-4 NB =       435.1472  1-4 EEL =     -2526.4519  VDWAALS    =     -2018.6570
 EELEC  =    -72944.9850  EHBOND  =         0.0000  RESTRAINT  =        18.8502
 EAMBER (non-restraint)  =    -58590.0771
 ------------------------------------------------------------------------------

 NMR restraints: Bond =    0.001   Angle =     0.000   Torsion =     0.000
===============================================================================

 NSTEP =   220000   TIME(PS) =     440.000  TEMP(K) =   307.75  PRESS =     0.0
 Etot   =    -30125.3253  EKtot   =     28382.4082  EPtot      =    -58507.7335
 BOND   =      1764.5826  ANGLE   =      8522.1839  DIHED      =      5681.0384
 UB     =      2492.3724  IMP     =        -2.0706  CMAP       =         0.0000
 1-4 NB =       409.0963  1-4 EEL =     -2471.4407  VDWAALS    =     -2016.2945
 EELEC  =    -72904.8465  EHBOND  =         0.0000  RESTRAINT  =        17.6452
 EAMBER (non-restraint)  =    -58525.3787
 ------------------------------------------------------------------------------

 NMR restraints: Bond =    0.271   Angle =     0.000   Torsion =     0.000
===============================================================================

 NSTEP =   225000   TIME(PS) =     450.000  TEMP(K) =   308.71  PRESS =     0.0
 Etot   =    -29669.7115  EKtot   =     28471.3730  EPtot      =    -58141.0845
 BOND   =      1821.2638  ANGLE   =      8628.1631  DIHED      =      5708.3223
 UB     =      2569.6241  IMP     =        -2.0114  CMAP       =         0.0000
 1-4 NB =       446.9449  1-4 EEL =     -2504.9240  VDWAALS    =     -2045.3314
 EELEC  =    -72782.2004  EHBOND  =         0.0000  RESTRAINT  =        19.0644
 EAMBER (non-restraint)  =    -58160.1490
 ------------------------------------------------------------------------------

 NMR restraints: Bond =    0.239   Angle =     0.000   Torsion =     0.000
===============================================================================

 NSTEP =   230000   TIME(PS) =     460.000  TEMP(K) =   311.20  PRESS =     0.0
 Etot   =    -29588.6414  EKtot   =     28700.5352  EPtot      =    -58289.1766
 BOND   =      1776.7027  ANGLE   =      8655.3123  DIHED      =      5683.9640
 UB     =      2538.5597  IMP     =        -1.6800  CMAP       =         0.0000
 1-4 NB =       466.8117  1-4 EEL =     -2456.6028  VDWAALS    =     -1561.6972
 EELEC  =    -73407.6821  EHBOND  =         0.0000  RESTRAINT  =        17.1352
 EAMBER (non-restraint)  =    -58306.3118
 ------------------------------------------------------------------------------

 NMR restraints: Bond =    0.222   Angle =     0.000   Torsion =     0.000
===============================================================================

 NSTEP =   235000   TIME(PS) =     470.000  TEMP(K) =   311.04  PRESS =     0.0
 Etot   =    -29707.3341  EKtot   =     28686.4727  EPtot      =    -58393.8067
 BOND   =      1735.2498  ANGLE   =      8563.8039  DIHED      =      5688.8711
 UB     =      2534.7508  IMP     =        -0.7633  CMAP       =         0.0000
 1-4 NB =       444.6982  1-4 EEL =     -2505.3126  VDWAALS    =     -2055.5472
 EELEC  =    -72814.3889  EHBOND  =         0.0000  RESTRAINT  =        14.8316
 EAMBER (non-restraint)  =    -58408.6383
 ------------------------------------------------------------------------------

 NMR restraints: Bond =    0.045   Angle =     0.000   Torsion =     0.000
===============================================================================

 NSTEP =   240000   TIME(PS) =     480.000  TEMP(K) =   310.64  PRESS =     0.0
 Etot   =    -30009.4362  EKtot   =     28649.4180  EPtot      =    -58658.8542
 BOND   =      1752.6985  ANGLE   =      8543.3659  DIHED      =      5672.0885
 UB     =      2500.0760  IMP     =        -1.5651  CMAP       =         0.0000
 1-4 NB =       432.6916  1-4 EEL =     -2482.8405  VDWAALS    =     -1948.8050
 EELEC  =    -73153.0330  EHBOND  =         0.0000  RESTRAINT  =        26.4687
 EAMBER (non-restraint)  =    -58685.3229
 ------------------------------------------------------------------------------

 NMR restraints: Bond =    0.232   Angle =     0.000   Torsion =     0.000
===============================================================================

 NSTEP =   245000   TIME(PS) =     490.000  TEMP(K) =   313.75  PRESS =     0.0
 Etot   =    -29292.0727  EKtot   =     28936.4043  EPtot      =    -58228.4770
 BOND   =      1789.2594  ANGLE   =      8598.9504  DIHED      =      5732.1269
 UB     =      2523.4643  IMP     =        -1.8994  CMAP       =         0.0000
 1-4 NB =       459.5289  1-4 EEL =     -2557.1253  VDWAALS    =     -2012.8307
 EELEC  =    -72783.6019  EHBOND  =         0.0000  RESTRAINT  =        23.6504
 EAMBER (non-restraint)  =    -58252.1274
 ------------------------------------------------------------------------------

 NMR restraints: Bond =    0.001   Angle =     0.000   Torsion =     0.000
===============================================================================

 NSTEP =   250000   TIME(PS) =     500.000  TEMP(K) =   308.25  PRESS =     0.0
 Etot   =    -29769.9917  EKtot   =     28429.0605  EPtot      =    -58199.0523
 BOND   =      1742.8710  ANGLE   =      8589.6001  DIHED      =      5731.0603
 UB     =      2552.3527  IMP     =        -1.3856  CMAP       =         0.0000
 1-4 NB =       455.0850  1-4 EEL =     -2518.4102  VDWAALS    =     -2079.9208
 EELEC  =    -72683.2693  EHBOND  =         0.0000  RESTRAINT  =        12.9644
 EAMBER (non-restraint)  =    -58212.0167
 ------------------------------------------------------------------------------

 NMR restraints: Bond =    0.005   Angle =     0.000   Torsion =     0.000
===============================================================================

 NSTEP =   255000   TIME(PS) =     510.000  TEMP(K) =   312.50  PRESS =     0.0
 Etot   =    -29661.8893  EKtot   =     28820.3945  EPtot      =    -58482.2838
 BOND   =      1783.5606  ANGLE   =      8524.1679  DIHED      =      5698.0121
 UB     =      2493.9572  IMP     =        -0.9417  CMAP       =         0.0000
 1-4 NB =       424.3099  1-4 EEL =     -2629.7306  VDWAALS    =     -1839.1497
 EELEC  =    -72948.2095  EHBOND  =         0.0000  RESTRAINT  =        11.7401
 EAMBER (non-restraint)  =    -58494.0239
 ------------------------------------------------------------------------------

 NMR restraints: Bond =    0.013   Angle =     0.000   Torsion =     0.000
===============================================================================

 NSTEP =   260000   TIME(PS) =     520.000  TEMP(K) =   308.52  PRESS =     0.0
 Etot   =    -30021.8285  EKtot   =     28453.3242  EPtot      =    -58475.1527
 BOND   =      1773.1586  ANGLE   =      8645.9848  DIHED      =      5705.6616
 UB     =      2542.7253  IMP     =        -2.3300  CMAP       =         0.0000
 1-4 NB =       444.6658  1-4 EEL =     -2671.1487  VDWAALS    =     -1979.3766
 EELEC  =    -72951.5819  EHBOND  =         0.0000  RESTRAINT  =        17.0885
 EAMBER (non-restraint)  =    -58492.2411
 ------------------------------------------------------------------------------

 NMR restraints: Bond =    0.917   Angle =     0.000   Torsion =     0.000
===============================================================================

 NSTEP =   265000   TIME(PS) =     530.000  TEMP(K) =   309.15  PRESS =     0.0
 Etot   =    -29772.0877  EKtot   =     28511.8184  EPtot      =    -58283.9061
 BOND   =      1822.4075  ANGLE   =      8547.2829  DIHED      =      5636.5406
 UB     =      2509.1519  IMP     =        -1.7075  CMAP       =         0.0000
 1-4 NB =       449.0322  1-4 EEL =     -2553.8722  VDWAALS    =     -2110.5474
 EELEC  =    -72597.7174  EHBOND  =         0.0000  RESTRAINT  =        15.5233
 EAMBER (non-restraint)  =    -58299.4293
 ------------------------------------------------------------------------------

 NMR restraints: Bond =    0.001   Angle =     0.000   Torsion =     0.000
===============================================================================

 NSTEP =   270000   TIME(PS) =     540.000  TEMP(K) =   306.82  PRESS =     0.0
 Etot   =    -29942.6336  EKtot   =     28297.3398  EPtot      =    -58239.9735
 BOND   =      1747.8228  ANGLE   =      8607.7246  DIHED      =      5643.0078
 UB     =      2499.6231  IMP     =        -1.6328  CMAP       =         0.0000
 1-4 NB =       446.4359  1-4 EEL =     -2498.7955  VDWAALS    =     -2018.1729
 EELEC  =    -72681.7588  EHBOND  =         0.0000  RESTRAINT  =        15.7724
 EAMBER (non-restraint)  =    -58255.7459
 ------------------------------------------------------------------------------

 NMR restraints: Bond =    0.255   Angle =     0.000   Torsion =     0.000
===============================================================================

 NSTEP =   275000   TIME(PS) =     550.000  TEMP(K) =   310.79  PRESS =     0.0
 Etot   =    -29676.9634  EKtot   =     28663.0977  EPtot      =    -58340.0610
 BOND   =      1784.1884  ANGLE   =      8580.0334  DIHED      =      5734.3210
 UB     =      2535.7760  IMP     =        -2.8010  CMAP       =         0.0000
 1-4 NB =       440.7901  1-4 EEL =     -2597.8080  VDWAALS    =     -1790.2911
 EELEC  =    -73040.6304  EHBOND  =         0.0000  RESTRAINT  =        16.3607
 EAMBER (non-restraint)  =    -58356.4217
 ------------------------------------------------------------------------------

 NMR restraints: Bond =    0.006   Angle =     0.000   Torsion =     0.000
===============================================================================

 NSTEP =   280000   TIME(PS) =     560.000  TEMP(K) =   308.30  PRESS =     0.0
 Etot   =    -30044.4725  EKtot   =     28433.6836  EPtot      =    -58478.1561
 BOND   =      1762.4917  ANGLE   =      8640.1416  DIHED      =      5649.9854
 UB     =      2517.2508  IMP     =        -1.5907  CMAP       =         0.0000
 1-4 NB =       442.9733  1-4 EEL =     -2586.7661  VDWAALS    =     -1743.7791
 EELEC  =    -73175.4939  EHBOND  =         0.0000  RESTRAINT  =        16.6310
 EAMBER (non-restraint)  =    -58494.7871
 ------------------------------------------------------------------------------

 NMR restraints: Bond =    0.006   Angle =     0.000   Torsion =     0.000
===============================================================================

 NSTEP =   285000   TIME(PS) =     570.000  TEMP(K) =   307.67  PRESS =     0.0
 Etot   =    -30013.3049  EKtot   =     28375.2266  EPtot      =    -58388.5315
 BOND   =      1750.9086  ANGLE   =      8575.9784  DIHED      =      5715.8083
 UB     =      2492.9490  IMP     =        -1.0412  CMAP       =         0.0000
 1-4 NB =       448.4683  1-4 EEL =     -2540.3553  VDWAALS    =     -2063.3889
 EELEC  =    -72789.1306  EHBOND  =         0.0000  RESTRAINT  =        21.2719
 EAMBER (non-restraint)  =    -58409.8034
 ------------------------------------------------------------------------------

 NMR restraints: Bond =    0.001   Angle =     0.000   Torsion =     0.000
===============================================================================

 NSTEP =   290000   TIME(PS) =     580.000  TEMP(K) =   313.22  PRESS =     0.0
 Etot   =    -29753.5011  EKtot   =     28886.9512  EPtot      =    -58640.4523
 BOND   =      1784.1560  ANGLE   =      8489.1729  DIHED      =      5622.9138
 UB     =      2520.3748  IMP     =        -1.3496  CMAP       =         0.0000
 1-4 NB =       434.5460  1-4 EEL =     -2480.7790  VDWAALS    =     -1890.9196
 EELEC  =    -73135.8136  EHBOND  =         0.0000  RESTRAINT  =        17.2459
 EAMBER (non-restraint)  =    -58657.6982
 ------------------------------------------------------------------------------

 NMR restraints: Bond =    0.064   Angle =     0.000   Torsion =     0.000
===============================================================================

 NSTEP =   295000   TIME(PS) =     590.000  TEMP(K) =   311.14  PRESS =     0.0
 Etot   =    -29742.6039  EKtot   =     28695.8223  EPtot      =    -58438.4262
 BOND   =      1794.5365  ANGLE   =      8604.3647  DIHED      =      5683.3591
 UB     =      2549.8437  IMP     =        -2.0134  CMAP       =         0.0000
 1-4 NB =       443.6812  1-4 EEL =     -2534.0884  VDWAALS    =     -1946.5975
 EELEC  =    -73046.1456  EHBOND  =         0.0000  RESTRAINT  =        14.6336
 EAMBER (non-restraint)  =    -58453.0597
 ------------------------------------------------------------------------------

 NMR restraints: Bond =    0.076   Angle =     0.000   Torsion =     0.000
===============================================================================

 NSTEP =   300000   TIME(PS) =     600.000  TEMP(K) =   309.72  PRESS =     0.0
 Etot   =    -29878.1461  EKtot   =     28564.8496  EPtot      =    -58442.9957
 BOND   =      1748.6282  ANGLE   =      8572.2001  DIHED      =      5696.2791
 UB     =      2507.0654  IMP     =        -1.2017  CMAP       =         0.0000
 1-4 NB =       442.4744  1-4 EEL =     -2560.7627  VDWAALS    =     -1932.0147
 EELEC  =    -72937.9089  EHBOND  =         0.0000  RESTRAINT  =        22.2450
 EAMBER (non-restraint)  =    -58465.2407
 ------------------------------------------------------------------------------

 NMR restraints: Bond =    0.135   Angle =     0.000   Torsion =     0.000
===============================================================================

 NSTEP =   305000   TIME(PS) =     610.000  TEMP(K) =   309.51  PRESS =     0.0
 Etot   =    -29649.3048  EKtot   =     28544.9512  EPtot      =    -58194.2560
 BOND   =      1772.3067  ANGLE   =      8703.6493  DIHED      =      5725.3614
 UB     =      2551.5914  IMP     =        -1.7079  CMAP       =         0.0000
 1-4 NB =       454.4319  1-4 EEL =     -2592.5852  VDWAALS    =     -1758.7036
 EELEC  =    -73067.1289  EHBOND  =         0.0000  RESTRAINT  =        18.5288
 EAMBER (non-restraint)  =    -58212.7848
 ------------------------------------------------------------------------------

 NMR restraints: Bond =    0.725   Angle =     0.000   Torsion =     0.000
===============================================================================

 NSTEP =   310000   TIME(PS) =     620.000  TEMP(K) =   307.10  PRESS =     0.0
 Etot   =    -30078.3081  EKtot   =     28322.6719  EPtot      =    -58400.9800
 BOND   =      1785.3914  ANGLE   =      8617.4692  DIHED      =      5730.2202
 UB     =      2517.3131  IMP     =        -2.1754  CMAP       =         0.0000
 1-4 NB =       437.3991  1-4 EEL =     -2504.9476  VDWAALS    =     -1978.7844
 EELEC  =    -73021.8608  EHBOND  =         0.0000  RESTRAINT  =        18.9955
 EAMBER (non-restraint)  =    -58419.9754
 ------------------------------------------------------------------------------

 NMR restraints: Bond =    0.020   Angle =     0.000   Torsion =     0.000
===============================================================================

 NSTEP =   315000   TIME(PS) =     630.000  TEMP(K) =   308.92  PRESS =     0.0
 Etot   =    -29695.4544  EKtot   =     28490.7734  EPtot      =    -58186.2278
 BOND   =      1830.8597  ANGLE   =      8620.0689  DIHED      =      5697.2999
 UB     =      2544.4673  IMP     =        -0.5570  CMAP       =         0.0000
 1-4 NB =       457.4939  1-4 EEL =     -2560.9948  VDWAALS    =     -1965.5922
 EELEC  =    -72824.1459  EHBOND  =         0.0000  RESTRAINT  =        14.8725
 EAMBER (non-restraint)  =    -58201.1003
 ------------------------------------------------------------------------------

 NMR restraints: Bond =    0.013   Angle =     0.000   Torsion =     0.000
===============================================================================

 NSTEP =   320000   TIME(PS) =     640.000  TEMP(K) =   311.66  PRESS =     0.0
 Etot   =    -29297.8576  EKtot   =     28743.4453  EPtot      =    -58041.3029
 BOND   =      1755.6660  ANGLE   =      8714.1909  DIHED      =      5713.4377
 UB     =      2551.5832  IMP     =        -2.6394  CMAP       =         0.0000
 1-4 NB =       449.0601  1-4 EEL =     -2563.2047  VDWAALS    =     -1944.7408
 EELEC  =    -72741.4148  EHBOND  =         0.0000  RESTRAINT  =        26.7590
 EAMBER (non-restraint)  =    -58068.0619
 ------------------------------------------------------------------------------

 NMR restraints: Bond =    0.033   Angle =     0.000   Torsion =     0.000
===============================================================================

 NSTEP =   325000   TIME(PS) =     650.000  TEMP(K) =   311.64  PRESS =     0.0
 Etot   =    -29832.0872  EKtot   =     28741.2852  EPtot      =    -58573.3723
 BOND   =      1803.0967  ANGLE   =      8653.5339  DIHED      =      5604.9554
 UB     =      2527.1716  IMP     =        -1.3089  CMAP       =         0.0000
 1-4 NB =       414.9424  1-4 EEL =     -2462.6742  VDWAALS    =     -1952.1306
 EELEC  =    -73180.1079  EHBOND  =         0.0000  RESTRAINT  =        19.1494
 EAMBER (non-restraint)  =    -58592.5217
 ------------------------------------------------------------------------------

 NMR restraints: Bond =    0.118   Angle =     0.000   Torsion =     0.000
===============================================================================

 NSTEP =   330000   TIME(PS) =     660.000  TEMP(K) =   312.65  PRESS =     0.0
 Etot   =    -29469.3953  EKtot   =     28834.3320  EPtot      =    -58303.7273
 BOND   =      1804.4195  ANGLE   =      8658.7657  DIHED      =      5684.7445
 UB     =      2543.7797  IMP     =        -1.7180  CMAP       =         0.0000
 1-4 NB =       430.1024  1-4 EEL =     -2469.7567  VDWAALS    =     -1796.4712
 EELEC  =    -73171.5917  EHBOND  =         0.0000  RESTRAINT  =        13.9984
 EAMBER (non-restraint)  =    -58317.7256
 ------------------------------------------------------------------------------

 NMR restraints: Bond =    0.027   Angle =     0.000   Torsion =     0.000
===============================================================================

 NSTEP =   335000   TIME(PS) =     670.000  TEMP(K) =   310.95  PRESS =     0.0
 Etot   =    -30008.3738  EKtot   =     28678.1523  EPtot      =    -58686.5261
 BOND   =      1797.8425  ANGLE   =      8469.0154  DIHED      =      5647.5150
 UB     =      2492.6124  IMP     =        -1.1730  CMAP       =         0.0000
 1-4 NB =       432.4198  1-4 EEL =     -2422.7977  VDWAALS    =     -1944.0585
 EELEC  =    -73175.5118  EHBOND  =         0.0000  RESTRAINT  =        17.6099
 EAMBER (non-restraint)  =    -58704.1360
 ------------------------------------------------------------------------------

 NMR restraints: Bond =    0.005   Angle =     0.000   Torsion =     0.000
===============================================================================

 NSTEP =   340000   TIME(PS) =     680.000  TEMP(K) =   309.86  PRESS =     0.0
 Etot   =    -29454.4200  EKtot   =     28577.6836  EPtot      =    -58032.1036
 BOND   =      1734.4170  ANGLE   =      8704.7486  DIHED      =      5703.2341
 UB     =      2535.5911  IMP     =        -2.3320  CMAP       =         0.0000
 1-4 NB =       448.0889  1-4 EEL =     -2448.7830  VDWAALS    =     -1875.9203
 EELEC  =    -72851.0405  EHBOND  =         0.0000  RESTRAINT  =        19.8925
 EAMBER (non-restraint)  =    -58051.9961
 ------------------------------------------------------------------------------

 NMR restraints: Bond =    0.007   Angle =     0.000   Torsion =     0.000
===============================================================================

 NSTEP =   345000   TIME(PS) =     690.000  TEMP(K) =   310.92  PRESS =     0.0
 Etot   =    -29602.7126  EKtot   =     28675.3535  EPtot      =    -58278.0661
 BOND   =      1737.8795  ANGLE   =      8520.4763  DIHED      =      5718.1199
 UB     =      2464.5224  IMP     =        -2.4709  CMAP       =         0.0000
 1-4 NB =       433.9488  1-4 EEL =     -2464.5119  VDWAALS    =     -2050.0197
 EELEC  =    -72648.4176  EHBOND  =         0.0000  RESTRAINT  =        12.4073
 EAMBER (non-restraint)  =    -58290.4733
 ------------------------------------------------------------------------------

 NMR restraints: Bond =    0.069   Angle =     0.000   Torsion =     0.000
===============================================================================

 NSTEP =   350000   TIME(PS) =     700.000  TEMP(K) =   310.09  PRESS =     0.0
 Etot   =    -29705.7137  EKtot   =     28598.9805  EPtot      =    -58304.6942
 BOND   =      1774.8797  ANGLE   =      8679.9546  DIHED      =      5672.7250
 UB     =      2518.0422  IMP     =        -1.8686  CMAP       =         0.0000
 1-4 NB =       422.4945  1-4 EEL =     -2418.3678  VDWAALS    =     -1706.4693
 EELEC  =    -73265.1809  EHBOND  =         0.0000  RESTRAINT  =        19.0964
 EAMBER (non-restraint)  =    -58323.7906
 ------------------------------------------------------------------------------

 NMR restraints: Bond =    0.016   Angle =     0.000   Torsion =     0.000
===============================================================================

 NSTEP =   355000   TIME(PS) =     710.000  TEMP(K) =   311.59  PRESS =     0.0
 Etot   =    -29255.3562  EKtot   =     28736.4297  EPtot      =    -57991.7859
 BOND   =      1830.8848  ANGLE   =      8574.3705  DIHED      =      5728.8348
 UB     =      2536.9998  IMP     =        -1.9845  CMAP       =         0.0000
 1-4 NB =       415.4355  1-4 EEL =     -2360.9785  VDWAALS    =     -2008.3534
 EELEC  =    -72722.3699  EHBOND  =         0.0000  RESTRAINT  =        15.3749
 EAMBER (non-restraint)  =    -58007.1608
 ------------------------------------------------------------------------------

 NMR restraints: Bond =    0.061   Angle =     0.000   Torsion =     0.000
===============================================================================

 NSTEP =   360000   TIME(PS) =     720.000  TEMP(K) =   308.39  PRESS =     0.0
 Etot   =    -29859.7591  EKtot   =     28441.7734  EPtot      =    -58301.5325
 BOND   =      1719.9755  ANGLE   =      8629.8227  DIHED      =      5711.6981
 UB     =      2513.9950  IMP     =        -1.4987  CMAP       =         0.0000
 1-4 NB =       442.3749  1-4 EEL =     -2440.3982  VDWAALS    =     -1745.8312
 EELEC  =    -73143.5885  EHBOND  =         0.0000  RESTRAINT  =        11.9179
 EAMBER (non-restraint)  =    -58313.4504
 ------------------------------------------------------------------------------

 NMR restraints: Bond =    0.069   Angle =     0.000   Torsion =     0.000
===============================================================================

 NSTEP =   365000   TIME(PS) =     730.000  TEMP(K) =   312.45  PRESS =     0.0
 Etot   =    -29354.1454  EKtot   =     28816.2188  EPtot      =    -58170.3641
 BOND   =      1719.9810  ANGLE   =      8617.6965  DIHED      =      5676.5615
 UB     =      2514.9437  IMP     =        -1.7294  CMAP       =         0.0000
 1-4 NB =       438.5080  1-4 EEL =     -2398.9113  VDWAALS    =     -1967.2616
 EELEC  =    -72794.2701  EHBOND  =         0.0000  RESTRAINT  =        24.1176
 EAMBER (non-restraint)  =    -58194.4817
 ------------------------------------------------------------------------------

 NMR restraints: Bond =    0.573   Angle =     0.000   Torsion =     0.000
===============================================================================

 NSTEP =   370000   TIME(PS) =     740.000  TEMP(K) =   310.23  PRESS =     0.0
 Etot   =    -29593.2740  EKtot   =     28611.6172  EPtot      =    -58204.8912
 BOND   =      1800.4314  ANGLE   =      8652.1251  DIHED      =      5677.1036
 UB     =      2530.3971  IMP     =        -0.8662  CMAP       =         0.0000
 1-4 NB =       417.4957  1-4 EEL =     -2292.3073  VDWAALS    =     -1993.6616
 EELEC  =    -73014.1028  EHBOND  =         0.0000  RESTRAINT  =        18.4938
 EAMBER (non-restraint)  =    -58223.3850
 ------------------------------------------------------------------------------

 NMR restraints: Bond =    0.973   Angle =     0.000   Torsion =     0.000
===============================================================================

 NSTEP =   375000   TIME(PS) =     750.000  TEMP(K) =   309.64  PRESS =     0.0
 Etot   =    -29519.1472  EKtot   =     28557.1309  EPtot      =    -58076.2780
 BOND   =      1736.5390  ANGLE   =      8752.5878  DIHED      =      5712.2254
 UB     =      2556.2606  IMP     =        -1.5254  CMAP       =         0.0000
 1-4 NB =       444.8619  1-4 EEL =     -2362.9869  VDWAALS    =     -1933.1006
 EELEC  =    -73001.1172  EHBOND  =         0.0000  RESTRAINT  =        19.9773
 EAMBER (non-restraint)  =    -58096.2553
 ------------------------------------------------------------------------------

 NMR restraints: Bond =    2.251   Angle =     0.000   Torsion =     0.000
===============================================================================

 NSTEP =   380000   TIME(PS) =     760.000  TEMP(K) =   309.16  PRESS =     0.0
 Etot   =    -29846.7594  EKtot   =     28512.4004  EPtot      =    -58359.1598
 BOND   =      1795.2114  ANGLE   =      8513.2286  DIHED      =      5770.2521
 UB     =      2526.4585  IMP     =        -2.8227  CMAP       =         0.0000
 1-4 NB =       461.3606  1-4 EEL =     -2548.6259  VDWAALS    =     -1903.8501
 EELEC  =    -72983.0740  EHBOND  =         0.0000  RESTRAINT  =        12.7017
 EAMBER (non-restraint)  =    -58371.8615
 ------------------------------------------------------------------------------

 NMR restraints: Bond =    0.544   Angle =     0.000   Torsion =     0.000
===============================================================================

 NSTEP =   385000   TIME(PS) =     770.000  TEMP(K) =   311.28  PRESS =     0.0
 Etot   =    -29775.5518  EKtot   =     28708.0430  EPtot      =    -58483.5947
 BOND   =      1776.9158  ANGLE   =      8612.1560  DIHED      =      5695.5265
 UB     =      2517.1877  IMP     =        -1.5504  CMAP       =         0.0000
 1-4 NB =       421.3817  1-4 EEL =     -2380.9422  VDWAALS    =     -1864.4361
 EELEC  =    -73278.0643  EHBOND  =         0.0000  RESTRAINT  =        18.2306
 EAMBER (non-restraint)  =    -58501.8254
 ------------------------------------------------------------------------------

 NMR restraints: Bond =    0.053   Angle =     0.000   Torsion =     0.000
===============================================================================

 NSTEP =   390000   TIME(PS) =     780.000  TEMP(K) =   310.84  PRESS =     0.0
 Etot   =    -29487.0110  EKtot   =     28667.7344  EPtot      =    -58154.7454
 BOND   =      1790.0160  ANGLE   =      8592.1339  DIHED      =      5717.8101
 UB     =      2526.2256  IMP     =        -0.9241  CMAP       =         0.0000
 1-4 NB =       440.5686  1-4 EEL =     -2448.0950  VDWAALS    =     -2001.1712
 EELEC  =    -72788.1345  EHBOND  =         0.0000  RESTRAINT  =        16.8251
 EAMBER (non-restraint)  =    -58171.5705
 ------------------------------------------------------------------------------

 NMR restraints: Bond =    0.012   Angle =     0.000   Torsion =     0.000
===============================================================================

 NSTEP =   395000   TIME(PS) =     790.000  TEMP(K) =   311.63  PRESS =     0.0
 Etot   =    -29453.0065  EKtot   =     28740.4863  EPtot      =    -58193.4929
 BOND   =      1779.8517  ANGLE   =      8600.6179  DIHED      =      5662.2898
 UB     =      2508.5461  IMP     =        -2.2309  CMAP       =         0.0000
 1-4 NB =       432.3139  1-4 EEL =     -2448.6659  VDWAALS    =     -1899.3292
 EELEC  =    -72842.7231  EHBOND  =         0.0000  RESTRAINT  =        15.8369
 EAMBER (non-restraint)  =    -58209.3298
 ------------------------------------------------------------------------------

 NMR restraints: Bond =    0.008   Angle =     0.000   Torsion =     0.000
===============================================================================

 NSTEP =   400000   TIME(PS) =     800.000  TEMP(K) =   311.38  PRESS =     0.0
 Etot   =    -29787.4934  EKtot   =     28717.1523  EPtot      =    -58504.6457
 BOND   =      1745.4339  ANGLE   =      8583.7639  DIHED      =      5736.4503
 UB     =      2490.2694  IMP     =        -1.4209  CMAP       =         0.0000
 1-4 NB =       439.5084  1-4 EEL =     -2434.8314  VDWAALS    =     -1660.3283
 EELEC  =    -73422.8418  EHBOND  =         0.0000  RESTRAINT  =        19.3509
 EAMBER (non-restraint)  =    -58523.9966
 ------------------------------------------------------------------------------

 NMR restraints: Bond =    0.143   Angle =     0.000   Torsion =     0.000
===============================================================================

 NSTEP =   405000   TIME(PS) =     810.000  TEMP(K) =   310.60  PRESS =     0.0
 Etot   =    -29406.7544  EKtot   =     28645.6445  EPtot      =    -58052.3989
 BOND   =      1735.6544  ANGLE   =      8683.4142  DIHED      =      5774.5858
 UB     =      2550.4339  IMP     =        -1.9097  CMAP       =         0.0000
 1-4 NB =       449.5539  1-4 EEL =     -2632.6717  VDWAALS    =     -2006.9334
 EELEC  =    -72627.6480  EHBOND  =         0.0000  RESTRAINT  =        23.1216
 EAMBER (non-restraint)  =    -58075.5206
 ------------------------------------------------------------------------------

 NMR restraints: Bond =    0.366   Angle =     0.000   Torsion =     0.000
===============================================================================

 NSTEP =   410000   TIME(PS) =     820.000  TEMP(K) =   311.19  PRESS =     0.0
 Etot   =    -29745.7278  EKtot   =     28699.5879  EPtot      =    -58445.3157
 BOND   =      1759.1717  ANGLE   =      8486.3341  DIHED      =      5656.4817
 UB     =      2486.3639  IMP     =        -1.4127  CMAP       =         0.0000
 1-4 NB =       436.3439  1-4 EEL =     -2439.4635  VDWAALS    =     -1866.1878
 EELEC  =    -72978.0191  EHBOND  =         0.0000  RESTRAINT  =        15.0721
 EAMBER (non-restraint)  =    -58460.3878
 ------------------------------------------------------------------------------

 NMR restraints: Bond =    0.431   Angle =     0.000   Torsion =     0.000
===============================================================================

 NSTEP =   415000   TIME(PS) =     830.000  TEMP(K) =   309.28  PRESS =     0.0
 Etot   =    -29722.7867  EKtot   =     28523.6348  EPtot      =    -58246.4215
 BOND   =      1719.4590  ANGLE   =      8637.2172  DIHED      =      5750.4598
 UB     =      2548.9445  IMP     =        -1.6293  CMAP       =         0.0000
 1-4 NB =       466.3117  1-4 EEL =     -2467.4411  VDWAALS    =     -2080.1583
 EELEC  =    -72847.9901  EHBOND  =         0.0000  RESTRAINT  =        28.4052
 EAMBER (non-restraint)  =    -58274.8267
 ------------------------------------------------------------------------------

 NMR restraints: Bond =    0.138   Angle =     0.000   Torsion =     0.000
===============================================================================

 NSTEP =   420000   TIME(PS) =     840.000  TEMP(K) =   310.45  PRESS =     0.0
 Etot   =    -29596.2044  EKtot   =     28631.5977  EPtot      =    -58227.8021
 BOND   =      1772.9090  ANGLE   =      8597.7399  DIHED      =      5756.1850
 UB     =      2526.7040  IMP     =        -1.9054  CMAP       =         0.0000
 1-4 NB =       448.3687  1-4 EEL =     -2437.3435  VDWAALS    =     -1859.3844
 EELEC  =    -73050.1424  EHBOND  =         0.0000  RESTRAINT  =        19.0669
 EAMBER (non-restraint)  =    -58246.8690
 ------------------------------------------------------------------------------

 NMR restraints: Bond =    0.005   Angle =     0.000   Torsion =     0.000
===============================================================================

 NSTEP =   425000   TIME(PS) =     850.000  TEMP(K) =   313.62  PRESS =     0.0
 Etot   =    -29708.8511  EKtot   =     28923.7930  EPtot      =    -58632.6441
 BOND   =      1719.4403  ANGLE   =      8497.2604  DIHED      =      5658.8851
 UB     =      2489.9498  IMP     =        -1.3095  CMAP       =         0.0000
 1-4 NB =       417.0180  1-4 EEL =     -2327.4542  VDWAALS    =     -1877.9066
 EELEC  =    -73226.9330  EHBOND  =         0.0000  RESTRAINT  =        18.4056
 EAMBER (non-restraint)  =    -58651.0497
 ------------------------------------------------------------------------------

 NMR restraints: Bond =    0.139   Angle =     0.000   Torsion =     0.000
===============================================================================

 NSTEP =   430000   TIME(PS) =     860.000  TEMP(K) =   310.10  PRESS =     0.0
 Etot   =    -29830.0218  EKtot   =     28599.4199  EPtot      =    -58429.4418
 BOND   =      1760.3891  ANGLE   =      8596.5347  DIHED      =      5653.7600
 UB     =      2543.4525  IMP     =        -1.2781  CMAP       =         0.0000
 1-4 NB =       443.5093  1-4 EEL =     -2423.5080  VDWAALS    =     -1827.4690
 EELEC  =    -73192.9912  EHBOND  =         0.0000  RESTRAINT  =        18.1590
 EAMBER (non-restraint)  =    -58447.6007
 ------------------------------------------------------------------------------

 NMR restraints: Bond =    0.092   Angle =     0.000   Torsion =     0.000
===============================================================================

 NSTEP =   435000   TIME(PS) =     870.000  TEMP(K) =   310.31  PRESS =     0.0
 Etot   =    -29607.6582  EKtot   =     28618.8633  EPtot      =    -58226.5215
 BOND   =      1785.8419  ANGLE   =      8527.6148  DIHED      =      5751.9236
 UB     =      2510.7708  IMP     =        -1.9150  CMAP       =         0.0000
 1-4 NB =       444.8064  1-4 EEL =     -2419.4554  VDWAALS    =     -2072.8018
 EELEC  =    -72771.6374  EHBOND  =         0.0000  RESTRAINT  =        18.3307
 EAMBER (non-restraint)  =    -58244.8522
 ------------------------------------------------------------------------------

 NMR restraints: Bond =    0.057   Angle =     0.000   Torsion =     0.000
===============================================================================

 NSTEP =   440000   TIME(PS) =     880.000  TEMP(K) =   310.66  PRESS =     0.0
 Etot   =    -29545.6183  EKtot   =     28651.1367  EPtot      =    -58196.7550
 BOND   =      1795.7016  ANGLE   =      8626.6673  DIHED      =      5654.5704
 UB     =      2531.7128  IMP     =        -1.8308  CMAP       =         0.0000
 1-4 NB =       431.4568  1-4 EEL =     -2399.2641  VDWAALS    =     -2036.5211
 EELEC  =    -72814.4547  EHBOND  =         0.0000  RESTRAINT  =        15.2068
 EAMBER (non-restraint)  =    -58211.9618
 ------------------------------------------------------------------------------

 NMR restraints: Bond =    0.165   Angle =     0.000   Torsion =     0.000
===============================================================================

 NSTEP =   445000   TIME(PS) =     890.000  TEMP(K) =   306.87  PRESS =     0.0
 Etot   =    -30112.6016  EKtot   =     28301.8750  EPtot      =    -58414.4766
 BOND   =      1783.9961  ANGLE   =      8510.1961  DIHED      =      5655.6284
 UB     =      2521.2677  IMP     =        -1.4972  CMAP       =         0.0000
 1-4 NB =       438.4584  1-4 EEL =     -2405.3149  VDWAALS    =     -2030.7212
 EELEC  =    -72900.9209  EHBOND  =         0.0000  RESTRAINT  =        14.4309
 EAMBER (non-restraint)  =    -58428.9075
 ------------------------------------------------------------------------------

 NMR restraints: Bond =    0.008   Angle =     0.000   Torsion =     0.000
===============================================================================

 NSTEP =   450000   TIME(PS) =     900.000  TEMP(K) =   309.35  PRESS =     0.0
 Etot   =    -29861.7231  EKtot   =     28529.8477  EPtot      =    -58391.5708
 BOND   =      1808.3727  ANGLE   =      8515.6051  DIHED      =      5728.2373
 UB     =      2516.6435  IMP     =        -1.2057  CMAP       =         0.0000
 1-4 NB =       436.3054  1-4 EEL =     -2416.3635  VDWAALS    =     -1944.0516
 EELEC  =    -73053.6333  EHBOND  =         0.0000  RESTRAINT  =        18.5194
 EAMBER (non-restraint)  =    -58410.0902
 ------------------------------------------------------------------------------

 NMR restraints: Bond =    0.029   Angle =     0.000   Torsion =     0.000
===============================================================================

 NSTEP =   455000   TIME(PS) =     910.000  TEMP(K) =   309.66  PRESS =     0.0
 Etot   =    -29918.9188  EKtot   =     28558.6172  EPtot      =    -58477.5360
 BOND   =      1762.9450  ANGLE   =      8497.6175  DIHED      =      5688.0713
 UB     =      2493.0023  IMP     =        -1.7187  CMAP       =         0.0000
 1-4 NB =       430.2152  1-4 EEL =     -2395.6196  VDWAALS    =     -1837.6648
 EELEC  =    -73126.0610  EHBOND  =         0.0000  RESTRAINT  =        11.6767
 EAMBER (non-restraint)  =    -58489.2127
 ------------------------------------------------------------------------------

 NMR restraints: Bond =    0.267   Angle =     0.000   Torsion =     0.000
===============================================================================

 NSTEP =   460000   TIME(PS) =     920.000  TEMP(K) =   311.80  PRESS =     0.0
 Etot   =    -29631.9536  EKtot   =     28755.8555  EPtot      =    -58387.8091
 BOND   =      1778.0360  ANGLE   =      8564.4696  DIHED      =      5684.4315
 UB     =      2521.0244  IMP     =        -1.8232  CMAP       =         0.0000
 1-4 NB =       437.4743  1-4 EEL =     -2305.4103  VDWAALS    =     -1879.2452
 EELEC  =    -73202.3800  EHBOND  =         0.0000  RESTRAINT  =        15.6138
 EAMBER (non-restraint)  =    -58403.4229
 ------------------------------------------------------------------------------

 NMR restraints: Bond =    1.674   Angle =     0.000   Torsion =     0.000
===============================================================================

 NSTEP =   465000   TIME(PS) =     930.000  TEMP(K) =   310.07  PRESS =     0.0
 Etot   =    -29630.5186  EKtot   =     28596.7305  EPtot      =    -58227.2491
 BOND   =      1852.0664  ANGLE   =      8688.9354  DIHED      =      5689.1239
 UB     =      2535.2913  IMP     =        -2.3305  CMAP       =         0.0000
 1-4 NB =       440.3885  1-4 EEL =     -2314.6663  VDWAALS    =     -1902.5364
 EELEC  =    -73231.2078  EHBOND  =         0.0000  RESTRAINT  =        17.6864
 EAMBER (non-restraint)  =    -58244.9355
 ------------------------------------------------------------------------------

 NMR restraints: Bond =    0.018   Angle =     0.000   Torsion =     0.000
===============================================================================

 NSTEP =   470000   TIME(PS) =     940.000  TEMP(K) =   310.42  PRESS =     0.0
 Etot   =    -29703.5685  EKtot   =     28629.2031  EPtot      =    -58332.7716
 BOND   =      1793.7427  ANGLE   =      8654.4296  DIHED      =      5743.9198
 UB     =      2528.9302  IMP     =        -1.1846  CMAP       =         0.0000
 1-4 NB =       445.4633  1-4 EEL =     -2369.1089  VDWAALS    =     -2050.9641
 EELEC  =    -73094.9139  EHBOND  =         0.0000  RESTRAINT  =        16.9143
 EAMBER (non-restraint)  =    -58349.6859
 ------------------------------------------------------------------------------

 NMR restraints: Bond =    0.371   Angle =     0.000   Torsion =     0.000
===============================================================================

 NSTEP =   475000   TIME(PS) =     950.000  TEMP(K) =   309.37  PRESS =     0.0
 Etot   =    -29995.2509  EKtot   =     28532.5918  EPtot      =    -58527.8427
 BOND   =      1771.7655  ANGLE   =      8607.9706  DIHED      =      5721.9741
 UB     =      2506.7212  IMP     =        -1.9177  CMAP       =         0.0000
 1-4 NB =       438.5174  1-4 EEL =     -2391.3945  VDWAALS    =     -1864.4812
 EELEC  =    -73332.1282  EHBOND  =         0.0000  RESTRAINT  =        15.1302
 EAMBER (non-restraint)  =    -58542.9729
 ------------------------------------------------------------------------------

 NMR restraints: Bond =    0.006   Angle =     0.000   Torsion =     0.000
===============================================================================

 NSTEP =   480000   TIME(PS) =     960.000  TEMP(K) =   307.13  PRESS =     0.0
 Etot   =    -30186.5289  EKtot   =     28325.2852  EPtot      =    -58511.8141
 BOND   =      1722.9443  ANGLE   =      8493.4684  DIHED      =      5728.1286
 UB     =      2501.3798  IMP     =        -1.8040  CMAP       =         0.0000
 1-4 NB =       428.2003  1-4 EEL =     -2463.8347  VDWAALS    =     -1959.2889
 EELEC  =    -72974.3110  EHBOND  =         0.0000  RESTRAINT  =        13.3031
 EAMBER (non-restraint)  =    -58525.1172
 ------------------------------------------------------------------------------

 NMR restraints: Bond =    0.168   Angle =     0.000   Torsion =     0.000
===============================================================================

 NSTEP =   485000   TIME(PS) =     970.000  TEMP(K) =   311.69  PRESS =     0.0
 Etot   =    -29521.6765  EKtot   =     28746.2656  EPtot      =    -58267.9421
 BOND   =      1857.2765  ANGLE   =      8551.1520  DIHED      =      5712.6467
 UB     =      2526.1636  IMP     =        -1.6236  CMAP       =         0.0000
 1-4 NB =       437.6832  1-4 EEL =     -2426.3595  VDWAALS    =     -1836.1655
 EELEC  =    -73112.9131  EHBOND  =         0.0000  RESTRAINT  =        24.1976
 EAMBER (non-restraint)  =    -58292.1397
 ------------------------------------------------------------------------------

 NMR restraints: Bond =    0.245   Angle =     0.000   Torsion =     0.000
===============================================================================

 NSTEP =   490000   TIME(PS) =     980.000  TEMP(K) =   314.00  PRESS =     0.0
 Etot   =    -29159.8094  EKtot   =     28959.5918  EPtot      =    -58119.4012
 BOND   =      1782.1826  ANGLE   =      8635.7747  DIHED      =      5762.7198
 UB     =      2540.9130  IMP     =        -1.2354  CMAP       =         0.0000
 1-4 NB =       441.0393  1-4 EEL =     -2473.2767  VDWAALS    =     -2026.1218
 EELEC  =    -72800.4528  EHBOND  =         0.0000  RESTRAINT  =        19.0560
 EAMBER (non-restraint)  =    -58138.4573
 ------------------------------------------------------------------------------

 NMR restraints: Bond =    0.015   Angle =     0.000   Torsion =     0.000
===============================================================================

 NSTEP =   495000   TIME(PS) =     990.000  TEMP(K) =   308.15  PRESS =     0.0
 Etot   =    -30405.7086  EKtot   =     28419.2578  EPtot      =    -58824.9664
 BOND   =      1759.6010  ANGLE   =      8456.0885  DIHED      =      5705.7794
 UB     =      2489.0392  IMP     =        -2.1277  CMAP       =         0.0000
 1-4 NB =       436.8043  1-4 EEL =     -2505.5107  VDWAALS    =     -1782.5382
 EELEC  =    -73397.9620  EHBOND  =         0.0000  RESTRAINT  =        15.8597
 EAMBER (non-restraint)  =    -58840.8261
 ------------------------------------------------------------------------------

 NMR restraints: Bond =    0.005   Angle =     0.000   Torsion =     0.000
===============================================================================

 NSTEP =   500000   TIME(PS) =    1000.000  TEMP(K) =   309.30  PRESS =     0.0
 Etot   =    -29839.2778  EKtot   =     28525.7559  EPtot      =    -58365.0337
 BOND   =      1797.9019  ANGLE   =      8517.6206  DIHED      =      5766.4174
 UB     =      2530.8550  IMP     =        -1.7760  CMAP       =         0.0000
 1-4 NB =       449.7904  1-4 EEL =     -2475.7171  VDWAALS    =     -2042.4074
 EELEC  =    -72925.8934  EHBOND  =         0.0000  RESTRAINT  =        18.1750
 EAMBER (non-restraint)  =    -58383.2087
 ------------------------------------------------------------------------------

 NMR restraints: Bond =    0.019   Angle =     0.000   Torsion =     0.000
===============================================================================

      A V E R A G E S   O V E R     100 S T E P S


 NSTEP =   500000   TIME(PS) =    1000.000  TEMP(K) =   310.10  PRESS =     0.0
 Etot   =    -29760.6827  EKtot   =     28599.8863  EPtot      =    -58360.5690
 BOND   =      1771.9254  ANGLE   =      8590.9091  DIHED      =      5698.1565
 UB     =      2521.1710  IMP     =        -1.6028  CMAP       =         0.0000
 1-4 NB =       439.4708  1-4 EEL =     -2480.2336  VDWAALS    =     -1935.1157
 EELEC  =    -72983.0464  EHBOND  =         0.0000  RESTRAINT  =        17.7968
 EAMBER (non-restraint)  =    -58378.3658
 ------------------------------------------------------------------------------

 NMR restraints: Bond =    0.019   Angle =     0.000   Torsion =     0.000
===============================================================================

      R M S  F L U C T U A T I O N S


 NSTEP =   500000   TIME(PS) =    1000.000  TEMP(K) =     1.56  PRESS =     0.0
 Etot   =       240.6141  EKtot   =       143.4581  EPtot      =       177.6500
 BOND   =        30.6855  ANGLE   =        68.4118  DIHED      =        36.6490
 UB     =        20.8460  IMP     =         0.4891  CMAP       =         0.0000
 1-4 NB =        13.2783  1-4 EEL =        78.5485  VDWAALS    =       116.2099
 EELEC  =       205.6191  EHBOND  =         0.0000  RESTRAINT  =         3.2567
 EAMBER (non-restraint)  =       174.3933
 ------------------------------------------------------------------------------


 NMR restraints on final step:

 ------------------------------------------------------------------------------


 Final Restraint Analysis for coords: step5.00.2_pmfSetup.rst7                


 Restraints, deviations, and energy contributions:    pencut =    0.10

 ------------------------------------------------------------------------------
     First atom        Last atom    curr. value target deviation  penalty
 ------------------------------------------------------------------------------
                                       Total distance penalty:      0.020
 ------------------------------------------------------------------------------
--------------------------------------------------------------------------------
   5.  TIMINGS
--------------------------------------------------------------------------------

|  NonSetup CPU Time in Major Routines:
|
|     Routine           Sec        %
|     ------------------------------
|     Nonbond          85.29   16.35
|     Bond              0.00    0.00
|     Angle             0.00    0.00
|     Dihedral          0.00    0.00
|     Shake             2.24    0.43
|     RunMD           433.07   83.00
|     Other             1.19    0.23
|     ------------------------------
|     Total           521.79

|  PME Nonbond Pairlist CPU Time:
|
|     Routine              Sec        %
|     ---------------------------------
|     Set Up Cit           0.00    0.00
|     Build List           0.00    0.00
|     ---------------------------------
|     Total                0.00    0.00

|  PME Direct Force CPU Time:
|
|     Routine              Sec        %
|     ---------------------------------
|     NonBonded Calc       0.00    0.00
|     Exclude Masked       0.00    0.00
|     Other                0.77    0.15
|     ---------------------------------
|     Total                0.77    0.15

|  PME Reciprocal Force CPU Time:
|
|     Routine              Sec        %
|     ---------------------------------
|     1D bspline           0.00    0.00
|     Grid Charges         0.00    0.00
|     Scalar Sum           0.00    0.00
|     Gradient Sum         0.00    0.00
|     FFT                  0.00    0.00
|     ---------------------------------
|     Total                0.00    0.00

|  Final Performance Info:
|     -----------------------------------------------------
|     Average timings for last   20000 steps:
|     Elapsed(s) =      21.14 Per Step(ms) =       1.06
|         ns/day =     163.50   seconds/ns =     528.45
|
|     Average timings for all steps:
|     Elapsed(s) =     523.00 Per Step(ms) =       1.05
|         ns/day =     165.20   seconds/ns =     523.00
|     -----------------------------------------------------

|  Setup CPU time:            1.58 seconds
|  NonSetup CPU time:       521.79 seconds
|  Total CPU time:          523.37 seconds     0.15 hours

|  Setup wall time:           1    seconds
|  NonSetup wall time:      523    seconds
|  Total wall time:         524    seconds     0.15 hours
