
          -------------------------------------------------------
          Amber 20 PMEMD                              2020
          -------------------------------------------------------

| PMEMD implementation of SANDER, Release 18

|  Compiled date/time: Mon Apr 27 18:19:54 2020
| Run on 12/17/2020 at 00:24:46

|   Executable path: /cm/shared/apps/amber20/bin/pmemd.cuda
| Working directory: /data/wesley/ETDM_Parameterization/etdm_water_octonol/pmf_setup/setup
|          Hostname: node001

  [-O]verwriting output

File Assignments:
|   MDIN: step5.00.0_pmfSetup.mdin                                              
|  MDOUT: step5.00.0_pmfSetup.out                                               
| INPCRD: etdm_water_ocoh.equilibrated.rst7                                     
|   PARM: etdm_water_ocoh.parm7                                                 
| RESTRT: step5.00.0_pmfSetup.rst7                                              
|   REFC: etdm_water_ocoh.equilibrated.rst7                                     
|  MDVEL: mdvel                                                                 
|   MDEN: mden                                                                  
|  MDCRD: step5.00.0_pmfSetup.nc                                                
| MDINFO: mdinfo                                                                
|  MDFRC: mdfrc                                                                 


 Here is the input file:

A NPT simulation for common production-level simulations                       
 &cntrl                                                                        
    imin=0,        ! No minimization                                           
    irest=1,       ! This IS a restart of an old MD simulation                 
    ntx=5,         ! So our inpcrd file has velocities                         
	infe=1 		! use nfe module                                                     
                                                                               
    ! Temperature control                                                      
    ntt=3,         ! Langevin dynamics                                         
    gamma_ln=1.0,  ! Friction coefficient (ps^-1)                              
    temp0=310.15,   ! Target temperature                                       
                                                                               
    ! Potential energy control                                                 
    cut=12.0,      ! Nonbonded cutoff, in Angstroms                            
    fswitch=10.0,  ! Force-based switching                                     
                                                                               
    ! MD settings                                                              
    nstlim=25000,  ! 25K steps, 25 ps total                                    
    dt=0.001,      ! time step (ps)                                            
                                                                               
    ! SHAKE                                                                    
    ntc=2,         ! Constrain bonds containing hydrogen                       
    ntf=2,         ! Do not calculate forces of bonds containing hydrogen      
                                                                               
    ! Control how often information is printed                                 
    ntpr=1000,     ! Print energies every 1000 steps                           
    ntwx=1000,     ! Print coordinates every 1000 steps to the trajectory      
    ntwr=10000,    ! Print a restart file every 10K steps (can be less frequent
!   ntwv=-1,       ! Uncomment to also print velocities to trajectory          
!   ntwf=-1,       ! Uncomment to also print forces to trajectory              
    ntxo=2,        ! Write NetCDF format                                       
    ioutfm=1,      ! Write NetCDF format (always do this!)                     
                                                                               
    ! Wrap coordinates when printing them to the same unit cell                
    iwrap=0,                                                                   
                                                                               
    ! Constant pressure control.                                               
    !barostat=2,    ! MC barostat... change to 1 for Berendsen                 
    !ntp=1,         ! 1=isotropic, 2=anisotropic, 3=semi-isotropic w/ surften  
    !pres0=1.0,     ! Target external pressure, in bar                         
                                                                               
    ! Constant surface tension (needed for semi-isotropic scaling). Uncomment  
    ! for this feature. csurften must be nonzero if ntp=3 above                
    !csurften=3,    ! Interfaces in 1=yz plane, 2=xz plane, 3=xy plane         
    !gamma_ten=0.0, ! Surface tension (dyne/cm). 0 gives pure semi-iso scaling 
    !ninterface=2,  ! Number of interfaces (2 for bilayer)                     
                                                                               
	! Restraint options                                                           
	! nmropt used to:                                                             
	! 1) restrain beams from deflecting too far from                              
	! 	 plug region                                                               
	! 2) pull / restrain 3 sets of 6 ligands each to stay within                  
	! 	 35 Å of the chimera binding pocket region of the nearest chain           
        ntr=1,	   ! Positional restraints                                      
        restraint_wt=100.00,                                                   
        restraintmask=':3749,7171'                                             
                                                                               
	! Restraint options                                                           
    	nmropt=1,      ! Dihedral restraints for sugars and lipids                
                                                                               
    ! Set water atom/residue names for SETTLE recognition                      
    watnam='TIP3',  ! Water residues are named WAT                             
    owtnm='OH2',     ! Water oxygens are named O                               
 /                                                                             
                                                                               
 &ewald                                                                        
    vdwmeth = 0,                                                               
 /                                                                             
                                                                               
&wt                                                                            
   type='DUMPFREQ',istep1=5000                                                 
 /                                                                             
                                                                               
&wt                                                                            
  type='END'                                                                   
 /                                                                             
                                                                               
DISANG=step5.00.0_pmfSetup.rest                                                
DUMPAVE=step5.00.0_pmfSetup.dat                                                
LISTIN=POUT                                                                    
LISTOUT=POUT                                                                   
/                                                                              


Note: ig = -1. Setting random seed to   514914 based on wallclock time in 
      microseconds.
| irandom = 1, using AMBER's internal random number generator (default).
 
|--------------------- INFORMATION ----------------------
| GPU (CUDA) Version of PMEMD in use: NVIDIA GPU IN USE.
|                    Version 18.0.0
| 
|                      03/25/2018
| 
| Implementation by:
|                    Ross C. Walker     (SDSC)
|                    Scott Le Grand     (nVIDIA)
| 
| Version 18 performance extensions by:
|                    David Cerutti     (Rutgers)
| 
| Precision model in use:
|      [SPFP] - Single Precision Forces, 64-bit Fixed Point
|               Accumulation. (Default)
| 
|--------------------------------------------------------
 
|----------------- CITATION INFORMATION -----------------
|
|    When publishing work that utilized the CUDA version
|    of AMBER, please cite the following in addition to
|    the regular AMBER citations:
|
|  - Romelia Salomon-Ferrer; Andreas W. Goetz; Duncan
|    Poole; Scott Le Grand; Ross C. Walker "Routine
|    microsecond molecular dynamics simulations with
|    AMBER - Part II: Particle Mesh Ewald", J. Chem.
|    Theory Comput., 2013, 9 (9), pp3878-3888,
|    DOI: 10.1021/ct400314y.
|
|  - Andreas W. Goetz; Mark J. Williamson; Dong Xu;
|    Duncan Poole; Scott Le Grand; Ross C. Walker
|    "Routine microsecond molecular dynamics simulations
|    with AMBER - Part I: Generalized Born", J. Chem.
|    Theory Comput., 2012, 8 (5), pp1542-1555.
|
|  - Scott Le Grand; Andreas W. Goetz; Ross C. Walker
|    "SPFP: Speed without compromise - a mixed precision
|    model for GPU accelerated molecular dynamics
|    simulations.", Comp. Phys. Comm., 2013, 184
|    pp374-380, DOI: 10.1016/j.cpc.2012.09.022
|
|--------------------------------------------------------
 
|------------------- GPU DEVICE INFO --------------------
|
|            CUDA_VISIBLE_DEVICES: 0
|   CUDA Capable Devices Detected:      1
|           CUDA Device ID in use:      0
|                CUDA Device Name: GeForce RTX 2080 Ti
|     CUDA Device Global Mem Size:  11019 MB
| CUDA Device Num Multiprocessors:     68
|           CUDA Device Core Freq:   1.54 GHz
|
|--------------------------------------------------------
 
 
| Conditional Compilation Defines Used:
| PUBFFT
| BINTRAJ
| CUDA
| EMIL

| Largest sphere to fit in unit cell has radius =    29.857

| New format PARM file being parsed.
| Version =    1.000 Date = 12/15/20 Time = 15:00:20
| Force field information read from topology file: 
|                                CHARMM force field: No FF information parsed...  
|
|CHARMM: CHARMM force field in use. 

| Note: 1-4 EEL scale factors are being read from the topology file.

| Note: 1-4 VDW scale factors are being read from the topology file.
| INFO: Off Diagonal (NBFIX) LJ terms found in prmtop file.
|       The prmtop file has been modified to support atom
|       type based pairwise Lennard-Jones terms.
| Duplicated    0 dihedrals

| Duplicated    0 dihedrals

--------------------------------------------------------------------------------
   1.  RESOURCE   USE: 
--------------------------------------------------------------------------------

 getting new box info from bottom of inpcrd
 NATOM  =   42644 NTYPES =      18 NBONH =   35111 MBONA  =    6667
 NTHETH =   34899 MTHETA =    5849 NPHIH =   51519 MPHIA  =   17494
 NHPARM =       0 NPARM  =       0 NNB   =  145003 NRES   =    7587
 NBONA  =    6667 NTHETA =    5849 NPHIA =   17494 NUMBND =      22
 NUMANG =      38 NPTRA  =      71 NATYP =       1 NPHB   =       0
 IFBOX  =       1 NMXRS  =      44 IFCAP =       0 NEXTRA =       0
 NCOPY  =       0

| Coordinate Index Table dimensions:     9    9   18
| Direct force subcell size =     6.6348    6.6348    6.6074

     BOX TYPE: RECTILINEAR

--------------------------------------------------------------------------------
   2.  CONTROL  DATA  FOR  THE  RUN
--------------------------------------------------------------------------------

                                                                                

General flags:
     imin    =       0, nmropt  =       1

Nature and format of input:
     ntx     =       5, irest   =       1, ntrx    =       1

Nature and format of output:
     ntxo    =       2, ntpr    =    1000, ntrx    =       1, ntwr    =   10000
     iwrap   =       0, ntwx    =    1000, ntwv    =       0, ntwe    =       0
     ioutfm  =       1, ntwprt  =       0, idecomp =       0, rbornstat=      0

Potential function:
     ntf     =       2, ntb     =       1, igb     =       0, nsnb    =      25
     ipol    =       0, gbsa    =       0, iesp    =       0
     dielc   =   1.00000, cut     =  12.00000, intdiel =   1.00000

Frozen or restrained atoms:
     ibelly  =       0, ntr     =       1
     restraint_wt = 100.00000

Molecular dynamics:
     nstlim  =     25000, nscm    =         0, nrespa  =         1
     t       =   0.00000, dt      =   0.00100, vlimit  =  -1.00000

Langevin dynamics temperature regulation:
     ig      =  514914
     temp0   = 310.15000, tempi   =   0.00000, gamma_ln=   1.00000

SHAKE:
     ntc     =       2, jfastw  =       0
     tol     =   0.00001

NMR refinement options:
     iscale  =       0, noeskp  =       1, ipnlty  =       1, mxsub   =       1
     scalm   = 100.00000, pencut  =   0.10000, tausw   =   0.10000

| Intermolecular bonds treatment:
|     no_intermolecular_bonds =       1

| Energy averages sample interval:
|     ene_avg_sampling =    1000

Ewald parameters:
     verbose =       0, ew_type =       0, nbflag  =       1, use_pme =       1
     vdwmeth =       0, eedmeth =       1, netfrc  =       1
     Box X =   59.713   Box Y =   59.713   Box Z =  118.933
     Alpha =   90.000   Beta  =   90.000   Gamma =   90.000
     NFFT1 =   64       NFFT2 =   64       NFFT3 =  128
     Cutoff=   12.000   Tol   =0.100E-04
     Ewald Coefficient =  0.22664
     Interpolation order =    4

    LOADING THE CONSTRAINED ATOMS AS GROUPS


   5.  REFERENCE ATOM COORDINATES

  Cpptraj Generated Restart                                                       
     Mask :3749,7171; matches    30 atoms

--------------------------------------------------------------------------------
   3.  ATOMIC COORDINATES AND VELOCITIES
--------------------------------------------------------------------------------

Cpptraj Generated Restart                                                       
 begin time read from input coords =  3750.000 ps



           Begin reading energy term weight changes/NMR restraints
 WEIGHT CHANGES:
 DUMPFREQ   5000      0    0.000000    0.000000      0      0
                         ** No weight changes given **

 RESTRAINTS:
 Requested file redirections:
  DISANG    = step5.00.0_pmfSetup.rest
  DUMPAVE   = step5.00.0_pmfSetup.dat
  LISTIN    = POUT
  LISTOUT   = POUT
 Restraints will be read from file: step5.00.0_pmfSetup.rest
Here are comments from the DISANG input file:

******
 COM (   -1)-COM (   -1)                            NSTEP1=     0 NSTEP2=     0
 Atom ranges defining Center of Mass Group in the first position: 
     1 ->    44/
 Atom ranges defining Center of Mass Group in the second position: 
 11208 -> 11210/
R1 =   5.000 R2 =  15.000 R3 =  15.000 R4 =  20.000 RK2 =   5.000 RK3 =    5.000
 Rcurr:  -12.581  Rcurr-(R2+R3)/2:   27.581  MIN(Rcurr-R2,Rcurr-R3):   27.581
******
 COM (   -1)-COM (   -1)                            NSTEP1=     0 NSTEP2=     0
 Atom ranges defining Center of Mass Group in the first position: 
     1 ->    44/
 Atom ranges defining Center of Mass Group in the second position: 
 31386 -> 31412/
R1 =  58.500 R2 =  73.500 R3 =  73.500 R4 =  83.500 RK2 =   5.000 RK3 =    5.000
 Rcurr: -100.916  Rcurr-(R2+R3)/2:  174.416  MIN(Rcurr-R2,Rcurr-R3):  174.416
                       Number of restraints read =     2

                  Done reading weight changes/NMR restraints


 
 Number of triangulated 3-point waters found:     6717

     Sum of charges from parm topology file =  -0.00000000
     Forcing neutrality...

| Dynamic Memory, Types Used:
| Reals             1422263
| Integers          3171331

| Nonbonded Pairs Initial Allocation:    21207927

| GPU memory information (estimate):
| KB of GPU memory in use:    372679
| KB of CPU memory in use:     93511

--------------------------------------------------------------------------------
   4.  RESULTS
--------------------------------------------------------------------------------


 NSTEP =     1000   TIME(PS) =    3751.000  TEMP(K) =   330.05  PRESS =     0.0
 Etot   =     -6837.0082  EKtot   =     30439.3945  EPtot      =    -37276.4027
 BOND   =      1745.9231  ANGLE   =      8403.0650  DIHED      =      5649.7326
 UB     =      2468.7245  IMP     =        -2.7935  CMAP       =         0.0000
 1-4 NB =       444.2944  1-4 EEL =     -2638.6952  VDWAALS    =     -1554.1876
 EELEC  =    -72313.4948  EHBOND  =         0.0000  RESTRAINT  =     20521.0287
 EAMBER (non-restraint)  =    -57797.4314
 ------------------------------------------------------------------------------

 NMR restraints: Bond =20497.612   Angle =     0.000   Torsion =     0.000
===============================================================================
 NFE restraints:    SMD  :    0.000    PMD  :     0.000    ABMD :     0.000
                    BBMD :    0.000    STSM :     0.000
===============================================================================

 NSTEP =     2000   TIME(PS) =    3752.000  TEMP(K) =   321.80  PRESS =     0.0
 Etot   =     -9842.9654  EKtot   =     29678.0957  EPtot      =    -39521.0611
 BOND   =      1695.3548  ANGLE   =      8367.1008  DIHED      =      5716.9049
 UB     =      2459.6445  IMP     =        -0.3818  CMAP       =         0.0000
 1-4 NB =       449.4373  1-4 EEL =     -2589.3017  VDWAALS    =     -2062.5303
 EELEC  =    -72016.7077  EHBOND  =         0.0000  RESTRAINT  =     18459.4181
 EAMBER (non-restraint)  =    -57980.4791
 ------------------------------------------------------------------------------

 NMR restraints: Bond =18442.126   Angle =     0.000   Torsion =     0.000
===============================================================================
 NFE restraints:    SMD  :    0.000    PMD  :     0.000    ABMD :     0.000
                    BBMD :    0.000    STSM :     0.000
===============================================================================

 NSTEP =     3000   TIME(PS) =    3753.000  TEMP(K) =   321.88  PRESS =     0.0
 Etot   =    -11776.2187  EKtot   =     29685.7637  EPtot      =    -41461.9823
 BOND   =      1668.5292  ANGLE   =      8385.7594  DIHED      =      5797.0995
 UB     =      2460.7679  IMP     =        -1.1630  CMAP       =         0.0000
 1-4 NB =       481.3057  1-4 EEL =     -2650.9558  VDWAALS    =     -1936.7305
 EELEC  =    -72374.4756  EHBOND  =         0.0000  RESTRAINT  =     16707.8808
 EAMBER (non-restraint)  =    -58169.8632
 ------------------------------------------------------------------------------

 NMR restraints: Bond =16686.325   Angle =     0.000   Torsion =     0.000
===============================================================================
 NFE restraints:    SMD  :    0.000    PMD  :     0.000    ABMD :     0.000
                    BBMD :    0.000    STSM :     0.000
===============================================================================

 NSTEP =     4000   TIME(PS) =    3754.000  TEMP(K) =   320.01  PRESS =     0.0
 Etot   =    -13754.4788  EKtot   =     29513.0742  EPtot      =    -43267.5530
 BOND   =      1719.0395  ANGLE   =      8467.3128  DIHED      =      5843.6276
 UB     =      2459.8851  IMP     =        -2.1562  CMAP       =         0.0000
 1-4 NB =       483.4484  1-4 EEL =     -2695.1136  VDWAALS    =     -1991.3278
 EELEC  =    -72280.0795  EHBOND  =         0.0000  RESTRAINT  =     14727.8107
 EAMBER (non-restraint)  =    -57995.3637
 ------------------------------------------------------------------------------

 NMR restraints: Bond =14706.732   Angle =     0.000   Torsion =     0.000
===============================================================================
 NFE restraints:    SMD  :    0.000    PMD  :     0.000    ABMD :     0.000
                    BBMD :    0.000    STSM :     0.000
===============================================================================

 NSTEP =     5000   TIME(PS) =    3755.000  TEMP(K) =   323.19  PRESS =     0.0
 Etot   =    -15590.5012  EKtot   =     29806.7227  EPtot      =    -45397.2239
 BOND   =      1682.1641  ANGLE   =      8404.1338  DIHED      =      5832.4573
 UB     =      2463.3571  IMP     =        -1.5373  CMAP       =         0.0000
 1-4 NB =       460.4014  1-4 EEL =     -2605.3464  VDWAALS    =     -2096.4030
 EELEC  =    -72238.5240  EHBOND  =         0.0000  RESTRAINT  =     12702.0730
 EAMBER (non-restraint)  =    -58099.2969
 ------------------------------------------------------------------------------

 NMR restraints: Bond =12681.949   Angle =     0.000   Torsion =     0.000
===============================================================================
 NFE restraints:    SMD  :    0.000    PMD  :     0.000    ABMD :     0.000
                    BBMD :    0.000    STSM :     0.000
===============================================================================

 NSTEP =     6000   TIME(PS) =    3756.000  TEMP(K) =   323.39  PRESS =     0.0
 Etot   =    -17361.9508  EKtot   =     29825.1348  EPtot      =    -47187.0856
 BOND   =      1703.0816  ANGLE   =      8414.2635  DIHED      =      5749.0035
 UB     =      2463.6254  IMP     =        -1.9273  CMAP       =         0.0000
 1-4 NB =       459.0853  1-4 EEL =     -2581.3464  VDWAALS    =     -2058.7468
 EELEC  =    -72019.2875  EHBOND  =         0.0000  RESTRAINT  =     10685.1631
 EAMBER (non-restraint)  =    -57872.2487
 ------------------------------------------------------------------------------

 NMR restraints: Bond =10662.019   Angle =     0.000   Torsion =     0.000
===============================================================================
 NFE restraints:    SMD  :    0.000    PMD  :     0.000    ABMD :     0.000
                    BBMD :    0.000    STSM :     0.000
===============================================================================

 NSTEP =     7000   TIME(PS) =    3757.000  TEMP(K) =   326.27  PRESS =     0.0
 Etot   =    -19538.9411  EKtot   =     30090.3496  EPtot      =    -49629.2907
 BOND   =      1690.2217  ANGLE   =      8392.4374  DIHED      =      5752.5323
 UB     =      2456.9291  IMP     =        -2.3362  CMAP       =         0.0000
 1-4 NB =       467.7231  1-4 EEL =     -2701.0930  VDWAALS    =     -1862.7050
 EELEC  =    -72074.1763  EHBOND  =         0.0000  RESTRAINT  =      8251.1762
 EAMBER (non-restraint)  =    -57880.4669
 ------------------------------------------------------------------------------

 NMR restraints: Bond = 8227.667   Angle =     0.000   Torsion =     0.000
===============================================================================
 NFE restraints:    SMD  :    0.000    PMD  :     0.000    ABMD :     0.000
                    BBMD :    0.000    STSM :     0.000
===============================================================================

 NSTEP =     8000   TIME(PS) =    3758.000  TEMP(K) =   321.16  PRESS =     0.0
 Etot   =    -21215.3187  EKtot   =     29619.0254  EPtot      =    -50834.3441
 BOND   =      1697.6268  ANGLE   =      8483.5300  DIHED      =      5791.2873
 UB     =      2478.7648  IMP     =        -1.8006  CMAP       =         0.0000
 1-4 NB =       454.2458  1-4 EEL =     -2644.8453  VDWAALS    =     -2064.8278
 EELEC  =    -72140.0982  EHBOND  =         0.0000  RESTRAINT  =      7111.7732
 EAMBER (non-restraint)  =    -57946.1173
 ------------------------------------------------------------------------------

 NMR restraints: Bond = 7088.997   Angle =     0.000   Torsion =     0.000
===============================================================================
 NFE restraints:    SMD  :    0.000    PMD  :     0.000    ABMD :     0.000
                    BBMD :    0.000    STSM :     0.000
===============================================================================

 NSTEP =     9000   TIME(PS) =    3759.000  TEMP(K) =   314.45  PRESS =     0.0
 Etot   =    -22152.0169  EKtot   =     29000.8730  EPtot      =    -51152.8900
 BOND   =      1735.9742  ANGLE   =      8360.1286  DIHED      =      5758.0661
 UB     =      2456.1958  IMP     =        -1.6022  CMAP       =         0.0000
 1-4 NB =       436.2825  1-4 EEL =     -2617.8229  VDWAALS    =     -2181.9117
 EELEC  =    -72201.8554  EHBOND  =         0.0000  RESTRAINT  =      7103.6551
 EAMBER (non-restraint)  =    -58256.5451
 ------------------------------------------------------------------------------

 NMR restraints: Bond = 7088.988   Angle =     0.000   Torsion =     0.000
===============================================================================
 NFE restraints:    SMD  :    0.000    PMD  :     0.000    ABMD :     0.000
                    BBMD :    0.000    STSM :     0.000
===============================================================================

 NSTEP =    10000   TIME(PS) =    3760.000  TEMP(K) =   313.84  PRESS =     0.0
 Etot   =    -22383.5478  EKtot   =     28944.3418  EPtot      =    -51327.8896
 BOND   =      1659.8053  ANGLE   =      8384.9609  DIHED      =      5791.8997
 UB     =      2470.5121  IMP     =        -1.9907  CMAP       =         0.0000
 1-4 NB =       453.6195  1-4 EEL =     -2607.8328  VDWAALS    =     -2037.8980
 EELEC  =    -72553.1583  EHBOND  =         0.0000  RESTRAINT  =      7112.1928
 EAMBER (non-restraint)  =    -58440.0823
 ------------------------------------------------------------------------------

 NMR restraints: Bond = 7085.101   Angle =     0.000   Torsion =     0.000
===============================================================================
 NFE restraints:    SMD  :    0.000    PMD  :     0.000    ABMD :     0.000
                    BBMD :    0.000    STSM :     0.000
===============================================================================

 NSTEP =    11000   TIME(PS) =    3761.000  TEMP(K) =   309.97  PRESS =     0.0
 Etot   =    -23007.3223  EKtot   =     28587.0859  EPtot      =    -51594.4082
 BOND   =      1722.4850  ANGLE   =      8362.4119  DIHED      =      5651.4263
 UB     =      2491.8729  IMP     =        -2.0989  CMAP       =         0.0000
 1-4 NB =       462.2165  1-4 EEL =     -2579.4995  VDWAALS    =     -1849.4095
 EELEC  =    -72959.7911  EHBOND  =         0.0000  RESTRAINT  =      7105.9782
 EAMBER (non-restraint)  =    -58700.3864
 ------------------------------------------------------------------------------

 NMR restraints: Bond = 7090.995   Angle =     0.000   Torsion =     0.000
===============================================================================
 NFE restraints:    SMD  :    0.000    PMD  :     0.000    ABMD :     0.000
                    BBMD :    0.000    STSM :     0.000
===============================================================================

 NSTEP =    12000   TIME(PS) =    3762.000  TEMP(K) =   309.67  PRESS =     0.0
 Etot   =    -23109.2703  EKtot   =     28559.6465  EPtot      =    -51668.9168
 BOND   =      1689.6166  ANGLE   =      8344.6475  DIHED      =      5709.3602
 UB     =      2476.6938  IMP     =        -1.6355  CMAP       =         0.0000
 1-4 NB =       437.4396  1-4 EEL =     -2604.8074  VDWAALS    =     -1708.6592
 EELEC  =    -73120.0821  EHBOND  =         0.0000  RESTRAINT  =      7108.5096
 EAMBER (non-restraint)  =    -58777.4264
 ------------------------------------------------------------------------------

 NMR restraints: Bond = 7091.842   Angle =     0.000   Torsion =     0.000
===============================================================================
 NFE restraints:    SMD  :    0.000    PMD  :     0.000    ABMD :     0.000
                    BBMD :    0.000    STSM :     0.000
===============================================================================

 NSTEP =    13000   TIME(PS) =    3763.000  TEMP(K) =   308.82  PRESS =     0.0
 Etot   =    -23182.0271  EKtot   =     28481.1699  EPtot      =    -51663.1970
 BOND   =      1778.2577  ANGLE   =      8343.2164  DIHED      =      5728.1993
 UB     =      2452.5493  IMP     =        -2.0285  CMAP       =         0.0000
 1-4 NB =       418.5956  1-4 EEL =     -2661.3647  VDWAALS    =     -1853.9731
 EELEC  =    -72974.2850  EHBOND  =         0.0000  RESTRAINT  =      7107.6361
 EAMBER (non-restraint)  =    -58770.8331
 ------------------------------------------------------------------------------

 NMR restraints: Bond = 7090.458   Angle =     0.000   Torsion =     0.000
===============================================================================
 NFE restraints:    SMD  :    0.000    PMD  :     0.000    ABMD :     0.000
                    BBMD :    0.000    STSM :     0.000
===============================================================================

 NSTEP =    14000   TIME(PS) =    3764.000  TEMP(K) =   309.81  PRESS =     0.0
 Etot   =    -23318.9344  EKtot   =     28573.0977  EPtot      =    -51892.0321
 BOND   =      1731.8454  ANGLE   =      8322.5700  DIHED      =      5645.3517
 UB     =      2452.1499  IMP     =        -1.4951  CMAP       =         0.0000
 1-4 NB =       439.4584  1-4 EEL =     -2581.5113  VDWAALS    =     -1900.5873
 EELEC  =    -73108.1012  EHBOND  =         0.0000  RESTRAINT  =      7108.2872
 EAMBER (non-restraint)  =    -59000.3193
 ------------------------------------------------------------------------------

 NMR restraints: Bond = 7088.913   Angle =     0.000   Torsion =     0.000
===============================================================================
 NFE restraints:    SMD  :    0.000    PMD  :     0.000    ABMD :     0.000
                    BBMD :    0.000    STSM :     0.000
===============================================================================

 NSTEP =    15000   TIME(PS) =    3765.000  TEMP(K) =   312.17  PRESS =     0.0
 Etot   =    -23055.6389  EKtot   =     28790.4258  EPtot      =    -51846.0647
 BOND   =      1739.2069  ANGLE   =      8310.2417  DIHED      =      5666.4882
 UB     =      2458.9916  IMP     =        -1.2621  CMAP       =         0.0000
 1-4 NB =       424.8345  1-4 EEL =     -2615.4903  VDWAALS    =     -1765.5589
 EELEC  =    -73170.6527  EHBOND  =         0.0000  RESTRAINT  =      7107.1363
 EAMBER (non-restraint)  =    -58953.2010
 ------------------------------------------------------------------------------

 NMR restraints: Bond = 7087.334   Angle =     0.000   Torsion =     0.000
===============================================================================
 NFE restraints:    SMD  :    0.000    PMD  :     0.000    ABMD :     0.000
                    BBMD :    0.000    STSM :     0.000
===============================================================================

 NSTEP =    16000   TIME(PS) =    3766.000  TEMP(K) =   316.03  PRESS =     0.0
 Etot   =    -22684.8768  EKtot   =     29146.7539  EPtot      =    -51831.6307
 BOND   =      1681.3558  ANGLE   =      8326.4978  DIHED      =      5653.1831
 UB     =      2446.2872  IMP     =        -1.8373  CMAP       =         0.0000
 1-4 NB =       444.3151  1-4 EEL =     -2558.5375  VDWAALS    =     -1988.8718
 EELEC  =    -72946.5686  EHBOND  =         0.0000  RESTRAINT  =      7112.5455
 EAMBER (non-restraint)  =    -58944.1762
 ------------------------------------------------------------------------------

 NMR restraints: Bond = 7085.389   Angle =     0.000   Torsion =     0.000
===============================================================================
 NFE restraints:    SMD  :    0.000    PMD  :     0.000    ABMD :     0.000
                    BBMD :    0.000    STSM :     0.000
===============================================================================

 NSTEP =    17000   TIME(PS) =    3767.000  TEMP(K) =   311.20  PRESS =     0.0
 Etot   =    -22858.1985  EKtot   =     28700.6758  EPtot      =    -51558.8743
 BOND   =      1776.6704  ANGLE   =      8449.3203  DIHED      =      5627.6885
 UB     =      2491.3487  IMP     =        -1.5453  CMAP       =         0.0000
 1-4 NB =       429.3133  1-4 EEL =     -2488.7389  VDWAALS    =     -1974.7476
 EELEC  =    -72974.8340  EHBOND  =         0.0000  RESTRAINT  =      7106.6504
 EAMBER (non-restraint)  =    -58665.5247
 ------------------------------------------------------------------------------

 NMR restraints: Bond = 7087.785   Angle =     0.000   Torsion =     0.000
===============================================================================
 NFE restraints:    SMD  :    0.000    PMD  :     0.000    ABMD :     0.000
                    BBMD :    0.000    STSM :     0.000
===============================================================================

 NSTEP =    18000   TIME(PS) =    3768.000  TEMP(K) =   312.23  PRESS =     0.0
 Etot   =    -22743.9830  EKtot   =     28795.7324  EPtot      =    -51539.7154
 BOND   =      1748.8375  ANGLE   =      8337.7478  DIHED      =      5627.4027
 UB     =      2482.4685  IMP     =        -2.2235  CMAP       =         0.0000
 1-4 NB =       433.0724  1-4 EEL =     -2541.4942  VDWAALS    =     -2025.9770
 EELEC  =    -72703.5575  EHBOND  =         0.0000  RESTRAINT  =      7104.0079
 EAMBER (non-restraint)  =    -58643.7233
 ------------------------------------------------------------------------------

 NMR restraints: Bond = 7086.495   Angle =     0.000   Torsion =     0.000
===============================================================================
 NFE restraints:    SMD  :    0.000    PMD  :     0.000    ABMD :     0.000
                    BBMD :    0.000    STSM :     0.000
===============================================================================

 NSTEP =    19000   TIME(PS) =    3769.000  TEMP(K) =   311.00  PRESS =     0.0
 Etot   =    -22889.5008  EKtot   =     28682.9062  EPtot      =    -51572.4071
 BOND   =      1763.9478  ANGLE   =      8298.0972  DIHED      =      5641.5831
 UB     =      2457.4398  IMP     =        -1.6866  CMAP       =         0.0000
 1-4 NB =       422.1217  1-4 EEL =     -2482.0276  VDWAALS    =     -2037.9643
 EELEC  =    -72743.2417  EHBOND  =         0.0000  RESTRAINT  =      7109.3235
 EAMBER (non-restraint)  =    -58681.7306
 ------------------------------------------------------------------------------

 NMR restraints: Bond = 7089.150   Angle =     0.000   Torsion =     0.000
===============================================================================
 NFE restraints:    SMD  :    0.000    PMD  :     0.000    ABMD :     0.000
                    BBMD :    0.000    STSM :     0.000
===============================================================================

 NSTEP =    20000   TIME(PS) =    3770.000  TEMP(K) =   309.57  PRESS =     0.0
 Etot   =    -23202.5295  EKtot   =     28550.3262  EPtot      =    -51752.8557
 BOND   =      1725.5814  ANGLE   =      8307.1445  DIHED      =      5690.2066
 UB     =      2458.4156  IMP     =        -2.4309  CMAP       =         0.0000
 1-4 NB =       423.2976  1-4 EEL =     -2468.0391  VDWAALS    =     -2161.9811
 EELEC  =    -72837.0781  EHBOND  =         0.0000  RESTRAINT  =      7112.0277
 EAMBER (non-restraint)  =    -58864.8834
 ------------------------------------------------------------------------------

 NMR restraints: Bond = 7084.581   Angle =     0.000   Torsion =     0.000
===============================================================================
 NFE restraints:    SMD  :    0.000    PMD  :     0.000    ABMD :     0.000
                    BBMD :    0.000    STSM :     0.000
===============================================================================

 NSTEP =    21000   TIME(PS) =    3771.000  TEMP(K) =   312.49  PRESS =     0.0
 Etot   =    -23157.8647  EKtot   =     28819.6328  EPtot      =    -51977.4975
 BOND   =      1673.5914  ANGLE   =      8225.7479  DIHED      =      5689.0942
 UB     =      2441.2259  IMP     =        -1.2729  CMAP       =         0.0000
 1-4 NB =       424.9464  1-4 EEL =     -2574.4218  VDWAALS    =     -1985.0290
 EELEC  =    -72977.4561  EHBOND  =         0.0000  RESTRAINT  =      7106.0765
 EAMBER (non-restraint)  =    -59083.5740
 ------------------------------------------------------------------------------

 NMR restraints: Bond = 7088.824   Angle =     0.000   Torsion =     0.000
===============================================================================
 NFE restraints:    SMD  :    0.000    PMD  :     0.000    ABMD :     0.000
                    BBMD :    0.000    STSM :     0.000
===============================================================================

 NSTEP =    22000   TIME(PS) =    3772.000  TEMP(K) =   311.28  PRESS =     0.0
 Etot   =    -23239.7040  EKtot   =     28708.4023  EPtot      =    -51948.1064
 BOND   =      1759.7870  ANGLE   =      8306.3654  DIHED      =      5678.2468
 UB     =      2445.8364  IMP     =        -1.4873  CMAP       =         0.0000
 1-4 NB =       421.2079  1-4 EEL =     -2512.9965  VDWAALS    =     -1994.6396
 EELEC  =    -73160.3583  EHBOND  =         0.0000  RESTRAINT  =      7109.9319
 EAMBER (non-restraint)  =    -59058.0383
 ------------------------------------------------------------------------------

 NMR restraints: Bond = 7084.128   Angle =     0.000   Torsion =     0.000
===============================================================================
 NFE restraints:    SMD  :    0.000    PMD  :     0.000    ABMD :     0.000
                    BBMD :    0.000    STSM :     0.000
===============================================================================

 NSTEP =    23000   TIME(PS) =    3773.000  TEMP(K) =   311.62  PRESS =     0.0
 Etot   =    -23204.8515  EKtot   =     28739.2852  EPtot      =    -51944.1367
 BOND   =      1719.5824  ANGLE   =      8423.2216  DIHED      =      5670.3641
 UB     =      2448.2491  IMP     =        -2.5240  CMAP       =         0.0000
 1-4 NB =       439.8488  1-4 EEL =     -2579.2450  VDWAALS    =     -2010.7323
 EELEC  =    -73161.8678  EHBOND  =         0.0000  RESTRAINT  =      7108.9665
 EAMBER (non-restraint)  =    -59053.1032
 ------------------------------------------------------------------------------

 NMR restraints: Bond = 7088.349   Angle =     0.000   Torsion =     0.000
===============================================================================
 NFE restraints:    SMD  :    0.000    PMD  :     0.000    ABMD :     0.000
                    BBMD :    0.000    STSM :     0.000
===============================================================================

 NSTEP =    24000   TIME(PS) =    3774.000  TEMP(K) =   308.86  PRESS =     0.0
 Etot   =    -23693.2985  EKtot   =     28484.8770  EPtot      =    -52178.1755
 BOND   =      1714.2399  ANGLE   =      8244.9382  DIHED      =      5633.9686
 UB     =      2426.4638  IMP     =        -1.1386  CMAP       =         0.0000
 1-4 NB =       408.5622  1-4 EEL =     -2505.9187  VDWAALS    =     -2212.1524
 EELEC  =    -72996.0944  EHBOND  =         0.0000  RESTRAINT  =      7108.9558
 EAMBER (non-restraint)  =    -59287.1313
 ------------------------------------------------------------------------------

 NMR restraints: Bond = 7086.791   Angle =     0.000   Torsion =     0.000
===============================================================================
 NFE restraints:    SMD  :    0.000    PMD  :     0.000    ABMD :     0.000
                    BBMD :    0.000    STSM :     0.000
===============================================================================

 NSTEP =    25000   TIME(PS) =    3775.000  TEMP(K) =   308.28  PRESS =     0.0
 Etot   =    -23325.5719  EKtot   =     28431.4512  EPtot      =    -51757.0231
 BOND   =      1681.6419  ANGLE   =      8412.3904  DIHED      =      5614.4590
 UB     =      2440.3272  IMP     =        -1.1424  CMAP       =         0.0000
 1-4 NB =       440.1611  1-4 EEL =     -2486.4151  VDWAALS    =     -1643.5831
 EELEC  =    -73321.6555  EHBOND  =         0.0000  RESTRAINT  =      7106.7933
 EAMBER (non-restraint)  =    -58863.8164
 ------------------------------------------------------------------------------

 NMR restraints: Bond = 7085.196   Angle =     0.000   Torsion =     0.000
===============================================================================
 NFE restraints:    SMD  :    0.000    PMD  :     0.000    ABMD :     0.000
                    BBMD :    0.000    STSM :     0.000
===============================================================================

      A V E R A G E S   O V E R      25 S T E P S


 NSTEP =    25000   TIME(PS) =    3775.000  TEMP(K) =   315.16  PRESS =     0.0
 Etot   =    -20285.0608  EKtot   =     29066.1698  EPtot      =    -49351.2306
 BOND   =      1716.1747  ANGLE   =      8363.0900  DIHED      =      5704.3853
 UB     =      2460.3490  IMP     =        -1.7399  CMAP       =         0.0000
 1-4 NB =       442.3694  1-4 EEL =     -2582.9144  VDWAALS    =     -1958.4454
 EELEC  =    -72694.6992  EHBOND  =         0.0000  RESTRAINT  =      9200.1999
 EAMBER (non-restraint)  =    -58551.4305
 ------------------------------------------------------------------------------

 NMR restraints: Bond = 7085.196   Angle =     0.000   Torsion =     0.000
===============================================================================

      R M S  F L U C T U A T I O N S


 NSTEP =    25000   TIME(PS) =    3775.000  TEMP(K) =     6.19  PRESS =     0.0
 Etot   =      4756.3891  EKtot   =       571.0354  EPtot      =      4291.9556
 BOND   =        33.5383  ANGLE   =        62.3461  DIHED      =        66.9163
 UB     =        15.3427  IMP     =         0.5241  CMAP       =         0.0000
 1-4 NB =        19.0247  1-4 EEL =        64.1853  VDWAALS    =       158.6372
 EELEC  =       419.0310  EHBOND  =         0.0000  RESTRAINT  =      3974.6571
 EAMBER (non-restraint)  =       317.2985
 ------------------------------------------------------------------------------


 NMR restraints on final step:

 ------------------------------------------------------------------------------


 Final Restraint Analysis for coords: step5.00.0_pmfSetup.rst7                


 Restraints, deviations, and energy contributions:    pencut =    0.10

 ------------------------------------------------------------------------------
     First atom        Last atom    curr. value target deviation  penalty
 ------------------------------------------------------------------------------
 *H44  TDM    1 -- *H2   TIP33749:  156.446   15.000  141.446 6947.290 d    0: 0
 *H44  TDM    1 -- *H83  OCOH7171:   68.248   73.500    5.252  137.897 d    0: 0
                                       Total distance penalty:   7085.186
 ------------------------------------------------------------------------------
--------------------------------------------------------------------------------
   5.  TIMINGS
--------------------------------------------------------------------------------

|  NonSetup CPU Time in Major Routines:
|
|     Routine           Sec        %
|     ------------------------------
|     Nonbond           3.48   15.30
|     Bond              0.00    0.00
|     Angle             0.00    0.00
|     Dihedral          0.00    0.00
|     Shake             0.11    0.50
|     RunMD            19.08   83.96
|     Other             0.05    0.24
|     ------------------------------
|     Total            22.73

|  PME Nonbond Pairlist CPU Time:
|
|     Routine              Sec        %
|     ---------------------------------
|     Set Up Cit           0.00    0.00
|     Build List           0.00    0.00
|     ---------------------------------
|     Total                0.00    0.00

|  PME Direct Force CPU Time:
|
|     Routine              Sec        %
|     ---------------------------------
|     NonBonded Calc       0.00    0.00
|     Exclude Masked       0.00    0.00
|     Other                0.03    0.15
|     ---------------------------------
|     Total                0.03    0.15

|  PME Reciprocal Force CPU Time:
|
|     Routine              Sec        %
|     ---------------------------------
|     1D bspline           0.00    0.00
|     Grid Charges         0.00    0.00
|     Scalar Sum           0.00    0.00
|     Gradient Sum         0.00    0.00
|     FFT                  0.00    0.00
|     ---------------------------------
|     Total                0.00    0.00

|  Final Performance Info:
|     -----------------------------------------------------
|     Average timings for last   24000 steps:
|     Elapsed(s) =      21.82 Per Step(ms) =       0.91
|         ns/day =      95.05   seconds/ns =     908.97
|
|     Average timings for all steps:
|     Elapsed(s) =      22.79 Per Step(ms) =       0.91
|         ns/day =      94.77   seconds/ns =     911.66
|     -----------------------------------------------------

|  Setup CPU time:            1.37 seconds
|  NonSetup CPU time:        22.73 seconds
|  Total CPU time:           24.10 seconds     0.01 hours

|  Setup wall time:           1    seconds
|  NonSetup wall time:       23    seconds
|  Total wall time:          24    seconds     0.01 hours
