Log file opened on Wed Dec  9 18:37:01 2020
Host: pharmcluster2  pid: 241087  nodeid: 0  nnodes:  1
Gromacs version:    VERSION 4.6.5
Precision:          single
Memory model:       64 bit
MPI library:        thread_mpi
OpenMP support:     enabled
GPU support:        disabled
invsqrt routine:    gmx_software_invsqrt(x)
CPU acceleration:   AVX_256
FFT library:        fftw-3.3.2-sse2
Large file support: enabled
RDTSCP usage:       enabled
Built on:           Thu Jun 23 16:27:41 UTC 2016
Built by:           root@db28964beafd [CMAKE]
Build OS/arch:      Linux 3.19.0-30-generic x86_64
Build CPU vendor:   GenuineIntel
Build CPU brand:    Intel(R) Xeon(R) CPU @ 2.30GHz
Build CPU family:   6   Model: 63   Stepping: 0
Build CPU features: aes apic avx avx2 clfsh cmov cx8 cx16 f16c fma htt lahf_lm mmx msr pclmuldq pdpe1gb popcnt pse rdrnd rdtscp sse2 sse3 sse4.1 sse4.2 ssse3 x2apic
C compiler:         /anaconda/envs/_build/bin/cc GNU cc (GCC) 4.8.5
C compiler flags:   -mavx    -Wextra -Wno-missing-field-initializers -Wno-sign-compare -Wall -Wno-unused -Wunused-value -Wno-unused-parameter -Wno-array-bounds -Wno-maybe-uninitialized -Wno-strict-overflow   -fomit-frame-pointer -funroll-all-loops -fexcess-precision=fast  -O3 -DNDEBUG


                         :-)  G  R  O  M  A  C  S  (-:

                       GRowing Old MAkes el Chrono Sweat

                            :-)  VERSION 4.6.5  (-:

        Contributions from Mark Abraham, Emile Apol, Rossen Apostolov, 
           Herman J.C. Berendsen, Aldert van Buuren, Pär Bjelkmar,  
     Rudi van Drunen, Anton Feenstra, Gerrit Groenhof, Christoph Junghans, 
        Peter Kasson, Carsten Kutzner, Per Larsson, Pieter Meulenhoff, 
           Teemu Murtola, Szilard Pall, Sander Pronk, Roland Schulz, 
                Michael Shirts, Alfons Sijbers, Peter Tieleman,

               Berk Hess, David van der Spoel, and Erik Lindahl.

       Copyright (c) 1991-2000, University of Groningen, The Netherlands.
         Copyright (c) 2001-2012,2013, The GROMACS development team at
        Uppsala University & The Royal Institute of Technology, Sweden.
            check out http://www.gromacs.org for more information.

         This program is free software; you can redistribute it and/or
       modify it under the terms of the GNU Lesser General Public License
        as published by the Free Software Foundation; either version 2.1
             of the License, or (at your option) any later version.

                                :-)  mdrun  (-:


++++ PLEASE READ AND CITE THE FOLLOWING REFERENCE ++++
B. Hess and C. Kutzner and D. van der Spoel and E. Lindahl
GROMACS 4: Algorithms for highly efficient, load-balanced, and scalable
molecular simulation
J. Chem. Theory Comput. 4 (2008) pp. 435-447
-------- -------- --- Thank You --- -------- --------


++++ PLEASE READ AND CITE THE FOLLOWING REFERENCE ++++
D. van der Spoel, E. Lindahl, B. Hess, G. Groenhof, A. E. Mark and H. J. C.
Berendsen
GROMACS: Fast, Flexible and Free
J. Comp. Chem. 26 (2005) pp. 1701-1719
-------- -------- --- Thank You --- -------- --------


++++ PLEASE READ AND CITE THE FOLLOWING REFERENCE ++++
E. Lindahl and B. Hess and D. van der Spoel
GROMACS 3.0: A package for molecular simulation and trajectory analysis
J. Mol. Mod. 7 (2001) pp. 306-317
-------- -------- --- Thank You --- -------- --------


++++ PLEASE READ AND CITE THE FOLLOWING REFERENCE ++++
H. J. C. Berendsen, D. van der Spoel and R. van Drunen
GROMACS: A message-passing parallel molecular dynamics implementation
Comp. Phys. Comm. 91 (1995) pp. 43-56
-------- -------- --- Thank You --- -------- --------

Input Parameters:
   integrator           = md
   nsteps               = 50000
   init-step            = 0
   cutoff-scheme        = Verlet
   ns_type              = Grid
   nstlist              = 20
   ndelta               = 2
   nstcomm              = 100
   comm-mode            = Linear
   nstlog               = 1000
   nstxout              = 0
   nstvout              = 5000
   nstfout              = 5000
   nstcalcenergy        = 100
   nstenergy            = 1000
   nstxtcout            = 5000
   init-t               = 0
   delta-t              = 0.002
   xtcprec              = 1000
   fourierspacing       = 0.12
   nkx                  = 52
   nky                  = 52
   nkz                  = 100
   pme-order            = 4
   ewald-rtol           = 1e-05
   ewald-geometry       = 0
   epsilon-surface      = 0
   optimize-fft         = FALSE
   ePBC                 = xyz
   bPeriodicMols        = FALSE
   bContinuation        = TRUE
   bShakeSOR            = FALSE
   etc                  = Nose-Hoover
   bPrintNHChains       = FALSE
   nsttcouple           = 20
   epc                  = No
   epctype              = Isotropic
   nstpcouple           = -1
   tau-p                = 1
   ref-p (3x3):
      ref-p[    0]={ 0.00000e+00,  0.00000e+00,  0.00000e+00}
      ref-p[    1]={ 0.00000e+00,  0.00000e+00,  0.00000e+00}
      ref-p[    2]={ 0.00000e+00,  0.00000e+00,  0.00000e+00}
   compress (3x3):
      compress[    0]={ 0.00000e+00,  0.00000e+00,  0.00000e+00}
      compress[    1]={ 0.00000e+00,  0.00000e+00,  0.00000e+00}
      compress[    2]={ 0.00000e+00,  0.00000e+00,  0.00000e+00}
   refcoord-scaling     = COM
   posres-com (3):
      posres-com[0]= 0.00000e+00
      posres-com[1]= 0.00000e+00
      posres-com[2]= 0.00000e+00
   posres-comB (3):
      posres-comB[0]= 0.00000e+00
      posres-comB[1]= 0.00000e+00
      posres-comB[2]= 0.00000e+00
   verlet-buffer-drift  = 0.005
   rlist                = 1.2
   rlistlong            = 1.2
   nstcalclr            = 20
   rtpi                 = 0.05
   coulombtype          = PME
   coulomb-modifier     = Potential-shift
   rcoulomb-switch      = 0
   rcoulomb             = 1.2
   vdwtype              = Cut-off
   vdw-modifier         = Potential-shift
   rvdw-switch          = 1
   rvdw                 = 1.2
   epsilon-r            = 1
   epsilon-rf           = inf
   tabext               = 1
   implicit-solvent     = No
   gb-algorithm         = Still
   gb-epsilon-solvent   = 80
   nstgbradii           = 1
   rgbradii             = 1
   gb-saltconc          = 0
   gb-obc-alpha         = 1
   gb-obc-beta          = 0.8
   gb-obc-gamma         = 4.85
   gb-dielectric-offset = 0.009
   sa-algorithm         = Ace-approximation
   sa-surface-tension   = 2.05016
   DispCorr             = No
   bSimTemp             = FALSE
   free-energy          = no
   nwall                = 0
   wall-type            = 9-3
   wall-atomtype[0]     = -1
   wall-atomtype[1]     = -1
   wall-density[0]      = 0
   wall-density[1]      = 0
   wall-ewald-zfac      = 3
   pull                 = no
   rotation             = FALSE
   disre                = No
   disre-weighting      = Conservative
   disre-mixed          = FALSE
   dr-fc                = 1000
   dr-tau               = 0
   nstdisreout          = 100
   orires-fc            = 0
   orires-tau           = 0
   nstorireout          = 100
   dihre-fc             = 0
   em-stepsize          = 0.01
   em-tol               = 10
   niter                = 20
   fc-stepsize          = 0
   nstcgsteep           = 1000
   nbfgscorr            = 10
   ConstAlg             = Lincs
   shake-tol            = 0.0001
   lincs-order          = 4
   lincs-warnangle      = 30
   lincs-iter           = 1
   bd-fric              = 0
   ld-seed              = 1993
   cos-accel            = 0
   deform (3x3):
      deform[    0]={ 0.00000e+00,  0.00000e+00,  0.00000e+00}
      deform[    1]={ 0.00000e+00,  0.00000e+00,  0.00000e+00}
      deform[    2]={ 0.00000e+00,  0.00000e+00,  0.00000e+00}
   adress               = FALSE
   userint1             = 0
   userint2             = 0
   userint3             = 0
   userint4             = 0
   userreal1            = 0
   userreal2            = 0
   userreal3            = 0
   userreal4            = 0
grpopts:
   nrdf:       59239
   ref-t:      303.15
   tau-t:           1
anneal:          No
ann-npoints:           0
   acc:	           0           0           0
   nfreeze:           N           N           N
   energygrp-flags[  0]: 0
   efield-x:
      n = 0
   efield-xt:
      n = 0
   efield-y:
      n = 0
   efield-yt:
      n = 0
   efield-z:
      n = 0
   efield-zt:
      n = 0
   bQMMM                = FALSE
   QMconstraints        = 0
   QMMMscheme           = 0
   scalefactor          = 1
qm-opts:
   ngQM                 = 0

Initializing Domain Decomposition on 40 nodes
Dynamic load balancing: auto
Will sort the charge groups at every domain (re)decomposition
Initial maximum inter charge-group distances:
    two-body bonded interactions: 0.415 nm, LJ-14, atoms 22206 22217
  multi-body bonded interactions: 0.415 nm, Proper Dih., atoms 22206 22217
Minimum cell size due to bonded interactions: 0.457 nm
Maximum distance for 5 constraints, at 120 deg. angles, all-trans: 0.222 nm
Estimated maximum distance required for P-LINCS: 0.222 nm
Guess for relative PME load: 0.19
Will use 32 particle-particle and 8 PME only nodes
This is a guess, check the performance at the end of the log file
Using 8 separate PME nodes, as guessed by mdrun
Scaling the initial minimum size with 1/0.8 (option -dds) = 1.25
Optimizing the DD grid for 32 cells with a minimum initial size of 0.571 nm
The maximum allowed number of cells is: X 10 Y 10 Z 21
Domain decomposition grid 4 x 2 x 4, separate PME nodes 8
PME domain decomposition: 4 x 2 x 1
Interleaving PP and PME nodes
This is a particle-particle only node

Domain decomposition nodeid 0, coordinates 0 0 0

Using 40 MPI threads
Using 1 OpenMP thread per tMPI thread

Detecting CPU-specific acceleration.
Present hardware specification:
Vendor: GenuineIntel
Brand:  Intel(R) Xeon(R) Silver 4210 CPU @ 2.20GHz
Family:  6  Model: 85  Stepping:  7
Features: aes apic avx avx2 clfsh cmov cx8 cx16 f16c fma htt lahf_lm mmx msr nonstop_tsc pcid pclmuldq pdcm pdpe1gb popcnt pse rdrnd rdtscp sse2 sse3 sse4.1 sse4.2 ssse3 tdt x2apic
Acceleration most likely to fit this hardware: AVX_256
Acceleration selected at GROMACS compile time: AVX_256

Will do PME sum in reciprocal space.

++++ PLEASE READ AND CITE THE FOLLOWING REFERENCE ++++
U. Essmann, L. Perera, M. L. Berkowitz, T. Darden, H. Lee and L. G. Pedersen 
A smooth particle mesh Ewald method
J. Chem. Phys. 103 (1995) pp. 8577-8592
-------- -------- --- Thank You --- -------- --------

Will do ordinary reciprocal space Ewald sum.
Using a Gaussian width (1/beta) of 0.384195 nm for Ewald
Cut-off's:   NS: 1.2   Coulomb: 1.2   LJ: 1.2
System total charge: 0.000
Generated table with 1100 data points for Ewald.
Tabscale = 500 points/nm
Generated table with 1100 data points for LJ6.
Tabscale = 500 points/nm
Generated table with 1100 data points for LJ12.
Tabscale = 500 points/nm
Generated table with 1100 data points for 1-4 COUL.
Tabscale = 500 points/nm
Generated table with 1100 data points for 1-4 LJ6.
Tabscale = 500 points/nm
Generated table with 1100 data points for 1-4 LJ12.
Tabscale = 500 points/nm

Using AVX-256 4x4 non-bonded kernels

Using full Lennard-Jones parameter combination matrix

Potential shift: LJ r^-12: 0.112 r^-6 0.335, Ewald 1.000e-05
Initialized non-bonded Ewald correction tables, spacing: 7.23e-04 size: 3046

Pinning threads with an auto-selected logical core stride of 1

Initializing Parallel LINear Constraint Solver

++++ PLEASE READ AND CITE THE FOLLOWING REFERENCE ++++
B. Hess
P-LINCS: A Parallel Linear Constraint Solver for molecular simulation
J. Chem. Theory Comput. 4 (2008) pp. 116-122
-------- -------- --- Thank You --- -------- --------

The number of constraints is 5366
There are inter charge-group constraints,
will communicate selected coordinates each lincs iteration

++++ PLEASE READ AND CITE THE FOLLOWING REFERENCE ++++
S. Miyamoto and P. A. Kollman
SETTLE: An Analytical Version of the SHAKE and RATTLE Algorithms for Rigid
Water Models
J. Comp. Chem. 13 (1992) pp. 952-962
-------- -------- --- Thank You --- -------- --------


Linking all bonded interactions to atoms
There are 62256 inter charge-group exclusions,
will use an extra communication step for exclusion forces for PME

The initial number of communication pulses is: X 1 Y 1 Z 1
The initial domain decomposition cell size is: X 1.50 nm Y 3.00 nm Z 3.00 nm

The maximum allowed distance for charge groups involved in interactions is:
                 non-bonded interactions           1.200 nm
            two-body bonded interactions  (-rdd)   1.200 nm
          multi-body bonded interactions  (-rdd)   1.200 nm
  atoms separated by up to 5 constraints  (-rcon)  1.500 nm

When dynamic load balancing gets turned on, these settings will change to:
The maximum number of communication pulses is: X 2 Y 1 Z 2
The minimum size for domain decomposition cells is 0.958 nm
The requested allowed shrink of DD cells (option -dds) is: 0.80
The allowed shrink of domain decomposition cells is: X 0.64 Y 0.40 Z 0.32
The maximum allowed distance for charge groups involved in interactions is:
                 non-bonded interactions           1.200 nm
            two-body bonded interactions  (-rdd)   1.200 nm
          multi-body bonded interactions  (-rdd)   0.958 nm
  atoms separated by up to 5 constraints  (-rcon)  0.958 nm


Making 3D domain decomposition grid 4 x 2 x 4, home cell index 0 0 0

Center of mass motion removal mode is Linear
We have the following groups for center of mass motion removal:
  0:  System
There are: 28253 Atoms
Charge group distribution at step 0: 1343 1362 628 293 1318 1385 639 50 1354 1362 1061 267 1278 1360 981 28 1357 1385 1054 46 1320 1356 729 68 1269 1334 471 36 1333 1338 386 62
Initial temperature: 303.543 K

Started mdrun on node 0 Wed Dec  9 18:37:02 2020

           Step           Time         Lambda
              0        0.00000        0.00000

   Energies (kJ/mol)
           Bond            U-B    Proper Dih.  Improper Dih.          LJ-14
    2.73384e+03    1.57250e+04    8.59176e+03   -9.48041e+00    7.11880e+02
     Coulomb-14        LJ (SR)   Coulomb (SR)   Coul. recip.      Potential
   -3.82016e+03    1.88702e+04   -3.15960e+05    1.44757e+03   -2.71710e+05
    Kinetic En.   Total Energy  Conserved En.    Temperature Pressure (bar)
    7.61023e+04   -1.95607e+05   -1.95607e+05    3.09018e+02    3.56934e+02
   Constr. rmsd
    3.68629e-06

DD  step 19 load imb.: force 83.4%  pme mesh/force 0.758

At step 20 the performance loss due to force load imbalance is 25.2 %

NOTE: Turning on dynamic load balancing

DD  load balancing is limited by minimum cell size in dimension Z
DD  step 999  vol min/aver 0.559! load imb.: force 10.2%  pme mesh/force 0.772

           Step           Time         Lambda
           1000        2.00000        0.00000

   Energies (kJ/mol)
           Bond            U-B    Proper Dih.  Improper Dih.          LJ-14
    2.62047e+03    1.61047e+04    8.64665e+03   -9.40921e+00    7.16320e+02
     Coulomb-14        LJ (SR)   Coulomb (SR)   Coul. recip.      Potential
   -3.72266e+03    1.90436e+04   -3.16627e+05    1.44898e+03   -2.71779e+05
    Kinetic En.   Total Energy  Conserved En.    Temperature Pressure (bar)
    7.49900e+04   -1.96789e+05   -1.95782e+05    3.04501e+02   -8.14312e+01
   Constr. rmsd
    3.38923e-06

DD  load balancing is limited by minimum cell size in dimension Z
DD  step 1999  vol min/aver 0.566! load imb.: force  9.5%  pme mesh/force 0.750

           Step           Time         Lambda
           2000        4.00000        0.00000

   Energies (kJ/mol)
           Bond            U-B    Proper Dih.  Improper Dih.          LJ-14
    2.47924e+03    1.58251e+04    8.54569e+03   -9.26791e+00    7.35468e+02
     Coulomb-14        LJ (SR)   Coulomb (SR)   Coul. recip.      Potential
   -3.91974e+03    1.83619e+04   -3.15832e+05    1.40903e+03   -2.72405e+05
    Kinetic En.   Total Energy  Conserved En.    Temperature Pressure (bar)
    7.49217e+04   -1.97483e+05   -1.95710e+05    3.04224e+02    9.16053e+01
   Constr. rmsd
    3.41760e-06

DD  load balancing is limited by minimum cell size in dimension Z
DD  step 2999  vol min/aver 0.568! load imb.: force  9.6%  pme mesh/force 0.745

           Step           Time         Lambda
           3000        6.00000        0.00000

   Energies (kJ/mol)
           Bond            U-B    Proper Dih.  Improper Dih.          LJ-14
    2.54325e+03    1.58003e+04    8.55097e+03   -7.42964e+00    6.94784e+02
     Coulomb-14        LJ (SR)   Coulomb (SR)   Coul. recip.      Potential
   -4.00270e+03    1.83727e+04   -3.15907e+05    1.39761e+03   -2.72558e+05
    Kinetic En.   Total Energy  Conserved En.    Temperature Pressure (bar)
    7.47848e+04   -1.97773e+05   -1.95576e+05    3.03668e+02   -1.76461e+02
   Constr. rmsd
    3.38946e-06

DD  load balancing is limited by minimum cell size in dimension Z
DD  step 3999  vol min/aver 0.573! load imb.: force  5.2%  pme mesh/force 0.777

           Step           Time         Lambda
           4000        8.00000        0.00000

   Energies (kJ/mol)
           Bond            U-B    Proper Dih.  Improper Dih.          LJ-14
    2.70633e+03    1.59479e+04    8.57663e+03   -1.01670e+01    6.94080e+02
     Coulomb-14        LJ (SR)   Coulomb (SR)   Coul. recip.      Potential
   -3.85842e+03    1.81302e+04   -3.15904e+05    1.47261e+03   -2.72244e+05
    Kinetic En.   Total Energy  Conserved En.    Temperature Pressure (bar)
    7.48406e+04   -1.97404e+05   -1.95533e+05    3.03895e+02   -1.31361e+02
   Constr. rmsd
    3.39041e-06

DD  load balancing is limited by minimum cell size in dimension Z
DD  step 4999  vol min/aver 0.579! load imb.: force 10.5%  pme mesh/force 0.722

           Step           Time         Lambda
           5000       10.00000        0.00000

   Energies (kJ/mol)
           Bond            U-B    Proper Dih.  Improper Dih.          LJ-14
    2.56131e+03    1.55607e+04    8.49060e+03   -5.57062e+00    7.12746e+02
     Coulomb-14        LJ (SR)   Coulomb (SR)   Coul. recip.      Potential
   -3.72456e+03    1.93979e+04   -3.17403e+05    1.45730e+03   -2.72953e+05
    Kinetic En.   Total Energy  Conserved En.    Temperature Pressure (bar)
    7.42648e+04   -1.98688e+05   -1.95604e+05    3.01556e+02    2.55375e+00
   Constr. rmsd
    3.38724e-06

DD  load balancing is limited by minimum cell size in dimension Z
DD  step 5999  vol min/aver 0.595! load imb.: force  5.6%  pme mesh/force 0.729

           Step           Time         Lambda
           6000       12.00000        0.00000

   Energies (kJ/mol)
           Bond            U-B    Proper Dih.  Improper Dih.          LJ-14
    2.59828e+03    1.61405e+04    8.56017e+03   -6.75136e+00    7.29117e+02
     Coulomb-14        LJ (SR)   Coulomb (SR)   Coul. recip.      Potential
   -3.74504e+03    1.81079e+04   -3.15988e+05    1.45776e+03   -2.72146e+05
    Kinetic En.   Total Energy  Conserved En.    Temperature Pressure (bar)
    7.36943e+04   -1.98452e+05   -1.95491e+05    2.99240e+02   -1.70669e+02
   Constr. rmsd
    3.34441e-06

DD  load balancing is limited by minimum cell size in dimension Z
DD  step 6999  vol min/aver 0.600! load imb.: force  4.2%  pme mesh/force 0.743

           Step           Time         Lambda
           7000       14.00000        0.00000

   Energies (kJ/mol)
           Bond            U-B    Proper Dih.  Improper Dih.          LJ-14
    2.42917e+03    1.59947e+04    8.56306e+03   -1.09820e+01    7.70239e+02
     Coulomb-14        LJ (SR)   Coulomb (SR)   Coul. recip.      Potential
   -3.55216e+03    1.93056e+04   -3.18013e+05    1.43568e+03   -2.73078e+05
    Kinetic En.   Total Energy  Conserved En.    Temperature Pressure (bar)
    7.55942e+04   -1.97484e+05   -1.95625e+05    3.06954e+02   -3.44905e+00
   Constr. rmsd
    3.54763e-06

DD  load balancing is limited by minimum cell size in dimension Z
DD  step 7999  vol min/aver 0.583! load imb.: force  5.8%  pme mesh/force 0.730

           Step           Time         Lambda
           8000       16.00000        0.00000

   Energies (kJ/mol)
           Bond            U-B    Proper Dih.  Improper Dih.          LJ-14
    2.71266e+03    1.62431e+04    8.44154e+03   -4.81909e+00    7.43560e+02
     Coulomb-14        LJ (SR)   Coulomb (SR)   Coul. recip.      Potential
   -3.56667e+03    1.83830e+04   -3.15591e+05    1.42879e+03   -2.71210e+05
    Kinetic En.   Total Energy  Conserved En.    Temperature Pressure (bar)
    7.53621e+04   -1.95848e+05   -1.95640e+05    3.06012e+02   -7.28719e+01
   Constr. rmsd
    3.37149e-06

DD  load balancing is limited by minimum cell size in dimension Z
DD  step 8999  vol min/aver 0.584! load imb.: force  5.5%  pme mesh/force 0.737

           Step           Time         Lambda
           9000       18.00000        0.00000

   Energies (kJ/mol)
           Bond            U-B    Proper Dih.  Improper Dih.          LJ-14
    2.58205e+03    1.60773e+04    8.49019e+03   -8.21032e+00    6.77682e+02
     Coulomb-14        LJ (SR)   Coulomb (SR)   Coul. recip.      Potential
   -3.36507e+03    1.83884e+04   -3.15912e+05    1.43024e+03   -2.71639e+05
    Kinetic En.   Total Energy  Conserved En.    Temperature Pressure (bar)
    7.53059e+04   -1.96333e+05   -1.95527e+05    3.05784e+02   -2.43058e+02
   Constr. rmsd
    3.43462e-06

DD  load balancing is limited by minimum cell size in dimension Z
DD  step 9999  vol min/aver 0.585! load imb.: force  6.5%  pme mesh/force 0.744

           Step           Time         Lambda
          10000       20.00000        0.00000

   Energies (kJ/mol)
           Bond            U-B    Proper Dih.  Improper Dih.          LJ-14
    2.68146e+03    1.60864e+04    8.42643e+03   -5.66047e+00    7.15924e+02
     Coulomb-14        LJ (SR)   Coulomb (SR)   Coul. recip.      Potential
   -3.56560e+03    1.94243e+04   -3.16919e+05    1.52712e+03   -2.71629e+05
    Kinetic En.   Total Energy  Conserved En.    Temperature Pressure (bar)
    7.47461e+04   -1.96883e+05   -1.95373e+05    3.03511e+02   -1.88221e+01
   Constr. rmsd
    3.48410e-06

DD  load balancing is limited by minimum cell size in dimension Z
DD  step 10999  vol min/aver 0.581! load imb.: force  7.3%  pme mesh/force 0.732

           Step           Time         Lambda
          11000       22.00000        0.00000

   Energies (kJ/mol)
           Bond            U-B    Proper Dih.  Improper Dih.          LJ-14
    2.59290e+03    1.58140e+04    8.45584e+03   -7.91602e+00    7.51410e+02
     Coulomb-14        LJ (SR)   Coulomb (SR)   Coul. recip.      Potential
   -3.60940e+03    1.91450e+04   -3.16775e+05    1.40613e+03   -2.72228e+05
    Kinetic En.   Total Energy  Conserved En.    Temperature Pressure (bar)
    7.49302e+04   -1.97297e+05   -1.95447e+05    3.04258e+02   -8.60431e+01
   Constr. rmsd
    3.49809e-06

DD  load balancing is limited by minimum cell size in dimension Z
DD  step 11999  vol min/aver 0.592! load imb.: force  8.1%  pme mesh/force 0.719

           Step           Time         Lambda
          12000       24.00000        0.00000

   Energies (kJ/mol)
           Bond            U-B    Proper Dih.  Improper Dih.          LJ-14
    2.62724e+03    1.60991e+04    8.64972e+03   -4.29998e+00    7.29131e+02
     Coulomb-14        LJ (SR)   Coulomb (SR)   Coul. recip.      Potential
   -3.77156e+03    1.92432e+04   -3.17484e+05    1.38334e+03   -2.72528e+05
    Kinetic En.   Total Energy  Conserved En.    Temperature Pressure (bar)
    7.51296e+04   -1.97398e+05   -1.95570e+05    3.05068e+02   -4.26991e+01
   Constr. rmsd
    3.40068e-06

DD  load balancing is limited by minimum cell size in dimension Z
DD  step 12999  vol min/aver 0.585! load imb.: force  8.0%  pme mesh/force 0.721

           Step           Time         Lambda
          13000       26.00000        0.00000

   Energies (kJ/mol)
           Bond            U-B    Proper Dih.  Improper Dih.          LJ-14
    2.53577e+03    1.60624e+04    8.58335e+03   -6.50839e+00    7.24450e+02
     Coulomb-14        LJ (SR)   Coulomb (SR)   Coul. recip.      Potential
   -3.51826e+03    1.82986e+04   -3.16179e+05    1.35706e+03   -2.72142e+05
    Kinetic En.   Total Energy  Conserved En.    Temperature Pressure (bar)
    7.45140e+04   -1.97628e+05   -1.95482e+05    3.02568e+02   -6.63250e+01
   Constr. rmsd
    3.41020e-06

DD  load balancing is limited by minimum cell size in dimension Z
DD  step 13999  vol min/aver 0.548! load imb.: force  2.9%  pme mesh/force 0.766

           Step           Time         Lambda
          14000       28.00000        0.00000

   Energies (kJ/mol)
           Bond            U-B    Proper Dih.  Improper Dih.          LJ-14
    2.69437e+03    1.62821e+04    8.46004e+03   -6.43801e+00    6.82537e+02
     Coulomb-14        LJ (SR)   Coulomb (SR)   Coul. recip.      Potential
   -3.56096e+03    1.84047e+04   -3.15522e+05    1.44222e+03   -2.71123e+05
    Kinetic En.   Total Energy  Conserved En.    Temperature Pressure (bar)
    7.45444e+04   -1.96579e+05   -1.95418e+05    3.02692e+02   -1.52599e+02
   Constr. rmsd
    3.40088e-06

DD  load balancing is limited by minimum cell size in dimension Z
DD  step 14999  vol min/aver 0.557! load imb.: force  5.7%  pme mesh/force 0.648

           Step           Time         Lambda
          15000       30.00000        0.00000

   Energies (kJ/mol)
           Bond            U-B    Proper Dih.  Improper Dih.          LJ-14
    2.66649e+03    1.56308e+04    8.53901e+03   -9.69747e+00    6.86860e+02
     Coulomb-14        LJ (SR)   Coulomb (SR)   Coul. recip.      Potential
   -3.80912e+03    1.88807e+04   -3.16358e+05    1.45870e+03   -2.72314e+05
    Kinetic En.   Total Energy  Conserved En.    Temperature Pressure (bar)
    7.48733e+04   -1.97441e+05   -1.95285e+05    3.04027e+02   -3.79457e+01
   Constr. rmsd
    3.35567e-06

DD  step 15999  vol min/aver 0.566  load imb.: force  5.2%  pme mesh/force 0.740

           Step           Time         Lambda
          16000       32.00000        0.00000

   Energies (kJ/mol)
           Bond            U-B    Proper Dih.  Improper Dih.          LJ-14
    2.58215e+03    1.60386e+04    8.48264e+03   -6.14168e+00    6.91821e+02
     Coulomb-14        LJ (SR)   Coulomb (SR)   Coul. recip.      Potential
   -3.55061e+03    1.88513e+04   -3.17947e+05    1.40337e+03   -2.73454e+05
    Kinetic En.   Total Energy  Conserved En.    Temperature Pressure (bar)
    7.39149e+04   -1.99539e+05   -1.95280e+05    3.00136e+02    1.31425e+01
   Constr. rmsd
    3.16651e-06

DD  load balancing is limited by minimum cell size in dimension Z
DD  step 16999  vol min/aver 0.582! load imb.: force  3.2%  pme mesh/force 0.751

           Step           Time         Lambda
          17000       34.00000        0.00000

   Energies (kJ/mol)
           Bond            U-B    Proper Dih.  Improper Dih.          LJ-14
    2.53383e+03    1.58418e+04    8.54581e+03   -9.35756e+00    6.84173e+02
     Coulomb-14        LJ (SR)   Coulomb (SR)   Coul. recip.      Potential
   -3.55420e+03    1.96389e+04   -3.17554e+05    1.48405e+03   -2.72389e+05
    Kinetic En.   Total Energy  Conserved En.    Temperature Pressure (bar)
    7.53896e+04   -1.97000e+05   -1.95382e+05    3.06124e+02    1.21839e+02
   Constr. rmsd
    3.37994e-06

DD  step 17999  vol min/aver 0.601  load imb.: force  4.8%  pme mesh/force 0.757

           Step           Time         Lambda
          18000       36.00000        0.00000

   Energies (kJ/mol)
           Bond            U-B    Proper Dih.  Improper Dih.          LJ-14
    2.66655e+03    1.58320e+04    8.60804e+03   -7.54583e+00    7.00996e+02
     Coulomb-14        LJ (SR)   Coulomb (SR)   Coul. recip.      Potential
   -3.77867e+03    1.88023e+04   -3.16885e+05    1.45414e+03   -2.72607e+05
    Kinetic En.   Total Energy  Conserved En.    Temperature Pressure (bar)
    7.51633e+04   -1.97444e+05   -1.95369e+05    3.05205e+02   -1.15758e+02
   Constr. rmsd
    3.49992e-06

DD  load balancing is limited by minimum cell size in dimension Z
DD  step 18999  vol min/aver 0.597! load imb.: force  3.8%  pme mesh/force 0.677

           Step           Time         Lambda
          19000       38.00000        0.00000

   Energies (kJ/mol)
           Bond            U-B    Proper Dih.  Improper Dih.          LJ-14
    2.71646e+03    1.61337e+04    8.61573e+03   -4.49777e+00    7.27365e+02
     Coulomb-14        LJ (SR)   Coulomb (SR)   Coul. recip.      Potential
   -3.76922e+03    1.80137e+04   -3.15299e+05    1.42978e+03   -2.71436e+05
    Kinetic En.   Total Energy  Conserved En.    Temperature Pressure (bar)
    7.50502e+04   -1.96386e+05   -1.95044e+05    3.04746e+02   -1.66668e+02
   Constr. rmsd
    3.44045e-06

DD  load balancing is limited by minimum cell size in dimension Z
DD  step 19999  vol min/aver 0.586! load imb.: force  4.8%  pme mesh/force 0.737

           Step           Time         Lambda
          20000       40.00000        0.00000

   Energies (kJ/mol)
           Bond            U-B    Proper Dih.  Improper Dih.          LJ-14
    2.56049e+03    1.58658e+04    8.50692e+03   -4.27020e+00    7.52078e+02
     Coulomb-14        LJ (SR)   Coulomb (SR)   Coul. recip.      Potential
   -3.91733e+03    1.88446e+04   -3.16908e+05    1.48977e+03   -2.72810e+05
    Kinetic En.   Total Energy  Conserved En.    Temperature Pressure (bar)
    7.39343e+04   -1.98876e+05   -1.95119e+05    3.00214e+02    1.91536e+01
   Constr. rmsd
    3.46712e-06

DD  load balancing is limited by minimum cell size in dimension Z
DD  step 20999  vol min/aver 0.584! load imb.: force  4.2%  pme mesh/force 0.741

           Step           Time         Lambda
          21000       42.00000        0.00000

   Energies (kJ/mol)
           Bond            U-B    Proper Dih.  Improper Dih.          LJ-14
    2.56622e+03    1.58131e+04    8.63768e+03   -4.71925e+00    7.13905e+02
     Coulomb-14        LJ (SR)   Coulomb (SR)   Coul. recip.      Potential
   -3.68264e+03    1.94662e+04   -3.17958e+05    1.43383e+03   -2.73015e+05
    Kinetic En.   Total Energy  Conserved En.    Temperature Pressure (bar)
    7.48736e+04   -1.98141e+05   -1.95080e+05    3.04029e+02   -2.44604e+00
   Constr. rmsd
    3.34864e-06

DD  load balancing is limited by minimum cell size in dimension Z
DD  step 21999  vol min/aver 0.591! load imb.: force  4.9%  pme mesh/force 0.737

           Step           Time         Lambda
          22000       44.00000        0.00000

   Energies (kJ/mol)
           Bond            U-B    Proper Dih.  Improper Dih.          LJ-14
    2.69284e+03    1.60659e+04    8.69498e+03   -6.06904e+00    7.55068e+02
     Coulomb-14        LJ (SR)   Coulomb (SR)   Coul. recip.      Potential
   -3.98551e+03    1.84525e+04   -3.15732e+05    1.43404e+03   -2.71628e+05
    Kinetic En.   Total Energy  Conserved En.    Temperature Pressure (bar)
    7.48284e+04   -1.96800e+05   -1.95133e+05    3.03845e+02    4.85848e+01
   Constr. rmsd
    3.39260e-06

DD  load balancing is limited by minimum cell size in dimension Z
DD  step 22999  vol min/aver 0.605! load imb.: force 12.9%  pme mesh/force 0.695

           Step           Time         Lambda
          23000       46.00000        0.00000

   Energies (kJ/mol)
           Bond            U-B    Proper Dih.  Improper Dih.          LJ-14
    2.70386e+03    1.58362e+04    8.60929e+03   -7.60073e+00    7.58875e+02
     Coulomb-14        LJ (SR)   Coulomb (SR)   Coul. recip.      Potential
   -3.83707e+03    1.88980e+04   -3.16131e+05    1.41061e+03   -2.71759e+05
    Kinetic En.   Total Energy  Conserved En.    Temperature Pressure (bar)
    7.50630e+04   -1.96696e+05   -1.95036e+05    3.04798e+02    1.44432e+02
   Constr. rmsd
    3.43747e-06

DD  load balancing is limited by minimum cell size in dimension Z
DD  step 23999  vol min/aver 0.585! load imb.: force  4.3%  pme mesh/force 0.738

           Step           Time         Lambda
          24000       48.00000        0.00000

   Energies (kJ/mol)
           Bond            U-B    Proper Dih.  Improper Dih.          LJ-14
    2.73660e+03    1.60424e+04    8.53037e+03   -1.10100e+01    7.26630e+02
     Coulomb-14        LJ (SR)   Coulomb (SR)   Coul. recip.      Potential
   -3.56545e+03    1.90069e+04   -3.16696e+05    1.48259e+03   -2.71747e+05
    Kinetic En.   Total Energy  Conserved En.    Temperature Pressure (bar)
    7.51725e+04   -1.96575e+05   -1.94917e+05    3.05242e+02    1.17006e+01
   Constr. rmsd
    3.34916e-06

DD  load balancing is limited by minimum cell size in dimension Z
DD  step 24999  vol min/aver 0.603! load imb.: force  5.6%  pme mesh/force 0.737

           Step           Time         Lambda
          25000       50.00000        0.00000

   Energies (kJ/mol)
           Bond            U-B    Proper Dih.  Improper Dih.          LJ-14
    2.61807e+03    1.60106e+04    8.50802e+03   -5.48611e+00    7.78733e+02
     Coulomb-14        LJ (SR)   Coulomb (SR)   Coul. recip.      Potential
   -3.81306e+03    1.84263e+04   -3.15864e+05    1.44022e+03   -2.71901e+05
    Kinetic En.   Total Energy  Conserved En.    Temperature Pressure (bar)
    7.41942e+04   -1.97707e+05   -1.95008e+05    3.01270e+02    8.10279e+01
   Constr. rmsd
    3.34991e-06

DD  load balancing is limited by minimum cell size in dimension Z
DD  step 25999  vol min/aver 0.557! load imb.: force  3.4%  pme mesh/force 0.743

           Step           Time         Lambda
          26000       52.00000        0.00000

   Energies (kJ/mol)
           Bond            U-B    Proper Dih.  Improper Dih.          LJ-14
    2.55077e+03    1.59164e+04    8.44732e+03   -6.77733e+00    7.09117e+02
     Coulomb-14        LJ (SR)   Coulomb (SR)   Coul. recip.      Potential
   -3.68011e+03    1.89647e+04   -3.17482e+05    1.46406e+03   -2.73117e+05
    Kinetic En.   Total Energy  Conserved En.    Temperature Pressure (bar)
    7.45089e+04   -1.98608e+05   -1.95054e+05    3.02547e+02    6.06637e+01
   Constr. rmsd
    3.31560e-06

DD  load balancing is limited by minimum cell size in dimension Z
DD  step 26999  vol min/aver 0.585! load imb.: force  3.7%  pme mesh/force 0.750

           Step           Time         Lambda
          27000       54.00000        0.00000

   Energies (kJ/mol)
           Bond            U-B    Proper Dih.  Improper Dih.          LJ-14
    2.56916e+03    1.62129e+04    8.60229e+03   -9.88501e+00    7.84077e+02
     Coulomb-14        LJ (SR)   Coulomb (SR)   Coul. recip.      Potential
   -3.88987e+03    1.77355e+04   -3.14199e+05    1.40290e+03   -2.70792e+05
    Kinetic En.   Total Energy  Conserved En.    Temperature Pressure (bar)
    7.50941e+04   -1.95698e+05   -1.95033e+05    3.04924e+02   -6.46818e+01
   Constr. rmsd
    3.42319e-06

DD  load balancing is limited by minimum cell size in dimension Z
DD  step 27999  vol min/aver 0.587! load imb.: force  3.9%  pme mesh/force 0.742

           Step           Time         Lambda
          28000       56.00000        0.00000

   Energies (kJ/mol)
           Bond            U-B    Proper Dih.  Improper Dih.          LJ-14
    2.64346e+03    1.62760e+04    8.26084e+03   -6.47913e+00    7.06202e+02
     Coulomb-14        LJ (SR)   Coulomb (SR)   Coul. recip.      Potential
   -3.74397e+03    1.95206e+04   -3.16347e+05    1.48520e+03   -2.71205e+05
    Kinetic En.   Total Energy  Conserved En.    Temperature Pressure (bar)
    7.46452e+04   -1.96560e+05   -1.94992e+05    3.03101e+02    2.34737e+02
   Constr. rmsd
    3.33093e-06

DD  load balancing is limited by minimum cell size in dimension Z
DD  step 28999  vol min/aver 0.598! load imb.: force  4.8%  pme mesh/force 0.749

           Step           Time         Lambda
          29000       58.00000        0.00000

   Energies (kJ/mol)
           Bond            U-B    Proper Dih.  Improper Dih.          LJ-14
    2.54091e+03    1.61123e+04    8.52816e+03   -6.40399e+00    7.18306e+02
     Coulomb-14        LJ (SR)   Coulomb (SR)   Coul. recip.      Potential
   -3.45363e+03    1.80423e+04   -3.16489e+05    1.40414e+03   -2.72603e+05
    Kinetic En.   Total Energy  Conserved En.    Temperature Pressure (bar)
    7.49433e+04   -1.97659e+05   -1.95012e+05    3.04312e+02   -6.09831e+01
   Constr. rmsd
    3.38067e-06

DD  load balancing is limited by minimum cell size in dimension Z
DD  step 29999  vol min/aver 0.589! load imb.: force  5.3%  pme mesh/force 0.747

           Step           Time         Lambda
          30000       60.00000        0.00000

   Energies (kJ/mol)
           Bond            U-B    Proper Dih.  Improper Dih.          LJ-14
    2.67439e+03    1.63863e+04    8.46913e+03   -3.79149e+00    7.36315e+02
     Coulomb-14        LJ (SR)   Coulomb (SR)   Coul. recip.      Potential
   -3.51906e+03    1.86084e+04   -3.16615e+05    1.43759e+03   -2.71826e+05
    Kinetic En.   Total Energy  Conserved En.    Temperature Pressure (bar)
    7.47128e+04   -1.97113e+05   -1.94805e+05    3.03375e+02   -1.29878e+02
   Constr. rmsd
    3.44629e-06

DD  load balancing is limited by minimum cell size in dimension Z
DD  step 30999  vol min/aver 0.579! load imb.: force  5.0%  pme mesh/force 0.758

           Step           Time         Lambda
          31000       62.00000        0.00000

   Energies (kJ/mol)
           Bond            U-B    Proper Dih.  Improper Dih.          LJ-14
    2.68492e+03    1.61471e+04    8.30039e+03   -4.59389e+00    6.85657e+02
     Coulomb-14        LJ (SR)   Coulomb (SR)   Coul. recip.      Potential
   -3.44162e+03    1.87559e+04   -3.15882e+05    1.43366e+03   -2.71320e+05
    Kinetic En.   Total Energy  Conserved En.    Temperature Pressure (bar)
    7.46654e+04   -1.96655e+05   -1.94736e+05    3.03183e+02   -4.82618e+01
   Constr. rmsd
    3.37256e-06

DD  load balancing is limited by minimum cell size in dimension Z
DD  step 31999  vol min/aver 0.579! load imb.: force  7.4%  pme mesh/force 0.684

           Step           Time         Lambda
          32000       64.00000        0.00000

   Energies (kJ/mol)
           Bond            U-B    Proper Dih.  Improper Dih.          LJ-14
    2.68210e+03    1.59112e+04    8.38580e+03   -5.42540e+00    7.08206e+02
     Coulomb-14        LJ (SR)   Coulomb (SR)   Coul. recip.      Potential
   -3.37820e+03    1.84004e+04   -3.17172e+05    1.40774e+03   -2.73060e+05
    Kinetic En.   Total Energy  Conserved En.    Temperature Pressure (bar)
    7.45768e+04   -1.98483e+05   -1.94638e+05    3.02823e+02   -7.31311e+01
   Constr. rmsd
    3.32598e-06

DD  load balancing is limited by minimum cell size in dimension Z
DD  step 32999  vol min/aver 0.585! load imb.: force  3.9%  pme mesh/force 0.741

           Step           Time         Lambda
          33000       66.00000        0.00000

   Energies (kJ/mol)
           Bond            U-B    Proper Dih.  Improper Dih.          LJ-14
    2.73647e+03    1.62286e+04    8.50224e+03   -8.26231e+00    7.67022e+02
     Coulomb-14        LJ (SR)   Coulomb (SR)   Coul. recip.      Potential
   -3.65595e+03    1.86940e+04   -3.16934e+05    1.42291e+03   -2.72247e+05
    Kinetic En.   Total Energy  Conserved En.    Temperature Pressure (bar)
    7.44485e+04   -1.97799e+05   -1.94615e+05    3.02302e+02    1.21673e+02
   Constr. rmsd
    3.37806e-06

DD  load balancing is limited by minimum cell size in dimension Z
DD  step 33999  vol min/aver 0.562! load imb.: force  4.5%  pme mesh/force 0.732

           Step           Time         Lambda
          34000       68.00000        0.00000

   Energies (kJ/mol)
           Bond            U-B    Proper Dih.  Improper Dih.          LJ-14
    2.63581e+03    1.62028e+04    8.31366e+03   -6.94319e+00    6.80717e+02
     Coulomb-14        LJ (SR)   Coulomb (SR)   Coul. recip.      Potential
   -3.36066e+03    1.83448e+04   -3.17514e+05    1.40196e+03   -2.73302e+05
    Kinetic En.   Total Energy  Conserved En.    Temperature Pressure (bar)
    7.44971e+04   -1.98805e+05   -1.94489e+05    3.02500e+02   -1.40566e+02
   Constr. rmsd
    3.28823e-06

DD  load balancing is limited by minimum cell size in dimension Z
DD  step 34999  vol min/aver 0.557! load imb.: force  4.5%  pme mesh/force 0.744

           Step           Time         Lambda
          35000       70.00000        0.00000

   Energies (kJ/mol)
           Bond            U-B    Proper Dih.  Improper Dih.          LJ-14
    2.77975e+03    1.60148e+04    8.42250e+03   -6.08344e+00    6.91203e+02
     Coulomb-14        LJ (SR)   Coulomb (SR)   Coul. recip.      Potential
   -3.57651e+03    1.92339e+04   -3.17948e+05    1.42705e+03   -2.72962e+05
    Kinetic En.   Total Energy  Conserved En.    Temperature Pressure (bar)
    7.47162e+04   -1.98246e+05   -1.94630e+05    3.03389e+02   -1.28952e+02
   Constr. rmsd
    3.37394e-06

DD  load balancing is limited by minimum cell size in dimension Z
DD  step 35999  vol min/aver 0.552! load imb.: force  6.4%  pme mesh/force 0.732

           Step           Time         Lambda
          36000       72.00000        0.00000

   Energies (kJ/mol)
           Bond            U-B    Proper Dih.  Improper Dih.          LJ-14
    2.64910e+03    1.61154e+04    8.43925e+03   -8.33681e+00    7.66719e+02
     Coulomb-14        LJ (SR)   Coulomb (SR)   Coul. recip.      Potential
   -3.55251e+03    1.93965e+04   -3.17636e+05    1.41910e+03   -2.72410e+05
    Kinetic En.   Total Energy  Conserved En.    Temperature Pressure (bar)
    7.50975e+04   -1.97313e+05   -1.94533e+05    3.04938e+02   -3.95603e+01
   Constr. rmsd
    3.26046e-06

DD  load balancing is limited by minimum cell size in dimension Z
DD  step 36999  vol min/aver 0.579! load imb.: force  4.4%  pme mesh/force 0.712

           Step           Time         Lambda
          37000       74.00000        0.00000

   Energies (kJ/mol)
           Bond            U-B    Proper Dih.  Improper Dih.          LJ-14
    2.67268e+03    1.54977e+04    8.28889e+03   -4.92613e+00    6.80044e+02
     Coulomb-14        LJ (SR)   Coulomb (SR)   Coul. recip.      Potential
   -3.36033e+03    1.86668e+04   -3.17740e+05    1.43491e+03   -2.73864e+05
    Kinetic En.   Total Energy  Conserved En.    Temperature Pressure (bar)
    7.43639e+04   -1.99500e+05   -1.94629e+05    3.01959e+02   -3.70047e+01
   Constr. rmsd
    3.44036e-06

DD  load balancing is limited by minimum cell size in dimension Z
DD  step 37999  vol min/aver 0.580! load imb.: force  4.8%  pme mesh/force 0.761

           Step           Time         Lambda
          38000       76.00000        0.00000

   Energies (kJ/mol)
           Bond            U-B    Proper Dih.  Improper Dih.          LJ-14
    2.49938e+03    1.60919e+04    8.37374e+03   -8.54503e+00    7.21951e+02
     Coulomb-14        LJ (SR)   Coulomb (SR)   Coul. recip.      Potential
   -3.46185e+03    1.82613e+04   -3.16293e+05    1.43253e+03   -2.72382e+05
    Kinetic En.   Total Energy  Conserved En.    Temperature Pressure (bar)
    7.41795e+04   -1.98203e+05   -1.94512e+05    3.01210e+02   -1.06017e+02
   Constr. rmsd
    3.33597e-06

DD  load balancing is limited by minimum cell size in dimension Z
DD  step 38999  vol min/aver 0.553! load imb.: force  5.1%  pme mesh/force 0.750

           Step           Time         Lambda
          39000       78.00000        0.00000

   Energies (kJ/mol)
           Bond            U-B    Proper Dih.  Improper Dih.          LJ-14
    2.53363e+03    1.60592e+04    8.43441e+03   -5.91038e+00    7.07461e+02
     Coulomb-14        LJ (SR)   Coulomb (SR)   Coul. recip.      Potential
   -3.33932e+03    1.88153e+04   -3.18129e+05    1.39829e+03   -2.73526e+05
    Kinetic En.   Total Energy  Conserved En.    Temperature Pressure (bar)
    7.45206e+04   -1.99006e+05   -1.94617e+05    3.02595e+02   -1.44609e+01
   Constr. rmsd
    3.38065e-06

DD  load balancing is limited by minimum cell size in dimension Z
DD  step 39999  vol min/aver 0.544! load imb.: force  5.5%  pme mesh/force 0.754

           Step           Time         Lambda
          40000       80.00000        0.00000

   Energies (kJ/mol)
           Bond            U-B    Proper Dih.  Improper Dih.          LJ-14
    2.48618e+03    1.58674e+04    8.62427e+03   -8.80659e+00    8.14844e+02
     Coulomb-14        LJ (SR)   Coulomb (SR)   Coul. recip.      Potential
   -3.59061e+03    1.90707e+04   -3.18162e+05    1.35713e+03   -2.73541e+05
    Kinetic En.   Total Energy  Conserved En.    Temperature Pressure (bar)
    7.47573e+04   -1.98784e+05   -1.94585e+05    3.03556e+02    1.37629e+01
   Constr. rmsd
    3.42062e-06

DD  load balancing is limited by minimum cell size in dimension Z
DD  step 40999  vol min/aver 0.563! load imb.: force  5.2%  pme mesh/force 0.749

           Step           Time         Lambda
          41000       82.00000        0.00000

   Energies (kJ/mol)
           Bond            U-B    Proper Dih.  Improper Dih.          LJ-14
    2.55905e+03    1.60209e+04    8.67311e+03   -8.27478e+00    7.21496e+02
     Coulomb-14        LJ (SR)   Coulomb (SR)   Coul. recip.      Potential
   -3.33851e+03    1.92196e+04   -3.17026e+05    1.47047e+03   -2.71708e+05
    Kinetic En.   Total Energy  Conserved En.    Temperature Pressure (bar)
    7.42463e+04   -1.97462e+05   -1.94505e+05    3.01481e+02    6.42552e+01
   Constr. rmsd
    3.27989e-06

DD  load balancing is limited by minimum cell size in dimension Z
DD  step 41999  vol min/aver 0.578! load imb.: force  5.6%  pme mesh/force 0.746

           Step           Time         Lambda
          42000       84.00000        0.00000

   Energies (kJ/mol)
           Bond            U-B    Proper Dih.  Improper Dih.          LJ-14
    2.52093e+03    1.59565e+04    8.44432e+03   -7.58614e+00    7.13080e+02
     Coulomb-14        LJ (SR)   Coulomb (SR)   Coul. recip.      Potential
   -3.48417e+03    1.93555e+04   -3.18413e+05    1.41342e+03   -2.73501e+05
    Kinetic En.   Total Energy  Conserved En.    Temperature Pressure (bar)
    7.49979e+04   -1.98503e+05   -1.94528e+05    3.04533e+02   -5.57627e+01
   Constr. rmsd
    3.31306e-06

DD  load balancing is limited by minimum cell size in dimension Z
DD  step 42999  vol min/aver 0.585! load imb.: force  5.1%  pme mesh/force 0.748

           Step           Time         Lambda
          43000       86.00000        0.00000

   Energies (kJ/mol)
           Bond            U-B    Proper Dih.  Improper Dih.          LJ-14
    2.75907e+03    1.58547e+04    8.38579e+03   -4.18330e+00    6.84489e+02
     Coulomb-14        LJ (SR)   Coulomb (SR)   Coul. recip.      Potential
   -3.57252e+03    1.79513e+04   -3.15225e+05    1.49347e+03   -2.71673e+05
    Kinetic En.   Total Energy  Conserved En.    Temperature Pressure (bar)
    7.43016e+04   -1.97371e+05   -1.94468e+05    3.01706e+02   -1.50952e+02
   Constr. rmsd
    3.33759e-06

DD  load balancing is limited by minimum cell size in dimension Z
DD  step 43999  vol min/aver 0.539! load imb.: force  5.7%  pme mesh/force 0.755

           Step           Time         Lambda
          44000       88.00000        0.00000

   Energies (kJ/mol)
           Bond            U-B    Proper Dih.  Improper Dih.          LJ-14
    2.57011e+03    1.64244e+04    8.50746e+03   -1.02419e+01    7.32298e+02
     Coulomb-14        LJ (SR)   Coulomb (SR)   Coul. recip.      Potential
   -3.35756e+03    1.82529e+04   -3.15586e+05    1.41603e+03   -2.71050e+05
    Kinetic En.   Total Energy  Conserved En.    Temperature Pressure (bar)
    7.52180e+04   -1.95832e+05   -1.94343e+05    3.05427e+02    6.58691e+01
   Constr. rmsd
    3.36381e-06

DD  load balancing is limited by minimum cell size in dimension Z
DD  step 44999  vol min/aver 0.581! load imb.: force  7.1%  pme mesh/force 0.734

           Step           Time         Lambda
          45000       90.00000        0.00000

   Energies (kJ/mol)
           Bond            U-B    Proper Dih.  Improper Dih.          LJ-14
    2.61982e+03    1.59121e+04    8.41483e+03   -1.26681e+01    7.17173e+02
     Coulomb-14        LJ (SR)   Coulomb (SR)   Coul. recip.      Potential
   -3.62360e+03    1.91085e+04   -3.17679e+05    1.42642e+03   -2.73117e+05
    Kinetic En.   Total Energy  Conserved En.    Temperature Pressure (bar)
    7.43629e+04   -1.98754e+05   -1.94289e+05    3.01955e+02    2.95891e+01
   Constr. rmsd
    3.11496e-06

DD  load balancing is limited by minimum cell size in dimension Z
DD  step 45999  vol min/aver 0.591! load imb.: force  5.8%  pme mesh/force 0.744

           Step           Time         Lambda
          46000       92.00000        0.00000

   Energies (kJ/mol)
           Bond            U-B    Proper Dih.  Improper Dih.          LJ-14
    2.53271e+03    1.57185e+04    8.51690e+03   -4.53412e+00    6.84002e+02
     Coulomb-14        LJ (SR)   Coulomb (SR)   Coul. recip.      Potential
   -3.52977e+03    1.86654e+04   -3.17251e+05    1.43844e+03   -2.73229e+05
    Kinetic En.   Total Energy  Conserved En.    Temperature Pressure (bar)
    7.43832e+04   -1.98846e+05   -1.94363e+05    3.02037e+02   -3.51857e+01
   Constr. rmsd
    3.44107e-06

DD  load balancing is limited by minimum cell size in dimension Z
DD  step 46999  vol min/aver 0.586! load imb.: force  6.8%  pme mesh/force 0.732

           Step           Time         Lambda
          47000       94.00000        0.00000

   Energies (kJ/mol)
           Bond            U-B    Proper Dih.  Improper Dih.          LJ-14
    2.56136e+03    1.60262e+04    8.54186e+03   -9.60395e+00    7.17582e+02
     Coulomb-14        LJ (SR)   Coulomb (SR)   Coul. recip.      Potential
   -3.73562e+03    1.88130e+04   -3.16754e+05    1.46810e+03   -2.72371e+05
    Kinetic En.   Total Energy  Conserved En.    Temperature Pressure (bar)
    7.44016e+04   -1.97969e+05   -1.94272e+05    3.02112e+02   -1.43696e+02
   Constr. rmsd
    3.46201e-06

DD  load balancing is limited by minimum cell size in dimension Z
DD  step 47999  vol min/aver 0.595! load imb.: force  8.5%  pme mesh/force 0.714

           Step           Time         Lambda
          48000       96.00000        0.00000

   Energies (kJ/mol)
           Bond            U-B    Proper Dih.  Improper Dih.          LJ-14
    2.76941e+03    1.59832e+04    8.60865e+03   -5.50100e+00    7.40786e+02
     Coulomb-14        LJ (SR)   Coulomb (SR)   Coul. recip.      Potential
   -3.76875e+03    1.79665e+04   -3.16588e+05    1.41618e+03   -2.72878e+05
    Kinetic En.   Total Energy  Conserved En.    Temperature Pressure (bar)
    7.44751e+04   -1.98403e+05   -1.94259e+05    3.02410e+02   -2.26635e+02
   Constr. rmsd
    3.28660e-06

DD  load balancing is limited by minimum cell size in dimension Z
DD  step 48999  vol min/aver 0.578! load imb.: force  5.4%  pme mesh/force 0.750

           Step           Time         Lambda
          49000       98.00000        0.00000

   Energies (kJ/mol)
           Bond            U-B    Proper Dih.  Improper Dih.          LJ-14
    2.68872e+03    1.59856e+04    8.50477e+03   -8.97513e+00    7.09094e+02
     Coulomb-14        LJ (SR)   Coulomb (SR)   Coul. recip.      Potential
   -3.55733e+03    1.94039e+04   -3.17806e+05    1.46576e+03   -2.72614e+05
    Kinetic En.   Total Energy  Conserved En.    Temperature Pressure (bar)
    7.49077e+04   -1.97706e+05   -1.94343e+05    3.04167e+02   -1.28134e+01
   Constr. rmsd
    3.30213e-06

DD  load balancing is limited by minimum cell size in dimension Z
DD  step 49999  vol min/aver 0.579! load imb.: force  7.4%  pme mesh/force 0.733

           Step           Time         Lambda
          50000      100.00000        0.00000

Writing checkpoint, step 50000 at Wed Dec  9 18:40:45 2020


   Energies (kJ/mol)
           Bond            U-B    Proper Dih.  Improper Dih.          LJ-14
    2.60391e+03    1.61934e+04    8.55931e+03   -6.49987e+00    7.46291e+02
     Coulomb-14        LJ (SR)   Coulomb (SR)   Coul. recip.      Potential
   -3.67254e+03    1.82914e+04   -3.16678e+05    1.39591e+03   -2.72566e+05
    Kinetic En.   Total Energy  Conserved En.    Temperature Pressure (bar)
    7.44595e+04   -1.98107e+05   -1.94222e+05    3.02347e+02   -1.40881e+01
   Constr. rmsd
    3.40426e-06

	<======  ###############  ==>
	<====  A V E R A G E S  ====>
	<==  ###############  ======>

	Statistics over 50001 steps using 501 frames

   Energies (kJ/mol)
           Bond            U-B    Proper Dih.  Improper Dih.          LJ-14
    2.60195e+03    1.59687e+04    8.50529e+03   -6.72899e+00    7.21678e+02
     Coulomb-14        LJ (SR)   Coulomb (SR)   Coul. recip.      Potential
   -3.63121e+03    1.86912e+04   -3.16558e+05    1.43420e+03   -2.72272e+05
    Kinetic En.   Total Energy  Conserved En.    Temperature Pressure (bar)
    7.46738e+04   -1.97599e+05   -1.95000e+05    3.03217e+02   -5.12380e+01
   Constr. rmsd
    0.00000e+00

   Total Virial (kJ/mol)
    2.57675e+04   -3.43376e+01    8.10047e+00
   -3.45354e+01    2.56590e+04   -4.38031e+00
    8.66096e+00   -3.88573e+00    2.52468e+04

   Pressure (bar)
   -7.45342e+01    4.90437e+00    5.83030e-01
    4.91957e+00   -7.42163e+01    1.64188e+00
    5.39941e-01    1.60386e+00   -4.96348e+00


	M E G A - F L O P S   A C C O U N T I N G

 NB=Group-cutoff nonbonded kernels    NxN=N-by-N cluster Verlet kernels
 RF=Reaction-Field  VdW=Van der Waals  QSTab=quadratic-spline table
 W3=SPC/TIP3p  W4=TIP4p (single or pairs)
 V&F=Potential and force  V=Potential only  F=Force only

 Computing:                               M-Number         M-Flops  % Flops
-----------------------------------------------------------------------------
 NB VdW [V&F]                           731.564631         731.565     0.0
 Pair Search distance check           28128.425878      253155.833     0.4
 NxN Ewald Elec. + VdW [F]           822876.674904    54309860.544    86.6
 NxN Ewald Elec. + VdW [V&F]           8328.252816      891123.051     1.4
 NxN Ewald Elec. [F]                  30953.765608     1888179.702     3.0
 NxN Ewald Elec. [V&F]                  312.759744       26271.818     0.0
 1,4 nonbonded interactions             985.269705       88674.273     0.1
 Calc Weights                          4238.034759      152569.251     0.2
 Spread Q Bspline                     90411.408192      180822.816     0.3
 Gather F Bspline                     90411.408192      542468.449     0.9
 3D-FFT                              487939.358592     3903514.869     6.2
 Solve PME                              270.405408       17305.946     0.0
 Reset In Box                            70.632500         211.897     0.0
 CG-CoM                                  70.660753         211.982     0.0
 Bonds                                  120.152403        7088.992     0.0
 Propers                               1238.524770      283622.172     0.5
 Impropers                                0.100002          20.800     0.0
 Virial                                  14.876193         267.771     0.0
 Stop-CM                                 14.183006         141.830     0.0
 Calc-Ekin                              141.321506        3815.681     0.0
 Lincs                                  309.361022       18561.661     0.0
 Lincs-Mat                             2084.069064        8336.276     0.0
 Constraint-V                          1751.961631       14015.693     0.0
 Constraint-Vir                          14.455581         346.934     0.0
 Settle                                 377.746529      122012.129     0.2
-----------------------------------------------------------------------------
 Total                                                62713331.938   100.0
-----------------------------------------------------------------------------


    D O M A I N   D E C O M P O S I T I O N   S T A T I S T I C S

 av. #atoms communicated per step for force:  2 x 82591.3
 av. #atoms communicated per step for LINCS:  2 x 4077.9

 Average load imbalance: 6.3 %
 Part of the total run time spent waiting due to load imbalance: 3.9 %
 Steps where the load balancing was limited by -rdd, -rcon and/or -dds: X 0 % Y 0 % Z 4 %
 Average PME mesh/force load: 0.732
 Part of the total run time spent waiting due to PP/PME imbalance: 4.1 %


     R E A L   C Y C L E   A N D   T I M E   A C C O U N T I N G

 Computing:         Nodes   Th.     Count  Wall t (s)     G-Cycles       %
-----------------------------------------------------------------------------
 Domain decomp.        32    1       2500      13.001      915.305     4.7
 DD comm. load         32    1       2500       0.144       10.124     0.1
 DD comm. bounds       32    1       2500       0.418       29.421     0.1
 Send X to PME         32    1      50001       3.504      246.719     1.3
 Neighbor search       32    1       2501      10.741      756.196     3.8
 Comm. coord.          32    1      47500       5.987      421.527     2.1
 Force                 32    1      50001     145.007    10208.897    51.9
 Wait + Comm. F        32    1      50001      18.631     1311.694     6.7
 PME mesh               8    1      50001     123.191     2168.249    11.0
 PME wait for PP        8                     100.126     1762.292     9.0
 Wait + Recv. PME F    32    1      50001       1.118       78.687     0.4
 NB X/F buffer ops.    32    1     145001       2.304      162.180     0.8
 Write traj.           32    1         11       0.053        3.763     0.0
 Update                32    1      50001       5.220      367.516     1.9
 Constraints           32    1      50001      15.895     1119.055     5.7
 Comm. energies        32    1       2501       0.740       52.074     0.3
 Rest                  32                       0.444       39.043     0.2
-----------------------------------------------------------------------------
 Total                 40                     223.317    19652.742   100.0
-----------------------------------------------------------------------------
-----------------------------------------------------------------------------
 PME redist. X/F        8    1     100002      16.489      290.215     1.5
 PME spread/gather      8    1     100002      47.694      839.455     4.3
 PME 3D-FFT             8    1     100002      47.026      827.688     4.2
 PME 3D-FFT Comm.       8    1     200004       5.587       98.329     0.5
 PME solve              8    1      50001       6.325      111.327     0.6
-----------------------------------------------------------------------------

               Core t (s)   Wall t (s)        (%)
       Time:     8910.080      223.317     3989.9
                 (ns/day)    (hour/ns)
Performance:       38.690        0.620
Finished mdrun on node 0 Wed Dec  9 18:40:45 2020
