
*** tstart() called on pharmcluster2
*** at Thu Nov 12 10:31:37 2020

   => Loading Basis Set <=

    Name: 6-31G*
    Role: ORBITAL
    Keyword: BASIS
    atoms 1-3   entry N          line   128 file /home/wesley/bin/anaconda3/envs/psi4/share/psi4/basis/6-31gs.gbs 
    atoms 4-24  entry C          line   111 file /home/wesley/bin/anaconda3/envs/psi4/share/psi4/basis/6-31gs.gbs 
    atoms 25-44 entry H          line    44 file /home/wesley/bin/anaconda3/envs/psi4/share/psi4/basis/6-31gs.gbs 


         ---------------------------------------------------------
                                   SCF
               by Justin Turney, Rob Parrish, Andy Simmonett
                          and Daniel G. A. Smith
                              RHF Reference
                        4 Threads,    953 MiB Core
         ---------------------------------------------------------

  ==> Geometry <==

    Molecular point group: c1
    Full point group: C1

    Geometry (in Angstrom), charge = 1, multiplicity = 1:

       Center              X                  Y                   Z               Mass       
    ------------   -----------------  -----------------  -----------------  -----------------
         N           -0.570687238214    -1.070133838450     0.065167569936    14.003074004430
         N           -5.344291238214    -1.229968838450     0.952350569936    14.003074004430
         N            2.974837761786     3.776896161550    -0.854000430064    14.003074004430
         C            0.577490761786    -0.397012838450    -0.142616430064    12.000000000000
         C           -1.805572238214    -0.425257838450     0.218980569936    12.000000000000
         C            0.590227761786     1.021954161550    -0.217005430064    12.000000000000
         C           -1.835219238214     0.997877161550     0.177599569936    12.000000000000
         C           -0.648014238214     1.729729161550    -0.132527430064    12.000000000000
         C           -0.529995238214    -2.557330838450     0.144775569936    12.000000000000
         C            1.846657761786    -1.148355838450    -0.271265430064    12.000000000000
         C           -2.973535238214    -1.167596838450     0.493550569936    12.000000000000
         C            1.802603761786     1.699781161550    -0.469382430064    12.000000000000
         C           -3.102614238214     1.617645161550     0.326117569936    12.000000000000
         C           -0.596414238214     3.140537161550    -0.231990430064    12.000000000000
         C           -4.200174238214    -0.527886838450     0.634795569936    12.000000000000
         C            1.822074761786     3.090435161550    -0.565539430064    12.000000000000
         C           -0.511926238214    -3.040803838450     1.587760569936    12.000000000000
         C           -4.237900238214     0.889974161550     0.586821569936    12.000000000000
         C            0.589287761786     3.795249161550    -0.479880430064    12.000000000000
         C            2.623001761786    -1.407716838450     0.868318569936    12.000000000000
         C            2.304809761786    -1.532073838450    -1.541406430064    12.000000000000
         C            3.840929761786    -2.077444838450     0.736036569936    12.000000000000
         C            3.521323761786    -2.205500838450    -1.661621430064    12.000000000000
         C            4.287708761786    -2.480292838450    -0.525265430064    12.000000000000
         H           -1.388044238214    -2.928505838450    -0.416165430064     1.007825032230
         H            0.365116761786    -2.877569838450    -0.383787430064     1.007825032230
         H           -2.955960238214    -2.248031838450     0.564431569936     1.007825032230
         H            2.730339761786     1.139859161550    -0.543677430064     1.007825032230
         H           -3.179234238214     2.699216161550     0.301640569936     1.007825032230
         H           -1.505044238214     3.730998161550    -0.178056430064     1.007825032230
         H            0.416268761786    -2.734685838450     2.073581569936     1.007825032230
         H           -0.557750238214    -4.133563838450     1.599686569936     1.007825032230
         H           -1.354192238214    -2.651803838450     2.162659569936     1.007825032230
         H           -5.188786238214     1.402365161550     0.717540569936     1.007825032230
         H            0.593009761786     4.879787161550    -0.574626430064     1.007825032230
         H            2.283757761786    -1.070915838450     1.846107569936     1.007825032230
         H            1.710253761786    -1.305273838450    -2.424570430064     1.007825032230
         H            4.443020761786    -2.279992838450     1.618003569936     1.007825032230
         H            3.874267761786    -2.508691838450    -2.643866430064     1.007825032230
         H           -6.226068238214    -0.768637838450     0.762312569936     1.007825032230
         H           -5.360357238214    -2.215343838450     0.717033569936     1.007825032230
         H            3.854817761786     3.305606161550    -0.684602430064     1.007825032230
         H            2.996882761786     4.766086161550    -0.640257430064     1.007825032230
         H            5.235532761786    -3.002576838450    -0.623639430064     1.007825032230

  Running in c1 symmetry.

  Rotational constants: A =      0.01093  B =      0.00675  C =      0.00443 [cm^-1]
  Rotational constants: A =    327.79922  B =    202.21926  C =    132.66177 [MHz]
  Nuclear repulsion = 1958.746133808281229

  Charge       = 1
  Multiplicity = 1
  Electrons    = 166
  Nalpha       = 83
  Nbeta        = 83

  ==> Algorithm <==

  SCF Algorithm Type is DF.
  DIIS enabled.
  MOM disabled.
  Fractional occupation disabled.
  Guess Type is SAD.
  Energy threshold   = 1.00e-06
  Density threshold  = 1.00e-06
  Integral threshold = 0.00e+00

  ==> Primary Basis <==

  Basis Set: 6-31G*
    Blend: 6-31G*
    Number of shells: 184
    Number of basis function: 400
    Number of Cartesian functions: 400
    Spherical Harmonics?: false
    Max angular momentum: 2

   => Loading Basis Set <=

    Name: (6-31G* AUX)
    Role: JKFIT
    Keyword: DF_BASIS_SCF
    atoms 1-3   entry N          line   171 file /home/wesley/bin/anaconda3/envs/psi4/share/psi4/basis/cc-pvdz-jkfit.gbs 
    atoms 4-24  entry C          line   121 file /home/wesley/bin/anaconda3/envs/psi4/share/psi4/basis/cc-pvdz-jkfit.gbs 
    atoms 25-44 entry H          line    51 file /home/wesley/bin/anaconda3/envs/psi4/share/psi4/basis/cc-pvdz-jkfit.gbs 

  ==> Pre-Iterations <==

   -------------------------------------------------------
    Irrep   Nso     Nmo     Nalpha   Nbeta   Ndocc  Nsocc
   -------------------------------------------------------
     A        400     400       0       0       0       0
   -------------------------------------------------------
    Total     400     400      83      83      83       0
   -------------------------------------------------------

  ==> Integral Setup <==

  ==> DiskDFJK: Density-Fitted J/K Matrices <==

    J tasked:                  Yes
    K tasked:                  Yes
    wK tasked:                  No
    OpenMP threads:              4
    Integrals threads:           4
    Memory [MiB]:              715
    Algorithm:                Disk
    Integral Cache:           NONE
    Schwarz Cutoff:          1E-12
    Fitting Condition:       1E-10

   => Auxiliary Basis Set <=

  Basis Set: (6-31G* AUX)
    Blend: CC-PVDZ-JKFIT
    Number of shells: 756
    Number of basis function: 2444
    Number of Cartesian functions: 2444
    Spherical Harmonics?: false
    Max angular momentum: 3

  Minimum eigenvalue in the overlap matrix is 3.4884881556E-04.
  Using Symmetric Orthogonalization.

  SCF Guess: Superposition of Atomic Densities via on-the-fly atomic UHF.

  ==> Iterations <==

                           Total Energy        Delta E     RMS |[F,P]|

   @DF-RHF iter SAD:  -969.25454390322648   -9.69255e+02   0.00000e+00 
   @DF-RHF iter   1:  -969.68108319465045   -4.26539e-01   1.88224e-03 DIIS
   @DF-RHF iter   2:  -969.98444157274650   -3.03358e-01   9.42022e-04 DIIS
   @DF-RHF iter   3:  -970.04865134051465   -6.42098e-02   3.43561e-04 DIIS
   @DF-RHF iter   4:  -970.05972118806824   -1.10698e-02   1.20021e-04 DIIS
   @DF-RHF iter   5:  -970.06114991000607   -1.42872e-03   2.11368e-05 DIIS
   @DF-RHF iter   6:  -970.06123509888573   -8.51889e-05   1.13019e-05 DIIS
   @DF-RHF iter   7:  -970.06126517504106   -3.00762e-05   5.25953e-06 DIIS
   @DF-RHF iter   8:  -970.06127419581412   -9.02077e-06   2.65882e-06 DIIS
   @DF-RHF iter   9:  -970.06127774301899   -3.54720e-06   1.18628e-06 DIIS
   @DF-RHF iter  10:  -970.06127855999023   -8.16971e-07   5.78585e-07 DIIS
  Energy and wave function converged.


  ==> Post-Iterations <==

    Orbital Energies [Eh]
    ---------------------

    Doubly Occupied:                                                      

       1A    -15.794414     2A    -15.682678     3A    -15.675361  
       4A    -11.467688     5A    -11.426965     6A    -11.410752  
       7A    -11.402469     8A    -11.400323     9A    -11.388641  
      10A    -11.380935    11A    -11.376803    12A    -11.372754  
      13A    -11.368327    14A    -11.366409    15A    -11.363775  
      16A    -11.363004    17A    -11.362710    18A    -11.353567  
      19A    -11.353037    20A    -11.352426    21A    -11.351693  
      22A    -11.351442    23A    -11.350664    24A    -11.338083  
      25A     -1.460941    26A     -1.342979    27A     -1.340816  
      28A     -1.284173    29A     -1.280918    30A     -1.247725  
      31A     -1.196183    32A     -1.168908    33A     -1.153629  
      34A     -1.138079    35A     -1.132718    36A     -1.127607  
      37A     -1.088315    38A     -1.032092    39A     -1.005445  
      40A     -0.984314    41A     -0.964445    42A     -0.945557  
      43A     -0.943192    44A     -0.917656    45A     -0.877653  
      46A     -0.864473    47A     -0.842140    48A     -0.814636  
      49A     -0.812731    50A     -0.797732    51A     -0.793584  
      52A     -0.779261    53A     -0.772307    54A     -0.759449  
      55A     -0.747447    56A     -0.739648    57A     -0.730226  
      58A     -0.726397    59A     -0.713367    60A     -0.712142  
      61A     -0.704687    62A     -0.703698    63A     -0.695223  
      64A     -0.683205    65A     -0.667980    66A     -0.654954  
      67A     -0.649598    68A     -0.640555    69A     -0.633598  
      70A     -0.627056    71A     -0.622179    72A     -0.619361  
      73A     -0.610564    74A     -0.609023    75A     -0.595161  
      76A     -0.575145    77A     -0.551935    78A     -0.482483  
      79A     -0.454840    80A     -0.452655    81A     -0.447652  
      82A     -0.437268    83A     -0.370906  

    Virtual:                                                              

      84A     -0.078803    85A     -0.011053    86A      0.011618  
      87A      0.015634    88A      0.022032    89A      0.071083  
      90A      0.106517    91A      0.117711    92A      0.122296  
      93A      0.129072    94A      0.133186    95A      0.138446  
      96A      0.162931    97A      0.165830    98A      0.169119  
      99A      0.174910   100A      0.186659   101A      0.189359  
     102A      0.194025   103A      0.199882   104A      0.204988  
     105A      0.221030   106A      0.226312   107A      0.230423  
     108A      0.230915   109A      0.234467   110A      0.240591  
     111A      0.247913   112A      0.263652   113A      0.270467  
     114A      0.280988   115A      0.297508   116A      0.306393  
     117A      0.307638   118A      0.324472   119A      0.329592  
     120A      0.339793   121A      0.354088   122A      0.362571  
     123A      0.366758   124A      0.382524   125A      0.404885  
     126A      0.408181   127A      0.416839   128A      0.423364  
     129A      0.443442   130A      0.454603   131A      0.468553  
     132A      0.469899   133A      0.492498   134A      0.513825  
     135A      0.537171   136A      0.561263   137A      0.574520  
     138A      0.582771   139A      0.603696   140A      0.608191  
     141A      0.613848   142A      0.615585   143A      0.622712  
     144A      0.625422   145A      0.635123   146A      0.637811  
     147A      0.645688   148A      0.653007   149A      0.660310  
     150A      0.669122   151A      0.672405   152A      0.677783  
     153A      0.682134   154A      0.688975   155A      0.695134  
     156A      0.699417   157A      0.704403   158A      0.706990  
     159A      0.709279   160A      0.713102   161A      0.716941  
     162A      0.725150   163A      0.730583   164A      0.741906  
     165A      0.742995   166A      0.751220   167A      0.758832  
     168A      0.766488   169A      0.774587   170A      0.781319  
     171A      0.794482   172A      0.801760   173A      0.808467  
     174A      0.833806   175A      0.847846   176A      0.853186  
     177A      0.853884   178A      0.861498   179A      0.874991  
     180A      0.884217   181A      0.900309   182A      0.905663  
     183A      0.922423   184A      0.934539   185A      0.941777  
     186A      0.946142   187A      0.951967   188A      0.958774  
     189A      0.965650   190A      0.987129   191A      0.991722  
     192A      0.994196   193A      0.999472   194A      1.005532  
     195A      1.010809   196A      1.020202   197A      1.026068  
     198A      1.029199   199A      1.035660   200A      1.041563  
     201A      1.053643   202A      1.056758   203A      1.065604  
     204A      1.068232   205A      1.073736   206A      1.080864  
     207A      1.081230   208A      1.087129   209A      1.090724  
     210A      1.093986   211A      1.110862   212A      1.118678  
     213A      1.123479   214A      1.134323   215A      1.136226  
     216A      1.140986   217A      1.147518   218A      1.163801  
     219A      1.168473   220A      1.180230   221A      1.198728  
     222A      1.200886   223A      1.221948   224A      1.225811  
     225A      1.247701   226A      1.258726   227A      1.263590  
     228A      1.284485   229A      1.286875   230A      1.297497  
     231A      1.302399   232A      1.312116   233A      1.325052  
     234A      1.329363   235A      1.360260   236A      1.367173  
     237A      1.372787   238A      1.398890   239A      1.403074  
     240A      1.412524   241A      1.420306   242A      1.453254  
     243A      1.464640   244A      1.481679   245A      1.491144  
     246A      1.515115   247A      1.525693   248A      1.534581  
     249A      1.538283   250A      1.556272   251A      1.570011  
     252A      1.585743   253A      1.588857   254A      1.601752  
     255A      1.623751   256A      1.637924   257A      1.639012  
     258A      1.649078   259A      1.651099   260A      1.655673  
     261A      1.672061   262A      1.689558   263A      1.696529  
     264A      1.717118   265A      1.741735   266A      1.763932  
     267A      1.774490   268A      1.788791   269A      1.814392  
     270A      1.855849   271A      1.865034   272A      1.902768  
     273A      1.932442   274A      1.937744   275A      1.945903  
     276A      1.956975   277A      1.981650   278A      1.993059  
     279A      2.001725   280A      2.009388   281A      2.017680  
     282A      2.030505   283A      2.040975   284A      2.046092  
     285A      2.060144   286A      2.078264   287A      2.086213  
     288A      2.102174   289A      2.108184   290A      2.112683  
     291A      2.127889   292A      2.134874   293A      2.145263  
     294A      2.150361   295A      2.159012   296A      2.179749  
     297A      2.185108   298A      2.191840   299A      2.198246  
     300A      2.206415   301A      2.219110   302A      2.254484  
     303A      2.263563   304A      2.277980   305A      2.278823  
     306A      2.306127   307A      2.313981   308A      2.321858  
     309A      2.328056   310A      2.347337   311A      2.355985  
     312A      2.370590   313A      2.379292   314A      2.387709  
     315A      2.400752   316A      2.414672   317A      2.421872  
     318A      2.429055   319A      2.444925   320A      2.466028  
     321A      2.467805   322A      2.468938   323A      2.479789  
     324A      2.496545   325A      2.508175   326A      2.522351  
     327A      2.534251   328A      2.542491   329A      2.561792  
     330A      2.568354   331A      2.592926   332A      2.621753  
     333A      2.624237   334A      2.649209   335A      2.660240  
     336A      2.663936   337A      2.685719   338A      2.698412  
     339A      2.702758   340A      2.739623   341A      2.750442  
     342A      2.768245   343A      2.788295   344A      2.794698  
     345A      2.799691   346A      2.828500   347A      2.851662  
     348A      2.855289   349A      2.885765   350A      2.890441  
     351A      2.899254   352A      2.923091   353A      2.939311  
     354A      2.941721   355A      2.960403   356A      2.965382  
     357A      2.977539   358A      2.996738   359A      3.016155  
     360A      3.040689   361A      3.051113   362A      3.062310  
     363A      3.096424   364A      3.101150   365A      3.128890  
     366A      3.193539   367A      3.227129   368A      3.255680  
     369A      3.314357   370A      3.320139   371A      3.357114  
     372A      3.365295   373A      3.601423   374A      3.652355  
     375A      3.705011   376A      3.794373   377A      4.155787  
     378A      4.168850   379A      4.383154   380A      4.398135  
     381A      4.403561   382A      4.409120   383A      4.425197  
     384A      4.429285   385A      4.438742   386A      4.468347  
     387A      4.491584   388A      4.558361   389A      4.590785  
     390A      4.611908   391A      4.644972   392A      4.652548  
     393A      4.717661   394A      4.744643   395A      4.761126  
     396A      4.808841   397A      4.857141   398A      4.977635  
     399A      5.049034   400A      5.192449  

    Final Occupation by Irrep:
              A 
    DOCC [    83 ]

  @DF-RHF Final Energy:  -970.06127855999023

   => Energetics <=

    Nuclear Repulsion Energy =           1958.7461338082812290
    One-Electron Energy =               -5188.0477088597817783
    Two-Electron Energy =                2259.2402964915104349
    Total Energy =                       -970.0612785599901144

Computation Completed


Properties will be evaluated at   0.000000,   0.000000,   0.000000 [a0]

Properties computed using the SCF density matrix

  Nuclear Dipole Moment: [e a0]
     X:     0.7471      Y:    -8.2556      Z:     3.0461

  Electronic Dipole Moment: [e a0]
     X:    -1.0111      Y:     8.0841      Z:    -3.0802

  Dipole Moment: [e a0]
     X:    -0.2640      Y:    -0.1715      Z:    -0.0341     Total:     0.3166

  Dipole Moment: [D]
     X:    -0.6709      Y:    -0.4360      Z:    -0.0867     Total:     0.8048


*** tstop() called on pharmcluster2 at Thu Nov 12 10:32:34 2020
Module time:
	user time   =     179.63 seconds =       2.99 minutes
	system time =      11.87 seconds =       0.20 minutes
	total time  =         57 seconds =       0.95 minutes
Total time:
	user time   =     179.63 seconds =       2.99 minutes
	system time =      11.87 seconds =       0.20 minutes
	total time  =         57 seconds =       0.95 minutes
INTERACTION MONOMER ENERGY is : -970.0612785599902