######################
### Initial Values ###
######################
 
Initial temp = 10.0
Initial RMSE =      5.4232421
 
Lets see how it goes!
 
--------------------------------------------------------------------------------------------------------------
     RMSE         delRMSE        BestRMSE     MP_Exponent    MP_Value   MCSA_Temp   decision  
--------------------------------------------------------------------------------------------------------------
  6.3595085      0.9362663      5.4232421      -0.0936266   9.1062e-01  10.00000      AM     
  6.9909008      0.6313923      5.4232421      -0.0631392   9.3881e-01  10.00000      AM     
  5.2713473      -1.7195535     5.2713473      -0.0631392   9.3881e-01  9.89757       AF     
  5.2590060      -0.0123413     5.2590060      -0.0631392   9.3881e-01  9.79619       AF     
  5.2453191      -0.0136870     5.2453191      -0.0631392   9.3881e-01  9.69584       AF     
  6.2036740      0.9583549      5.2453191      -0.0998648   9.0496e-01  9.59652       AM     
  5.1365406      -1.0671334     5.1365406      -0.0998648   9.0496e-01  9.49823       AF     
  5.4267915      0.2902509      5.1365406      -0.0308747   9.6960e-01  9.40093       AM     
  5.0241468      -0.4026448     5.0241468      -0.0308747   9.6960e-01  9.30464       AF     
  6.0759357      1.0517889      5.0241468      -0.1142091   8.9207e-01  9.20933       AM     
  5.8261692      -0.2497664     5.0241468      -0.1142091   8.9207e-01  9.11500       AF     
  5.3149798      -0.5111895     5.0241468      -0.1142091   8.9207e-01  9.02163       AF     
  5.6641293      0.3491496      5.0241468      -0.0391019   9.6165e-01  8.92922       AM     
  4.6302049      -1.0339244     4.6302049      -0.0391019   9.6165e-01  8.83776       AF     
  5.7798172      1.1496122      4.6302049      -0.1314259   8.7684e-01  8.74723       AM     
  4.8784256      -0.9013916     4.6302049      -0.1314259   8.7684e-01  8.65763       AF     
  4.7670884      -0.1113372     4.6302049      -0.1314259   8.7684e-01  8.56895       AF     
  5.6265536      0.8594652      4.6302049      -0.1013380   9.0363e-01  8.48117       AM     
  5.0611415      -0.5654121     4.6302049      -0.1013380   9.0363e-01  8.39430       AF     
  6.3973298      1.3361883      4.6302049      -0.1608254   8.5144e-01  8.30832       AM     
  5.7425572      -0.6547726     4.6302049      -0.1608254   8.5144e-01  8.22321       AF     
  6.2025573      0.4600001      4.6302049      -0.0565182   9.4505e-01  8.13898       AM     
  5.5856354      -0.6169220     4.6302049      -0.0565182   9.4505e-01  8.05561       AF     
  4.4486487      -1.1369867     4.4486487      -0.0565182   9.4505e-01  7.97310       AF     
  4.9967679      0.5481192      4.4486487      -0.0694576   9.3290e-01  7.89143       AM     
  4.4791713      -0.5175966     4.4486487      -0.0694576   9.3290e-01  7.81059       AF     
  5.6797701      1.2005988      4.4486487      -0.1553050   8.5615e-01  7.73059       AM     
  5.5973353      -0.0824348     4.4486487      -0.1553050   8.5615e-01  7.65140       AF     
  5.6242828      0.0269475      4.4486487      -0.0035584   9.9645e-01  7.57303       AM     
  6.4489061      0.8246233      4.4486487      -0.1100164   8.9582e-01  7.49545       AM     
  4.8288387      -1.6200674     4.4486487      -0.1100164   8.9582e-01  7.41868       AF     
  4.7480663      -0.0807724     4.4486487      -0.1100164   8.9582e-01  7.34269       AF     
  5.0172775      0.2692112      4.4486487      -0.0370433   9.6363e-01  7.26747       AM     
  6.3617957      1.3445182      4.4486487      -0.1869195   8.2951e-01  7.19303       AM     
  6.8122982      0.4505025      4.4486487      -0.0632786   9.3868e-01  7.11935       AM     
  4.6349872      -2.1773111     4.4486487      -0.0632786   9.3868e-01  7.04643       AF     
  5.6865626      1.0515754      4.4486487      -0.1507797   8.6004e-01  6.97425       AM     
  4.8161524      -0.8704102     4.4486487      -0.1507797   8.6004e-01  6.90281       AF     
  4.0941728      -0.7219795     4.0941728      -0.1507797   8.6004e-01  6.83210       AF     
  5.0975496      1.0033767      4.0941728      -0.1483819   8.6210e-01  6.76212       AM     
  4.9706299      -0.1269197     4.0941728      -0.1483819   8.6210e-01  6.69286       AF     
  5.6662415      0.6956116      4.0941728      -0.1050091   9.0032e-01  6.62430       AM     
  4.8033376      -0.8629039     4.0941728      -0.1050091   9.0032e-01  6.55645       AF     
  5.4930593      0.6897217      4.0941728      -0.1062862   8.9917e-01  6.48929       AM     
  4.5576797      -0.9353796     4.0941728      -0.1062862   8.9917e-01  6.42282       AF     
  4.5751445      0.0174648      4.0941728      -0.0027473   9.9726e-01  6.35703       AM     
  5.3133703      0.7382258      4.0941728      -0.1173294   8.8929e-01  6.29191       AM     
  5.6574533      0.3440830      4.0941728      -0.0552525   9.4625e-01  6.22746       AM     
  4.6319297      -1.0255236     4.0941728      -0.0552525   9.4625e-01  6.16367       AF     
  5.6298674      0.9979376      4.0941728      -0.1635820   8.4910e-01  6.10054       AM     
  6.0633386      0.4334712      4.0941728      -0.0717900   9.3073e-01  6.03805       AM     
  4.6380154      -1.4253231     4.0941728      -0.0717900   9.3073e-01  5.97620       AF     
  4.3868378      -0.2511776     4.0941728      -0.0717900   9.3073e-01  5.91498       AF     
  5.3605815      0.9737437      4.0941728      -0.1663270   8.4677e-01  5.85439       AM     
  5.4133181      0.0527367      4.0941728      -0.0091013   9.9094e-01  5.79443       AM     
  6.2031362      0.7898181      4.0941728      -0.1377172   8.7135e-01  5.73507       AM     
  6.2031362      0.4168519      4.0941728      -0.0734369   9.2919e-01  5.67633       RM     
  6.7686455      0.5655093      4.0941728      -0.1006570   9.0424e-01  5.61818       AM     
  6.2721328      -0.4965127     4.0941728      -0.1006570   9.0424e-01  5.56064       AF     
  6.4549854      0.1828526      4.0941728      -0.0332237   9.6732e-01  5.50368       AM     
  5.6320355      -0.8229499     4.0941728      -0.0332237   9.6732e-01  5.44730       AF     
  5.0871036      -0.5449319     4.0941728      -0.0332237   9.6732e-01  5.39150       AF     
  5.4596375      0.3725338      4.0941728      -0.0698115   9.3257e-01  5.33628       AM     
  5.4802351      0.0205976      4.0941728      -0.0038999   9.9611e-01  5.28162       AM     
  6.3830709      0.9028359      4.0941728      -0.1727084   8.4138e-01  5.22752       AM     
  6.4606916      0.0776207      4.0941728      -0.0150021   9.8511e-01  5.17397       AM     
  4.5520906      -1.9086009     4.0941728      -0.0150021   9.8511e-01  5.12097       AF     
  5.2950397      0.7429491      4.0941728      -0.1465811   8.6366e-01  5.06852       AM     
  4.3299239      -0.9651158     4.0941728      -0.1465811   8.6366e-01  5.01660       AF     
  4.3299239      1.0951511      4.0941728      -0.2205647   8.0207e-01  4.96521       RM     
  5.1415064      0.8115825      4.0941728      -0.1651453   8.4777e-01  4.91435       AM     
  4.7675537      -0.3739527     4.0941728      -0.1651453   8.4777e-01  4.86402       AF     
  6.6228713      1.8553176      4.0941728      -0.3853850   6.8019e-01  4.81419       AM     
  6.1051964      -0.5176749     4.0941728      -0.3853850   6.8019e-01  4.76488       AF     
  5.9875990      -0.1175974     4.0941728      -0.3853850   6.8019e-01  4.71607       AF     
  5.7100761      -0.2775229     4.0941728      -0.3853850   6.8019e-01  4.66776       AF     
  5.2701246      -0.4399514     4.0941728      -0.3853850   6.8019e-01  4.61995       AF     
  5.1789827      -0.0911419     4.0941728      -0.3853850   6.8019e-01  4.57263       AF     
  5.0568570      -0.1221257     4.0941728      -0.3853850   6.8019e-01  4.52579       AF     
  5.0568570      1.9572475      4.0941728      -0.4369410   6.4601e-01  4.47943       RM     
  5.1903902      0.1335332      4.0941728      -0.0301188   9.7033e-01  4.43355       AM     
  5.5309273      0.3405371      4.0941728      -0.0776041   9.2533e-01  4.38813       AM     
  5.9801806      0.4492533      4.0941728      -0.1034386   9.0173e-01  4.34319       AM     
  5.1986353      -0.7815453     4.0941728      -0.1034386   9.0173e-01  4.29870       AF     
  5.1361909      -0.0624443     4.0941728      -0.1034386   9.0173e-01  4.25467       AF     
  6.5755942      1.4394033      4.0941728      -0.3418130   7.1048e-01  4.21108       AM     
  5.5105217      -1.0650725     4.0941728      -0.3418130   7.1048e-01  4.16795       AF     
  5.3739949      -0.1365268     4.0941728      -0.3418130   7.1048e-01  4.12526       AF     
  4.3163726      -1.0576224     4.0941728      -0.3418130   7.1048e-01  4.08300       AF     
  4.7467242      0.4303516      4.0941728      -0.1064916   8.9898e-01  4.04118       AM     
  4.7184761      -0.0282481     4.0941728      -0.1064916   8.9898e-01  3.99978       AF     
  4.5714731      -0.1470030     4.0941728      -0.1064916   8.9898e-01  3.95881       AF     
  5.1415747      0.5701016      4.0941728      -0.1454986   8.6459e-01  3.91826       AM     
  5.1078204      -0.0337543     4.0941728      -0.1454986   8.6459e-01  3.87813       AF     
  5.8843619      0.7765415      4.0941728      -0.2023085   8.1684e-01  3.83840       AM     
  6.6816976      0.7973357      4.0941728      -0.2098757   8.1068e-01  3.79908       AM     
  4.4427750      -2.2389226     4.0941728      -0.2098757   8.1068e-01  3.76017       AF     
  5.5787826      1.1360075      4.0941728      -0.3052427   7.3694e-01  3.72165       AM     
  6.8897802      1.3109976      4.0941728      -0.3559078   7.0054e-01  3.68353       AM     
  4.3398400      -2.5499402     4.0941728      -0.3559078   7.0054e-01  3.64580       AF     
  4.3398400      0.9383883      4.0941728      -0.2600526   7.7101e-01  3.60846       RM     
  5.5728105      1.2329705      4.0941728      -0.3452254   7.0806e-01  3.57149       AM     
  4.0775213      -1.4952891     4.0775213      -0.3452254   7.0806e-01  3.53491       AF     
  4.0775213      1.6215979      4.0775213      -0.4634856   6.2909e-01  3.49870       RM     
  7.0893913      3.0118700      4.0775213      -0.8697627   4.1905e-01  3.46286       AM     
  4.5654513      -2.5239400     4.0775213      -0.8697627   4.1905e-01  3.42739       AF     
  6.4739574      1.9085061      4.0775213      -0.5626018   5.6972e-01  3.39229       AM     
  4.3464673      -2.1274901     4.0775213      -0.5626018   5.6972e-01  3.35754       AF     
  4.5442595      0.1977922      4.0775213      -0.0595196   9.4222e-01  3.32315       AM     
  5.2857795      0.7415199      4.0775213      -0.2254472   7.9816e-01  3.28911       AM     
  5.2857795      0.4426954      4.0775213      -0.1359874   8.7285e-01  3.25542       RM     
  4.9294138      -0.3563656     4.0775213      -0.1359874   8.7285e-01  3.22207       AF     
  6.2057258      1.2763120      4.0775213      -0.4002150   6.7018e-01  3.18907       AM     
  6.6557438      0.4500179      4.0775213      -0.1425732   8.6712e-01  3.15640       AM     
  5.6169586      -1.0387852     4.0775213      -0.1425732   8.6712e-01  3.12407       AF     
  4.8039189      -0.8130397     4.0775213      -0.1425732   8.6712e-01  3.09207       AF     
  4.8039189      0.1492537      4.0775213      -0.0487694   9.5240e-01  3.06039       RM     
  6.0184227      1.2145038      4.0775213      -0.4009525   6.6968e-01  3.02905       AM     
  4.5147591      -1.5036635     4.0775213      -0.4009525   6.6968e-01  2.99802       AF     
  5.7490868      1.2343276      4.0775213      -0.4159753   6.5970e-01  2.96731       AM     
  6.3501368      0.6010500      4.0775213      -0.2046535   8.1493e-01  2.93692       AM     
  5.1231107      -1.2270261     4.0775213      -0.2046535   8.1493e-01  2.90683       AF     
  4.4279965      -0.6951142     4.0775213      -0.2046535   8.1493e-01  2.87706       AF     
  4.6600611      0.2320646      4.0775213      -0.0814952   9.2174e-01  2.84759       AM     
  4.7112766      0.0512155      4.0775213      -0.0181717   9.8199e-01  2.81842       AM     
  4.6681826      -0.0430940     4.0775213      -0.0181717   9.8199e-01  2.78955       AF     
  5.6236923      0.9555097      4.0775213      -0.3460769   7.0746e-01  2.76097       AM     
  4.2676977      -1.3559947     4.0775213      -0.3460769   7.0746e-01  2.73269       AF     
  4.2676977      1.0699292      4.0775213      -0.3955811   6.7329e-01  2.70470       RM     
  4.0470268      -0.2206709     4.0470268      -0.3955811   6.7329e-01  2.67700       AF     
  5.0368099      0.9897832      4.0470268      -0.3735628   6.8828e-01  2.64958       AM     
  5.1010814      0.0642715      4.0470268      -0.0245083   9.7579e-01  2.62244       AM     
  5.0098798      -0.0912015     4.0470268      -0.0245083   9.7579e-01  2.59557       AF     
  4.6746773      -0.3352026     4.0470268      -0.0245083   9.7579e-01  2.56899       AF     
  4.6746773      1.0337537      4.0470268      -0.4065619   6.6594e-01  2.54267       RM     
  5.1902051      0.5155278      4.0470268      -0.2048487   8.1477e-01  2.51663       AM     
  4.6858943      -0.5043109     4.0470268      -0.2048487   8.1477e-01  2.49085       AF     
  5.8799691      1.1940748      4.0470268      -0.4843459   6.1610e-01  2.46533       AM     
  5.2991484      -0.5808206     4.0470268      -0.4843459   6.1610e-01  2.44008       AF     
  5.2991484      1.0950306      4.0470268      -0.4534123   6.3546e-01  2.41509       RM     
  4.0681821      -1.2309664     4.0470268      -0.4534123   6.3546e-01  2.39035       AF     
  4.0681821      1.9937833      4.0470268      -0.8427291   4.3053e-01  2.36586       RM     
  4.9691944      0.9010123      4.0470268      -0.3847798   6.8060e-01  2.34163       AM     
  5.9699552      1.0007608      4.0470268      -0.4318007   6.4934e-01  2.31765       AM     
  6.1148632      0.1449081      4.0470268      -0.0631709   9.3878e-01  2.29391       AM     
  5.9156246      -0.1992387     4.0470268      -0.0631709   9.3878e-01  2.27041       AF     
  6.0260453      0.1104207      4.0470268      -0.0491381   9.5205e-01  2.24715       AM     
  5.5824949      -0.4435504     4.0470268      -0.0491381   9.5205e-01  2.22413       AF     
  4.3168273      -1.2656676     4.0470268      -0.0491381   9.5205e-01  2.20135       AF     
  4.6113898      0.2945625      4.0470268      -0.1351947   8.7355e-01  2.17880       AM     
  4.6113898      1.2507344      4.0470268      -0.5799876   5.5991e-01  2.15648       RM     
  5.4604889      0.8490991      4.0470268      -0.3978171   6.7178e-01  2.13440       AM     
  4.7161267      -0.7443622     4.0470268      -0.3978171   6.7178e-01  2.11253       AF     
  6.2249539      1.5088272      4.0470268      -0.7216184   4.8597e-01  2.09089       AM     
  6.7642437      0.5392897      4.0470268      -0.2605924   7.7059e-01  2.06948       AM     
  5.3633467      -1.4008970     4.0470268      -0.2605924   7.7059e-01  2.04828       AF     
  5.3633467      1.4045130      4.0470268      -0.6928007   5.0017e-01  2.02730       RM     
  5.7233245      0.3599778      4.0470268      -0.1794030   8.3577e-01  2.00653       AM     
  5.5474327      -0.1758917     4.0470268      -0.1794030   8.3577e-01  1.98598       AF     
  4.3598114      -1.1876213     4.0470268      -0.1794030   8.3577e-01  1.96564       AF     
  4.3598114      0.4276882      4.0470268      -0.2198345   8.0265e-01  1.94550       RM     
  5.4941860      1.1343746      4.0470268      -0.5891102   5.5482e-01  1.92557       AM     
  4.7473273      -0.7468587     4.0470268      -0.5891102   5.5482e-01  1.90585       AF     
  4.7473273      1.5528774      4.0470268      -0.8232282   4.3901e-01  1.88633       RM     
  4.7473273      2.0084895      4.0470268      -1.0757817   3.4103e-01  1.86700       RM     
  5.9053439      1.1580166      4.0470268      -0.6266728   5.3437e-01  1.84788       AM     
  4.9614257      -0.9439182     4.0470268      -0.6266728   5.3437e-01  1.82895       AF     
  4.4350704      -0.5263553     4.0470268      -0.6266728   5.3437e-01  1.81022       AF     
  4.1841770      -0.2508934     4.0470268      -0.6266728   5.3437e-01  1.79168       AF     
  5.8062505      1.6220735      4.0470268      -0.9147083   4.0063e-01  1.77332       AM     
  4.9077987      -0.8984518     4.0470268      -0.9147083   4.0063e-01  1.75516       AF     
  4.9077987      0.3175042      4.0470268      -0.1827699   8.3296e-01  1.73718       RM     
  5.3734529      0.4656542      4.0470268      -0.2708258   7.6275e-01  1.71939       AM     
  4.0969244      -1.2765285     4.0470268      -0.2708258   7.6275e-01  1.70177       AF     
  4.0969244      1.0817304      4.0470268      -0.6422271   5.2612e-01  1.68434       RM     
  5.2742558      1.1773315      4.0470268      -0.7062197   4.9351e-01  1.66709       AM     
  5.2742558      0.8175595      4.0470268      -0.4954866   6.0927e-01  1.65001       RM     
  4.7073685      -0.5668874     4.0470268      -0.4954866   6.0927e-01  1.63311       AF     
  4.7073685      2.3137335      4.0470268      -1.4314260   2.3897e-01  1.61638       RM     
  6.4360568      1.7286883      4.0470268      -1.0805473   3.3941e-01  1.59983       AM     
  4.9239090      -1.5121478     4.0470268      -1.0805473   3.3941e-01  1.58344       AF     
  4.8811941      -0.0427149     4.0470268      -1.0805473   3.3941e-01  1.56722       AF     
  4.7671523      -0.1140418     4.0470268      -1.0805473   3.3941e-01  1.55117       AF     
  4.7671523      1.3308676      4.0470268      -0.8668580   4.2027e-01  1.53528       RM     
  4.7671523      1.2797957      4.0470268      -0.8422194   4.3075e-01  1.51955       RM     
  4.7671523      1.3821175      4.0470268      -0.9189694   3.9893e-01  1.50399       RM     
  6.3561963      1.5890440      4.0470268      -1.0674893   3.4387e-01  1.48858       AM     
  5.5222007      -0.8339956     4.0470268      -1.0674893   3.4387e-01  1.47333       AF     
  5.5222007      0.6301272      4.0470268      -0.4321145   6.4914e-01  1.45824       RM     
  6.3385191      0.8163184      4.0470268      -0.5655899   5.6802e-01  1.44330       AM     
  6.2396886      -0.0988305     4.0470268      -0.5655899   5.6802e-01  1.42852       AF     
  6.0756634      -0.1640252     4.0470268      -0.5655899   5.6802e-01  1.41389       AF     
  5.3705696      -0.7050937     4.0470268      -0.5655899   5.6802e-01  1.39940       AF     
  6.5756919      1.2051223      4.0470268      -0.8700801   4.1892e-01  1.38507       AM     
  5.8309761      -0.7447158     4.0470268      -0.8700801   4.1892e-01  1.37088       AF     
  5.2362902      -0.5946859     4.0470268      -0.8700801   4.1892e-01  1.35684       AF     
  5.2362902      1.1064234      4.0470268      -0.8238800   4.3873e-01  1.34294       RM     
  4.6471960      -0.5890943     4.0470268      -0.8238800   4.3873e-01  1.32919       AF     
  4.6471960      0.4109162      4.0470268      -0.3123481   7.3173e-01  1.31557       RM     
  5.6552478      1.0080519      4.0470268      -0.7741765   4.6108e-01  1.30210       AM     
  5.6552478      0.5103153      4.0470268      -0.3959745   6.7302e-01  1.28876       RM     
  4.3129442      -1.3423037     4.0470268      -0.3959745   6.7302e-01  1.27556       AF     
  4.3129442      1.4062372      4.0470268      -1.1138589   3.2829e-01  1.26249       RM     
  5.7833199      1.4703757      4.0470268      -1.1767153   3.0829e-01  1.24956       AM     
  5.0997884      -0.6835314     4.0470268      -1.1767153   3.0829e-01  1.23676       AF     
  4.6053948      -0.4943936     4.0470268      -1.1767153   3.0829e-01  1.22409       AF     
  4.4210890      -0.1843058     4.0470268      -1.1767153   3.0829e-01  1.21155       AF     
  4.4210890      2.1844895      4.0470268      -1.8217092   1.6175e-01  1.19914       RM     
  4.6024703      0.1813813      4.0470268      -0.1528245   8.5828e-01  1.18686       AM     
  5.5910408      0.9885705      4.0470268      -0.8415496   4.3104e-01  1.17470       AM     
  4.4085229      -1.1825179     4.0470268      -0.8415496   4.3104e-01  1.16267       AF     
  4.4085229      1.0673685      4.0470268      -0.9275332   3.9553e-01  1.15076       RM     
  4.4085229      0.8394243      4.0470268      -0.7370011   4.7855e-01  1.13897       RM     
  4.4085229      0.6552378      4.0470268      -0.5812421   5.5920e-01  1.12731       RM     
  4.4085229      2.2478751      4.0470268      -2.0146601   1.3337e-01  1.11576       RM     
  4.4085229      2.0350582      4.0470268      -1.8427989   1.5837e-01  1.10433       RM     
  4.3774536      -0.0310693     4.0470268      -1.8427989   1.5837e-01  1.09302       AF     
  4.4915847      0.1141311      4.0470268      -0.1054989   8.9988e-01  1.08182       AM     
  4.4915847      1.9339173      4.0470268      -1.8061487   1.6429e-01  1.07074       RM     
  4.4915847      1.7433940      4.0470268      -1.6450634   1.9300e-01  1.05977       RM     
  4.5383104      0.0467257      4.0470268      -0.0445466   9.5643e-01  1.04892       AM     
  4.5383104      0.8722441      4.0470268      -0.8401719   4.3164e-01  1.03817       RM     
  4.5383104      0.6141429      4.0470268      -0.5976832   5.5008e-01  1.02754       RM     
  4.5383104      0.3434952      4.0470268      -0.3377487   7.1337e-01  1.01701       RM     
  4.7197485      0.1814381      4.0470268      -0.1802491   8.3506e-01  1.00660       AM     
  4.8792747      0.1595263      4.0470268      -0.1601210   8.5204e-01  0.99629       AM     
  6.5501502      1.6708755      4.0470268      -1.6944614   1.8370e-01  0.98608       AM     
  4.6034730      -1.9466772     4.0470268      -1.6944614   1.8370e-01  0.97598       AF     
  6.3716702      1.7681972      4.0470268      -1.8304645   1.6034e-01  0.96598       AM     
  6.3705124      -0.0011578     4.0470268      -1.8304645   1.6034e-01  0.95609       AF     
  5.3111482      -1.0593642     4.0470268      -1.8304645   1.6034e-01  0.94629       AF     
  5.1651986      -0.1459497     4.0470268      -1.8304645   1.6034e-01  0.93660       AF     
  5.1651986      0.5353220      4.0470268      -0.5774730   5.6132e-01  0.92701       RM     
  5.1130278      -0.0521708     4.0470268      -0.5774730   5.6132e-01  0.91751       AF     
  5.1130278      0.7882004      4.0470268      -0.8679531   4.1981e-01  0.90811       RM     
  5.1130278      1.1368267      4.0470268      -1.2648102   2.8229e-01  0.89881       RM     
  5.3447380      0.2317102      4.0470268      -0.2604640   7.7069e-01  0.88961       AM     
  5.1111545      -0.2335835     4.0470268      -0.2604640   7.7069e-01  0.88049       AF     
  4.1571868      -0.9539677     4.0470268      -0.2604640   7.7069e-01  0.87147       AF     
  5.7416904      1.5845036      4.0470268      -1.8370050   1.5929e-01  0.86255       AM     
  5.1656418      -0.5760486     4.0470268      -1.8370050   1.5929e-01  0.85371       AF     
  5.1656418      1.6419558      4.0470268      -1.9432182   1.4324e-01  0.84497       RM     
  6.4109187      1.2452769      4.0470268      -1.4890097   2.2560e-01  0.83631       AM     
  6.3331726      -0.0777461     4.0470268      -1.4890097   2.2560e-01  0.82775       AF     
  4.4477274      -1.8854452     4.0470268      -1.4890097   2.2560e-01  0.81927       AF     
  4.4477274      1.7977675      4.0470268      -2.2170711   1.0893e-01  0.81087       RM     
  4.9920767      0.5443493      4.0470268      -0.6782586   5.0750e-01  0.80257       AM     
  5.5180683      0.5259916      4.0470268      -0.6621676   5.1573e-01  0.79435       AM     
  4.7149273      -0.8031410     4.0470268      -0.6621676   5.1573e-01  0.78621       AF     
  4.7149273      1.1357070      4.0470268      -1.4594808   2.3236e-01  0.77816       RM     
  4.7149273      1.2883925      4.0470268      -1.6728300   1.8772e-01  0.77019       RM     
  4.5853918      -0.1295355     4.0470268      -1.6728300   1.8772e-01  0.76230       AF     
  4.5853918      0.8753970      4.0470268      -1.1602503   3.1341e-01  0.75449       RM     
  4.5853918      0.5825080      4.0470268      -0.7800457   4.5839e-01  0.74676       RM     
  4.9900896      0.4046977      4.0470268      -0.5475457   5.7837e-01  0.73911       AM     
  4.9964509      0.0063613      4.0470268      -0.0086958   9.9134e-01  0.73154       AM     
  4.9964509      1.0508936      4.0470268      -1.4514142   2.3424e-01  0.72405       RM     
  4.7196419      -0.2768090     4.0470268      -1.4514142   2.3424e-01  0.71663       AF     
  4.7196419      0.8745937      4.0470268      -1.2330536   2.9140e-01  0.70929       RM     
  4.4821452      -0.2374967     4.0470268      -1.2330536   2.9140e-01  0.70203       AF     
  4.4821452      0.6484902      4.0470268      -0.9333016   3.9325e-01  0.69483       RM     
  4.4821452      1.2880027      4.0470268      -1.8728668   1.5368e-01  0.68772       RM     
  4.4821452      0.7204188      4.0470268      -1.0583922   3.4701e-01  0.68067       RM     
  4.4821452      0.4880432      4.0470268      -0.7244216   4.8460e-01  0.67370       RM     
  4.4821452      1.9977580      4.0470268      -2.9960392   4.9985e-02  0.66680       RM     
  4.4821452      1.9611920      4.0470268      -2.9716402   5.1219e-02  0.65997       RM     
  4.4821452      1.1685685      4.0470268      -1.7889648   1.6713e-01  0.65321       RM     
  5.3105752      0.8284300      4.0470268      -1.2813711   2.7766e-01  0.64652       AM     
  5.4734608      0.1628857      4.0470268      -0.2545502   7.7527e-01  0.63990       AM     
  5.1908566      -0.2826042     4.0470268      -0.2545502   7.7527e-01  0.63334       AF     
  5.1908566      0.5673885      4.0470268      -0.9051366   4.0449e-01  0.62685       RM     
  5.1307654      -0.0600912     4.0470268      -0.9051366   4.0449e-01  0.62043       AF     
  5.5392204      0.4084549      4.0470268      -0.6651518   5.1420e-01  0.61408       AM     
  5.8507200      0.3114996      4.0470268      -0.5125138   5.9899e-01  0.60779       AM     
  5.8507200      1.2498977      4.0470268      -2.0777538   1.2521e-01  0.60156       RM     
  5.7134743      -0.1372457     4.0470268      -2.0777538   1.2521e-01  0.59540       AF     
  5.0368368      -0.6766375     4.0470268      -2.0777538   1.2521e-01  0.58930       AF     
  5.0368368      1.6675598      4.0470268      -2.8590091   5.7326e-02  0.58326       RM     
  5.5333295      0.4964926      4.0470268      -0.8600396   4.2315e-01  0.57729       AM     
  4.6402312      -0.8930982     4.0470268      -0.8600396   4.2315e-01  0.57138       AF     
  4.6402312      1.4575651      4.0470268      -2.5773689   7.5974e-02  0.56552       RM     
  4.6402312      0.6865558      4.0470268      -1.2265802   2.9329e-01  0.55973       RM     
  4.6402312      1.2036651      4.0470268      -2.1726876   1.1387e-01  0.55400       RM     
  4.8350737      0.1948425      4.0470268      -0.3553422   7.0093e-01  0.54832       AM     
  4.8350737      1.3206344      4.0470268      -2.4334209   8.7736e-02  0.54271       RM     
  4.8350737      1.1773662      4.0470268      -2.1918846   1.1171e-01  0.53715       RM     
  4.5787664      -0.2563074     4.0470268      -2.1918846   1.1171e-01  0.53165       AF     
  4.5787664      1.4963811      4.0470268      -2.8437496   5.8207e-02  0.52620       RM     
  4.9799247      0.4011583      4.0470268      -0.7702583   4.6289e-01  0.52081       AM     
  4.9799247      1.5612827      4.0470268      -3.0288215   4.8373e-02  0.51548       RM     
  4.5849421      -0.3949826     4.0470268      -3.0288215   4.8373e-02  0.51020       AF     
  4.5849421      0.7344124      4.0470268      -1.4543708   2.3355e-01  0.50497       RM     
  4.6313176      0.0463756      4.0470268      -0.0927889   9.1139e-01  0.49980       AM     
  4.6313176      1.8132973      4.0470268      -3.6656175   2.5588e-02  0.49468       RM     
  4.5329218      -0.0983959     4.0470268      -3.6656175   2.5588e-02  0.48961       AF     
  5.2238447      0.6909229      4.0470268      -1.4257741   2.4032e-01  0.48459       AM     
  4.2869141      -0.9369306     4.0470268      -1.4257741   2.4032e-01  0.47963       AF     
  4.2869141      0.1509302      4.0470268      -0.3179365   7.2765e-01  0.47472       RM     
  4.2869141      2.0558780      4.0470268      -4.3755532   1.2581e-02  0.46986       RM     
  4.2869141      2.4410676      4.0470268      -5.2491252   5.2521e-03  0.46504       RM     
  4.2869141      0.5990526      4.0470268      -1.3014982   2.7212e-01  0.46028       RM     
  4.2869141      1.7211785      4.0470268      -3.7781226   2.2866e-02  0.45556       RM     
  4.2869141      0.5548363      4.0470268      -1.2305138   2.9214e-01  0.45090       RM     
  4.2869141      0.7090445      4.0470268      -1.5887905   2.0417e-01  0.44628       RM     
  4.2869141      0.6216846      4.0470268      -1.4074558   2.4477e-01  0.44171       RM     
  4.2869141      1.9616467      4.0470268      -4.4870089   1.1254e-02  0.43718       RM     
  4.0976461      -0.1892680     4.0470268      -4.4870089   1.1254e-02  0.43271       AF     
  4.0976461      2.3729473      4.0470268      -5.5407332   3.9236e-03  0.42827       RM     
  4.0976461      0.4144039      4.0470268      -0.9776299   3.7620e-01  0.42389       RM     
  4.3988439      0.3011978      4.0470268      -0.7179166   4.8777e-01  0.41954       AM     
  4.3221297      -0.0767142     4.0470268      -0.7179166   4.8777e-01  0.41525       AF     
  4.5008705      0.1787409      4.0470268      -0.4348996   6.4733e-01  0.41099       AM     
  4.5664202      0.0655496      4.0470268      -0.1611413   8.5117e-01  0.40678       AM     
  5.3417330      0.7753128      4.0470268      -1.9256844   1.4578e-01  0.40262       AM     
  4.9325570      -0.4091760     4.0470268      -1.9256844   1.4578e-01  0.39849       AF     
  4.4790873      -0.4534698     4.0470268      -1.9256844   1.4578e-01  0.39441       AF     
  4.4790873      1.0093017      4.0470268      -2.5854948   7.5359e-02  0.39037       RM     
  4.4790873      1.1735685      4.0470268      -3.0374041   4.7959e-02  0.38637       RM     
  4.4790873      0.6979769      4.0470268      -1.8251842   1.6119e-01  0.38241       RM     
  4.4790873      0.8790020      4.0470268      -2.3223465   9.8043e-02  0.37850       RM     
  4.4790873      2.0530342      4.0470268      -5.4803062   4.1681e-03  0.37462       RM     
  4.4790873      0.6738779      4.0470268      -1.8174453   1.6244e-01  0.37078       RM     
  4.4790873      1.6615536      4.0470268      -4.5275786   1.0807e-02  0.36699       RM     
  4.3382177      -0.1408695     4.0470268      -4.5275786   1.0807e-02  0.36323       AF     
  4.3382177      0.0365681      4.0470268      -0.1017178   9.0328e-01  0.35951       RM     
  4.3382177      1.7288416      4.0470268      -4.8587143   7.7605e-03  0.35582       RM     
  4.3382177      2.1901885      4.0470268      -6.2189797   1.9913e-03  0.35218       RM     
  4.4507894      0.1125717      4.0470268      -0.3229522   7.2401e-01  0.34857       AM     
  4.4507894      0.7817239      4.0470268      -2.2658651   1.0374e-01  0.34500       RM     
  4.1053383      -0.3454511     4.0470268      -2.2658651   1.0374e-01  0.34147       AF     
  4.1053383      2.0688626      4.0470268      -6.1214640   2.1952e-03  0.33797       RM     
  4.1053383      1.6611087      4.0470268      -4.9658455   6.9721e-03  0.33451       RM     
  4.3648541      0.2595158      4.0470268      -0.7838456   4.5665e-01  0.33108       AM     
  4.3648541      2.0041775      4.0470268      -6.1160966   2.2071e-03  0.32769       RM     
  4.3648541      1.1508625      4.0470268      -3.5484044   2.8771e-02  0.32433       RM     
  4.3648541      1.1224653      4.0470268      -3.4966655   3.0298e-02  0.32101       RM     
  4.3648541      1.0350757      4.0470268      -3.2578026   3.8473e-02  0.31772       RM     
  4.3648541      2.0048759      4.0470268      -6.3754617   1.7028e-03  0.31447       RM     
  4.3648541      0.6549670      4.0470268      -2.1043359   1.2193e-01  0.31125       RM     
  4.3648541      0.5628834      4.0470268      -1.8271980   1.6086e-01  0.30806       RM     
  4.3648541      1.2279496      4.0470268      -4.0273482   1.7822e-02  0.30490       RM     
  4.3648541      0.9294462      4.0470268      -3.0798844   4.5965e-02  0.30178       RM     
  4.3648541      2.0270959      4.0470268      -6.7866576   1.1287e-03  0.29869       RM     
  4.3600544      -0.0047997     4.0470268      -6.7866576   1.1287e-03  0.29563       AF     
  4.2676794      -0.0923750     4.0470268      -6.7866576   1.1287e-03  0.29260       AF     
  4.2676794      0.4395856      4.0470268      -1.5178877   2.1917e-01  0.28960       RM     
  4.3278720      0.0601926      4.0470268      -0.2099960   8.1059e-01  0.28664       AM     
  4.3278720      1.8674426      4.0470268      -6.5824324   1.3845e-03  0.28370       RM     
  4.3278720      1.1854133      4.0470268      -4.2216328   1.4675e-02  0.28079       RM     
  4.3278720      1.7861889      4.0470268      -6.4270185   1.6173e-03  0.27792       RM     
  4.3278720      0.8759219      4.0470268      -3.1843372   4.1406e-02  0.27507       RM     
  4.3278720      0.7144403      4.0470268      -2.6241649   7.2500e-02  0.27225       RM     
  4.3278720      1.4404438      4.0470268      -5.3455571   4.7693e-03  0.26947       RM     
  4.3278720      1.9176995      4.0470268      -7.1903283   7.5384e-04  0.26671       RM     
  4.3278720      2.0905352      4.0470268      -7.9194888   3.6359e-04  0.26397       RM     
  4.3278720      1.1698498      4.0470268      -4.4775585   1.1361e-02  0.26127       RM     
  4.6603806      0.3325086      4.0470268      -1.2858359   2.7642e-01  0.25859       AM     
  4.6603806      1.6557868      4.0470268      -6.4693193   1.5503e-03  0.25594       RM     
  4.8603190      0.1999384      4.0470268      -0.7892631   4.5418e-01  0.25332       AM     
  4.8013356      -0.0589833     4.0470268      -0.7892631   4.5418e-01  0.25073       AF     
  4.8013356      1.4093909      4.0470268      -5.6793695   3.4157e-03  0.24816       RM     
  4.4014659      -0.3998698     4.0470268      -5.6793695   3.4157e-03  0.24562       AF     
  4.4014659      0.1827147      4.0470268      -0.7515974   4.7161e-01  0.24310       RM     
  4.4539485      0.0524826      4.0470268      -0.2181217   8.0403e-01  0.24061       AM     
  4.4539485      0.8189679      4.0470268      -3.4389158   3.2099e-02  0.23815       RM     
  4.4539485      1.3056464      4.0470268      -5.5392598   3.9294e-03  0.23571       RM     
  4.4539485      2.2088540      4.0470268      -9.4681403   7.7275e-05  0.23329       RM     
  4.9829424      0.5289939      4.0470268      -2.2909722   1.0117e-01  0.23090       AM     
  5.4470625      0.4641201      4.0470268      -2.0308184   1.3123e-01  0.22854       AM     
  5.4470625      1.0462539      4.0470268      -4.6253997   9.7997e-03  0.22620       RM     
  4.3752554      -1.0718071     4.0470268      -4.6253997   9.7997e-03  0.22388       AF     
  4.3752554      0.8895206      4.0470268      -4.0143124   1.8055e-02  0.22159       RM     
  4.3752554      0.2068506      4.0470268      -0.9431561   3.8940e-01  0.21932       RM     
  4.3752554      1.0285812      4.0470268      -4.7384548   8.7522e-03  0.21707       RM     
  4.5575391      0.1822837      4.0470268      -0.8484327   4.2809e-01  0.21485       AM     
  4.5575391      1.9084455      4.0470268      -8.9747207   1.2657e-04  0.21265       RM     
  4.5575391      1.8111921      4.0470268      -8.6055214   1.8309e-04  0.21047       RM     
  4.5575391      0.7933477      4.0470268      -3.8084457   2.2183e-02  0.20831       RM     
  4.5575391      0.9116219      4.0470268      -4.4215082   1.2016e-02  0.20618       RM     
  4.5575391      0.7405508      4.0470268      -3.6289588   2.6544e-02  0.20407       RM     
  4.5575391      1.5291393      4.0470268      -7.5708690   5.1524e-04  0.20198       RM     
  4.5575391      1.3803733      4.0470268      -6.9050482   1.0027e-03  0.19991       RM     
  4.5575391      1.5098348      4.0470268      -7.6308180   4.8526e-04  0.19786       RM     
  4.5575391      0.9194195      4.0470268      -4.6949060   9.1417e-03  0.19583       RM     
  4.3311859      -0.2263531     4.0470268      -4.6949060   9.1417e-03  0.19383       AF     
  4.3311859      0.2699399      4.0470268      -1.4070947   2.4485e-01  0.19184       RM     
  4.3311859      0.6119276      4.0470268      -3.2227581   3.9845e-02  0.18988       RM     
  4.3311859      0.7114037      4.0470268      -3.7854308   2.2699e-02  0.18793       RM     
  4.3311859      1.9446260      4.0470268     -10.4545842   2.8816e-05  0.18601       RM     
  4.3311859      1.3703037      4.0470268      -7.4431882   5.8542e-04  0.18410       RM     
  4.3311859      1.2356434      4.0470268      -6.7812043   1.1349e-03  0.18222       RM     
  4.3311859      1.2274848      4.0470268      -6.8061468   1.1070e-03  0.18035       RM     
  4.3311859      1.9728206      4.0470268     -11.0520867   1.5854e-05  0.17850       RM     
  4.4942674      0.1630815      4.0470268      -0.9230661   3.9730e-01  0.17667       AM     
  4.4942674      0.9475709      4.0470268      -5.4189031   4.4320e-03  0.17486       RM     
  4.4942674      1.3843793      4.0470268      -7.9988264   3.3586e-04  0.17307       RM     
  4.4942674      0.7420755      4.0470268      -4.3320231   1.3141e-02  0.17130       RM     
  4.4942674      0.7758469      4.0470268      -4.5760442   1.0296e-02  0.16955       RM     
  4.4942674      2.5332582      4.0470268     -15.0961131   2.7787e-07  0.16781       RM     
  4.4942674      1.9473232      4.0470268     -11.7245243   8.0929e-06  0.16609       RM     
  4.4942674      0.2015039      4.0470268      -1.2257789   2.9353e-01  0.16439       RM     
  4.4942674      1.9690992      4.0470268     -12.1022961   5.5468e-06  0.16270       RM     
  4.4942674      0.1632896      4.0470268      -1.0139819   3.6277e-01  0.16104       RM     
  4.4942674      1.6856630      4.0470268     -10.5758171   2.5526e-05  0.15939       RM     
  4.4942674      1.3494075      4.0470268      -8.5537744   1.9282e-04  0.15776       RM     
  4.4942674      1.7928707      4.0470268     -11.4824659   1.0309e-05  0.15614       RM     
  4.4942674      1.7035890      4.0470268     -11.0235765   1.6313e-05  0.15454       RM     
  4.4942674      1.9091082      4.0470268     -12.4812974   3.7970e-06  0.15296       RM     
  4.4942674      2.0039721      4.0470268     -13.2370850   1.7832e-06  0.15139       RM     
  4.4942674      0.4842060      4.0470268      -3.2314868   3.9499e-02  0.14984       RM     
  4.4942674      0.9525334      4.0470268      -6.4227924   1.6241e-03  0.14831       RM     
  4.4942674      0.0532114      4.0470268      -0.3625100   6.9593e-01  0.14679       RM     
  4.4942674      1.5371924      4.0470268     -10.5807122   2.5401e-05  0.14528       RM     
  4.4942674      0.3484819      4.0470268      -2.4234741   8.8613e-02  0.14379       RM     
  4.4942674      1.4984791      4.0470268     -10.5288366   2.6754e-05  0.14232       RM     
  4.4942674      1.8256223      4.0470268     -12.9602124   2.3521e-06  0.14086       RM     
  4.4942674      0.7787415      4.0470268      -5.5855507   3.7517e-03  0.13942       RM     
  4.4942674      1.8875034      4.0470268     -13.6782938   1.1471e-06  0.13799       RM     
  4.4942674      1.4166914      4.0470268     -10.3726796   3.1275e-05  0.13658       RM     
  4.4942674      1.0966838      4.0470268      -8.1127595   2.9969e-04  0.13518       RM     
  4.4942674      0.2792421      4.0470268      -2.0870821   1.2405e-01  0.13380       RM     
  4.4942674      0.4822068      4.0470268      -3.6413588   2.6217e-02  0.13242       RM     
  4.4942674      1.4188839      4.0470268     -10.8255147   1.9886e-05  0.13107       RM     
  4.4942674      1.4917612      4.0470268     -11.4993290   1.0137e-05  0.12973       RM     
  4.4942674      0.6940280      4.0470268      -5.4053234   4.4926e-03  0.12840       RM     
  4.4942674      2.2165883      4.0470268     -17.4421987   2.6604e-08  0.12708       RM     
  4.4942674      1.4579520      4.0470268     -11.5912671   9.2465e-06  0.12578       RM     
  4.4942674      1.8234035      4.0470268     -14.6467743   4.3550e-07  0.12449       RM     
  4.4942674      0.3737995      4.0470268      -3.0336772   4.8138e-02  0.12322       RM     
  4.4942674      1.2622923      4.0470268     -10.3505190   3.1976e-05  0.12195       RM     
  4.4942674      0.6402852      4.0470268      -5.3045332   4.9690e-03  0.12071       RM     
  4.4942674      0.8086911      4.0470268      -6.7690518   1.1488e-03  0.11947       RM     
  4.4942674      1.9160028      4.0470268     -16.2036493   9.1800e-08  0.11825       RM     
  4.4942674      0.7738516      4.0470268      -6.6121985   1.3439e-03  0.11703       RM     
  4.5743801      0.0801127      4.0470268      -0.6916100   5.0077e-01  0.11584       AM     
  4.2520935      -0.3222867     4.0470268      -0.6916100   5.0077e-01  0.11465       AF     
  4.2520935      1.2858342      4.0470268     -11.3315073   1.1989e-05  0.11347       RM     
  4.2520935      0.2116598      4.0470268      -1.8845716   1.5189e-01  0.11231       RM     
  4.2520935      1.1868766      4.0470268     -10.6770494   2.3068e-05  0.11116       RM     
  4.2520935      1.5905753      4.0470268     -14.4567756   5.2663e-07  0.11002       RM     
  4.2520935      1.0732958      4.0470268      -9.8561683   5.2423e-05  0.10890       RM     
  4.2520935      0.6773764      4.0470268      -6.2847825   1.8645e-03  0.10778       RM     
  4.2520935      2.0122859      4.0470268     -18.8634610   6.4225e-09  0.10668       RM     
  4.2520935      0.6875949      4.0470268      -6.5123215   1.4850e-03  0.10558       RM     
  4.2520935      0.5817610      4.0470268      -5.5669751   3.8220e-03  0.10450       RM     
  4.2520935      1.7353009      4.0470268     -16.7772588   5.1728e-08  0.10343       RM     
  4.2520935      0.6465330      4.0470268      -6.3155097   1.8080e-03  0.10237       RM     
  4.2520935      2.7605457      4.0470268     -27.2448324   1.4714e-12  0.10132       RM     
  4.2520935      1.9904863      4.0470268     -19.8481433   2.3992e-09  0.10029       RM     
  4.2520935      0.3571538      4.0470268      -3.5982185   2.7372e-02  0.09926       RM     
  4.0186698      -0.2334237     4.0186698      -3.5982185   2.7372e-02  0.09824       AF     
  4.0186698      2.9413382      4.0186698     -30.2496369   7.2904e-14  0.09724       RM     
  4.0186698      0.8865356      4.0186698      -9.2117662   9.9858e-05  0.09624       RM     
  4.0186698      0.4392885      4.0186698      -4.6117745   9.9342e-03  0.09525       RM     
  4.0186698      0.8088429      4.0186698      -8.5793396   1.8795e-04  0.09428       RM     
  4.0186698      0.6006840      4.0186698      -6.4373526   1.6006e-03  0.09331       RM     
  4.0186698      0.2786991      4.0186698      -3.0176463   4.8916e-02  0.09236       RM     
  4.0186698      2.6404793      4.0186698     -28.8859715   2.8509e-13  0.09141       RM     
  4.0186698      2.6847890      4.0186698     -29.6746684   1.2956e-13  0.09047       RM     
  4.0186698      1.0545030      4.0186698     -11.7759246   7.6874e-06  0.08955       RM     
  4.0186698      0.2928786      4.0186698      -3.3045049   3.6717e-02  0.08863       RM     
  4.0186698      0.6982506      4.0186698      -7.9597885   3.4923e-04  0.08772       RM     
  4.0186698      0.2367266      4.0186698      -2.7265202   6.5447e-02  0.08682       RM     
  4.0186698      0.5686663      4.0186698      -6.6174503   1.3368e-03  0.08593       RM     
  4.0186698      2.3008222      4.0186698     -27.0512767   1.7856e-12  0.08505       RM     
  4.0186698      1.0589265      4.0186698     -12.5788812   3.4440e-06  0.08418       RM     
  4.0186698      1.3498291      4.0186698     -16.2004287   9.2097e-08  0.08332       RM     
  4.0186698      0.8046041      4.0186698      -9.7566660   5.7907e-05  0.08247       RM     
  4.0186698      2.1096602      4.0186698     -25.8465885   5.9562e-12  0.08162       RM     
  4.0186698      1.1153255      4.0186698     -13.8058727   1.0097e-06  0.08079       RM     
  4.0186698      1.8876969      4.0186698     -23.6083683   5.5849e-11  0.07996       RM     
  4.0186698      0.4749256      4.0186698      -6.0010990   2.4760e-03  0.07914       RM     
  4.0186698      2.8254196      4.0186698     -36.0711240   2.1603e-16  0.07833       RM     
  4.0186698      0.2696338      4.0186698      -3.4779434   3.0871e-02  0.07753       RM     
  4.0186698      1.9877320      4.0186698     -25.9046393   5.6203e-12  0.07673       RM     
  4.0186698      2.1726753      4.0186698     -28.6079047   3.7648e-13  0.07595       RM     
  4.0186698      0.9035890      4.0186698     -12.0208076   6.0177e-06  0.07517       RM     
  4.0186698      2.4534817      4.0186698     -32.9774484   4.7651e-15  0.07440       RM     
  4.0186698      2.6421096      4.0186698     -35.8803403   2.6144e-16  0.07364       RM     
  4.0186698      1.8487364      4.0186698     -25.3660125   9.6312e-12  0.07288       RM     
  4.0186698      2.7265064      4.0186698     -37.7968183   3.8464e-17  0.07214       RM     
  4.0186698      0.0564224      4.0186698      -0.7902629   4.5373e-01  0.07140       RM     
  4.0186698      1.4014920      4.0186698     -19.8327234   2.4365e-09  0.07067       RM     
  4.0186698      1.0454123      4.0186698     -14.9468892   3.2259e-07  0.06994       RM     
  4.0186698      1.8869788      4.0186698     -27.2584863   1.4514e-12  0.06923       RM     
  4.0186698      0.1845086      4.0186698      -2.6929169   6.7683e-02  0.06852       RM     
  4.0186698      2.5222296      4.0186698     -37.1930971   7.0347e-17  0.06781       RM     
  4.0186698      2.2595404      4.0186698     -33.6642801   2.3977e-15  0.06712       RM     
  4.0186698      0.4959790      4.0186698      -7.4659322   5.7225e-04  0.06643       RM     
  4.0186698      2.3771477      4.0186698     -36.1533375   1.9898e-16  0.06575       RM     
  4.0186698      0.7800957      4.0186698     -11.9870298   6.2244e-06  0.06508       RM     
  4.0186698      3.0462226      4.0186698     -47.2929994   2.8901e-21  0.06441       RM     
  4.0186698      0.7132398      4.0186698     -11.1877375   1.3843e-05  0.06375       RM     
  4.0186698      1.4559688      4.0186698     -23.0743929   9.5262e-11  0.06310       RM     
  4.0186698      1.8651723      4.0186698     -29.8654232   1.0706e-13  0.06245       RM     
  4.0186698      1.9505217      4.0186698     -31.5552778   1.9757e-14  0.06181       RM     
  4.0186698      0.9928082      4.0186698     -16.2277408   8.9615e-08  0.06118       RM     
  4.0186698      2.0485931      4.0186698     -33.8313972   2.0287e-15  0.06055       RM     
  4.0186698      2.3011141      4.0186698     -38.3949304   2.1149e-17  0.05993       RM     
  4.0186698      1.7835705      4.0186698     -30.0675131   8.7467e-14  0.05932       RM     
  4.0186698      0.8923267      4.0186698     -15.1985655   2.5081e-07  0.05871       RM     
  4.0186698      2.1777040      4.0186698     -37.4756411   5.3032e-17  0.05811       RM     
  4.0186698      1.2146050      4.0186698     -21.1181947   6.7373e-10  0.05751       RM     
  4.0186698      0.2483604      4.0186698      -4.3629040   1.2741e-02  0.05693       RM     
  4.0186698      0.4116202      4.0186698      -7.3056922   6.7170e-04  0.05634       RM     
  4.0186698      0.9283189      4.0186698     -16.6469019   5.8931e-08  0.05577       RM     
  4.0186698      0.5811918      4.0186698     -10.5299717   2.6723e-05  0.05519       RM     
  4.0186698      1.2572337      4.0186698     -23.0141668   1.0118e-10  0.05463       RM     
  4.0186698      2.5201600      4.0186698     -46.6099731   5.7220e-21  0.05407       RM     
  4.0186698      0.8704837      4.0186698     -16.2660790   8.6245e-08  0.05352       RM     
  4.0186698      2.1883964      4.0186698     -41.3161392   1.1393e-18  0.05297       RM     
  4.0186698      1.0740652      4.0186698     -20.4878255   1.2655e-09  0.05242       RM     
  4.0186698      0.4538431      4.0186698      -8.7466650   1.5899e-04  0.05189       RM     
  4.0186698      1.7506150      4.0186698     -34.0877919   1.5699e-15  0.05136       RM     
  4.0186698      0.3498157      4.0186698      -6.8820691   1.0260e-03  0.05083       RM     
  4.0186698      2.0886405      4.0186698     -41.5159447   9.3294e-19  0.05031       RM     
  4.0186698      1.8805742      4.0186698     -37.7670636   3.9625e-17  0.04979       RM     
  4.0186698      2.3092034      4.0186698     -46.8550514   4.4783e-21  0.04928       RM     
  4.0186698      0.4677460      4.0186698      -9.5890550   6.8474e-05  0.04878       RM     
  4.0186698      0.8391641      4.0186698     -17.3813752   2.8273e-08  0.04828       RM     
  4.0186698      2.3898175      4.0186698     -50.0119131   1.9059e-22  0.04778       RM     
  4.0186698      1.0806461      4.0186698     -22.8488172   1.1937e-10  0.04730       RM     
  4.0186698      0.6509842      4.0186698     -13.9066392   9.1290e-07  0.04681       RM     
  4.0186698      1.1434539      4.0186698     -24.6798148   1.9129e-11  0.04633       RM     
  4.0186698      0.1167212      4.0186698      -2.5453316   7.8447e-02  0.04586       RM     
  4.0186698      0.1888787      4.0186698      -4.1614944   1.5584e-02  0.04539       RM     
  4.0186698      1.9152839      4.0186698     -42.6354545   3.0455e-19  0.04492       RM     
  4.0186698      1.3344107      4.0186698     -30.0122632   9.2436e-14  0.04446       RM     
  4.0186698      2.2880436      4.0186698     -51.9930194   2.6286e-23  0.04401       RM     
  4.0186698      2.2559431      4.0186698     -51.7941113   3.2070e-23  0.04356       RM     
  4.0186698      0.5106269      4.0186698     -11.8447922   7.1758e-06  0.04311       RM     
  4.0186698      1.5334984      4.0186698     -35.9400416   2.4629e-16  0.04267       RM     
  4.0186698      1.9431271      4.0186698     -46.0116645   1.0408e-20  0.04223       RM     
  4.0186698      1.3881508      4.0186698     -33.2104611   3.7747e-15  0.04180       RM     
  4.0186698      0.6928140      4.0186698     -16.7465892   5.3339e-08  0.04137       RM     
  4.0186698      2.9098469      4.0186698     -71.0642835   1.3714e-31  0.04095       RM     
  4.0186698      1.0804633      4.0186698     -26.6601614   2.6402e-12  0.04053       RM     
  4.0186698      1.5681835      4.0186698     -39.0949906   1.0502e-17  0.04011       RM     
  3.9361963      -0.0824735     3.9361963     -39.0949906   1.0502e-17  0.03970       AF     
  3.9361963      0.8636882      3.9361963     -21.9798247   2.8463e-10  0.03929       RM     
  3.9361963      0.7431280      3.9361963     -19.1074348   5.0321e-09  0.03889       RM     
  3.9361963      0.4715867      3.9361963     -12.2510077   4.7803e-06  0.03849       RM     
  3.9361963      1.6473981      3.9361963     -43.2394652   1.6647e-19  0.03810       RM     
  3.9361963      0.7762780      3.9361963     -20.5859307   1.1472e-09  0.03771       RM     
  3.9361963      2.7570293      3.9361963     -73.8696654   8.2949e-33  0.03732       RM     
  3.9361963      1.3852641      3.9361963     -37.4997894   5.1766e-17  0.03694       RM     
  3.9361963      0.2175207      3.9361963      -5.9493333   2.6076e-03  0.03656       RM     
  3.9361963      2.2448872      3.9361963     -62.0345710   1.1448e-27  0.03619       RM     
  3.9361963      1.5574423      3.9361963     -43.4833215   1.3045e-19  0.03582       RM     
  3.9361963      2.0574396      3.9361963     -58.0375855   6.2316e-26  0.03545       RM     
  3.9361963      3.0849454      3.9361963     -87.9227437   6.5409e-39  0.03509       RM     
  3.9361963      0.3842952      3.9361963     -11.0659897   1.5635e-05  0.03473       RM     
  3.9361963      0.8952525      3.9361963     -26.0460767   4.8790e-12  0.03437       RM     
  3.9361963      2.6270862      3.9361963     -77.2222706   2.9026e-34  0.03402       RM     
  3.9361963      1.5838062      3.9361963     -47.0372348   3.7324e-21  0.03367       RM     
  3.9361963      1.7176152      3.9361963     -51.5391340   4.1385e-23  0.03333       RM     
  3.9361963      1.3382004      3.9361963     -40.5698978   2.4028e-18  0.03299       RM     
  3.9361963      1.2211136      3.9361963     -37.4033342   5.7008e-17  0.03265       RM     
  3.9361963      2.6029282      3.9361963     -80.5541546   1.0370e-35  0.03231       RM     
  3.9361963      1.9189730      3.9361963     -60.0020552   8.7385e-27  0.03198       RM     
  3.9361963      0.7710901      3.9361963     -24.3598085   2.6343e-11  0.03165       RM     
  3.9361963      1.0021037      3.9361963     -31.9854837   1.2849e-14  0.03133       RM     
  3.9361963      1.4893967      3.9361963     -48.0310586   1.3816e-21  0.03101       RM     
  3.9361963      3.0767642      3.9361963     -100.2484044  2.9018e-44  0.03069       RM     
  3.9361963      2.3364455      3.9361963     -76.9148875   3.9472e-34  0.03038       RM     
  3.9361963      2.1712999      3.9361963     -72.2181028   4.3259e-32  0.03007       RM     
  3.9361963      2.9905368      3.9361963     -100.4955669  2.2664e-44  0.02976       RM     
  3.9361963      2.5388426      3.9361963     -86.1995573   3.6644e-38  0.02945       RM     
  3.9361963      2.0200569      3.9361963     -69.2953922   8.0425e-31  0.02915       RM     
  3.9361963      0.7680523      3.9361963     -26.6196933   2.7492e-12  0.02885       RM     
  3.9361963      2.8725398      3.9361963     -100.5888443  2.0645e-44  0.02856       RM     
  3.9361963      1.6008730      3.9361963     -56.6385508   2.5246e-25  0.02826       RM     
  3.9361963      0.5244150      3.9361963     -18.7457104   7.2251e-09  0.02798       RM     
  3.9361963      1.1607181      3.9361963     -41.9203622   6.2261e-19  0.02769       RM     
  3.9361963      2.3634552      3.9361963     -86.2416642   3.5133e-38  0.02741       RM     
  3.9361963      2.2987331      3.9361963     -84.7480679   1.5645e-37  0.02712       RM     
  3.9361963      1.7897655      3.9361963     -66.6666920   1.1144e-29  0.02685       RM     
  3.9361963      1.0025396      3.9361963     -37.7299113   4.1125e-17  0.02657       RM     
  3.9361963      1.0784083      3.9361963     -41.0052063   1.5548e-18  0.02630       RM     
  3.9361963      1.7731582      3.9361963     -68.1200166   2.6053e-30  0.02603       RM     
  3.9361963      2.1406382      3.9361963     -83.0887138   8.2230e-37  0.02576       RM     
  3.9361963      0.6802048      3.9361963     -26.6753400   2.6004e-12  0.02550       RM     
  3.9361963      0.4931941      3.9361963     -19.5415801   3.2599e-09  0.02524       RM     
  3.9361963      0.9609670      3.9361963     -38.4699618   1.9620e-17  0.02498       RM     
  3.9361963      1.7382741      3.9361963     -70.3077204   2.9224e-31  0.02472       RM     
  3.9361963      1.4050103      3.9361963     -57.4163760   1.1598e-25  0.02447       RM     
  3.9361963      1.5985679      3.9361963     -66.0022678   2.1656e-29  0.02422       RM     
  3.9361963      0.5639918      3.9361963     -23.5272990   6.0565e-11  0.02397       RM     
  3.9361963      2.4297697      3.9361963     -102.4084716  3.3463e-45  0.02373       RM     
  3.9361963      0.8545368      3.9361963     -36.3892425   1.5716e-16  0.02348       RM     
  3.9361963      0.9329515      3.9361963     -40.1395799   3.6949e-18  0.02324       RM     
  3.9361963      0.6902370      3.9361963     -30.0043012   9.3175e-14  0.02300       RM     
  3.9361963      0.5854855      3.9361963     -25.7141947   6.7993e-12  0.02277       RM     
  3.9361963      1.0401368      3.9361963     -46.1549965   9.0186e-21  0.02254       RM     
  3.9361963      0.1120095      3.9361963      -5.0217451   6.5930e-03  0.02230       RM     
  3.9361963      1.1600820      3.9361963     -52.5484547   1.5083e-23  0.02208       RM     
  3.9361963      0.5670408      3.9361963     -25.9511794   5.3647e-12  0.02185       RM     
  3.9361963      0.6458185      3.9361963     -29.8624030   1.0738e-13  0.02163       RM     
  3.9361963      1.6100041      3.9361963     -75.2164366   2.1573e-33  0.02140       RM     
  3.9361963      1.7438847      3.9361963     -82.3142541   1.7839e-36  0.02119       RM     
  3.9361963      0.7508930      3.9361963     -35.8102048   2.8043e-16  0.02097       RM     
  3.9361963      2.0403427      3.9361963     -98.3112915   2.0135e-43  0.02075       RM     
  3.9361963      1.5284720      3.9361963     -74.4096515   4.8339e-33  0.02054       RM     
  3.9361963      0.3672326      3.9361963     -18.0627782   1.4303e-08  0.02033       RM     
  3.9361963      0.5921615      3.9361963     -29.4276056   1.6586e-13  0.02012       RM     
  3.9361963      2.0294560      3.9361963     -101.8980599  5.5749e-45  0.01992       RM     
  3.9361963      0.1248476      3.9361963      -6.3334170   1.7760e-03  0.01971       RM     
  3.9361963      1.2882190      3.9361963     -66.0266047   2.1135e-29  0.01951       RM     
  3.9361963      1.6769656      3.9361963     -86.8410207   1.9294e-38  0.01931       RM     
  3.9361963      0.7096430      3.9361963     -37.1289103   7.5010e-17  0.01911       RM     
  3.9361963      0.0109585      3.9361963      -0.5792893   5.6030e-01  0.01892       RM     
  3.9361963      1.8224828      3.9361963     -97.3371696   5.3334e-43  0.01872       RM     
  3.9361963      1.5919659      3.9361963     -85.9054132   4.9176e-38  0.01853       RM     
  3.9361963      0.9167255      3.9361963     -49.9801556   1.9674e-22  0.01834       RM     
  3.9361963      1.5679614      3.9361963     -86.3704438   3.0888e-38  0.01815       RM     
  3.9361963      0.8517607      3.9361963     -47.4044243   2.5854e-21  0.01797       RM     
  3.9361963      0.3921872      3.9361963     -22.0529241   2.6457e-10  0.01778       RM     
  3.9361963      1.9157650      3.9361963     -108.8394941  5.3902e-48  0.01760       RM     
  3.9361963      2.7565905      3.9361963     -158.2297138  1.9130e-69  0.01742       RM     
  3.9361963      1.9146656      3.9361963     -111.0401978  5.9684e-49  0.01724       RM     
  3.9361963      1.4731569      3.9361963     -86.3192782   3.2510e-38  0.01707       RM     
  3.9361963      1.8123451      3.9361963     -107.2929471  2.5308e-47  0.01689       RM     
  3.9361963      1.6334752      3.9361963     -97.7044483   3.6940e-43  0.01672       RM     
  3.9361963      1.5218303      3.9361963     -91.9685890   1.1443e-40  0.01655       RM     
  3.9361963      1.1635632      3.9361963     -71.0452029   1.3978e-31  0.01638       RM     
  3.9361963      2.6811988      3.9361963     -165.4037301  1.4658e-72  0.01621       RM     
  3.9361963      2.3406811      3.9361963     -145.8915157  4.3664e-64  0.01604       RM     
  3.9361963      2.6717448      3.9361963     -168.2496846  8.5132e-74  0.01588       RM     
  3.9361963      1.4220597      3.9361963     -90.4791709   5.0745e-40  0.01572       RM     
  3.9361963      1.9893877      3.9361963     -127.8856214  2.8839e-56  0.01556       RM     
  3.9361963      1.1676609      3.9361963     -75.8386391   1.1580e-33  0.01540       RM     
  3.9361963      1.7194816      3.9361963     -112.8347391  9.9196e-50  0.01524       RM     
  3.9361963      0.9084977      3.9361963     -60.2338525   6.9306e-27  0.01508       RM     
  3.9361963      2.2738774      3.9361963     -152.3194386  7.0552e-67  0.01493       RM     
  3.9361963      1.6320946      3.9361963     -110.4600179  1.0662e-48  0.01478       RM     
  3.9361963      0.3398356      3.9361963     -23.2380730   8.0879e-11  0.01462       RM     
  3.9361963      2.1847235      3.9361963     -150.9382380  2.8077e-66  0.01447       RM     
  3.9361963      2.3039768      3.9361963     -160.8245709  1.4282e-70  0.01433       RM     
  3.9361963      1.2080628      3.9361963     -85.1991582   9.9650e-38  0.01418       RM     
 
######################
#### Final Result ####
######################
 
No of accepted moves without Metropolis = 134
No of accepted moves with Metropolis = 124
No of rejected moves with Metropolis = 381
Final temp =    0.01403
Optimized RMSE =      3.9361963
Optimized RMSE obtained at temperature =    0.03970
 
Buy developer a Cafe Mocha!
